['Pair', 'TF', 'Dna', 'Start Date', 'End Date', 'Total Trades', 'Total Net Profit', 'Max.DD', 'Annual Profit', 'Winrate', 'Sharpe', 'Calmar', 'Serenity', 'Winning Strike', 'Losing Strike', 'Largest Winning', 'Largest Losing', 'Num. of Wins', 'Num. of Loses', 'Market Change']
['BTC-USDT', '5m', 'BTC-USDT', '2021-08-01', '2021-11-15', '27', '-34.13', '-51.02', -76, '67', '-0.26', '-1.38', '-1.49', '6', '2', 242, -2610, '18', '9', '58.26']
['ETH-USDT', '5m', 'ETH-USDT', '2021-08-01', '2021-11-15', '43', '116.12', '-9.75', 1286, '95', '21.19', '7.09', '131.87', '33', '1', 495, -1045, '41', '2', '82.91']
['SOL-USDT', '5m', 'SOL-USDT', '2021-08-01', '2021-11-15', '39', '-26.26', '-47.1', -65, '82', '-0.09', '-0.95', '-1.37', '10', '1', 291, -2291, '32', '7', '550.31']
['DYDX-USDT', '5m', 'DYDX-USDT', '2021-08-01', '2021-11-15', 0, 0, 0, 0, 0, 0, 0, 0, 0, 0, 0, 0, 0, 0, 0]
['FTM-USDT', '5m', 'FTM-USDT', '2021-08-01', '2021-11-15', '51', '-9.74', '-55.01', -29, '90', '-0.02', '0.26', '-0.54', '26', '1', 420, -7147, '46', '5', '911.87']
['AVAX-USDT', '5m', 'AVAX-USDT', '2021-08-01', '2021-11-15', '50', '-75.55', '-77.59', -99, '70', '-0.07', '-4.01', '-1.28', '8', '2', 235, -1877, '35', '15', '602.96']
['LUNA-USDT', '5m', 'LUNA-USDT', '2021-08-01', '2021-11-15', '52', '-34.56', '-51.97', -76, '81', '-0.1', '-1.09', '-1.47', '27', '2', 206, -1909, '42', '10', '383.85']
['FIL-USDT', '5m', 'FIL-USDT', '2021-08-01', '2021-11-15', '40', '30.66', '-37.83', 149, '88', '0.18', '1.81', '3.94', '25', '2', 410, -2120, '35', '5', '20.6']
['ADA-USDT', '5m', 'ADA-USDT', '2021-08-01', '2021-11-15', '46', '-55.85', '-74.87', -94, '83', '-0.19', '-1.27', '-1.25', '15', '4', 359, -9292, '38', '8', '54.79']
['COTI-USDT', '5m', 'COTI-USDT', '2021-08-01', '2021-11-15', '41', '-63.2', '-63.2', -97, '71', '-0.17', '-1.73', '-1.53', '15', '3', 216, -1627, '29', '12', '280.91']
['XRP-USDT', '5m', 'XRP-USDT', '2021-08-01', '2021-11-15', '46', '-56.46', '-59.46', -94, '72', '-0.08', '-3.23', '-1.58', '8', '2', 204, -2076, '33', '13', '59.3']
['UNI-USDT', '5m', 'UNI-USDT', '2021-08-01', '2021-11-15', '52', '-10.76', '-35.83', -32, '81', '-0.05', '-0.31', '-0.9', '11', '2', 312, -2248, '42', '10', '13.24']
['DOT-USDT', '5m', 'DOT-USDT', '2021-08-01', '2021-11-15', '41', '-36.82', '-36.82', -79, '73', '-0.13', '-1.92', '-2.15', '7', '1', 207, -1748, '30', '11', '177.09']
['BNB-USDT', '5m', 'BNB-USDT', '2021-08-01', '2021-11-15', '38', '32.9', '-10.36', 164, '84', '2.62', '2.55', '15.81', '14', '1', 308, -1078, '32', '6', '95.59']
['ATOM-USDT', '5m', 'ATOM-USDT', '2021-08-01', '2021-11-15', '46', '-50.26', '-61.55', -91, '78', '-0.06', '-2.36', '-1.47', '11', '3', 246, -2521, '36', '10', '153.2']
['CELR-USDT', '5m', 'CELR-USDT', '2021-08-01', '2021-11-15', '34', '-78.41', '-78.9', -99, '79', '-0.09', '-3.07', '-1.26', '9', '2', 235, -6111, '27', '7', '269.81']
['XTZ-USDT', '5m', 'XTZ-USDT', '2021-08-01', '2021-11-15', '41', '-81.34', '-84.86', -100, '73', '-0.1', '-3.0', '-1.17', '6', '2', 258, -6738, '30', '11', '91.94']
['LINK-USDT', '5m', 'LINK-USDT', '2021-08-01', '2021-11-15', '47', '99.32', '-11.5', 952, '94', '10.07', '5.55', '82.76', '21', '1', 471, -2360, '44', '3', '48.75']
['SUSHI-USDT', '5m', 'SUSHI-USDT', '2021-08-01', '2021-11-15', '42', '-42.58', '-50.32', -85, '81', '-0.12', '-1.58', '-1.69', '15', '3', 231, -3001, '34', '8', '24.87']
['LTC-USDT', '5m', 'LTC-USDT', '2021-08-01', '2021-11-15', '48', '-38.09', '-46.05', -81, '73', '-0.07', '-1.95', '-1.75', '10', '2', 195, -1694, '35', '13', '93.75']
['EOS-USDT', '5m', 'EOS-USDT', '2021-08-01', '2021-11-15', '46', '-22.09', '-45.19', -57, '80', '-0.07', '-0.74', '-1.27', '9', '2', 282, -2275, '37', '9', '21.74']
['ALGO-USDT', '5m', 'ALGO-USDT', '2021-08-01', '2021-11-15', '42', '-53.91', '-58.96', -93, '71', '-0.08', '-2.17', '-1.58', '10', '3', 246, -2599, '30', '12', '136.24']
['DOGE-USDT', '5m', 'DOGE-USDT', '2021-08-01', '2021-11-15', '27', '-27.2', '-35.18', -66, '78', '-0.12', '-1.46', '-1.88', '6', '1', 235, -1684, '21', '6', '26.77']
['CRV-USDT', '5m', 'CRV-USDT', '2021-08-01', '2021-11-15', '45', '-63.81', '-69.94', -97, '76', '-0.08', '-2.91', '-1.39', '8', '2', 235, -2656, '34', '11', '142.0']
['MATIC-USDT', '5m', 'MATIC-USDT', '2021-08-01', '2021-11-15', '50', '-77.27', '-79.31', -99, '78', '-0.22', '-2.0', '-1.25', '12', '4', 235, -5164, '39', '11', '60.24']
['AXS-USDT', '5m', 'AXS-USDT', '2021-08-01', '2021-11-15', '34', '-16.97', '-25.99', -47, '79', '-0.16', '-0.56', '-1.81', '9', '2', 246, -1522, '27', '7', '235.28']
['SRM-USDT', '5m', 'SRM-USDT', '2021-08-01', '2021-11-15', '41', '-65.61', '-67.17', -97, '71', '-0.08', '-3.75', '-1.45', '11', '3', 225, -1746, '29', '12', '74.9']
['REN-USDT', '5m', 'REN-USDT', '2021-08-01', '2021-11-15', '57', '-16.48', '-43.77', -46, '81', '-0.09', '0.08', '-1.05', '10', '1', 329, -3712, '46', '11', '109.0']
['ONE-USDT', '5m', 'ONE-USDT', '2021-08-01', '2021-11-15', '42', '-9.71', '-30.24', -29, '83', '-0.05', '-0.19', '-0.97', '8', '2', 246, -1535, '35', '7', '251.79']
['ETC-USDT', '5m', 'ETC-USDT', '2021-08-01', '2021-11-15', '45', '72.26', '-9.95', 539, '89', '6.65', '4.21', '54.19', '13', '1', 398, -2014, '40', '5', '9.44']
['BCH-USDT', '5m', 'BCH-USDT', '2021-08-01', '2021-11-15', '31', '-21.77', '-29.92', -57, '74', '-0.1', '-1.24', '-1.9', '6', '3', 211, -2059, '23', '8', '24.35']
['ICP-USDT', '5m', 'ICP-USDT', '2021-08-01', '2021-11-15', '49', '-77.04', '-81.37', -99, '65', '-0.1', '-3.53', '-1.22', '9', '4', 283, -2041, '32', '17', '15.55']
['AAVE-USDT', '5m', 'AAVE-USDT', '2021-08-01', '2021-11-15', '40', '-22.6', '-31.21', -58, '78', '-0.12', '-1.26', '-1.87', '13', '3', 223, -1553, '31', '9', '-4.58']
['1INCH-USDT', '5m', '1INCH-USDT', '2021-08-01', '2021-11-15', '44', '46.76', '-18.89', 270, '86', '3.46', '2.08', '14.3', '13', '1', 367, -1985, '38', '6', '79.96']
