['Pair', 'TF', 'Dna', 'Start Date', 'End Date', 'Total Trades', 'Total Net Profit', 'Max.DD', 'Annual Profit', 'Winrate', 'Sharpe', 'Calmar', 'Serenity', 'Winning Strike', 'Losing Strike', 'Largest Winning', 'Largest Losing', 'Num. of Wins', 'Num. of Losses', 'Market Change']
['ETH-USD', '5m', '^<IY^<', '2021-04-01', '2021-10-01', '212', '56.61', '-13.0', 145, '37', '3.33', '2.16', '10.72', '4', '6', 785, -507, '78', '134', '54.76']
['ETH-USD', '5m', 'c3QlIM', '2021-04-01', '2021-10-01', '182', '34.23', '-13.0', 80, '41', '1.67', '1.52', '6.21', '5', '5', 1009, -621, '74', '108', '54.76']
['ETH-USD', '5m', 'b2VH5i', '2021-04-01', '2021-10-01', '80', '69.88', '-7.0', 188, '49', '11.2', '3.59', '27.17', '6', '5', 809, -418, '39', '41', '54.76']
['ETH-USD', '5m', '`:7r6G', '2021-04-01', '2021-10-01', '194', '74.21', '-16.0', 203, '45', '3.03', '2.67', '12.45', '5', '6', 731, -463, '87', '107', '54.76']
['ETH-USD', '5m', 'SI_]gC', '2021-04-01', '2021-10-01', '177', '24.1', '-17.0', 54, '34', '0.7', '1.13', '3.14', '3', '11', 982, -497, '61', '116', '54.76']
['ETH-USD', '5m', 'b3al.i', '2021-04-01', '2021-10-01', '110', '44.01', '-9.0', 107, '44', '3.66', '2.02', '12.12', '4', '6', 1145, -611, '48', '62', '54.76']
['ETH-USD', '5m', '^<IY^-', '2021-04-01', '2021-10-01', '214', '61.82', '-13.0', 161, '37', '3.76', '2.27', '11.95', '4', '6', 826, -534, '79', '135', '54.76']
['ETH-USD', '5m', '^<IY^7', '2021-04-01', '2021-10-01', '214', '61.82', '-13.0', 161, '37', '3.76', '2.27', '11.95', '4', '6', 826, -534, '79', '135', '54.76']
['ETH-USD', '5m', 'bFa7.c', '2021-04-01', '2021-10-01', '110', '34.16', '-15.0', 80, '40', '0.85', '1.87', '5.26', '4', '7', 452, -905, '44', '66', '54.76']
['ETH-USD', '5m', 'b3`l.o', '2021-04-01', '2021-10-01', '87', '70.5', '-9.0', 190, '51', '10.6', '2.91', '21.67', '6', '4', 1606, -643, '44', '43', '54.76']
['ETH-USD', '5m', 'b3aj.o', '2021-04-01', '2021-10-01', '87', '69.15', '-9.0', 185, '51', '10.24', '2.89', '20.97', '6', '4', 1571, -644, '44', '43', '54.76']
['ETH-USD', '5m', 'b3a].o', '2021-04-01', '2021-10-01', '87', '62.38', '-9.0', 163, '51', '8.64', '2.84', '18.46', '6', '4', 1282, -634, '44', '43', '54.76']
['ETH-USD', '5m', 'p3<H5i', '2021-04-01', '2021-10-01', '61', '51.31', '-5.0', 128, '56', '10.28', '3.83', '26.35', '6', '2', 383, -501, '34', '27', '54.76']
['ETH-USD', '5m', 'c3QlI[', '2021-04-01', '2021-10-01', '62', '58.23', '-8.0', 150, '53', '6.93', '3.12', '18.8', '4', '4', 1188, -672, '33', '29', '54.76']
['ETH-USD', '5m', 'TJ[i<S', '2021-04-01', '2021-10-01', '152', '27.94', '-15.0', 63, '33', '0.7', '1.25', '4.17', '3', '6', 1059, -476, '50', '102', '54.76']
['ETH-USD', '5m', 'q3kl7o', '2021-04-01', '2021-10-01', '42', '35.48', '-10.0', 83, '57', '2.14', '2.0', '8.04', '6', '2', 1210, -772, '24', '18', '54.76']
['ETH-USD', '5m', 'c?Qt=K', '2021-04-01', '2021-10-01', '175', '30.36', '-20.0', 70, '39', '0.81', '1.34', '3.57', '5', '8', 1091, -961, '68', '107', '54.76']
['ETH-USD', '5m', 'b3kl7o', '2021-04-01', '2021-10-01', '46', '58.71', '-4.0', 151, '61', '16.24', '3.32', '37.03', '4', '3', 1307, -330, '28', '18', '54.76']
['ETH-USD', '5m', 'l3al.o', '2021-04-01', '2021-10-01', '68', '37.81', '-11.0', 90, '47', '2.38', '1.84', '8.06', '5', '5', 1044, -698, '32', '36', '54.76']
['ETH-USD', '5m', 'b3al6o', '2021-04-01', '2021-10-01', '48', '64.06', '-4.0', 168, '62', '20.57', '3.73', '44.65', '5', '3', 1161, -333, '30', '18', '54.76']
['ETH-USD', '5m', '`;BQR=', '2021-04-01', '2021-10-01', '207', '46.08', '-17.0', 113, '40', '1.91', '1.98', '6.51', '4', '6', 543, -476, '82', '125', '54.76']
['ETH-USD', '5m', 'r3<I5i', '2021-04-01', '2021-10-01', '61', '43.17', '-5.0', 105, '54', '6.76', '3.25', '21.06', '5', '3', 372, -497, '33', '28', '54.76']
['ETH-USD', '5m', '93<I5i', '2021-04-01', '2021-10-01', '146', '29.41', '-7.0', 67, '45', '2.95', '2.14', '9.5', '5', '7', 334, -538, '66', '80', '54.76']
['ETH-USD', '5m', 'N<vT1>', '2021-04-01', '2021-10-01', '247', '31.91', '-24.0', 74, '38', '1.18', '1.22', '3.13', '4', '7', 1126, -417, '93', '154', '54.76']
['ETH-USD', '5m', 'b3aN.o', '2021-04-01', '2021-10-01', '87', '80.57', '-9.0', 225, '51', '11.63', '3.48', '25.51', '6', '4', 1119, -697, '44', '43', '54.76']
['ETH-USD', '5m', 't3GlFA', '2021-04-01', '2021-10-01', '201', '34.28', '-13.0', 80, '40', '1.5', '1.48', '6.33', '5', '5', 837, -600, '81', '120', '54.76']
['ETH-USD', '5m', 'b3al4o', '2021-04-01', '2021-10-01', '55', '55.52', '-5.0', 141, '56', '7.46', '3.22', '25.69', '6', '3', 1126, -378, '31', '24', '54.76']
['ETH-USD', '5m', 'a3<H5i', '2021-04-01', '2021-10-01', '80', '44.65', '-9.0', 109, '50', '4.38', '3.13', '11.77', '6', '5', 371, -351, '40', '40', '54.76']
['ETH-USD', '5m', ':2VH5O', '2021-04-01', '2021-10-01', '431', '24.09', '-18.0', 54, '33', '0.56', '1.18', '3.02', '4', '11', 573, -326, '143', '288', '54.76']
['ETH-USD', '5m', ':2u?5Z', '2021-04-01', '2021-10-01', '330', '32.69', '-18.0', 76, '36', '0.87', '1.51', '4.27', '6', '10', 719, -455, '119', '211', '54.76']
['ETH-USD', '5m', 'b3aM.o', '2021-04-01', '2021-10-01', '87', '77.79', '-9.0', 215, '51', '11.22', '3.39', '24.34', '6', '4', 1078, -694, '44', '43', '54.76']
['ETH-USD', '5m', '@KstuK', '2021-04-01', '2021-10-01', '79', '39.36', '-10.0', 94, '42', '2.37', '2.2', '8.96', '3', '6', 989, -424, '33', '46', '54.76']
['ETH-USD', '5m', '_3kl7o', '2021-04-01', '2021-10-01', '56', '65.52', '-5.0', 173, '57', '17.09', '3.41', '33.62', '6', '4', 1250, -405, '32', '24', '54.76']
['ETH-USD', '5m', 'b3:l.o', '2021-04-01', '2021-10-01', '87', '87.83', '-5.0', 252, '54', '18.19', '4.01', '46.97', '6', '4', 798, -455, '47', '40', '54.76']
['ETH-USD', '5m', '53al.o', '2021-04-01', '2021-10-01', '298', '9.31', '-13.0', 19, '34', '0.19', '0.65', '1.48', '4', '10', 1022, -356, '102', '196', '54.76']
['ETH-USD', '5m', ':3=H0i', '2021-04-01', '2021-10-01', '263', '56.98', '-9.0', 146, '41', '4.04', '2.97', '15.48', '6', '8', 414, -376, '108', '155', '54.76']
['ETH-USD', '5m', ':2s?5Z', '2021-04-01', '2021-10-01', '330', '31.64', '-18.0', 73, '36', '0.9', '1.48', '4.11', '6', '10', 695, -447, '119', '211', '54.76']
['ETH-USD', '5m', ':2t?5Z', '2021-04-01', '2021-10-01', '330', '33.05', '-18.0', 77, '36', '0.96', '1.52', '4.33', '6', '10', 709, -453, '119', '211', '54.76']
['ETH-USD', '5m', ':2u=5Z', '2021-04-01', '2021-10-01', '330', '29.92', '-18.0', 69, '36', '0.82', '1.42', '3.83', '6', '10', 681, -447, '119', '211', '54.76']
['ETH-USD', '5m', ':2r?5Z', '2021-04-01', '2021-10-01', '330', '30.37', '-18.0', 70, '36', '0.84', '1.44', '3.92', '6', '10', 683, -440, '119', '211', '54.76']
['ETH-USD', '5m', ':8b95Z', '2021-04-01', '2021-10-01', '291', '59.25', '-14.0', 153, '39', '3.62', '2.59', '10.88', '6', '9', 589, -469, '114', '177', '54.76']
['ETH-USD', '5m', 'b3wl.o', '2021-04-01', '2021-10-01', '87', '69.62', '-9.0', 187, '51', '10.46', '2.69', '20.68', '6', '4', 1665, -674, '44', '43', '54.76']
['ETH-USD', '5m', 'o,[`XY', '2021-04-01', '2021-10-01', '33', '32.13', '-6.0', 74, '58', '4.53', '3.13', '12.61', '4', '3', 981, -427, '19', '14', '54.76']
['ETH-USD', '5m', 'q?O<ZF', '2021-04-01', '2021-10-01', '160', '5.91', '-23.0', 12, '39', '0.07', '0.49', '0.53', '4', '8', 323, -781, '62', '98', '54.76']
['ETH-USD', '5m', 'b3ao.o', '2021-04-01', '2021-10-01', '87', '61.64', '-9.0', 161, '51', '8.75', '2.73', '18.18', '6', '4', 1268, -649, '44', '43', '54.76']
['ETH-USD', '5m', 'o3<H5i', '2021-04-01', '2021-10-01', '56', '51.11', '-4.0', 128, '57', '18.98', '3.96', '28.62', '5', '3', 383, -492, '32', '24', '54.76']
['ETH-USD', '5m', 'm3<H5i', '2021-04-01', '2021-10-01', '55', '43.02', '-4.0', 104, '56', '11.23', '3.55', '29.25', '5', '3', 363, -400, '31', '24', '54.76']
['ETH-USD', '5m', 'd3<H5i', '2021-04-01', '2021-10-01', '77', '51.64', '-10.0', 129, '52', '6.82', '3.47', '13.58', '6', '5', 383, -381, '40', '37', '54.76']
['ETH-USD', '5m', ':2<H1i', '2021-04-01', '2021-10-01', '254', '75.89', '-8.0', 208, '41', '8.55', '3.61', '24.75', '6', '7', 448, -426, '105', '149', '54.76']
['ETH-USD', '5m', ':2h?5Z', '2021-04-01', '2021-10-01', '330', '35.05', '-16.0', 82, '36', '1.21', '1.64', '5.1', '6', '10', 630, -430, '119', '211', '54.76']
['ETH-USD', '5m', ':2k25^', '2021-04-01', '2021-10-01', '297', '67.57', '-10.0', 180, '39', '5.92', '2.88', '18.73', '6', '10', 521, -551, '115', '182', '54.76']
['ETH-USD', '5m', ':2b95^', '2021-04-01', '2021-10-01', '296', '75.52', '-10.0', 207, '39', '6.18', '3.05', '20.64', '6', '10', 634, -553, '115', '181', '54.76']
['ETH-USD', '5m', 'j2u?5Z', '2021-04-01', '2021-10-01', '137', '44.38', '-11.0', 108, '39', '2.38', '2.09', '9.57', '6', '7', 807, -741, '54', '83', '54.76']
['ETH-USD', '5m', ':2i?5Z', '2021-04-01', '2021-10-01', '330', '34.49', '-16.0', 81, '36', '1.09', '1.61', '5.02', '6', '10', 635, -430, '119', '211', '54.76']
['ETH-USD', '5m', ':7<H0i', '2021-04-01', '2021-10-01', '248', '44.15', '-9.0', 107, '41', '3.08', '2.54', '12.5', '5', '6', 369, -370, '101', '147', '54.76']
['ETH-USD', '5m', '_@7[+L', '2021-04-01', '2021-10-01', '151', '42.32', '-14.0', 102, '40', '1.71', '2.17', '7.54', '4', '10', 447, -452, '60', '91', '54.76']
['ETH-USD', '5m', ':2k?5Z', '2021-04-01', '2021-10-01', '330', '33.66', '-16.0', 78, '36', '1.14', '1.57', '4.94', '6', '10', 649, -430, '119', '211', '54.76']
['ETH-USD', '5m', 'u2`H5i', '2021-04-01', '2021-10-01', '61', '36.34', '-13.0', 86, '48', '2.16', '2.1', '6.69', '6', '4', 711, -704, '29', '32', '54.76']
['ETH-USD', '5m', ':2D?5^', '2021-04-01', '2021-10-01', '297', '86.17', '-10.0', 245, '40', '11.36', '3.79', '25.62', '6', '10', 468, -476, '119', '178', '54.76']
['ETH-USD', '5m', ':2D?5i', '2021-04-01', '2021-10-01', '144', '41.9', '-8.0', 101, '44', '2.86', '2.85', '12.23', '5', '7', 368, -400, '64', '80', '54.76']
['ETH-USD', '5m', ':2BH5i', '2021-04-01', '2021-10-01', '144', '25.33', '-11.0', 57, '43', '1.3', '1.83', '5.28', '5', '7', 391, -343, '62', '82', '54.76']
['ETH-USD', '5m', ':2CH5i', '2021-04-01', '2021-10-01', '144', '26.29', '-10.0', 59, '43', '1.46', '1.86', '5.73', '5', '7', 405, -348, '62', '82', '54.76']
['ETH-USD', '5m', '83<H5i', '2021-04-01', '2021-10-01', '155', '45.29', '-6.0', 111, '44', '4.02', '3.13', '17.12', '4', '7', 366, -524, '68', '87', '54.76']
['ETH-USD', '5m', 'k2DH5i', '2021-04-01', '2021-10-01', '74', '45.13', '-6.0', 110, '49', '5.13', '3.02', '18.05', '6', '4', 465, -373, '36', '38', '54.76']
['ETH-USD', '5m', 'k2g/>e', '2021-04-01', '2021-10-01', '49', '40.59', '-5.0', 97, '57', '8.13', '3.72', '21.54', '6', '2', 357, -431, '28', '21', '54.76']
['ETH-USD', '5m', '>ua7`^', '2021-04-01', '2021-10-01', '10', '12.78', '-3.0', 27, '60', '3.94', '2.29', '9.03', '2', '2', 375, -250, '6', '4', '54.76']
['ETH-USD', '5m', 'b3a=.o', '2021-04-01', '2021-10-01', '87', '89.95', '-6.0', 260, '52', '17.21', '4.05', '41.62', '6', '4', 779, -457, '45', '42', '54.76']
['ETH-USD', '5m', ':2k?/`', '2021-04-01', '2021-10-01', '367', '30.29', '-18.0', 70, '35', '0.83', '1.45', '3.91', '4', '8', 689, -433, '127', '240', '54.76']
['ETH-USD', '5m', 'b3al.m', '2021-04-01', '2021-10-01', '95', '49.93', '-9.0', 124, '47', '5.1', '2.31', '14.09', '6', '5', 1193, -636, '45', '50', '54.76']
['ETH-USD', '5m', ':2u85Z', '2021-04-01', '2021-10-01', '330', '31.02', '-17.0', 71, '36', '0.92', '1.48', '4.19', '6', '10', 580, -450, '119', '211', '54.76']
['ETH-USD', '5m', ';DXh8=', '2021-04-01', '2021-10-01', '306', '45.76', '-19.0', 112, '35', '1.59', '1.6', '5.87', '5', '10', 1222, -406, '108', '198', '54.76']
['ETH-USD', '5m', 'h2DH5i', '2021-04-01', '2021-10-01', '72', '66.05', '-11.0', 175, '51', '5.53', '3.89', '15.37', '10', '6', 524, -468, '37', '35', '54.76']
['ETH-USD', '5m', ':2D?5j', '2021-04-01', '2021-10-01', '137', '38.55', '-7.0', 92, '45', '3.22', '2.73', '12.27', '5', '7', 356, -388, '61', '76', '54.76']
['ETH-USD', '5m', ':2GV5i', '2021-04-01', '2021-10-01', '143', '30.3', '-10.0', 70, '42', '1.77', '1.93', '7.04', '5', '7', 624, -375, '60', '83', '54.76']
['ETH-USD', '5m', ':2D>5i', '2021-04-01', '2021-10-01', '144', '41.48', '-8.0', 100, '44', '2.67', '2.85', '11.88', '5', '7', 355, -398, '64', '80', '54.76']
['ETH-USD', '5m', ':2?H5i', '2021-04-01', '2021-10-01', '144', '29.64', '-10.0', 68, '43', '1.58', '2.12', '6.96', '5', '7', 375, -348, '62', '82', '54.76']
['ETH-USD', '5m', ':2DI5i', '2021-04-01', '2021-10-01', '143', '26.08', '-10.0', 59, '43', '1.46', '1.81', '5.72', '5', '7', 424, -348, '62', '81', '54.76']
['ETH-USD', '5m', 'C3<n0i', '2021-04-01', '2021-10-01', '209', '30.15', '-19.0', 69, '44', '0.77', '1.63', '3.69', '7', '10', 641, -330, '93', '116', '54.76']
['ETH-USD', '5m', ':2<H5i', '2021-04-01', '2021-10-01', '144', '43.67', '-8.0', 106, '44', '3.21', '2.94', '12.9', '5', '7', 374, -378, '63', '81', '54.76']
['ETH-USD', '5m', 'k2MH5i', '2021-04-01', '2021-10-01', '74', '40.86', '-6.0', 98, '46', '4.29', '2.38', '15.79', '6', '4', 550, -636, '34', '40', '54.76']
['ETH-USD', '5m', 'q2DH5i', '2021-04-01', '2021-10-01', '62', '49.3', '-7.0', 122, '53', '5.76', '3.32', '16.89', '7', '5', 472, -558, '33', '29', '54.76']
['ETH-USD', '5m', 'p2DH5i', '2021-04-01', '2021-10-01', '62', '49.3', '-7.0', 122, '53', '5.76', '3.32', '16.89', '7', '5', 472, -558, '33', '29', '54.76']
['ETH-USD', '5m', ':2D:5i', '2021-04-01', '2021-10-01', '144', '36.08', '-9.0', 85, '44', '2.25', '2.56', '9.56', '5', '7', 302, -377, '64', '80', '54.76']
['ETH-USD', '5m', 'b2DH5i', '2021-04-01', '2021-10-01', '80', '50.89', '-8.0', 127, '46', '5.83', '3.22', '15.18', '4', '5', 495, -344, '37', '43', '54.76']
['ETH-USD', '5m', 'q2D?5i', '2021-04-01', '2021-10-01', '62', '41.97', '-6.0', 101, '55', '6.96', '3.28', '16.77', '7', '5', 357, -529, '34', '28', '54.76']
['ETH-USD', '5m', 'l2<H5i', '2021-04-01', '2021-10-01', '69', '38.21', '-5.0', 91, '52', '5.45', '2.91', '17.9', '5', '4', 357, -389, '36', '33', '54.76']
['ETH-USD', '5m', ':2<A5i', '2021-04-01', '2021-10-01', '144', '35.89', '-9.0', 84, '44', '2.23', '2.57', '9.41', '5', '7', 295, -354, '64', '80', '54.76']
['ETH-USD', '5m', 'C1<H5i', '2021-04-01', '2021-10-01', '133', '25.18', '-11.0', 56, '42', '1.22', '2.0', '5.3', '5', '7', 322, -354, '56', '77', '54.76']
['ETH-USD', '5m', ':3<K5i', '2021-04-01', '2021-10-01', '143', '26.74', '-9.0', 60, '42', '1.74', '1.87', '6.88', '5', '8', 346, -315, '60', '83', '54.76']
['ETH-USD', '5m', ':3<H5i', '2021-04-01', '2021-10-01', '143', '31.98', '-9.0', 74, '42', '2.27', '2.2', '8.65', '5', '8', 336, -325, '60', '83', '54.76']
['ETH-USD', '5m', 'j1n+M`', '2021-04-01', '2021-10-01', '21', '13.52', '-4.0', 29, '57', '2.97', '2.55', '8.03', '3', '2', 250, -378, '12', '9', '54.76']
['ETH-USD', '5m', 'm32lAo', '2021-04-01', '2021-10-01', '14', '18.16', '-4.0', 39, '71', '4.79', '3.34', '11.27', '4', '2', 362, -262, '10', '4', '54.76']
['ETH-USD', '5m', ':2b85^', '2021-04-01', '2021-10-01', '296', '73.9', '-10.0', 201, '39', '5.95', '3.0', '20.09', '6', '10', 605, -551, '115', '181', '54.76']
['ETH-USD', '5m', ':2t85Z', '2021-04-01', '2021-10-01', '330', '29.5', '-17.0', 67, '36', '0.85', '1.43', '3.94', '6', '10', 566, -442, '119', '211', '54.76']
['ETH-USD', '5m', 'C3<>0i', '2021-04-01', '2021-10-01', '210', '66.86', '-10.0', 178, '48', '6.38', '3.72', '18.39', '7', '7', 323, -383, '101', '109', '54.76']
['ETH-USD', '5m', 'C3<`0i', '2021-04-01', '2021-10-01', '209', '34.22', '-19.0', 80, '44', '0.83', '1.81', '4.26', '7', '10', 559, -330, '93', '116', '54.76']
['ETH-USD', '5m', 'g2MH5i', '2021-04-01', '2021-10-01', '71', '49.55', '-10.0', 123, '49', '4.32', '2.91', '11.81', '6', '5', 576, -631, '35', '36', '54.76']
['ETH-USD', '5m', ':2@H5i', '2021-04-01', '2021-10-01', '144', '29.32', '-9.0', 67, '44', '1.69', '2.1', '7.18', '5', '7', 383, -349, '63', '81', '54.76']
['ETH-USD', '5m', ':2DP5i', '2021-04-01', '2021-10-01', '143', '31.88', '-10.0', 74, '43', '1.85', '2.03', '7.5', '5', '7', 523, -375, '62', '81', '54.76']
['ETH-USD', '5m', ':2DO5i', '2021-04-01', '2021-10-01', '143', '31.88', '-10.0', 74, '43', '1.85', '2.03', '7.5', '5', '7', 523, -375, '62', '81', '54.76']
['ETH-USD', '5m', ':2IH5i', '2021-04-01', '2021-10-01', '143', '27.38', '-10.0', 62, '42', '1.45', '1.83', '6.17', '5', '7', 483, -377, '60', '83', '54.76']
['ETH-USD', '5m', ':2G?5i', '2021-04-01', '2021-10-01', '144', '30.57', '-10.0', 70, '43', '1.69', '2.17', '7.09', '5', '7', 368, -373, '62', '82', '54.76']
['ETH-USD', '5m', ':2DA5i', '2021-04-01', '2021-10-01', '144', '30.84', '-10.0', 71, '44', '1.75', '2.2', '7.27', '5', '7', 365, -367, '63', '81', '54.76']
['ETH-USD', '5m', 'j3<I5i', '2021-04-01', '2021-10-01', '71', '31.33', '-7.0', 72, '46', '3.09', '2.43', '10.76', '3', '5', 342, -389, '33', '38', '54.76']
['ETH-USD', '5m', ':2F?5i', '2021-04-01', '2021-10-01', '144', '30.68', '-10.0', 71, '44', '1.68', '2.18', '7.13', '5', '7', 362, -373, '63', '81', '54.76']
['ETH-USD', '5m', ':2DH5i', '2021-04-01', '2021-10-01', '144', '25.83', '-10.0', 58, '43', '1.38', '1.81', '5.61', '5', '7', 413, -348, '62', '82', '54.76']
['ETH-USD', '5m', ':2<H0i', '2021-04-01', '2021-10-01', '278', '64.94', '-8.0', 171, '40', '7.05', '3.17', '22.42', '6', '8', 420, -399, '110', '168', '54.76']
['ETH-USD', '5m', ':2;H5i', '2021-04-01', '2021-10-01', '144', '38.51', '-8.0', 91, '44', '2.66', '2.71', '11.0', '5', '7', 349, -362, '63', '81', '54.76']
['ETH-USD', '5m', ':2QU5i', '2021-04-01', '2021-10-01', '143', '23.9', '-10.0', 53, '41', '1.38', '1.63', '5.17', '5', '7', 730, -391, '58', '85', '54.76']
['ETH-USD', '5m', 'C3<60i', '2021-04-01', '2021-10-01', '210', '54.35', '-10.0', 138, '52', '3.89', '3.62', '14.01', '7', '7', 230, -372, '110', '100', '54.76']
['ETH-USD', '5m', '^3<H5i', '2021-04-01', '2021-10-01', '98', '45.85', '-12.0', 112, '49', '2.65', '3.1', '9.4', '4', '6', 368, -383, '48', '50', '54.76']
['ETH-USD', '5m', ':5<I5i', '2021-04-01', '2021-10-01', '148', '24.61', '-13.0', 55, '41', '1.2', '1.74', '4.25', '3', '6', 324, -308, '61', '87', '54.76']
['ETH-USD', '5m', 'C0<H5i', '2021-04-01', '2021-10-01', '132', '33.74', '-7.0', 79, '44', '2.32', '2.58', '10.73', '5', '5', 344, -379, '58', '74', '54.76']
['ETH-USD', '5m', 'S[_XKg', '2021-04-01', '2021-10-01', '12', '6.69', '-3.0', 14, '50', '2.68', '1.0', '5.22', '3', '2', 762, -168, '6', '6', '54.76']
['ETH-USD', '5m', ':2<C5i', '2021-04-01', '2021-10-01', '144', '37.32', '-9.0', 88, '44', '2.35', '2.62', '10.13', '5', '7', 316, -356, '63', '81', '54.76']
['ETH-USD', '5m', ':2gH5i', '2021-04-01', '2021-10-01', '143', '21.94', '-11.0', 49, '39', '1.09', '1.49', '4.31', '5', '9', 777, -444, '56', '87', '54.76']
['ETH-USD', '5m', ':2m95Z', '2021-04-01', '2021-10-01', '330', '33.37', '-15.0', 78, '36', '1.13', '1.6', '5.1', '6', '10', 568, -440, '119', '211', '54.76']
['ETH-USD', '5m', ':2g?5Z', '2021-04-01', '2021-10-01', '330', '33.45', '-16.0', 78, '36', '1.11', '1.59', '4.81', '6', '10', 615, -422, '119', '211', '54.76']
['ETH-USD', '5m', ':2h95Z', '2021-04-01', '2021-10-01', '330', '35.95', '-16.0', 85, '36', '1.16', '1.67', '5.35', '6', '10', 555, -442, '119', '211', '54.76']
['ETH-USD', '5m', ':2I?5`', '2021-04-01', '2021-10-01', '260', '77.45', '-11.0', 214, '40', '6.43', '3.5', '19.5', '6', '7', 502, -480, '105', '155', '54.76']
['ETH-USD', '5m', ':2o85Z', '2021-04-01', '2021-10-01', '330', '35.27', '-16.0', 83, '36', '1.15', '1.68', '5.27', '6', '10', 573, -456, '119', '211', '54.76']
['ETH-USD', '5m', 'B3<H0i', '2021-04-01', '2021-10-01', '205', '24.12', '-17.0', 54, '42', '0.51', '1.47', '3.22', '5', '7', 321, -330, '87', '118', '54.76']
['ETH-USD', '5m', ':2D?4`', '2021-04-01', '2021-10-01', '289', '82.32', '-10.0', 231, '40', '10.65', '3.64', '24.14', '6', '10', 457, -467, '117', '172', '54.76']
['ETH-USD', '5m', 'k<gT>Y', '2021-04-01', '2021-10-01', '108', '30.02', '-13.0', 69, '44', '1.41', '1.42', '5.46', '5', '5', 951, -949, '47', '61', '54.76']
['ETH-USD', '5m', ':2DN5i', '2021-04-01', '2021-10-01', '143', '29.6', '-10.0', 68, '43', '1.66', '1.93', '6.84', '5', '7', 502, -369, '62', '81', '54.76']
['ETH-USD', '5m', ':2M=5i', '2021-04-01', '2021-10-01', '144', '26.45', '-11.0', 60, '42', '1.31', '1.88', '5.61', '5', '7', 394, -378, '61', '83', '54.76']
['ETH-USD', '5m', 'k2<H5i', '2021-04-01', '2021-10-01', '74', '43.77', '-5.0', 106, '51', '9.26', '3.21', '21.57', '4', '3', 370, -348, '38', '36', '54.76']
['ETH-USD', '5m', ':2V45i', '2021-04-01', '2021-10-01', '144', '36.51', '-8.0', 86, '44', '2.24', '2.53', '10.2', '5', '7', 362, -439, '63', '81', '54.76']
['ETH-USD', '5m', ':2>K5i', '2021-04-01', '2021-10-01', '144', '27.49', '-10.0', 62, '43', '1.38', '1.99', '6.04', '5', '7', 382, -338, '62', '82', '54.76']
['ETH-USD', '5m', ':2<]5i', '2021-04-01', '2021-10-01', '143', '30.72', '-9.0', 71, '42', '2.04', '1.97', '7.63', '5', '7', 520, -347, '60', '83', '54.76']
['ETH-USD', '5m', 'q2<H5i', '2021-04-01', '2021-10-01', '62', '40.16', '-6.0', 96, '53', '6.4', '3.19', '16.01', '6', '5', 355, -512, '33', '29', '54.76']
['ETH-USD', '5m', ':2<J5i', '2021-04-01', '2021-10-01', '144', '31.2', '-10.0', 72, '43', '1.9', '2.24', '7.49', '5', '7', 365, -344, '62', '82', '54.76']
['ETH-USD', '5m', ':2aH5i', '2021-04-01', '2021-10-01', '143', '22.41', '-11.0', 50, '40', '1.21', '1.55', '4.5', '5', '7', 720, -431, '57', '86', '54.76']
['ETH-USD', '5m', '8MsK<A', '2021-04-01', '2021-10-01', '291', '18.25', '-21.0', 40, '34', '0.38', '0.9', '1.92', '5', '9', 865, -397, '98', '193', '54.76']
['ETH-USD', '5m', 'R@k3DY', '2021-04-01', '2021-10-01', '105', '41.67', '-9.0', 100, '45', '2.81', '2.57', '11.35', '4', '7', 468, -628, '47', '58', '54.76']
['ETH-USD', '5m', ':2<e5i', '2021-04-01', '2021-10-01', '143', '23.3', '-9.0', 52, '41', '1.32', '1.62', '5.75', '5', '7', 548, -326, '59', '84', '54.76']
['ETH-USD', '5m', ':3BL5i', '2021-04-01', '2021-10-01', '142', '15.07', '-13.0', 32, '42', '0.52', '1.11', '2.43', '5', '8', 381, -301, '60', '82', '54.76']
['ETH-USD', '5m', 'tJGfFs', '2021-04-01', '2021-10-01', '6', '14.3', '-3.0', 31, '83', '4.86', '2.6', '12.09', '3', '1', 647, -34, '5', '1', '54.76']
['ETH-USD', '5m', '+3<H5i', '2021-04-01', '2021-10-01', '109', '24.05', '-7.0', 54, '36', '1.76', '2.36', '7.5', '3', '10', 320, -223, '39', '70', '54.76']
['ETH-USD', '5m', 'Ub(4]N', '2021-04-01', '2021-10-01', '96', '16.07', '-4.0', 35, '81', '2.34', '3.2', '7.81', '12', '2', 54, -247, '78', '18', '54.76']
['ETH-USD', '5m', ':2k55Z', '2021-04-01', '2021-10-01', '330', '49.67', '-16.0', 124, '37', '1.68', '2.19', '7.89', '6', '10', 565, -502, '121', '209', '54.76']
['ETH-USD', '5m', ':2i95Z', '2021-04-01', '2021-10-01', '330', '35.14', '-16.0', 82, '36', '1.08', '1.64', '5.0', '6', '10', 560, -440, '119', '211', '54.76']
['ETH-USD', '5m', ':2b@5Z', '2021-04-01', '2021-10-01', '330', '35.52', '-16.0', 83, '36', '1.12', '1.65', '5.15', '6', '10', 608, -415, '120', '210', '54.76']
['ETH-USD', '5m', ':2bB5Z', '2021-04-01', '2021-10-01', '330', '34.72', '-16.0', 81, '36', '1.06', '1.63', '5.18', '6', '10', 638, -412, '120', '210', '54.76']
['ETH-USD', '5m', ':2k95Z', '2021-04-01', '2021-10-01', '330', '34.12', '-16.0', 80, '36', '1.1', '1.63', '5.03', '6', '10', 564, -440, '119', '211', '54.76']
['ETH-USD', '5m', 'L2jH:L', '2021-04-01', '2021-10-01', '273', '45.96', '-16.0', 113, '38', '1.79', '1.8', '7.08', '5', '10', 915, -472, '105', '168', '54.76']
['ETH-USD', '5m', ':2k65Z', '2021-04-01', '2021-10-01', '330', '49.67', '-16.0', 124, '37', '1.68', '2.19', '7.89', '6', '10', 565, -502, '121', '209', '54.76']
['ETH-USD', '5m', ':2d?5Z', '2021-04-01', '2021-10-01', '330', '35.13', '-16.0', 82, '36', '1.15', '1.63', '5.03', '6', '10', 605, -420, '120', '210', '54.76']
['ETH-USD', '5m', ':2b95]', '2021-04-01', '2021-10-01', '306', '70.47', '-10.0', 190, '38', '5.21', '2.84', '18.41', '6', '10', 617, -536, '117', '189', '54.76']
['ETH-USD', '5m', ':2f?5Z', '2021-04-01', '2021-10-01', '330', '33.18', '-16.0', 77, '36', '1.06', '1.58', '4.75', '6', '10', 612, -415, '119', '211', '54.76']
['ETH-USD', '5m', 'i3BH5i', '2021-04-01', '2021-10-01', '72', '49.05', '-5.0', 122, '50', '8.74', '3.29', '24.42', '3', '3', 456, -425, '36', '36', '54.76']
['ETH-USD', '5m', ':2K?5_', '2021-04-01', '2021-10-01', '274', '80.91', '-9.0', 226, '40', '8.14', '3.52', '23.91', '6', '9', 536, -495, '110', '164', '54.76']
['ETH-USD', '5m', ':2D?5]', '2021-04-01', '2021-10-01', '307', '78.63', '-10.0', 218, '39', '8.63', '3.5', '22.76', '6', '10', 449, -457, '121', '186', '54.76']
['ETH-USD', '5m', ':2LH5i', '2021-04-01', '2021-10-01', '143', '30.69', '-10.0', 71, '42', '1.73', '1.94', '7.05', '5', '7', 531, -395, '60', '83', '54.76']
['ETH-USD', '5m', ':2D?5\\', '2021-04-01', '2021-10-01', '314', '70.16', '-10.0', 189, '39', '6.12', '3.2', '19.7', '6', '10', 428, -434, '122', '192', '54.76']
['ETH-USD', '5m', ':2KH5i', '2021-04-01', '2021-10-01', '143', '30.04', '-10.0', 69, '42', '1.66', '1.93', '6.91', '5', '7', 517, -390, '60', '83', '54.76']
['ETH-USD', '5m', ':2FH5i', '2021-04-01', '2021-10-01', '143', '23.59', '-10.0', 53, '43', '1.14', '1.65', '5.05', '5', '7', 440, -357, '62', '81', '54.76']
['ETH-USD', '5m', 'UIKi_?', '2021-04-01', '2021-10-01', '190', '30.97', '-13.0', 71, '36', '1.28', '1.35', '5.33', '4', '8', 845, -377, '69', '121', '54.76']
['ETH-USD', '5m', 'cEQt=K', '2021-04-01', '2021-10-01', '161', '43.21', '-18.0', 105, '39', '1.32', '1.7', '5.86', '4', '9', 1145, -979, '62', '99', '54.76']
['ETH-USD', '5m', ':2Q:5i', '2021-04-01', '2021-10-01', '144', '26.55', '-11.0', 60, '42', '1.22', '1.91', '5.65', '5', '7', 385, -391, '61', '83', '54.76']
['ETH-USD', '5m', ':2MH5i', '2021-04-01', '2021-10-01', '143', '29.62', '-10.0', 68, '42', '1.65', '1.88', '6.73', '5', '7', 537, -394, '60', '83', '54.76']
['ETH-USD', '5m', ':2>H5i', '2021-04-01', '2021-10-01', '144', '30.98', '-10.0', 71, '44', '1.83', '2.22', '7.32', '5', '7', 367, -349, '63', '81', '54.76']
['ETH-USD', '5m', ':2<Z5i', '2021-04-01', '2021-10-01', '143', '30.08', '-9.0', 69, '42', '1.87', '1.99', '7.32', '5', '7', 492, -345, '60', '83', '54.76']
['ETH-USD', '5m', ':2WH5i', '2021-04-01', '2021-10-01', '143', '22.69', '-11.0', 50, '41', '1.09', '1.59', '4.73', '5', '7', 616, -404, '58', '85', '54.76']
['ETH-USD', '5m', ':2VH5i', '2021-04-01', '2021-10-01', '143', '23.14', '-11.0', 51, '41', '1.12', '1.63', '4.85', '5', '7', 602, -397, '58', '85', '54.76']
['ETH-USD', '5m', ':2<I5i', '2021-04-01', '2021-10-01', '144', '30.16', '-10.0', 69, '43', '1.77', '2.18', '7.15', '5', '7', 353, -342, '62', '82', '54.76']
['ETH-USD', '5m', ':2\\H5i', '2021-04-01', '2021-10-01', '143', '21.07', '-11.0', 46, '41', '1.04', '1.51', '4.29', '5', '7', 660, -410, '58', '85', '54.76']
['ETH-USD', '5m', ':27H5i', '2021-04-01', '2021-10-01', '144', '33.25', '-8.0', 77, '43', '2.49', '2.49', '9.92', '5', '7', 289, -333, '62', '82', '54.76']
['ETH-USD', '5m', 'fFQ7.c', '2021-04-01', '2021-10-01', '108', '2.86', '-19.0', 6, '41', '0.03', '0.34', '0.3', '6', '8', 264, -708, '44', '64', '54.76']
['ETH-USD', '5m', '63<l0i', '2021-04-01', '2021-10-01', '330', '4.69', '-18.0', 10, '34', '0.07', '0.43', '0.53', '5', '11', 508, -287, '111', '219', '54.76']
['ETH-USD', '5m', 'o2<H5i', '2021-04-01', '2021-10-01', '57', '37.91', '-6.0', 90, '54', '6.61', '3.11', '14.68', '5', '5', 350, -496, '31', '26', '54.76']
['ETH-USD', '5m', 'C0<]5d', '2021-04-01', '2021-10-01', '177', '33.56', '-11.0', 78, '44', '1.76', '2.03', '6.83', '5', '5', 515, -310, '78', '99', '54.76']
['ETH-USD', '5m', ':2n55Z', '2021-04-01', '2021-10-01', '330', '44.92', '-17.0', 110, '37', '1.26', '2.0', '6.35', '6', '10', 575, -490, '121', '209', '54.76']
['ETH-USD', '5m', ':2k45Z', '2021-04-01', '2021-10-01', '330', '44.97', '-17.0', 110, '37', '1.24', '2.04', '6.44', '6', '10', 536, -489, '121', '209', '54.76']
['ETH-USD', '5m', ':2c?5Z', '2021-04-01', '2021-10-01', '330', '32.82', '-16.0', 76, '36', '1.03', '1.56', '4.65', '6', '10', 585, -410, '120', '210', '54.76']
['ETH-USD', '5m', 'C3<I0i', '2021-04-01', '2021-10-01', '209', '44.02', '-19.0', 107, '44', '1.15', '2.39', '5.71', '7', '10', 399, -358, '93', '116', '54.76']
['ETH-USD', '5m', ':2b?5Z', '2021-04-01', '2021-10-01', '330', '29.9', '-16.0', 68, '36', '0.84', '1.46', '4.17', '6', '10', 564, -398, '120', '210', '54.76']
['ETH-USD', '5m', 'i2VH5i', '2021-04-01', '2021-10-01', '74', '57.1', '-13.0', 146, '46', '3.67', '3.16', '11.4', '6', '6', 722, -633, '34', '40', '54.76']
['ETH-USD', '5m', ':2a?5Z', '2021-04-01', '2021-10-01', '330', '28.04', '-16.0', 64, '36', '0.76', '1.4', '3.87', '6', '10', 552, -391, '120', '210', '54.76']
['ETH-USD', '5m', ':2MD5i', '2021-04-01', '2021-10-01', '143', '25.72', '-10.0', 58, '42', '1.34', '1.72', '5.73', '5', '7', 483, -384, '60', '83', '54.76']
['ETH-USD', '5m', ':2<H5\\', '2021-04-01', '2021-10-01', '314', '75.12', '-9.0', 206, '39', '7.16', '3.35', '22.2', '6', '10', 445, -419, '121', '193', '54.76']
['ETH-USD', '5m', ':2SH5i', '2021-04-01', '2021-10-01', '143', '23.86', '-10.0', 53, '41', '1.18', '1.6', '5.07', '5', '7', 578, -394, '58', '85', '54.76']
['ETH-USD', '5m', 'f3Z@Cf', '2021-04-01', '2021-10-01', '30', '37.15', '-6.0', 88, '60', '17.13', '3.76', '15.95', '5', '3', 536, -404, '18', '12', '54.76']
['ETH-USD', '5m', ':G<H5i', '2021-04-01', '2021-10-01', '128', '34.07', '-16.0', 79, '41', '1.12', '2.21', '5.07', '5', '8', 347, -358, '53', '75', '54.76']
['ETH-USD', '5m', 'D:eNs)', '2021-04-01', '2021-10-01', '295', '37.46', '-22.0', 89, '36', '1.07', '1.44', '4.06', '6', '7', 936, -497, '107', '188', '54.76']
['ETH-USD', '5m', 'I3Jl?o', '2021-04-01', '2021-10-01', '19', '10.76', '-4.0', 23, '53', '1.71', '1.73', '5.44', '6', '3', 712, -397, '10', '9', '54.76']
['ETH-USD', '5m', 'I8J1jX', '2021-04-01', '2021-10-01', '6', '1.49', '-4.0', 3, '67', '0.05', '0.49', '0.74', '2', '1', 174, -404, '4', '2', '54.76']
['ETH-USD', '5m', '>R/+Pa', '2021-04-01', '2021-10-01', '20', '4.32', '-2.0', 9, '85', '2.22', '1.93', '5.28', '11', '1', 48, -174, '17', '3', '54.76']
['ETH-USD', '5m', 'b3a4.o', '2021-04-01', '2021-10-01', '87', '81.46', '-6.0', 228, '52', '16.29', '4.22', '36.6', '6', '4', 541, -432, '45', '42', '54.76']
['ETH-USD', '5m', ':2b>5Z', '2021-04-01', '2021-10-01', '330', '33.88', '-15.0', 79, '36', '1.09', '1.63', '5.18', '6', '10', 572, -415, '120', '210', '54.76']
['ETH-USD', '5m', ':2b=5Z', '2021-04-01', '2021-10-01', '330', '33.88', '-15.0', 79, '36', '1.09', '1.63', '5.18', '6', '10', 572, -415, '120', '210', '54.76']
['ETH-USD', '5m', ':2_?5Z', '2021-04-01', '2021-10-01', '330', '37.53', '-15.0', 89, '36', '1.19', '1.77', '5.79', '6', '10', 583, -419, '120', '210', '54.76']
['ETH-USD', '5m', ':2DB5`', '2021-04-01', '2021-10-01', '260', '75.89', '-11.0', 208, '41', '6.64', '3.49', '18.84', '6', '7', 486, -453, '107', '153', '54.76']
['ETH-USD', '5m', ':2^?5Z', '2021-04-01', '2021-10-01', '330', '36.09', '-16.0', 85, '36', '0.99', '1.7', '5.15', '6', '10', 576, -411, '120', '210', '54.76']
['ETH-USD', '5m', 'C3<J0i', '2021-04-01', '2021-10-01', '209', '38.77', '-19.0', 92, '44', '1.05', '2.16', '4.92', '7', '10', 392, -361, '93', '116', '54.76']
['ETH-USD', '5m', 'C3<H0i', '2021-04-01', '2021-10-01', '209', '42.7', '-19.0', 103, '44', '1.05', '2.35', '5.51', '7', '10', 382, -358, '93', '116', '54.76']
['ETH-USD', '5m', ':2D?5_', '2021-04-01', '2021-10-01', '274', '87.24', '-9.0', 249, '41', '11.06', '3.91', '27.17', '6', '9', 471, -491, '113', '161', '54.76']
['ETH-USD', '5m', ':2L?5`', '2021-04-01', '2021-10-01', '260', '63.74', '-11.0', 167, '40', '5.0', '2.95', '15.57', '6', '7', 493, -450, '105', '155', '54.76']
['ETH-USD', '5m', 'i3<I5i', '2021-04-01', '2021-10-01', '72', '38.48', '-4.0', 91, '49', '6.12', '2.92', '23.08', '3', '4', 366, -403, '35', '37', '54.76']
['ETH-USD', '5m', 'p2QH5i', '2021-04-01', '2021-10-01', '62', '47.08', '-11.0', 116, '47', '4.01', '2.77', '10.98', '4', '5', 615, -706, '29', '33', '54.76']
['ETH-USD', '5m', 'q2QH5i', '2021-04-01', '2021-10-01', '62', '47.08', '-11.0', 116, '47', '4.01', '2.77', '10.98', '4', '5', 615, -706, '29', '33', '54.76']
['ETH-USD', '5m', ':2D?5l', '2021-04-01', '2021-10-01', '121', '35.27', '-6.0', 83, '45', '3.52', '2.79', '14.19', '5', '6', 350, -390, '55', '66', '54.76']
['ETH-USD', '5m', ':2<H5l', '2021-04-01', '2021-10-01', '121', '37.05', '-5.0', 88, '45', '4.28', '2.91', '16.04', '5', '6', 356, -371, '54', '67', '54.76']
['ETH-USD', '5m', '73<H5i', '2021-04-01', '2021-10-01', '163', '22.35', '-6.0', 50, '40', '1.88', '1.73', '7.9', '4', '7', 320, -512, '65', '98', '54.76']
['ETH-USD', '5m', 'C3<H5b', '2021-04-01', '2021-10-01', '188', '37.77', '-17.0', 89, '45', '0.98', '2.22', '5.18', '7', '11', 360, -344, '84', '104', '54.76']
['ETH-USD', '5m', ':G<I5i', '2021-04-01', '2021-10-01', '128', '35.6', '-15.0', 84, '41', '1.28', '2.27', '5.43', '5', '8', 361, -358, '53', '75', '54.76']
['ETH-USD', '5m', ',OM_XO', '2021-04-01', '2021-10-01', '93', '30.63', '-8.0', 70, '35', '1.64', '2.26', '8.77', '3', '9', 820, -296, '33', '60', '54.76']
['ETH-USD', '5m', ':3BH5b', '2021-04-01', '2021-10-01', '218', '22.13', '-16.0', 49, '39', '0.72', '1.37', '3.07', '6', '10', 369, -309, '85', '133', '54.76']
['ETH-USD', '5m', 'S<KTQ]', '2021-04-01', '2021-10-01', '34', '20.63', '-5.0', 45, '50', '2.17', '1.91', '8.29', '4', '3', 585, -453, '17', '17', '54.76']
['ETH-USD', '5m', ':,<H5i', '2021-04-01', '2021-10-01', '165', '14.44', '-10.0', 31, '38', '0.52', '1.17', '3.09', '4', '7', 295, -499, '62', '103', '54.76']
['ETH-USD', '5m', 'Kr-m5b', '2021-04-01', '2021-10-01', '75', '15.25', '-11.0', 33, '43', '0.62', '1.27', '2.85', '6', '4', 289, -293, '32', '43', '54.76']
['ETH-USD', '5m', ':2c95Z', '2021-04-01', '2021-10-01', '330', '51.38', '-15.0', 129, '37', '1.94', '2.24', '8.84', '6', '10', 574, -481, '122', '208', '54.76']
['ETH-USD', '5m', ':2]95Z', '2021-04-01', '2021-10-01', '330', '53.38', '-17.0', 135, '37', '1.22', '2.38', '8.03', '6', '10', 555, -475, '123', '207', '54.76']
['ETH-USD', '5m', ':2b95Z', '2021-04-01', '2021-10-01', '330', '49.51', '-16.0', 123, '37', '1.6', '2.19', '7.94', '6', '10', 567, -473, '122', '208', '54.76']
['ETH-USD', '5m', ':2b;5Z', '2021-04-01', '2021-10-01', '330', '40.35', '-16.0', 97, '37', '1.21', '1.86', '6.01', '6', '10', 571, -438, '121', '209', '54.76']
['ETH-USD', '5m', ':2O?5_', '2021-04-01', '2021-10-01', '274', '59.41', '-10.0', 153, '40', '4.32', '2.7', '15.48', '6', '9', 504, -449, '109', '165', '54.76']
['ETH-USD', '5m', ':2U?5Z', '2021-04-01', '2021-10-01', '330', '43.51', '-16.0', 106, '37', '1.07', '2.03', '6.45', '6', '10', 537, -418, '121', '209', '54.76']
['ETH-USD', '5m', ':2`85Z', '2021-04-01', '2021-10-01', '330', '55.46', '-16.0', 141, '37', '1.46', '2.44', '8.79', '6', '10', 558, -490, '123', '207', '54.76']
['ETH-USD', '5m', ':2a95Z', '2021-04-01', '2021-10-01', '330', '47.77', '-16.0', 118, '37', '1.46', '2.14', '7.43', '6', '10', 556, -466, '122', '208', '54.76']
['ETH-USD', '5m', ':2\\?5Z', '2021-04-01', '2021-10-01', '330', '35.16', '-17.0', 82, '37', '0.9', '1.66', '4.83', '6', '10', 562, -406, '121', '209', '54.76']
['ETH-USD', '5m', ':2k35`', '2021-04-01', '2021-10-01', '259', '66.34', '-14.0', 176, '40', '3.61', '2.88', '12.59', '6', '7', 569, -581, '103', '156', '54.76']
['ETH-USD', '5m', ':2QH5]', '2021-04-01', '2021-10-01', '306', '52.72', '-11.0', 133, '38', '3.03', '2.34', '12.17', '6', '10', 632, -420, '115', '191', '54.76']
['ETH-USD', '5m', ':2]?5Z', '2021-04-01', '2021-10-01', '330', '33.54', '-17.0', 78, '37', '0.88', '1.61', '4.66', '6', '10', 561, -402, '121', '209', '54.76']
['ETH-USD', '5m', ':2G?5`', '2021-04-01', '2021-10-01', '260', '70.33', '-11.0', 189, '41', '5.81', '3.34', '16.78', '6', '7', 459, -451, '106', '154', '54.76']
['ETH-USD', '5m', ':2b85_', '2021-04-01', '2021-10-01', '273', '70.65', '-12.0', 190, '40', '4.66', '2.94', '16.2', '6', '9', 602, -560, '109', '164', '54.76']
['ETH-USD', '5m', ':2D?5`', '2021-04-01', '2021-10-01', '260', '81.23', '-8.0', 227, '42', '8.89', '3.73', '28.0', '6', '7', 456, -474, '108', '152', '54.76']
['ETH-USD', '5m', 'C3<j,o', '2021-04-01', '2021-10-01', '214', '30.18', '-20.0', 69, '42', '0.63', '1.62', '3.48', '8', '8', 637, -322, '90', '124', '54.76']
['ETH-USD', '5m', 'basX([', '2021-04-01', '2021-10-01', '92', '7.66', '-17.0', 16, '30', '0.14', '0.55', '0.91', '3', '7', 1173, -1082, '28', '64', '54.76']
['ETH-USD', '5m', ':2<H-i', '2021-04-01', '2021-10-01', '320', '59.4', '-9.0', 153, '37', '5.04', '2.83', '16.74', '6', '8', 407, -390, '118', '202', '54.76']
['ETH-USD', '5m', 'f3<I5i', '2021-04-01', '2021-10-01', '74', '35.6', '-8.0', 84, '50', '2.62', '2.82', '10.52', '6', '6', 354, -390, '37', '37', '54.76']
['ETH-USD', '5m', 'I3Jl;o', '2021-04-01', '2021-10-01', '33', '6.95', '-7.0', 14, '48', '0.41', '0.99', '2.08', '7', '3', 702, -391, '16', '17', '54.76']
['ETH-USD', '5m', ':o*.2*', '2021-04-01', '2021-10-01', '221', '9.78', '-8.0', 20, '74', '0.67', '1.35', '2.44', '16', '5', 42, -362, '163', '58', '54.76']
['ETH-USD', '5m', ':2d95Z', '2021-04-01', '2021-10-01', '330', '45.24', '-17.0', 111, '37', '1.28', '2.02', '6.58', '6', '10', 572, -465, '122', '208', '54.76']
['ETH-USD', '5m', ':2\\85Z', '2021-04-01', '2021-10-01', '331', '52.91', '-18.0', 133, '37', '1.02', '2.38', '7.23', '6', '10', 519, -458, '124', '207', '54.76']
['ETH-USD', '5m', ':2b85Z', '2021-04-01', '2021-10-01', '330', '47.52', '-17.0', 117, '37', '1.29', '2.12', '6.98', '6', '10', 548, -471, '122', '208', '54.76']
['ETH-USD', '5m', ':2S?5Z', '2021-04-01', '2021-10-01', '330', '46.04', '-17.0', 113, '37', '1.05', '2.17', '6.6', '6', '10', 536, -422, '122', '208', '54.76']
['ETH-USD', '5m', ':2V95Z', '2021-04-01', '2021-10-01', '331', '52.18', '-15.0', 131, '37', '1.5', '2.42', '8.77', '6', '10', 468, -436, '124', '207', '54.76']
['ETH-USD', '5m', ':2X?5Z', '2021-04-01', '2021-10-01', '330', '46.48', '-17.0', 114, '37', '1.27', '2.06', '6.85', '6', '10', 576, -433, '122', '208', '54.76']
['ETH-USD', '5m', ':2k35Z', '2021-04-01', '2021-10-01', '330', '51.55', '-17.0', 129, '37', '1.26', '2.33', '7.58', '6', '10', 537, -514, '122', '208', '54.76']
['ETH-USD', '5m', ':2T?5Z', '2021-04-01', '2021-10-01', '330', '40.08', '-17.0', 96, '37', '0.93', '1.92', '5.74', '6', '10', 519, -407, '121', '209', '54.76']
['ETH-USD', '5m', ':2u15Z', '2021-04-01', '2021-10-01', '330', '50.06', '-17.0', 125, '37', '1.29', '2.27', '7.43', '6', '10', 538, -539, '122', '208', '54.76']
['ETH-USD', '5m', ':2r15Z', '2021-04-01', '2021-10-01', '330', '52.44', '-18.0', 132, '37', '1.24', '2.35', '7.42', '6', '10', 518, -522, '123', '207', '54.76']
['ETH-USD', '5m', '^2QH5i', '2021-04-01', '2021-10-01', '92', '69.43', '-9.0', 186, '48', '5.95', '3.6', '20.43', '4', '6', 727, -462, '44', '48', '54.76']
['ETH-USD', '5m', ':2D?7Z', '2021-04-01', '2021-10-01', '297', '83.03', '-9.0', 234, '40', '7.28', '3.67', '25.49', '6', '9', 460, -480, '118', '179', '54.76']
['ETH-USD', '5m', 'SA^CwJ', '2021-04-01', '2021-10-01', '86', '56.4', '-9.0', 144, '45', '6.5', '2.97', '16.24', '3', '4', 736, -473, '39', '47', '54.76']
['ETH-USD', '5m', ':2J?5Z', '2021-04-01', '2021-10-01', '331', '57.67', '-12.0', 148, '37', '2.19', '2.65', '11.9', '6', '10', 461, -420, '123', '208', '54.76']
['ETH-USD', '5m', ':2P?5Z', '2021-04-01', '2021-10-01', '330', '39.25', '-17.0', 94, '37', '0.81', '1.93', '5.47', '6', '10', 469, -383, '122', '208', '54.76']
['ETH-USD', '5m', '15=lw>', '2021-04-01', '2021-10-01', '504', '69.94', '-15.0', 188, '32', '3.49', '2.47', '12.38', '5', '12', 843, -364, '162', '342', '54.76']
['ETH-USD', '5m', ':2O?5Z', '2021-04-01', '2021-10-01', '331', '38.5', '-18.0', 91, '37', '0.72', '1.91', '5.15', '6', '10', 465, -381, '122', '209', '54.76']
['ETH-USD', '5m', 'L`jS:f', '2021-04-01', '2021-10-01', '61', '-0.88', '-10.0', -2, '34', '-0.04', '0.11', '-0.17', '2', '8', 801, -287, '21', '40', '54.76']
['ETH-USD', '5m', ':2D?5Z', '2021-04-01', '2021-10-01', '331', '62.26', '-10.0', 163, '38', '3.51', '2.96', '16.19', '6', '10', 411, -417, '126', '205', '54.76']
['ETH-USD', '5m', 'h<?Y<X', '2021-04-01', '2021-10-01', '122', '-1.6', '-20.0', -3, '38', '-0.02', '0.09', '-0.16', '4', '8', 387, -757, '46', '76', '54.76']
['ETH-USD', '5m', ':2DI5`', '2021-04-01', '2021-10-01', '259', '59.34', '-12.0', 153, '41', '3.82', '2.72', '12.29', '6', '7', 510, -411, '106', '153', '54.76']
['ETH-USD', '5m', ':2DE5`', '2021-04-01', '2021-10-01', '260', '64.53', '-11.0', 170, '41', '5.23', '2.98', '16.03', '6', '7', 495, -425, '106', '154', '54.76']
['ETH-USD', '5m', ':2F?5`', '2021-04-01', '2021-10-01', '260', '67.04', '-11.0', 178, '41', '5.5', '3.24', '15.57', '6', '7', 442, -441, '107', '153', '54.76']
['ETH-USD', '5m', 'O;ie`,', '2021-04-01', '2021-10-01', '258', '2.79', '-26.0', 6, '35', '0.05', '0.38', '0.22', '3', '8', 1012, -389, '91', '167', '54.76']
['ETH-USD', '5m', ':2DH5m', '2021-04-01', '2021-10-01', '114', '19.65', '-8.0', 43, '45', '1.44', '1.74', '5.67', '5', '6', 390, -342, '51', '63', '54.76']
['ETH-USD', '5m', '?2<H5i', '2021-04-01', '2021-10-01', '127', '25.66', '-10.0', 58, '43', '0.92', '2.07', '5.61', '6', '5', 325, -386, '54', '73', '54.76']
['ETH-USD', '5m', 'C3<H5q', '2021-04-01', '2021-10-01', '79', '11.43', '-12.0', 24, '46', '0.28', '1.22', '2.08', '5', '4', 281, -355, '36', '43', '54.76']
['ETH-USD', '5m', '23<H5i', '2021-04-01', '2021-10-01', '157', '23.08', '-9.0', 51, '35', '1.22', '1.75', '5.62', '4', '11', 327, -272, '55', '102', '54.76']
['ETH-USD', '5m', 'I3JlEo', '2021-04-01', '2021-10-01', '6', '-2.46', '-4.0', -5, '50', '-0.06', '-0.88', '-1.22', '2', '2', 180, -397, '3', '3', '54.76']
['ETH-USD', '5m', ':2b45Z', '2021-04-01', '2021-10-01', '331', '50.35', '-17.0', 126, '37', '1.29', '2.33', '7.47', '6', '10', 477, -466, '124', '207', '54.76']
['ETH-USD', '5m', ':2k25Z', '2021-04-01', '2021-10-01', '331', '49.69', '-18.0', 124, '37', '1.21', '2.29', '6.98', '6', '10', 495, -494, '123', '208', '54.76']
['ETH-USD', '5m', 'C3<j+W', '2021-04-01', '2021-10-01', '316', '44.64', '-19.0', 109, '39', '1.64', '1.83', '5.8', '4', '8', 687, -363, '122', '194', '54.76']
['ETH-USD', '5m', 'L2jH:,', '2021-04-01', '2021-10-01', '312', '68.72', '-18.0', 184, '38', '2.45', '2.15', '10.41', '5', '8', 1088, -565, '119', '193', '54.76']
['ETH-USD', '5m', ':2DC5Z', '2021-04-01', '2021-10-01', '331', '64.65', '-11.0', 170, '38', '3.38', '2.94', '16.14', '6', '10', 472, -419, '125', '206', '54.76']
['ETH-USD', '5m', ':2K>5Z', '2021-04-01', '2021-10-01', '331', '54.65', '-12.0', 139, '37', '2.34', '2.56', '11.89', '6', '10', 446, -417, '123', '208', '54.76']
['ETH-USD', '5m', ':2K=5Z', '2021-04-01', '2021-10-01', '331', '54.65', '-12.0', 139, '37', '2.34', '2.56', '11.89', '6', '10', 446, -417, '123', '208', '54.76']
['ETH-USD', '5m', 'C3<l5X', '2021-04-01', '2021-10-01', '278', '51.52', '-18.0', 129, '41', '2.27', '2.27', '7.14', '5', '6', 740, -366, '113', '165', '54.76']
['ETH-USD', '5m', ':2DB5Z', '2021-04-01', '2021-10-01', '331', '61.02', '-12.0', 159, '38', '2.68', '2.85', '13.25', '6', '10', 448, -407, '125', '206', '54.76']
['ETH-USD', '5m', ':2K?5Z', '2021-04-01', '2021-10-01', '331', '60.18', '-12.0', 156, '37', '2.52', '2.71', '13.28', '6', '10', 477, -429, '123', '208', '54.76']
['ETH-USD', '5m', ':2M?5Z', '2021-04-01', '2021-10-01', '331', '40.17', '-16.0', 96, '37', '0.89', '2.0', '5.84', '6', '10', 442, -378, '122', '209', '54.76']
['ETH-USD', '5m', ':1DH5i', '2021-04-01', '2021-10-01', '148', '7.8', '-11.0', 16, '41', '0.25', '0.7', '1.45', '4', '7', 372, -480, '60', '88', '54.76']
['ETH-USD', '5m', '*[kX7g', '2021-04-01', '2021-10-01', '116', '27.54', '-14.0', 62, '31', '0.72', '1.73', '4.5', '3', '12', 1025, -316, '36', '80', '54.76']
['ETH-USD', '5m', 'I3JljH', '2021-04-01', '2021-10-01', '141', '21.26', '-14.0', 47, '41', '0.72', '1.3', '3.37', '4', '6', 807, -403, '58', '83', '54.76']
['ETH-USD', '5m', '^KId^2', '2021-04-01', '2021-10-01', '178', '29.96', '-15.0', 69, '36', '1.03', '1.37', '4.59', '4', '9', 765, -578, '64', '114', '54.76']
['ETH-USD', '5m', 'O,g_Du', '2021-04-01', '2021-10-01', '3', '-2.28', '-3.0', -4, '33', '-0.09', '-0.95', '-1.54', '1', '1', 182, -291, '1', '2', '54.76']
['ETH-USD', '5m', '*Fk6mU', '2021-04-01', '2021-10-01', '4', '1.69', '-2.0', 3, '25', '0.67', '0.63', '1.71', '1', '3', 375, -77, '1', '3', '54.76']
['ETH-USD', '5m', ':2b25Z', '2021-04-01', '2021-10-01', '331', '72.3', '-12.0', 196, '38', '3.46', '3.14', '15.99', '6', '10', 486, -543, '126', '205', '54.76']
['ETH-USD', '5m', ':2R?5Z', '2021-04-01', '2021-10-01', '330', '45.15', '-16.0', 110, '37', '1.03', '2.15', '6.84', '6', '10', 518, -418, '122', '208', '54.76']
['ETH-USD', '5m', ':2b94Z', '2021-04-01', '2021-10-01', '348', '44.02', '-18.0', 107, '36', '1.04', '1.99', '5.84', '6', '10', 571, -462, '125', '223', '54.76']
['ETH-USD', '5m', ':2Q?5Z', '2021-04-01', '2021-10-01', '330', '38.62', '-17.0', 92, '37', '0.81', '1.92', '5.55', '6', '10', 490, -397, '121', '209', '54.76']
['ETH-USD', '5m', ':2KI5Z', '2021-04-01', '2021-10-01', '330', '32.67', '-17.0', 76, '37', '0.76', '1.64', '4.59', '6', '10', 524, -356, '121', '209', '54.76']
['ETH-USD', '5m', ':2P:5Z', '2021-04-01', '2021-10-01', '331', '60.31', '-11.0', 156, '37', '2.87', '2.79', '14.05', '6', '10', 457, -448, '124', '207', '54.76']
['ETH-USD', '5m', ':2MH5Z', '2021-04-01', '2021-10-01', '330', '27.39', '-16.0', 62, '37', '0.67', '1.43', '3.85', '6', '10', 510, -345, '121', '209', '54.76']
['ETH-USD', '5m', ':2H?5Z', '2021-04-01', '2021-10-01', '331', '59.27', '-13.0', 153, '37', '2.3', '2.78', '12.07', '6', '10', 444, -416, '123', '208', '54.76']
['ETH-USD', '5m', 'CAcC+J', '2021-04-01', '2021-10-01', '237', '61.5', '-17.0', 160, '43', '1.88', '2.15', '9.65', '8', '8', 904, -562, '101', '136', '54.76']
['ETH-USD', '5m', 'cEQi=?', '2021-04-01', '2021-10-01', '180', '27.69', '-18.0', 63, '38', '0.71', '1.26', '3.41', '4', '10', 956, -838, '68', '112', '54.76']
['ETH-USD', '5m', '9,D=3j', '2021-04-01', '2021-10-01', '207', '19.24', '-11.0', 42, '37', '0.76', '1.37', '3.93', '4', '6', 304, -523, '77', '130', '54.76']
['ETH-USD', '5m', 'C3<H5m', '2021-04-01', '2021-10-01', '105', '13.07', '-12.0', 28, '43', '0.35', '1.22', '2.3', '5', '5', 286, -344, '45', '60', '54.76']
['ETH-USD', '5m', 'C3<H-i', '2021-04-01', '2021-10-01', '236', '39.01', '-16.0', 93, '43', '1.53', '2.12', '5.99', '5', '7', 367, -361, '101', '135', '54.76']
['ETH-USD', '5m', '0\\f`M6', '2021-04-01', '2021-10-01', '311', '16.33', '-26.0', 35, '31', '0.24', '0.85', '1.34', '6', '17', 1122, -418, '96', '215', '54.76']
['ETH-USD', '5m', 'C3<l5[', '2021-04-01', '2021-10-01', '254', '50.42', '-15.0', 126, '43', '3.09', '2.29', '8.14', '5', '6', 737, -375, '108', '146', '54.76']
['ETH-USD', '5m', 'C3<l(o', '2021-04-01', '2021-10-01', '262', '22.13', '-18.0', 49, '39', '0.78', '1.17', '2.71', '4', '7', 583, -347, '102', '160', '54.76']
['ETH-USD', '5m', ':2D?5Y', '2021-04-01', '2021-10-01', '339', '60.0', '-11.0', 155, '38', '3.04', '2.85', '14.41', '6', '10', 405, -415, '128', '211', '54.76']
['ETH-USD', '5m', 'C3<H5o', '2021-04-01', '2021-10-01', '90', '9.6', '-12.0', 20, '43', '0.25', '1.0', '1.61', '5', '5', 277, -350, '39', '51', '54.76']
['ETH-USD', '5m', '.KQt=K', '2021-04-01', '2021-10-01', '369', '0.66', '-33.0', 1, '30', '0.01', '0.28', '0.04', '4', '10', 849, -233, '110', '259', '54.76']
['ETH-USD', '5m', 'C3<l+o', '2021-04-01', '2021-10-01', '232', '27.72', '-20.0', 63, '41', '0.61', '1.42', '3.16', '5', '9', 650, -325, '94', '138', '54.76']
['ETH-USD', '5m', ':2O?4Z', '2021-04-01', '2021-10-01', '349', '32.17', '-21.0', 74, '36', '0.46', '1.65', '3.62', '6', '10', 464, -367, '125', '224', '54.76']
['ETH-USD', '5m', 't=?r;D', '2021-04-01', '2021-10-01', '179', '32.35', '-19.0', 75, '37', '0.86', '1.45', '3.85', '4', '8', 771, -872, '67', '112', '54.76']
['ETH-USD', '5m', 'S,_=gO', '2021-04-01', '2021-10-01', '46', '18.09', '-6.0', 39, '46', '1.06', '1.94', '6.09', '4', '5', 502, -352, '21', '25', '54.76']
['ETH-USD', '5m', 'unmq4r', '2021-04-01', '2021-10-01', '26', '16.3', '-14.0', 35, '35', '0.3', '1.21', '2.58', '3', '4', 1427, -571, '9', '17', '54.76']
['ETH-USD', '5m', 'cHQS=:', '2021-04-01', '2021-10-01', '184', '10.4', '-16.0', 22, '35', '0.22', '0.66', '1.36', '4', '11', 627, -770, '65', '119', '54.76']
['ETH-USD', '5m', 'O(LLG1', '2021-04-01', '2021-10-01', '434', '9.02', '-25.0', 19, '37', '0.14', '0.6', '0.76', '4', '9', 520, -321, '161', '273', '54.76']
['ETH-USD', '5m', '<.B3ZR', '2021-04-01', '2021-10-01', '32', '1.24', '-7.0', 2, '44', '0.04', '0.27', '0.36', '4', '7', 169, -538, '14', '18', '54.76']
['ETH-USD', '5m', ':2D?4Z', '2021-04-01', '2021-10-01', '349', '56.02', '-12.0', 143, '37', '2.2', '2.71', '11.92', '6', '10', 396, -405, '129', '220', '54.76']
['ETH-USD', '5m', ':2QH5T', '2021-04-01', '2021-10-01', '390', '13.46', '-19.0', 29, '34', '0.26', '0.81', '1.54', '4', '8', 506, -311, '133', '257', '54.76']
['ETH-USD', '5m', 'p[\\XMg', '2021-04-01', '2021-10-01', '12', '5.36', '-8.0', 11, '42', '0.22', '0.88', '1.35', '2', '3', 778, -246, '5', '7', '54.76']
['ETH-USD', '5m', 'C.<H5i', '2021-04-01', '2021-10-01', '140', '20.28', '-12.0', 45, '42', '0.73', '1.63', '3.82', '4', '7', 310, -311, '59', '81', '54.76']
['ETH-USD', '5m', 'tAfr*I', '2021-04-01', '2021-10-01', '120', '10.08', '-19.0', 21, '41', '0.23', '0.64', '1.1', '4', '8', 1189, -883, '49', '71', '54.76']
['ETH-USD', '5m', ':0DH5i', '2021-04-01', '2021-10-01', '153', '15.26', '-16.0', 33, '41', '0.24', '1.15', '2.03', '4', '8', 419, -546, '62', '91', '54.76']
['ETH-USD', '5m', 'C,<H5i', '2021-04-01', '2021-10-01', '129', '40.17', '-9.0', 96, '47', '3.12', '2.95', '10.3', '5', '5', 359, -360, '60', '69', '54.76']
['ETH-USD', '5m', 'b`uS.m', '2021-04-01', '2021-10-01', '64', '12.14', '-18.0', 26, '34', '0.26', '0.77', '1.46', '3', '11', 1111, -1039, '22', '42', '54.76']
['ETH-USD', '5m', 'DqP]-u', '2021-04-01', '2021-10-01', '64', '-4.8', '-21.0', -9, '28', '-0.05', '-0.16', '-0.44', '3', '8', 720, -302, '18', '46', '54.76']
['ETH-USD', '5m', ':2<H5W', '2021-04-01', '2021-10-01', '361', '59.84', '-12.0', 155, '36', '2.79', '2.78', '12.63', '6', '8', 414, -394, '131', '230', '54.76']
['ETH-USD', '5m', ':2O?/Z', '2021-04-01', '2021-10-01', '401', '18.44', '-24.0', 40, '34', '0.2', '1.06', '1.69', '4', '8', 433, -327, '138', '263', '54.76']
['ETH-USD', '5m', ':2QH+i', '2021-04-01', '2021-10-01', '337', '13.51', '-19.0', 29, '34', '0.22', '0.83', '1.51', '6', '8', 525, -328, '116', '221', '54.76']
['ETH-USD', '5m', 'N;v11m', '2021-04-01', '2021-10-01', '110', '54.93', '-14.0', 139, '44', '1.38', '3.03', '10.25', '7', '7', 606, -529, '48', '62', '54.76']
['ETH-USD', '5m', '3.pe(C', '2021-04-01', '2021-10-01', '650', '-11.28', '-31.0', -21, '31', '-0.09', '-0.23', '-0.68', '4', '16', 1051, -314, '201', '449', '54.76']
['ETH-USD', '5m', 'U+*<IU', '2021-04-01', '2021-10-01', '105', '7.52', '-10.0', 16, '67', '0.2', '1.12', '1.56', '9', '5', 89, -311, '70', '35', '54.76']
['ETH-USD', '5m', 'C3<l05', '2021-04-01', '2021-10-01', '392', '25.87', '-24.0', 58, '36', '0.52', '1.18', '2.47', '4', '8', 658, -350, '141', '251', '54.76']
['ETH-USD', '5m', 'C3<l0:', '2021-04-01', '2021-10-01', '389', '28.79', '-24.0', 66, '36', '0.59', '1.28', '2.78', '4', '8', 673, -350, '141', '248', '54.76']
['ETH-USD', '5m', 'C3<l00', '2021-04-01', '2021-10-01', '392', '25.87', '-24.0', 58, '36', '0.52', '1.18', '2.47', '4', '8', 658, -350, '141', '251', '54.76']
['ETH-USD', '5m', 'C3<l5)', '2021-04-01', '2021-10-01', '392', '25.87', '-24.0', 58, '36', '0.52', '1.18', '2.47', '4', '8', 658, -350, '141', '251', '54.76']
['ETH-USD', '5m', 'C3<l5=', '2021-04-01', '2021-10-01', '392', '25.87', '-24.0', 58, '36', '0.52', '1.18', '2.47', '4', '8', 658, -350, '141', '251', '54.76']
['ETH-USD', '5m', 'r8cD7M', '2021-04-01', '2021-10-01', '165', '24.83', '-17.0', 56, '38', '0.7', '1.2', '3.36', '4', '8', 691, -933, '62', '103', '54.76']
['ETH-USD', '5m', ':2K?2Z', '2021-04-01', '2021-10-01', '374', '49.33', '-14.0', 122, '35', '1.83', '2.26', '8.97', '4', '8', 456, -413, '132', '242', '54.76']
['ETH-USD', '5m', 'b*u7.c', '2021-04-01', '2021-10-01', '156', '64.19', '-14.0', 169, '46', '4.4', '3.01', '12.39', '4', '5', 710, -505, '71', '85', '54.76']
['ETH-USD', '5m', 'D1`++W', '2021-04-01', '2021-10-01', '322', '28.04', '-12.0', 64, '42', '1.26', '1.61', '5.12', '5', '6', 243, -402, '134', '188', '54.76']
['ETH-USD', '5m', '22M:wE', '2021-04-01', '2021-10-01', '171', '0.73', '-14.0', 1, '34', '0.02', '0.18', '0.1', '3', '10', 306, -275, '58', '113', '54.76']
['ETH-USD', '5m', 'C3<l0N', '2021-04-01', '2021-10-01', '359', '36.16', '-22.0', 85, '37', '0.91', '1.52', '3.86', '4', '8', 681, -358, '133', '226', '54.76']
['ETH-USD', '5m', 'D3<l0i', '2021-04-01', '2021-10-01', '207', '6.06', '-22.0', 12, '40', '0.07', '0.5', '0.57', '5', '10', 591, -314, '83', '124', '54.76']
['ETH-USD', '5m', 'C3<l5L', '2021-04-01', '2021-10-01', '357', '35.83', '-22.0', 84, '37', '0.9', '1.5', '3.79', '5', '8', 687, -352, '132', '225', '54.76']
['ETH-USD', '5m', 'bpal.o', '2021-04-01', '2021-10-01', '62', '20.42', '-15.0', 45, '37', '0.56', '1.14', '3.08', '3', '5', 1326, -1044, '23', '39', '54.76']
['ETH-USD', '5m', 'H3<I5i', '2021-04-01', '2021-10-01', '114', '7.43', '-14.0', 15, '39', '0.16', '0.72', '1.11', '5', '9', 313, -441, '45', '69', '54.76']
['ETH-USD', '5m', 'J3al.o', '2021-04-01', '2021-10-01', '146', '26.52', '-13.0', 60, '40', '0.91', '1.47', '4.76', '4', '7', 1075, -462, '59', '87', '54.76']
['ETH-USD', '5m', 'C*<H5i', '2021-04-01', '2021-10-01', '147', '28.29', '-12.0', 64, '41', '0.92', '2.11', '5.41', '5', '6', 355, -286, '60', '87', '54.76']
