['Pair', 'TF', 'Dna', 'Start Date', 'End Date', 'Total Trades', 'Total Net Profit', 'Max.DD', 'Annual Profit', 'Winrate', 'Sharpe', 'Calmar', 'Serenity', 'Winning Strike', 'Losing Strike', 'Largest Winning', 'Largest Losing', 'Num. of Wins', 'Num. of Loses', 'Market Change']
['BTC-USDT', '5m', 'BTC-USDT', '2021-01-01', '2021-10-25', '101', '0.51', '-3.0', 1, '37', '0.04', '0.15', '0.21', '3', '5', 133, -100, '37', '64', '110.07']
['ETH-USDT', '5m', 'ETH-USDT', '2021-01-01', '2021-10-25', '103', '17.99', '-2.79', 22, '49', '4.3', '2.35', '8.04', '6', '5', 155, -193, '50', '53', '453.7']
['SOL-USDT', '5m', 'SOL-USDT', '2021-01-01', '2021-10-25', '161', '28.08', '-4.94', 35, '47', '2.35', '2.6', '7.17', '9', '7', 171, -195, '76', '85', '13342.22']
['DYDX-USDT', '5m', 'DYDX-USDT', '2021-01-01', '2021-10-25', 0, 0, 0, 0, 0, 0, 0, 0, 0, 0, 0, 0, 0, 0, 0]
['FTM-USDT', '5m', 'FTM-USDT', '2021-01-01', '2021-10-25', '162', '11.42', '-8.19', 14, '45', '0.4', '1.05', '1.73', '6', '12', 145, -216, '73', '89', '15793.98']
['AVAX-USDT', '5m', 'AVAX-USDT', '2021-01-01', '2021-10-25', '142', '-2.6', '-9.73', -3, '39', '-0.04', '-0.19', '-0.33', '3', '7', 133, -228, '55', '87', '1948.89']
['LUNA-USDT', '5m', 'LUNA-USDT', '2021-01-01', '2021-10-25', 0, 0, 0, 0, 0, 0, 0, 0, 0, 0, 0, 0, 0, 0, 0]
['FIL-USDT', '5m', 'FIL-USDT', '2021-01-01', '2021-10-25', '96', '9.41', '-5.56', 12, '40', '0.49', '1.3', '2.09', '3', '5', 143, -124, '38', '58', '155.21']
['ADA-USDT', '5m', 'ADA-USDT', '2021-01-01', '2021-10-25', '100', '5.72', '-4.91', 7, '43', '0.48', '0.83', '1.43', '4', '7', 140, -168, '43', '57', '1068.77']
['COTI-USDT', '5m', 'COTI-USDT', '2021-01-01', '2021-10-25', 0, 0, 0, 0, 0, 0, 0, 0, 0, 0, 0, 0, 0, 0, 0]
['XRP-USDT', '5m', 'XRP-USDT', '2021-01-01', '2021-10-25', '104', '5.71', '-8.11', 7, '38', '0.09', '0.82', '0.87', '5', '7', 138, -249, '40', '64', '393.39']
['UNI-USDT', '5m', 'UNI-USDT', '2021-01-01', '2021-10-25', '144', '-2.57', '-7.72', -3, '37', '-0.05', '-0.22', '-0.41', '4', '8', 132, -189, '53', '91', '400.04']
['DOT-USDT', '5m', 'DOT-USDT', '2021-01-01', '2021-10-25', '134', '-4.77', '-13.74', -6, '39', '-0.03', '-0.49', '-0.42', '7', '8', 134, -144, '52', '82', '354.17']
['BNB-USDT', '5m', 'BNB-USDT', '2021-01-01', '2021-10-25', '114', '7.62', '-5.87', 9, '42', '0.37', '1.08', '1.6', '6', '6', 139, -135, '48', '66', '1172.89']
['ATOM-USDT', '5m', 'ATOM-USDT', '2021-01-01', '2021-10-25', '143', '-0.41', '-9.3', 0, '40', '-0.01', '0.01', '-0.05', '5', '10', 142, -163, '57', '86', '430.77']
['CELR-USDT', '5m', 'CELR-USDT', '2021-01-01', '2021-10-25', 0, 0, 0, 0, 0, 0, 0, 0, 0, 0, 0, 0, 0, 0, 0]
['XTZ-USDT', '5m', 'XTZ-USDT', '2021-01-01', '2021-10-25', '127', '-9.6', '-10.02', -12, '38', '-0.09', '-1.1', '-1.16', '4', '8', 127, -224, '48', '79', '222.17']
['LINK-USDT', '5m', 'LINK-USDT', '2021-01-01', '2021-10-25', '133', '9.08', '-5.88', 11, '41', '0.69', '1.17', '1.91', '3', '7', 149, -145, '54', '79', '164.52']
['SUSHI-USDT', '5m', 'SUSHI-USDT', '2021-01-01', '2021-10-25', '139', '-3.63', '-11.97', -4, '36', '-0.03', '-0.35', '-0.37', '4', '7', 140, -208, '50', '89', '266.71']
['LTC-USDT', '5m', 'LTC-USDT', '2021-01-01', '2021-10-25', '120', '6.4', '-4.69', 8, '38', '0.33', '0.88', '1.68', '3', '6', 142, -299, '45', '75', '52.8']
['EOS-USDT', '5m', 'EOS-USDT', '2021-01-01', '2021-10-25', 0, 0, 0, 0, 0, 0, 0, 0, 0, 0, 0, 0, 0, 0, 0]
['ALGO-USDT', '5m', 'ALGO-USDT', '2021-01-01', '2021-10-25', 0, 0, 0, 0, 0, 0, 0, 0, 0, 0, 0, 0, 0, 0, 0]
['DOGE-USDT', '5m', 'DOGE-USDT', '2021-01-01', '2021-10-25', 0, 0, 0, 0, 0, 0, 0, 0, 0, 0, 0, 0, 0, 0, 0]
['CRV-USDT', '5m', 'CRV-USDT', '2021-01-01', '2021-10-25', 0, 0, 0, 0, 0, 0, 0, 0, 0, 0, 0, 0, 0, 0, 0]
['MATIC-USDT', '5m', 'MATIC-USDT', '2021-01-01', '2021-10-25', '133', '32.27', '-5.89', 41, '50', '3.12', '2.73', '6.94', '5', '4', 171, -203, '67', '66', '8805.44']
['AXS-USDT', '5m', 'AXS-USDT', '2021-01-01', '2021-10-25', 0, 0, 0, 0, 0, 0, 0, 0, 0, 0, 0, 0, 0, 0, 0]
['SRM-USDT', '5m', 'SRM-USDT', '2021-01-01', '2021-10-25', 0, 0, 0, 0, 0, 0, 0, 0, 0, 0, 0, 0, 0, 0, 0]
['REN-USDT', '5m', 'REN-USDT', '2021-01-01', '2021-10-25', 0, 0, 0, 0, 0, 0, 0, 0, 0, 0, 0, 0, 0, 0, 0]
['ONE-USDT', '5m', 'ONE-USDT', '2021-01-01', '2021-10-25', 0, 0, 0, 0, 0, 0, 0, 0, 0, 0, 0, 0, 0, 0, 0]
['ETC-USDT', '5m', 'ETC-USDT', '2021-01-01', '2021-10-25', 0, 0, 0, 0, 0, 0, 0, 0, 0, 0, 0, 0, 0, 0, 0]
['BCH-USDT', '5m', 'BCH-USDT', '2021-01-01', '2021-10-25', 0, 0, 0, 0, 0, 0, 0, 0, 0, 0, 0, 0, 0, 0, 0]
['ICP-USDT', '5m', 'ICP-USDT', '2021-01-01', '2021-10-25', 0, 0, 0, 0, 0, 0, 0, 0, 0, 0, 0, 0, 0, 0, 0]
['AAVE-USDT', '5m', 'AAVE-USDT', '2021-01-01', '2021-10-25', 0, 0, 0, 0, 0, 0, 0, 0, 0, 0, 0, 0, 0, 0, 0]
['1INCH-USDT', '5m', '1INCH-USDT', '2021-01-01', '2021-10-25', 0, 0, 0, 0, 0, 0, 0, 0, 0, 0, 0, 0, 0, 0, 0]
['ALICE-USDT', '5m', 'ALICE-USDT', '2021-01-01', '2021-10-25', 0, 0, 0, 0, 0, 0, 0, 0, 0, 0, 0, 0, 0, 0, 0]
['NEAR-USDT', '5m', 'NEAR-USDT', '2021-01-01', '2021-10-25', 0, 0, 0, 0, 0, 0, 0, 0, 0, 0, 0, 0, 0, 0, 0]
['BZRX-USDT', '5m', 'BZRX-USDT', '2021-01-01', '2021-10-25', 0, 0, 0, 0, 0, 0, 0, 0, 0, 0, 0, 0, 0, 0, 0]
['OMG-USDT', '5m', 'OMG-USDT', '2021-01-01', '2021-10-25', 0, 0, 0, 0, 0, 0, 0, 0, 0, 0, 0, 0, 0, 0, 0]
['TRX-USDT', '5m', 'TRX-USDT', '2021-01-01', '2021-10-25', 0, 0, 0, 0, 0, 0, 0, 0, 0, 0, 0, 0, 0, 0, 0]
['BAKE-USDT', '5m', 'BAKE-USDT', '2021-01-01', '2021-10-25', 0, 0, 0, 0, 0, 0, 0, 0, 0, 0, 0, 0, 0, 0, 0]
['GALA-USDT', '5m', 'GALA-USDT', '2021-01-01', '2021-10-25', 0, 0, 0, 0, 0, 0, 0, 0, 0, 0, 0, 0, 0, 0, 0]
['THETA-USDT', '5m', 'THETA-USDT', '2021-01-01', '2021-10-25', 0, 0, 0, 0, 0, 0, 0, 0, 0, 0, 0, 0, 0, 0, 0]
['EGLD-USDT', '5m', 'EGLD-USDT', '2021-01-01', '2021-10-25', 0, 0, 0, 0, 0, 0, 0, 0, 0, 0, 0, 0, 0, 0, 0]
['RUNE-USDT', '5m', 'RUNE-USDT', '2021-01-01', '2021-10-25', 0, 0, 0, 0, 0, 0, 0, 0, 0, 0, 0, 0, 0, 0, 0]
['IOTX-USDT', '5m', 'IOTX-USDT', '2021-01-01', '2021-10-25', 0, 0, 0, 0, 0, 0, 0, 0, 0, 0, 0, 0, 0, 0, 0]
['C98-USDT', '5m', 'C98-USDT', '2021-01-01', '2021-10-25', 0, 0, 0, 0, 0, 0, 0, 0, 0, 0, 0, 0, 0, 0, 0]
['TLM-USDT', '5m', 'TLM-USDT', '2021-01-01', '2021-10-25', 0, 0, 0, 0, 0, 0, 0, 0, 0, 0, 0, 0, 0, 0, 0]
['IOST-USDT', '5m', 'IOST-USDT', '2021-01-01', '2021-10-25', 0, 0, 0, 0, 0, 0, 0, 0, 0, 0, 0, 0, 0, 0, 0]
['KSM-USDT', '5m', 'KSM-USDT', '2021-01-01', '2021-10-25', 0, 0, 0, 0, 0, 0, 0, 0, 0, 0, 0, 0, 0, 0, 0]
['SXP-USDT', '5m', 'SXP-USDT', '2021-01-01', '2021-10-25', 0, 0, 0, 0, 0, 0, 0, 0, 0, 0, 0, 0, 0, 0, 0]
['VET-USDT', '5m', 'VET-USDT', '2021-01-01', '2021-10-25', 0, 0, 0, 0, 0, 0, 0, 0, 0, 0, 0, 0, 0, 0, 0]
['XLM-USDT', '5m', 'XLM-USDT', '2021-01-01', '2021-10-25', 0, 0, 0, 0, 0, 0, 0, 0, 0, 0, 0, 0, 0, 0, 0]
['RAY-USDT', '5m', 'RAY-USDT', '2021-01-01', '2021-10-25', 0, 0, 0, 0, 0, 0, 0, 0, 0, 0, 0, 0, 0, 0, 0]
['GRT-USDT', '5m', 'GRT-USDT', '2021-01-01', '2021-10-25', 0, 0, 0, 0, 0, 0, 0, 0, 0, 0, 0, 0, 0, 0, 0]
['KAVA-USDT', '5m', 'KAVA-USDT', '2021-01-01', '2021-10-25', 0, 0, 0, 0, 0, 0, 0, 0, 0, 0, 0, 0, 0, 0, 0]
['MASK-USDT', '5m', 'MASK-USDT', '2021-01-01', '2021-10-25', 0, 0, 0, 0, 0, 0, 0, 0, 0, 0, 0, 0, 0, 0, 0]
['DODO-USDT', '5m', 'DODO-USDT', '2021-01-01', '2021-10-25', 0, 0, 0, 0, 0, 0, 0, 0, 0, 0, 0, 0, 0, 0, 0]
['RLC-USDT', '5m', 'RLC-USDT', '2021-01-01', '2021-10-25', 0, 0, 0, 0, 0, 0, 0, 0, 0, 0, 0, 0, 0, 0, 0]
['1000SHIB-USDT', '5m', '1000SHIB-USDT', '2021-01-01', '2021-10-25', 0, 0, 0, 0, 0, 0, 0, 0, 0, 0, 0, 0, 0, 0, 0]
['COMP-USDT', '5m', 'COMP-USDT', '2021-01-01', '2021-10-25', 0, 0, 0, 0, 0, 0, 0, 0, 0, 0, 0, 0, 0, 0, 0]
['WAVES-USDT', '5m', 'WAVES-USDT', '2021-01-01', '2021-10-25', 0, 0, 0, 0, 0, 0, 0, 0, 0, 0, 0, 0, 0, 0, 0]
['CHR-USDT', '5m', 'CHR-USDT', '2021-01-01', '2021-10-25', 0, 0, 0, 0, 0, 0, 0, 0, 0, 0, 0, 0, 0, 0, 0]
['XMR-USDT', '5m', 'XMR-USDT', '2021-01-01', '2021-10-25', 0, 0, 0, 0, 0, 0, 0, 0, 0, 0, 0, 0, 0, 0, 0]
['ICX-USDT', '5m', 'ICX-USDT', '2021-01-01', '2021-10-25', 0, 0, 0, 0, 0, 0, 0, 0, 0, 0, 0, 0, 0, 0, 0]
['HBAR-USDT', '5m', 'HBAR-USDT', '2021-01-01', '2021-10-25', 0, 0, 0, 0, 0, 0, 0, 0, 0, 0, 0, 0, 0, 0, 0]
['SAND-USDT', '5m', 'SAND-USDT', '2021-01-01', '2021-10-25', 0, 0, 0, 0, 0, 0, 0, 0, 0, 0, 0, 0, 0, 0, 0]
['DENT-USDT', '5m', 'DENT-USDT', '2021-01-01', '2021-10-25', 0, 0, 0, 0, 0, 0, 0, 0, 0, 0, 0, 0, 0, 0, 0]
['NEO-USDT', '5m', 'NEO-USDT', '2021-01-01', '2021-10-25', 0, 0, 0, 0, 0, 0, 0, 0, 0, 0, 0, 0, 0, 0, 0]
['SNX-USDT', '5m', 'SNX-USDT', '2021-01-01', '2021-10-25', 0, 0, 0, 0, 0, 0, 0, 0, 0, 0, 0, 0, 0, 0, 0]
['1000XEC-USDT', '5m', '1000XEC-USDT', '2021-01-01', '2021-10-25', 0, 0, 0, 0, 0, 0, 0, 0, 0, 0, 0, 0, 0, 0, 0]
['ZEC-USDT', '5m', 'ZEC-USDT', '2021-01-01', '2021-10-25', 0, 0, 0, 0, 0, 0, 0, 0, 0, 0, 0, 0, 0, 0, 0]
['CHZ-USDT', '5m', 'CHZ-USDT', '2021-01-01', '2021-10-25', 0, 0, 0, 0, 0, 0, 0, 0, 0, 0, 0, 0, 0, 0, 0]
['YFI-USDT', '5m', 'YFI-USDT', '2021-01-01', '2021-10-25', 0, 0, 0, 0, 0, 0, 0, 0, 0, 0, 0, 0, 0, 0, 0]
['IOTA-USDT', '5m', 'IOTA-USDT', '2021-01-01', '2021-10-25', 0, 0, 0, 0, 0, 0, 0, 0, 0, 0, 0, 0, 0, 0, 0]
['BAL-USDT', '5m', 'BAL-USDT', '2021-01-01', '2021-10-25', 0, 0, 0, 0, 0, 0, 0, 0, 0, 0, 0, 0, 0, 0, 0]
['QTUM-USDT', '5m', 'QTUM-USDT', '2021-01-01', '2021-10-25', 0, 0, 0, 0, 0, 0, 0, 0, 0, 0, 0, 0, 0, 0, 0]
['ZEN-USDT', '5m', 'ZEN-USDT', '2021-01-01', '2021-10-25', 0, 0, 0, 0, 0, 0, 0, 0, 0, 0, 0, 0, 0, 0, 0]
['DASH-USDT', '5m', 'DASH-USDT', '2021-01-01', '2021-10-25', 0, 0, 0, 0, 0, 0, 0, 0, 0, 0, 0, 0, 0, 0, 0]
['AKRO-USDT', '5m', 'AKRO-USDT', '2021-01-01', '2021-10-25', 0, 0, 0, 0, 0, 0, 0, 0, 0, 0, 0, 0, 0, 0, 0]
['MANA-USDT', '5m', 'MANA-USDT', '2021-01-01', '2021-10-25', 0, 0, 0, 0, 0, 0, 0, 0, 0, 0, 0, 0, 0, 0, 0]
['MKR-USDT', '5m', 'MKR-USDT', '2021-01-01', '2021-10-25', 0, 0, 0, 0, 0, 0, 0, 0, 0, 0, 0, 0, 0, 0, 0]
['ENJ-USDT', '5m', 'ENJ-USDT', '2021-01-01', '2021-10-25', 0, 0, 0, 0, 0, 0, 0, 0, 0, 0, 0, 0, 0, 0, 0]
['CTK-USDT', '5m', 'CTK-USDT', '2021-01-01', '2021-10-25', 0, 0, 0, 0, 0, 0, 0, 0, 0, 0, 0, 0, 0, 0, 0]
['TOMO-USDT', '5m', 'TOMO-USDT', '2021-01-01', '2021-10-25', 0, 0, 0, 0, 0, 0, 0, 0, 0, 0, 0, 0, 0, 0, 0]
['LINA-USDT', '5m', 'LINA-USDT', '2021-01-01', '2021-10-25', 0, 0, 0, 0, 0, 0, 0, 0, 0, 0, 0, 0, 0, 0, 0]
['HOT-USDT', '5m', 'HOT-USDT', '2021-01-01', '2021-10-25', 0, 0, 0, 0, 0, 0, 0, 0, 0, 0, 0, 0, 0, 0, 0]
['ALPHA-USDT', '5m', 'ALPHA-USDT', '2021-01-01', '2021-10-25', 0, 0, 0, 0, 0, 0, 0, 0, 0, 0, 0, 0, 0, 0, 0]
['SFP-USDT', '5m', 'SFP-USDT', '2021-01-01', '2021-10-25', 0, 0, 0, 0, 0, 0, 0, 0, 0, 0, 0, 0, 0, 0, 0]
['STORJ-USDT', '5m', 'STORJ-USDT', '2021-01-01', '2021-10-25', 0, 0, 0, 0, 0, 0, 0, 0, 0, 0, 0, 0, 0, 0, 0]
['CVC-USDT', '5m', 'CVC-USDT', '2021-01-01', '2021-10-25', 0, 0, 0, 0, 0, 0, 0, 0, 0, 0, 0, 0, 0, 0, 0]
['OGN-USDT', '5m', 'OGN-USDT', '2021-01-01', '2021-10-25', 0, 0, 0, 0, 0, 0, 0, 0, 0, 0, 0, 0, 0, 0, 0]
['BEL-USDT', '5m', 'BEL-USDT', '2021-01-01', '2021-10-25', 0, 0, 0, 0, 0, 0, 0, 0, 0, 0, 0, 0, 0, 0, 0]
['KEEP-USDT', '5m', 'KEEP-USDT', '2021-01-01', '2021-10-25', 0, 0, 0, 0, 0, 0, 0, 0, 0, 0, 0, 0, 0, 0, 0]
['ONT-USDT', '5m', 'ONT-USDT', '2021-01-01', '2021-10-25', 0, 0, 0, 0, 0, 0, 0, 0, 0, 0, 0, 0, 0, 0, 0]
['AUDIO-USDT', '5m', 'AUDIO-USDT', '2021-01-01', '2021-10-25', 0, 0, 0, 0, 0, 0, 0, 0, 0, 0, 0, 0, 0, 0, 0]
['BTT-USDT', '5m', 'BTT-USDT', '2021-01-01', '2021-10-25', 0, 0, 0, 0, 0, 0, 0, 0, 0, 0, 0, 0, 0, 0, 0]
['BAND-USDT', '5m', 'BAND-USDT', '2021-01-01', '2021-10-25', 0, 0, 0, 0, 0, 0, 0, 0, 0, 0, 0, 0, 0, 0, 0]
['BLZ-USDT', '5m', 'BLZ-USDT', '2021-01-01', '2021-10-25', 0, 0, 0, 0, 0, 0, 0, 0, 0, 0, 0, 0, 0, 0, 0]
['STMX-USDT', '5m', 'STMX-USDT', '2021-01-01', '2021-10-25', 0, 0, 0, 0, 0, 0, 0, 0, 0, 0, 0, 0, 0, 0, 0]
['LIT-USDT', '5m', 'LIT-USDT', '2021-01-01', '2021-10-25', 0, 0, 0, 0, 0, 0, 0, 0, 0, 0, 0, 0, 0, 0, 0]
['SKL-USDT', '5m', 'SKL-USDT', '2021-01-01', '2021-10-25', 0, 0, 0, 0, 0, 0, 0, 0, 0, 0, 0, 0, 0, 0, 0]
['REEF-USDT', '5m', 'REEF-USDT', '2021-01-01', '2021-10-25', 0, 0, 0, 0, 0, 0, 0, 0, 0, 0, 0, 0, 0, 0, 0]
['HNT-USDT', '5m', 'HNT-USDT', '2021-01-01', '2021-10-25', 0, 0, 0, 0, 0, 0, 0, 0, 0, 0, 0, 0, 0, 0, 0]
['TRB-USDT', '5m', 'TRB-USDT', '2021-01-01', '2021-10-25', 0, 0, 0, 0, 0, 0, 0, 0, 0, 0, 0, 0, 0, 0, 0]
['FLM-USDT', '5m', 'FLM-USDT', '2021-01-01', '2021-10-25', 0, 0, 0, 0, 0, 0, 0, 0, 0, 0, 0, 0, 0, 0, 0]
['BTS-USDT', '5m', 'BTS-USDT', '2021-01-01', '2021-10-25', 0, 0, 0, 0, 0, 0, 0, 0, 0, 0, 0, 0, 0, 0, 0]
['MTL-USDT', '5m', 'MTL-USDT', '2021-01-01', '2021-10-25', 0, 0, 0, 0, 0, 0, 0, 0, 0, 0, 0, 0, 0, 0, 0]
['RVN-USDT', '5m', 'RVN-USDT', '2021-01-01', '2021-10-25', 0, 0, 0, 0, 0, 0, 0, 0, 0, 0, 0, 0, 0, 0, 0]
['ZIL-USDT', '5m', 'ZIL-USDT', '2021-01-01', '2021-10-25', 0, 0, 0, 0, 0, 0, 0, 0, 0, 0, 0, 0, 0, 0, 0]
['YFII-USDT', '5m', 'YFII-USDT', '2021-01-01', '2021-10-25', 0, 0, 0, 0, 0, 0, 0, 0, 0, 0, 0, 0, 0, 0, 0]
['ZRX-USDT', '5m', 'ZRX-USDT', '2021-01-01', '2021-10-25', 0, 0, 0, 0, 0, 0, 0, 0, 0, 0, 0, 0, 0, 0, 0]
['LRC-USDT', '5m', 'LRC-USDT', '2021-01-01', '2021-10-25', 0, 0, 0, 0, 0, 0, 0, 0, 0, 0, 0, 0, 0, 0, 0]
['RSR-USDT', '5m', 'RSR-USDT', '2021-01-01', '2021-10-25', 0, 0, 0, 0, 0, 0, 0, 0, 0, 0, 0, 0, 0, 0, 0]
['NKN-USDT', '5m', 'NKN-USDT', '2021-01-01', '2021-10-25', 0, 0, 0, 0, 0, 0, 0, 0, 0, 0, 0, 0, 0, 0, 0]
['SC-USDT', '5m', 'SC-USDT', '2021-01-01', '2021-10-25', 0, 0, 0, 0, 0, 0, 0, 0, 0, 0, 0, 0, 0, 0, 0]
['BAT-USDT', '5m', 'BAT-USDT', '2021-01-01', '2021-10-25', 0, 0, 0, 0, 0, 0, 0, 0, 0, 0, 0, 0, 0, 0, 0]
['ATA-USDT', '5m', 'ATA-USDT', '2021-01-01', '2021-10-25', 0, 0, 0, 0, 0, 0, 0, 0, 0, 0, 0, 0, 0, 0, 0]
['GTC-USDT', '5m', 'GTC-USDT', '2021-01-01', '2021-10-25', 0, 0, 0, 0, 0, 0, 0, 0, 0, 0, 0, 0, 0, 0, 0]
['KNC-USDT', '5m', 'KNC-USDT', '2021-01-01', '2021-10-25', 0, 0, 0, 0, 0, 0, 0, 0, 0, 0, 0, 0, 0, 0, 0]
['XEM-USDT', '5m', 'XEM-USDT', '2021-01-01', '2021-10-25', 0, 0, 0, 0, 0, 0, 0, 0, 0, 0, 0, 0, 0, 0, 0]
['OCEAN-USDT', '5m', 'OCEAN-USDT', '2021-01-01', '2021-10-25', 0, 0, 0, 0, 0, 0, 0, 0, 0, 0, 0, 0, 0, 0, 0]
['CELO-USDT', '5m', 'CELO-USDT', '2021-01-01', '2021-10-25', 0, 0, 0, 0, 0, 0, 0, 0, 0, 0, 0, 0, 0, 0, 0]
['UNFI-USDT', '5m', 'UNFI-USDT', '2021-01-01', '2021-10-25', 0, 0, 0, 0, 0, 0, 0, 0, 0, 0, 0, 0, 0, 0, 0]
['ANKR-USDT', '5m', 'ANKR-USDT', '2021-01-01', '2021-10-25', 0, 0, 0, 0, 0, 0, 0, 0, 0, 0, 0, 0, 0, 0, 0]
['DGB-USDT', '5m', 'DGB-USDT', '2021-01-01', '2021-10-25', 0, 0, 0, 0, 0, 0, 0, 0, 0, 0, 0, 0, 0, 0, 0]
['DEFI-USDT', '5m', 'DEFI-USDT', '2021-01-01', '2021-10-25', 0, 0, 0, 0, 0, 0, 0, 0, 0, 0, 0, 0, 0, 0, 0]
['BTCDOM-USDT', '5m', 'BTCDOM-USDT', '2021-01-01', '2021-10-25', 0, 0, 0, 0, 0, 0, 0, 0, 0, 0, 0, 0, 0, 0, 0]
