['Pair', 'TF', 'Dna', 'Start Date', 'End Date', 'Total Trades', 'Total Net Profit', 'Max.DD', 'Annual Profit', 'Winrate', 'Sharpe', 'Calmar', 'Serenity', 'Winning Strike', 'Losing Strike', 'Largest Winning', 'Largest Losing', 'Num. of Wins', 'Num. of Losses', 'Market Change']
['BTC-USDT', '30m', 'T<BD?iv', '2021-01-01', '2021-10-09', '128', '122.36', '-8.69', 193, '62', '10.64', '3.74', '22.23', '10', '4', 829, -696, '80', '48', '86.18']
['BTC-USDT', '30m', '[<5D?iq', '2021-01-01', '2021-10-09', '115', '106.96', '-13.24', 169, '58', '5.48', '3.26', '12.75', '10', '6', 1057, -697, '67', '48', '86.18']
['BTC-USDT', '30m', '\\</D?iq', '2021-01-01', '2021-10-09', '116', '104.37', '-13.68', 165, '59', '5.01', '3.22', '12.03', '11', '6', 955, -697, '69', '47', '86.18']
['BTC-USDT', '30m', 'S<BD?iv', '2021-01-01', '2021-10-09', '129', '109.33', '-8.75', 174, '61', '8.37', '3.52', '19.92', '10', '4', 790, -696, '79', '50', '86.18']
['BTC-USDT', '30m', 'W<HD?iv', '2021-01-01', '2021-10-09', '124', '109.69', '-9.38', 176, '62', '8.37', '3.63', '18.71', '9', '4', 660, -709, '77', '47', '86.18']
['BTC-USDT', '30m', 'U<@D?iv', '2021-01-01', '2021-10-09', '126', '113.62', '-8.97', 178, '61', '9.65', '3.53', '19.87', '8', '4', 831, -696, '77', '49', '86.18']
['BTC-USDT', '30m', 'X<BD?iv', '2021-01-01', '2021-10-09', '124', '108.59', '-10.41', 176, '60', '7.65', '3.48', '16.95', '9', '4', 790, -696, '75', '49', '86.18']
['BTC-USDT', '30m', 'U<BD?iv', '2021-01-01', '2021-10-09', '127', '108.65', '-8.66', 172, '61', '9.88', '3.51', '19.84', '9', '4', 790, -696, '78', '49', '86.18']
['BTC-USDT', '30m', 'W<=D?iq', '2021-01-01', '2021-10-09', '121', '104.58', '-10.9', 164, '61', '6.68', '3.36', '15.06', '9', '5', 750, -696, '74', '47', '86.18']
['BTC-USDT', '30m', '\\<)D3in', '2021-01-01', '2021-10-09', '111', '99.73', '-13.22', 155, '59', '3.69', '3.12', '11.7', '18', '6', 1012, -658, '65', '46', '86.18']
['BTC-USDT', '30m', '\\<)D.in', '2021-01-01', '2021-10-09', '111', '99.73', '-13.22', 155, '59', '3.69', '3.12', '11.7', '18', '6', 1012, -658, '65', '46', '86.18']
['BTC-USDT', '30m', '[<)D.in', '2021-01-01', '2021-10-09', '113', '99.09', '-13.03', 154, '58', '3.75', '3.11', '11.8', '10', '6', 1012, -658, '66', '47', '86.18']
['BTC-USDT', '30m', ']<HD?iv', '2021-01-01', '2021-10-09', '115', '94.55', '-10.79', 148, '63', '4.86', '3.24', '13.72', '10', '4', 628, -645, '72', '43', '86.18']
['BTC-USDT', '30m', '[<)D8in', '2021-01-01', '2021-10-09', '113', '99.09', '-13.03', 154, '58', '3.75', '3.11', '11.8', '10', '6', 1012, -658, '66', '47', '86.18']
['BTC-USDT', '30m', '[<)D>in', '2021-01-01', '2021-10-09', '113', '99.09', '-13.03', 154, '58', '3.75', '3.11', '11.8', '10', '6', 1012, -658, '66', '47', '86.18']
['BTC-USDT', '30m', '[<)D.im', '2021-01-01', '2021-10-09', '113', '99.09', '-13.03', 154, '58', '3.75', '3.11', '11.8', '10', '6', 1012, -658, '66', '47', '86.18']
['BTC-USDT', '30m', 'V<HD?iq', '2021-01-01', '2021-10-09', '122', '99.13', '-9.36', 154, '61', '8.8', '3.39', '16.46', '9', '3', 628, -683, '75', '47', '86.18']
['BTC-USDT', '30m', '\\<9D=in', '2021-01-01', '2021-10-09', '111', '94.96', '-12.83', 147, '59', '3.73', '3.15', '11.46', '18', '6', 838, -645, '65', '46', '86.18']
['BTC-USDT', '30m', '\\<9D4in', '2021-01-01', '2021-10-09', '111', '94.96', '-12.83', 147, '59', '3.73', '3.15', '11.46', '18', '6', 838, -645, '65', '46', '86.18']
['BTC-USDT', '30m', 'W<HD?iq', '2021-01-01', '2021-10-09', '121', '98.33', '-10.76', 155, '61', '6.53', '3.38', '14.41', '9', '5', 628, -683, '74', '47', '86.18']
['BTC-USDT', '30m', 'U<BD<in', '2021-01-01', '2021-10-09', '117', '101.94', '-10.3', 158, '62', '7.14', '3.44', '15.38', '10', '3', 750, -658, '72', '45', '86.18']
['BTC-USDT', '30m', 'U<;D?in', '2021-01-01', '2021-10-09', '117', '102.83', '-10.15', 160, '62', '7.33', '3.4', '15.73', '10', '3', 829, -658, '73', '44', '86.18']
['BTC-USDT', '30m', 'V<9D4in', '2021-01-01', '2021-10-09', '118', '99.31', '-10.68', 154, '60', '5.75', '3.26', '14.41', '9', '4', 845, -633, '71', '47', '86.18']
['BTC-USDT', '30m', 'V<AD?iq', '2021-01-01', '2021-10-09', '123', '101.57', '-10.24', 160, '61', '8.16', '3.32', '15.61', '9', '3', 809, -671, '75', '48', '86.18']
['BTC-USDT', '30m', 'V</D?iq', '2021-01-01', '2021-10-09', '123', '104.23', '-10.58', 164, '61', '7.85', '3.21', '15.51', '9', '3', 947, -671, '75', '48', '86.18']
['BTC-USDT', '30m', 'V<BD?in', '2021-01-01', '2021-10-09', '118', '97.19', '-10.21', 151, '61', '6.05', '3.33', '14.75', '9', '4', 731, -645, '72', '46', '86.18']
['BTC-USDT', '30m', '[<;D?in', '2021-01-01', '2021-10-09', '111', '93.89', '-12.66', 145, '60', '3.71', '3.14', '11.47', '18', '6', 800, -645, '67', '44', '86.18']
['BTC-USDT', '30m', '\\<;D>in', '2021-01-01', '2021-10-09', '111', '93.51', '-12.85', 145, '60', '3.61', '3.13', '11.26', '18', '6', 800, -645, '67', '44', '86.18']
['BTC-USDT', '30m', '\\<;D8in', '2021-01-01', '2021-10-09', '111', '93.51', '-12.85', 145, '60', '3.61', '3.13', '11.26', '18', '6', 800, -645, '67', '44', '86.18']
['BTC-USDT', '30m', 'V<)D?in', '2021-01-01', '2021-10-09', '119', '106.19', '-11.51', 165, '61', '5.59', '3.23', '14.34', '9', '4', 1025, -633, '72', '47', '86.18']
['BTC-USDT', '30m', 'V<)D8in', '2021-01-01', '2021-10-09', '119', '106.19', '-11.51', 165, '61', '5.59', '3.23', '14.34', '9', '4', 1025, -633, '72', '47', '86.18']
['BTC-USDT', '30m', 'V<)D3in', '2021-01-01', '2021-10-09', '119', '106.19', '-11.51', 165, '61', '5.59', '3.23', '14.34', '9', '4', 1025, -633, '72', '47', '86.18']
['BTC-USDT', '30m', 'Z<9Dniu', '2021-01-01', '2021-10-09', '111', '95.91', '-14.31', 157, '59', '3.33', '3.37', '10.98', '10', '4', 857, -653, '65', '46', '86.18']
['BTC-USDT', '30m', 'T<=D?in', '2021-01-01', '2021-10-09', '118', '96.3', '-9.66', 149, '62', '7.75', '3.34', '15.45', '9', '3', 711, -645, '73', '45', '86.18']
['BTC-USDT', '30m', 'V<;D8in', '2021-01-01', '2021-10-09', '118', '98.05', '-10.15', 152, '61', '5.85', '3.28', '14.95', '9', '4', 807, -633, '72', '46', '86.18']
['BTC-USDT', '30m', 'V<;D>in', '2021-01-01', '2021-10-09', '118', '98.05', '-10.15', 152, '61', '5.85', '3.28', '14.95', '9', '4', 807, -633, '72', '46', '86.18']
['BTC-USDT', '30m', 'V<;D?in', '2021-01-01', '2021-10-09', '118', '98.05', '-10.15', 152, '61', '5.85', '3.28', '14.95', '9', '4', 807, -633, '72', '46', '86.18']
['BTC-USDT', '30m', 'R<-D<in', '2021-01-01', '2021-10-09', '124', '96.54', '-11.05', 150, '60', '4.48', '3.12', '13.57', '11', '4', 902, -632, '74', '50', '86.18']
['BTC-USDT', '30m', 'V<;DDin', '2021-01-01', '2021-10-09', '118', '97.78', '-10.09', 151, '61', '5.88', '3.27', '15.01', '9', '4', 807, -633, '72', '46', '86.18']
['BTC-USDT', '30m', 'R<)D.in', '2021-01-01', '2021-10-09', '124', '97.4', '-11.64', 151, '59', '4.1', '3.06', '12.99', '11', '4', 998, -632, '73', '51', '86.18']
['BTC-USDT', '30m', 'V<2D?iq', '2021-01-01', '2021-10-09', '124', '96.28', '-9.97', 151, '60', '7.6', '3.13', '15.15', '9', '4', 769, -658, '75', '49', '86.18']
['BTC-USDT', '30m', '[<BD<in', '2021-01-01', '2021-10-09', '110', '87.59', '-12.73', 135, '60', '3.36', '3.07', '10.63', '18', '6', 708, -632, '66', '44', '86.18']
['BTC-USDT', '30m', '[<BD?in', '2021-01-01', '2021-10-09', '110', '87.59', '-12.73', 135, '60', '3.36', '3.07', '10.63', '18', '6', 708, -632, '66', '44', '86.18']
['BTC-USDT', '30m', 'R<;D?in', '2021-01-01', '2021-10-09', '122', '93.33', '-9.92', 145, '61', '5.05', '3.21', '14.59', '10', '4', 785, -632, '75', '47', '86.18']
['BTC-USDT', '30m', 'R<;D>in', '2021-01-01', '2021-10-09', '122', '93.33', '-9.92', 145, '61', '5.05', '3.21', '14.59', '10', '4', 785, -632, '75', '47', '86.18']
['BTC-USDT', '30m', 'R<)D?in', '2021-01-01', '2021-10-09', '124', '97.4', '-11.64', 151, '59', '4.1', '3.06', '12.99', '11', '4', 998, -632, '73', '51', '86.18']
['BTC-USDT', '30m', 'R<)D0in', '2021-01-01', '2021-10-09', '124', '97.4', '-11.64', 151, '59', '4.1', '3.06', '12.99', '11', '4', 998, -632, '73', '51', '86.18']
['BTC-USDT', '30m', 'R<)D<in', '2021-01-01', '2021-10-09', '124', '97.4', '-11.64', 151, '59', '4.1', '3.06', '12.99', '11', '4', 998, -632, '73', '51', '86.18']
['BTC-USDT', '30m', 'W<)D.in', '2021-01-01', '2021-10-09', '114', '99.81', '-11.63', 155, '60', '4.71', '3.13', '13.34', '9', '5', 998, -633, '68', '46', '86.18']
['BTC-USDT', '30m', 'Z<9Dqiw', '2021-01-01', '2021-10-09', '111', '96.93', '-15.44', 159, '59', '2.88', '3.37', '10.28', '10', '4', 876, -653, '65', '46', '86.18']
['BTC-USDT', '30m', 'R</D?iq', '2021-01-01', '2021-10-09', '129', '94.17', '-10.4', 148, '60', '5.23', '3.05', '14.25', '8', '4', 922, -633, '77', '52', '86.18']
['BTC-USDT', '30m', 'W<)D3in', '2021-01-01', '2021-10-09', '114', '99.81', '-11.63', 155, '60', '4.71', '3.13', '13.34', '9', '5', 998, -633, '68', '46', '86.18']
['BTC-USDT', '30m', 'U<=D?iq', '2021-01-01', '2021-10-09', '125', '94.09', '-9.73', 148, '61', '7.91', '3.22', '15.19', '9', '4', 711, -658, '76', '49', '86.18']
['BTC-USDT', '30m', '\\<BD?in', '2021-01-01', '2021-10-09', '110', '87.55', '-12.86', 135, '60', '3.28', '3.07', '10.51', '18', '6', 708, -632, '66', '44', '86.18']
['BTC-USDT', '30m', 'U<>D?in', '2021-01-01', '2021-10-09', '119', '91.57', '-8.85', 142, '61', '7.9', '3.3', '16.01', '9', '4', 599, -645, '73', '46', '86.18']
['BTC-USDT', '30m', 'V<=D?in', '2021-01-01', '2021-10-09', '118', '94.26', '-9.58', 146, '61', '5.87', '3.24', '15.21', '9', '4', 711, -633, '72', '46', '86.18']
['BTC-USDT', '30m', 'W<9D.in', '2021-01-01', '2021-10-09', '114', '95.52', '-11.18', 149, '60', '4.79', '3.19', '13.28', '9', '5', 845, -633, '68', '46', '86.18']
['BTC-USDT', '30m', 'T:Ue*Xf', '2021-01-01', '2021-10-09', '118', '99.18', '-13.51', 153, '58', '4.33', '3.3', '11.31', '9', '5', 864, -618, '69', '49', '86.18']
['BTC-USDT', '30m', '\\<HD?iq', '2021-01-01', '2021-10-09', '115', '85.04', '-12.66', 133, '61', '3.96', '3.04', '10.49', '11', '5', 597, -632, '70', '45', '86.18']
['BTC-USDT', '30m', 'Z</D?iq', '2021-01-01', '2021-10-09', '116', '87.75', '-15.33', 137, '58', '3.05', '2.83', '8.97', '10', '6', 893, -632, '67', '49', '86.18']
['BTC-USDT', '30m', '^</D>iq', '2021-01-01', '2021-10-09', '113', '88.39', '-13.45', 138, '58', '4.12', '2.96', '10.28', '10', '6', 893, -645, '66', '47', '86.18']
['BTC-USDT', '30m', '[<=D?in', '2021-01-01', '2021-10-09', '110', '85.9', '-12.98', 132, '60', '3.17', '3.02', '10.21', '18', '6', 673, -632, '66', '44', '86.18']
['BTC-USDT', '30m', 'T<;D>in', '2021-01-01', '2021-10-09', '121', '94.89', '-9.92', 147, '61', '7.0', '3.24', '14.81', '9', '4', 807, -620, '74', '47', '86.18']
['BTC-USDT', '30m', 'T<;D?in', '2021-01-01', '2021-10-09', '121', '94.89', '-9.92', 147, '61', '7.0', '3.24', '14.81', '9', '4', 807, -620, '74', '47', '86.18']
['BTC-USDT', '30m', 'U<)D.in', '2021-01-01', '2021-10-09', '119', '98.05', '-11.63', 152, '60', '5.28', '3.09', '13.07', '9', '4', 998, -620, '71', '48', '86.18']
['BTC-USDT', '30m', 'U<)D>in', '2021-01-01', '2021-10-09', '119', '98.05', '-11.63', 152, '60', '5.28', '3.09', '13.07', '9', '4', 998, -620, '71', '48', '86.18']
['BTC-USDT', '30m', 'T<2D?iq', '2021-01-01', '2021-10-09', '127', '93.37', '-9.91', 147, '61', '7.35', '3.11', '14.81', '8', '4', 769, -658, '77', '50', '86.18']
['BTC-USDT', '30m', '`<BD?iv', '2021-01-01', '2021-10-09', '111', '84.48', '-10.69', 132, '60', '3.84', '3.0', '12.33', '10', '4', 691, -632, '67', '44', '86.18']
['BTC-USDT', '30m', 'T<BD?in', '2021-01-01', '2021-10-09', '121', '92.29', '-10.09', 143, '60', '6.66', '3.24', '14.16', '9', '4', 711, -620, '73', '48', '86.18']
['BTC-USDT', '30m', 'S<=D?in', '2021-01-01', '2021-10-09', '119', '92.23', '-9.66', 143, '61', '6.43', '3.24', '14.79', '9', '3', 692, -645, '73', '46', '86.18']
['BTC-USDT', '30m', 'W<;D>in', '2021-01-01', '2021-10-09', '114', '94.49', '-10.8', 147, '61', '4.81', '3.21', '13.6', '9', '5', 807, -633, '69', '45', '86.18']
['BTC-USDT', '30m', 'W<;D?in', '2021-01-01', '2021-10-09', '114', '94.49', '-10.8', 147, '61', '4.81', '3.21', '13.6', '9', '5', 807, -633, '69', '45', '86.18']
['BTC-USDT', '30m', 'T<;DDin', '2021-01-01', '2021-10-09', '121', '94.4', '-9.86', 146, '61', '7.07', '3.24', '14.83', '9', '4', 807, -620, '74', '47', '86.18']
['BTC-USDT', '30m', 'T<9D4in', '2021-01-01', '2021-10-09', '121', '93.93', '-10.6', 145, '60', '6.2', '3.17', '13.71', '9', '4', 822, -620, '72', '49', '86.18']
['BTC-USDT', '30m', 'T<9D.in', '2021-01-01', '2021-10-09', '121', '93.93', '-10.6', 145, '60', '6.2', '3.17', '13.71', '9', '4', 822, -620, '72', '49', '86.18']
['BTC-USDT', '30m', 'Y</D?iq', '2021-01-01', '2021-10-09', '121', '85.8', '-15.17', 136, '57', '3.21', '2.83', '8.94', '9', '6', 872, -645, '69', '52', '86.18']
['BTC-USDT', '30m', '\\<+D<in', '2021-01-01', '2021-10-09', '113', '87.68', '-13.36', 135, '58', '3.16', '2.97', '10.14', '10', '6', 782, -632, '66', '47', '86.18']
['BTC-USDT', '30m', 'R<9D4in', '2021-01-01', '2021-10-09', '126', '91.02', '-10.61', 141, '60', '4.8', '3.09', '13.29', '8', '4', 822, -605, '75', '51', '86.18']
['BTC-USDT', '30m', 'T<)D8in', '2021-01-01', '2021-10-09', '120', '97.99', '-11.64', 152, '60', '5.23', '3.08', '13.04', '10', '4', 998, -600, '72', '48', '86.18']
['BTC-USDT', '30m', 'T<)D0in', '2021-01-01', '2021-10-09', '120', '97.99', '-11.64', 152, '60', '5.23', '3.08', '13.04', '10', '4', 998, -600, '72', '48', '86.18']
['BTC-USDT', '30m', 'Q<@D?iv', '2021-01-01', '2021-10-09', '131', '92.13', '-9.7', 146, '60', '6.43', '3.01', '15.07', '9', '4', 765, -618, '78', '53', '86.18']
['BTC-USDT', '30m', 'W<+D<in', '2021-01-01', '2021-10-09', '115', '95.18', '-11.65', 148, '60', '4.48', '3.1', '12.69', '9', '5', 826, -633, '69', '46', '86.18']
['BTC-USDT', '30m', 'W<=D?in', '2021-01-01', '2021-10-09', '115', '92.12', '-10.46', 143, '61', '4.8', '3.2', '13.68', '9', '5', 692, -633, '70', '45', '86.18']
['BTC-USDT', '30m', 'W<+D1in', '2021-01-01', '2021-10-09', '115', '95.18', '-11.65', 148, '60', '4.48', '3.1', '12.69', '9', '5', 826, -633, '69', '46', '86.18']
['BTC-USDT', '30m', ']<)D.in', '2021-01-01', '2021-10-09', '107', '88.68', '-13.67', 137, '59', '3.01', '2.96', '10.01', '17', '6', 945, -618, '63', '44', '86.18']
['BTC-USDT', '30m', '^<)D>in', '2021-01-01', '2021-10-09', '107', '88.68', '-13.67', 137, '59', '3.01', '2.96', '10.01', '17', '6', 945, -618, '63', '44', '86.18']
['BTC-USDT', '30m', ']<)D>in', '2021-01-01', '2021-10-09', '107', '88.68', '-13.67', 137, '59', '3.01', '2.96', '10.01', '17', '6', 945, -618, '63', '44', '86.18']
['BTC-USDT', '30m', 'Z<)D<in', '2021-01-01', '2021-10-09', '115', '87.59', '-15.55', 136, '57', '2.41', '2.81', '8.72', '10', '6', 945, -618, '66', '49', '86.18']
['BTC-USDT', '30m', 'R<BD?in', '2021-01-01', '2021-10-09', '126', '88.08', '-10.09', 136, '60', '5.02', '3.1', '13.5', '8', '4', 711, -605, '76', '50', '86.18']
['BTC-USDT', '30m', 'Z<)D?in', '2021-01-01', '2021-10-09', '115', '87.59', '-15.55', 136, '57', '2.41', '2.81', '8.72', '10', '6', 945, -618, '66', '49', '86.18']
['BTC-USDT', '30m', 'Z<)D8in', '2021-01-01', '2021-10-09', '115', '87.59', '-15.55', 136, '57', '2.41', '2.81', '8.72', '10', '6', 945, -618, '66', '49', '86.18']
['BTC-USDT', '30m', 'Z<)D>in', '2021-01-01', '2021-10-09', '115', '87.59', '-15.55', 136, '57', '2.41', '2.81', '8.72', '10', '6', 945, -618, '66', '49', '86.18']
['BTC-USDT', '30m', 'Z<)D.in', '2021-01-01', '2021-10-09', '115', '87.59', '-15.55', 136, '57', '2.41', '2.81', '8.72', '10', '6', 945, -618, '66', '49', '86.18']
['BTC-USDT', '30m', 'S<9D.in', '2021-01-01', '2021-10-09', '123', '92.7', '-10.6', 144, '59', '5.58', '3.13', '13.53', '9', '4', 822, -620, '73', '50', '86.18']
['BTC-USDT', '30m', 'Z<9D4in', '2021-01-01', '2021-10-09', '115', '84.49', '-14.68', 131, '57', '2.66', '2.86', '8.93', '10', '6', 800, -618, '66', '49', '86.18']
['BTC-USDT', '30m', 'X</D?iq', '2021-01-01', '2021-10-09', '122', '94.58', '-13.96', 150, '59', '4.31', '2.99', '10.73', '9', '6', 922, -671, '72', '50', '86.18']
['BTC-USDT', '30m', 'S</D?iq', '2021-01-01', '2021-10-09', '127', '94.58', '-10.4', 149, '60', '6.48', '3.06', '14.3', '8', '3', 922, -658, '76', '51', '86.18']
['BTC-USDT', '30m', 'X<YD?iq', '2021-01-01', '2021-10-09', '122', '86.99', '-12.78', 140, '59', '4.75', '3.07', '10.98', '9', '6', 655, -645, '72', '50', '86.18']
['BTC-USDT', '30m', 'S<;DDin', '2021-01-01', '2021-10-09', '123', '92.69', '-9.86', 143, '61', '6.23', '3.18', '14.56', '9', '4', 785, -620, '75', '48', '86.18']
['BTC-USDT', '30m', 'S<-D<in', '2021-01-01', '2021-10-09', '121', '93.59', '-11.05', 145, '60', '5.05', '3.05', '13.11', '10', '4', 878, -605, '72', '49', '86.18']
['BTC-USDT', '30m', '^<2D?iq', '2021-01-01', '2021-10-09', '114', '82.77', '-13.55', 129, '60', '3.77', '2.89', '9.52', '10', '6', 728, -618, '68', '46', '86.18']
['BTC-USDT', '30m', 'S<HD?iq', '2021-01-01', '2021-10-09', '129', '86.79', '-9.49', 136, '60', '6.87', '3.15', '14.36', '8', '4', 597, -645, '78', '51', '86.18']
['BTC-USDT', '30m', 'X<tDiiv', '2021-01-01', '2021-10-09', '116', '82.49', '-10.31', 139, '63', '5.53', '3.48', '13.52', '8', '3', 597, -658, '73', '43', '86.18']
['BTC-USDT', '30m', 'Z<;D?in', '2021-01-01', '2021-10-09', '115', '83.46', '-14.54', 129, '59', '2.64', '2.86', '8.9', '10', '6', 764, -605, '68', '47', '86.18']
['BTC-USDT', '30m', 'Z<;D>in', '2021-01-01', '2021-10-09', '115', '83.46', '-14.54', 129, '59', '2.64', '2.86', '8.9', '10', '6', 764, -605, '68', '47', '86.18']
['BTC-USDT', '30m', 'Z<;D8in', '2021-01-01', '2021-10-09', '115', '83.46', '-14.54', 129, '59', '2.64', '2.86', '8.9', '10', '6', 764, -605, '68', '47', '86.18']
['BTC-USDT', '30m', ']<9D4in', '2021-01-01', '2021-10-09', '107', '83.21', '-13.3', 128, '59', '3.01', '2.92', '9.63', '17', '6', 781, -605, '63', '44', '86.18']
['BTC-USDT', '30m', 'S<)D.in', '2021-01-01', '2021-10-09', '121', '93.57', '-11.64', 145, '60', '4.54', '2.98', '12.44', '10', '4', 971, -592, '72', '49', '86.18']
['BTC-USDT', '30m', 'S<)D?in', '2021-01-01', '2021-10-09', '121', '93.57', '-11.64', 145, '60', '4.54', '2.98', '12.44', '10', '4', 971, -592, '72', '49', '86.18']
['BTC-USDT', '30m', 'S<)D3in', '2021-01-01', '2021-10-09', '121', '93.57', '-11.64', 145, '60', '4.54', '2.98', '12.44', '10', '4', 971, -592, '72', '49', '86.18']
['BTC-USDT', '30m', 'S<)D>in', '2021-01-01', '2021-10-09', '121', '93.57', '-11.64', 145, '60', '4.54', '2.98', '12.44', '10', '4', 971, -592, '72', '49', '86.18']
['BTC-USDT', '30m', '_</D?iq', '2021-01-01', '2021-10-09', '113', '83.12', '-13.45', 130, '58', '3.9', '2.87', '9.63', '10', '6', 852, -605, '66', '47', '86.18']
['BTC-USDT', '30m', 'Z<BD?in', '2021-01-01', '2021-10-09', '115', '82.19', '-13.8', 128, '59', '2.83', '2.9', '9.27', '10', '6', 691, -605, '68', '47', '86.18']
['BTC-USDT', '30m', '^<9D=in', '2021-01-01', '2021-10-09', '107', '83.21', '-13.3', 128, '59', '3.01', '2.92', '9.63', '17', '6', 781, -605, '63', '44', '86.18']
['BTC-USDT', '30m', '><BDiiv', '2021-01-01', '2021-10-09', '175', '79.21', '-11.51', 129, '57', '4.53', '2.56', '11.2', '6', '3', 705, -613, '100', '75', '86.18']
['BTC-USDT', '30m', ']<tDiiv', '2021-01-01', '2021-10-09', '111', '78.3', '-10.34', 122, '63', '4.52', '3.18', '11.81', '10', '3', 581, -595, '70', '41', '86.18']
['BTC-USDT', '30m', ']<;D?in', '2021-01-01', '2021-10-09', '109', '80.17', '-13.26', 123, '60', '2.88', '2.88', '9.31', '9', '6', 746, -607, '65', '44', '86.18']
['BTC-USDT', '30m', ']<.D<in', '2021-01-01', '2021-10-09', '109', '80.36', '-13.3', 124, '59', '2.91', '2.84', '9.29', '9', '6', 781, -595, '64', '45', '86.18']
['BTC-USDT', '30m', 'Y<D;7Qr', '2021-01-01', '2021-10-09', '119', '79.05', '-14.67', 125, '55', '2.99', '2.72', '8.5', '10', '6', 739, -618, '66', '53', '86.18']
['BTC-USDT', '30m', 'Y<HD?iq', '2021-01-01', '2021-10-09', '122', '78.53', '-12.74', 129, '59', '4.3', '3.04', '10.12', '9', '5', 597, -633, '72', '50', '86.18']
['BTC-USDT', '30m', 'X<HD?iq', '2021-01-01', '2021-10-09', '122', '83.73', '-12.13', 137, '60', '5.23', '3.14', '11.33', '9', '5', 597, -658, '73', '49', '86.18']
['BTC-USDT', '30m', 'G<BDiiv', '2021-01-01', '2021-10-09', '163', '72.04', '-17.31', 117, '57', '2.14', '2.38', '6.76', '9', '5', 672, -754, '93', '70', '86.18']
['BTC-USDT', '30m', 'F<@D?iv', '2021-01-01', '2021-10-09', '170', '71.88', '-19.06', 112, '55', '1.83', '2.27', '5.9', '11', '5', 690, -737, '94', '76', '86.18']
['BTC-USDT', '30m', ']<;D>in', '2021-01-01', '2021-10-09', '109', '80.17', '-13.26', 123, '60', '2.88', '2.88', '9.31', '9', '6', 746, -607, '65', '44', '86.18']
['BTC-USDT', '30m', '^<;D>in', '2021-01-01', '2021-10-09', '109', '80.17', '-13.26', 123, '60', '2.88', '2.88', '9.31', '9', '6', 746, -607, '65', '44', '86.18']
['BTC-USDT', '30m', '^<;D8in', '2021-01-01', '2021-10-09', '109', '80.17', '-13.26', 123, '60', '2.88', '2.88', '9.31', '9', '6', 746, -607, '65', '44', '86.18']
['BTC-USDT', '30m', 'Y<=D?iq', '2021-01-01', '2021-10-09', '122', '78.19', '-14.27', 125, '58', '3.32', '2.83', '8.74', '9', '6', 658, -633, '71', '51', '86.18']
['BTC-USDT', '30m', 'X<BD<in', '2021-01-01', '2021-10-09', '115', '85.75', '-12.26', 136, '59', '4.36', '3.05', '11.09', '9', '6', 711, -605, '68', '47', '86.18']
['BTC-USDT', '30m', 'X<BD?in', '2021-01-01', '2021-10-09', '115', '85.75', '-12.26', 136, '59', '4.36', '3.05', '11.09', '9', '6', 711, -605, '68', '47', '86.18']
['BTC-USDT', '30m', 'X<)D3in', '2021-01-01', '2021-10-09', '115', '89.06', '-14.35', 138, '58', '3.23', '2.83', '9.64', '9', '6', 944, -592, '67', '48', '86.18']
['BTC-USDT', '30m', 'X<)D<in', '2021-01-01', '2021-10-09', '115', '89.06', '-14.35', 138, '58', '3.23', '2.83', '9.64', '9', '6', 944, -592, '67', '48', '86.18']
['BTC-USDT', '30m', 'U<9D?ia', '2021-01-01', '2021-10-09', '104', '85.93', '-15.01', 131, '61', '2.09', '3.1', '8.73', '17', '4', 800, -579, '63', '41', '86.18']
['BTC-USDT', '30m', 'T<MD+i_', '2021-01-01', '2021-10-09', '105', '85.45', '-18.3', 131, '59', '1.36', '3.05', '7.16', '17', '7', 763, -605, '62', '43', '86.18']
['BTC-USDT', '30m', 'Z<9Dqir', '2021-01-01', '2021-10-09', '109', '82.16', '-17.58', 135, '57', '1.95', '3.08', '7.67', '10', '6', 800, -618, '62', '47', '86.18']
['BTC-USDT', '30m', '6<MDai_', '2021-01-01', '2021-10-09', '183', '82.11', '-19.25', 139, '51', '1.78', '2.71', '7.24', '7', '5', 805, -605, '94', '89', '86.18']
['BTC-USDT', '30m', '`</D?iq', '2021-01-01', '2021-10-09', '111', '79.29', '-12.64', 124, '59', '3.45', '2.82', '9.77', '10', '6', 852, -618, '65', '46', '86.18']
['BTC-USDT', '30m', '^<BD?in', '2021-01-01', '2021-10-09', '109', '77.67', '-12.95', 119, '60', '2.86', '2.85', '9.21', '9', '6', 658, -595, '65', '44', '86.18']
['BTC-USDT', '30m', 'S<+D<in', '2021-01-01', '2021-10-09', '123', '85.72', '-11.56', 132, '59', '4.17', '2.86', '11.44', '9', '4', 781, -607, '73', '50', '86.18']
['BTC-USDT', '30m', 'r4)D3in', '2021-01-01', '2021-10-09', '119', '65.61', '-14.33', 113, '54', '3.08', '2.63', '7.89', '6', '5', 610, -632, '64', '55', '86.18']
['BTC-USDT', '30m', 'W<9D?ia', '2021-01-01', '2021-10-09', '102', '85.51', '-14.78', 130, '61', '2.18', '3.05', '8.82', '9', '5', 800, -592, '62', '40', '86.18']
['BTC-USDT', '30m', 'T<9DDi_', '2021-01-01', '2021-10-09', '105', '85.64', '-18.58', 131, '59', '1.27', '3.04', '7.04', '17', '7', 799, -605, '62', '43', '86.18']
['BTC-USDT', '30m', 'W<MDEi_', '2021-01-01', '2021-10-09', '100', '84.38', '-16.81', 129, '59', '1.65', '3.02', '7.65', '9', '6', 763, -605, '59', '41', '86.18']
['BTC-USDT', '30m', 'r4+D<in', '2021-01-01', '2021-10-09', '117', '64.81', '-14.03', 111, '54', '3.09', '2.66', '7.93', '6', '5', 587, -618, '63', '54', '86.18']
['BTC-USDT', '30m', 'r4)D<in', '2021-01-01', '2021-10-09', '117', '64.8', '-14.03', 111, '54', '3.09', '2.66', '7.93', '6', '5', 591, -605, '63', '54', '86.18']
['BTC-USDT', '30m', 'T<5D?i_', '2021-01-01', '2021-10-09', '106', '87.58', '-18.92', 134, '58', '1.25', '2.99', '7.07', '17', '7', 944, -605, '62', '44', '86.18']
['BTC-USDT', '30m', '6<MDdi_', '2021-01-01', '2021-10-09', '180', '80.05', '-20.72', 135, '52', '1.43', '2.68', '6.54', '7', '5', 785, -605, '93', '87', '86.18']
['BTC-USDT', '30m', '^<ZD?iq', '2021-01-01', '2021-10-09', '114', '74.09', '-12.46', 115, '60', '3.57', '2.78', '9.25', '10', '6', 565, -592, '68', '46', '86.18']
['BTC-USDT', '30m', ']<HD?iq', '2021-01-01', '2021-10-09', '114', '74.33', '-12.31', 116, '61', '3.58', '2.8', '9.39', '10', '5', 565, -592, '69', '45', '86.18']
['BTC-USDT', '30m', '_<2D?iq', '2021-01-01', '2021-10-09', '113', '75.26', '-13.54', 117, '59', '3.37', '2.73', '8.64', '10', '6', 693, -592, '67', '46', '86.18']
['BTC-USDT', '30m', 'X<;D>in', '2021-01-01', '2021-10-09', '115', '83.48', '-13.21', 131, '59', '3.57', '2.89', '9.9', '9', '6', 763, -592, '68', '47', '86.18']
['BTC-USDT', '30m', '_<)D8in', '2021-01-01', '2021-10-09', '108', '77.92', '-13.55', 120, '58', '2.65', '2.76', '8.82', '9', '6', 900, -592, '63', '45', '86.18']
['BTC-USDT', '30m', '_<)D.in', '2021-01-01', '2021-10-09', '108', '77.92', '-13.55', 120, '58', '2.65', '2.76', '8.82', '9', '6', 900, -592, '63', '45', '86.18']
['BTC-USDT', '30m', 'U<XD+i_', '2021-01-01', '2021-10-09', '101', '76.23', '-16.89', 116, '58', '1.46', '2.93', '6.87', '17', '7', 644, -592, '59', '42', '86.18']
['BTC-USDT', '30m', 'r:)D3in', '2021-01-01', '2021-10-09', '95', '70.92', '-12.94', 107, '63', '3.23', '2.81', '8.3', '15', '4', 565, -592, '60', '35', '86.18']
['BTC-USDT', '30m', 'i<)D0in', '2021-01-01', '2021-10-09', '99', '63.18', '-13.38', 97, '60', '2.51', '2.61', '7.24', '9', '5', 838, -579, '59', '40', '86.18']
['BTC-USDT', '30m', '_<9D=in', '2021-01-01', '2021-10-09', '107', '70.6', '-13.11', 108, '58', '2.58', '2.66', '8.25', '9', '6', 743, -582, '62', '45', '86.18']
['BTC-USDT', '30m', 'T<9DAi_', '2021-01-01', '2021-10-09', '105', '77.7', '-18.38', 118, '58', '1.18', '2.84', '6.43', '17', '7', 766, -592, '61', '44', '86.18']
['BTC-USDT', '30m', 'c<ID+iw', '2021-01-01', '2021-10-09', '112', '71.65', '-10.66', 111, '62', '3.8', '2.76', '10.46', '10', '3', 590, -592, '70', '42', '86.18']
['BTC-USDT', '30m', 'W<XD+i_', '2021-01-01', '2021-10-09', '99', '75.93', '-17.02', 115, '59', '1.41', '2.89', '6.78', '9', '6', 644, -605, '58', '41', '86.18']
['BTC-USDT', '30m', 'W<ID?i_', '2021-01-01', '2021-10-09', '100', '74.19', '-16.84', 113, '60', '1.46', '2.89', '6.69', '9', '6', 583, -592, '60', '40', '86.18']
['BTC-USDT', '30m', '_<=D?iq', '2021-01-01', '2021-10-09', '113', '73.42', '-13.22', 114, '59', '3.31', '2.73', '8.64', '10', '6', 641, -579, '67', '46', '86.18']
['BTC-USDT', '30m', 'h<)D8in', '2021-01-01', '2021-10-09', '98', '63.12', '-13.43', 97, '59', '2.44', '2.62', '7.21', '9', '5', 838, -579, '58', '40', '86.18']
['BTC-USDT', '30m', 'h<)D3in', '2021-01-01', '2021-10-09', '98', '63.12', '-13.43', 97, '59', '2.44', '2.62', '7.21', '9', '5', 838, -579, '58', '40', '86.18']
['BTC-USDT', '30m', 'h<,D8in', '2021-01-01', '2021-10-09', '98', '63.16', '-13.44', 97, '59', '2.37', '2.62', '7.21', '9', '5', 874, -579, '58', '40', '86.18']
['BTC-USDT', '30m', 'h<)D.in', '2021-01-01', '2021-10-09', '98', '63.12', '-13.43', 97, '59', '2.44', '2.62', '7.21', '9', '5', 838, -579, '58', '40', '86.18']
['BTC-USDT', '30m', 'S<5D?i_', '2021-01-01', '2021-10-09', '106', '79.1', '-18.92', 121, '58', '1.07', '2.8', '6.37', '17', '7', 904, -605, '61', '45', '86.18']
['BTC-USDT', '30m', '^<>D?in', '2021-01-01', '2021-10-09', '108', '67.64', '-12.96', 104, '59', '2.44', '2.64', '8.0', '9', '6', 550, -582, '64', '44', '86.18']
['BTC-USDT', '30m', '_<;D?in', '2021-01-01', '2021-10-09', '107', '69.0', '-13.17', 106, '59', '2.46', '2.63', '8.03', '9', '6', 695, -582, '63', '44', '86.18']
['BTC-USDT', '30m', '_<;D2in', '2021-01-01', '2021-10-09', '107', '69.0', '-13.17', 106, '59', '2.46', '2.63', '8.03', '9', '6', 695, -582, '63', '44', '86.18']
['BTC-USDT', '30m', 'i<9D4in', '2021-01-01', '2021-10-09', '99', '61.46', '-12.88', 94, '60', '2.62', '2.61', '7.32', '9', '5', 710, -579, '59', '40', '86.18']
['BTC-USDT', '30m', 'U<9D;i_', '2021-01-01', '2021-10-09', '102', '75.44', '-17.69', 115, '58', '1.32', '2.81', '6.48', '17', '7', 754, -579, '59', '43', '86.18']
['BTC-USDT', '30m', 'U<MD?i_', '2021-01-01', '2021-10-09', '102', '74.72', '-17.8', 114, '58', '1.3', '2.8', '6.39', '17', '7', 731, -592, '59', '43', '86.18']
['BTC-USDT', '30m', 'a</D?iq', '2021-01-01', '2021-10-09', '108', '68.6', '-12.64', 107, '58', '3.46', '2.6', '8.45', '10', '6', 794, -592, '63', '45', '86.18']
['BTC-USDT', '30m', '_<BD?in', '2021-01-01', '2021-10-09', '107', '67.53', '-12.83', 103, '59', '2.49', '2.63', '8.06', '9', '6', 626, -570, '63', '44', '86.18']
['BTC-USDT', '30m', 'r:;D?in', '2021-01-01', '2021-10-09', '96', '63.57', '-12.95', 96, '62', '2.79', '2.66', '7.43', '9', '4', 550, -595, '60', '36', '86.18']
['BTC-USDT', '30m', 'i<;D>in', '2021-01-01', '2021-10-09', '99', '61.02', '-12.87', 94, '61', '2.56', '2.6', '7.27', '9', '5', 678, -570, '60', '39', '86.18']
['BTC-USDT', '30m', 'i<;D4in', '2021-01-01', '2021-10-09', '99', '61.02', '-12.87', 94, '61', '2.56', '2.6', '7.27', '9', '5', 678, -570, '60', '39', '86.18']
['BTC-USDT', '30m', 'i<;D?in', '2021-01-01', '2021-10-09', '99', '61.02', '-12.87', 94, '61', '2.56', '2.6', '7.27', '9', '5', 678, -570, '60', '39', '86.18']
['BTC-USDT', '30m', 'r:;D>in', '2021-01-01', '2021-10-09', '96', '63.57', '-12.95', 96, '62', '2.79', '2.66', '7.43', '9', '4', 550, -595, '60', '36', '86.18']
['BTC-USDT', '30m', 'h<;D>in', '2021-01-01', '2021-10-09', '98', '60.95', '-13.13', 93, '60', '2.44', '2.61', '7.12', '9', '5', 678, -570, '59', '39', '86.18']
['BTC-USDT', '30m', 'r:;D6in', '2021-01-01', '2021-10-09', '96', '63.57', '-12.95', 96, '62', '2.79', '2.66', '7.43', '9', '4', 550, -595, '60', '36', '86.18']
['BTC-USDT', '30m', 'i<;D8in', '2021-01-01', '2021-10-09', '99', '61.02', '-12.87', 94, '61', '2.56', '2.6', '7.27', '9', '5', 678, -570, '60', '39', '86.18']
['BTC-USDT', '30m', 's:;D>in', '2021-01-01', '2021-10-09', '96', '63.57', '-12.95', 96, '62', '2.79', '2.66', '7.43', '9', '4', 550, -595, '60', '36', '86.18']
['BTC-USDT', '30m', 'r:;D8in', '2021-01-01', '2021-10-09', '96', '63.57', '-12.95', 96, '62', '2.79', '2.66', '7.43', '9', '4', 550, -595, '60', '36', '86.18']
['BTC-USDT', '30m', 'r:;D2in', '2021-01-01', '2021-10-09', '96', '63.57', '-12.95', 96, '62', '2.79', '2.66', '7.43', '9', '4', 550, -595, '60', '36', '86.18']
['BTC-USDT', '30m', '`<)D8in', '2021-01-01', '2021-10-09', '105', '69.56', '-12.91', 107, '58', '2.11', '2.61', '8.27', '9', '6', 878, -595, '61', '44', '86.18']
['BTC-USDT', '30m', '`<)D?in', '2021-01-01', '2021-10-09', '105', '69.56', '-12.91', 107, '58', '2.11', '2.61', '8.27', '9', '6', 878, -595, '61', '44', '86.18']
['BTC-USDT', '30m', '`<)D.in', '2021-01-01', '2021-10-09', '105', '69.56', '-12.91', 107, '58', '2.11', '2.61', '8.27', '9', '6', 878, -595, '61', '44', '86.18']
['BTC-USDT', '30m', '`<)D0in', '2021-01-01', '2021-10-09', '105', '69.56', '-12.91', 107, '58', '2.11', '2.61', '8.27', '9', '6', 878, -595, '61', '44', '86.18']
['BTC-USDT', '30m', '`<)D.im', '2021-01-01', '2021-10-09', '105', '69.56', '-12.91', 107, '58', '2.11', '2.61', '8.27', '9', '6', 878, -595, '61', '44', '86.18']
['BTC-USDT', '30m', 'F<kDliw', '2021-01-01', '2021-10-09', '165', '64.46', '-15.19', 112, '57', '2.41', '2.46', '7.34', '9', '5', 565, -737, '94', '71', '86.18']
['BTC-USDT', '30m', 'Q<BD?iv', '2021-01-01', '2021-10-09', '137', '71.1', '-9.16', 114, '58', '4.31', '2.56', '12.39', '8', '4', 655, -737, '80', '57', '86.18']
['BTC-USDT', '30m', 'Y<BD?in', '2021-01-01', '2021-10-09', '115', '66.74', '-13.68', 106, '57', '2.71', '2.65', '7.75', '9', '6', 635, -595, '66', '49', '86.18']
['BTC-USDT', '30m', 'i<BD<in', '2021-01-01', '2021-10-09', '99', '60.46', '-12.4', 93, '61', '2.79', '2.6', '7.48', '9', '5', 614, -570, '60', '39', '86.18']
['BTC-USDT', '30m', 'i<BD?in', '2021-01-01', '2021-10-09', '99', '60.46', '-12.4', 93, '61', '2.79', '2.6', '7.48', '9', '5', 614, -570, '60', '39', '86.18']
['BTC-USDT', '30m', 'i<=D?in', '2021-01-01', '2021-10-09', '99', '60.32', '-12.84', 93, '61', '2.57', '2.6', '7.21', '9', '5', 598, -570, '60', '39', '86.18']
['BTC-USDT', '30m', 'Y<;D>in', '2021-01-01', '2021-10-09', '115', '66.66', '-14.19', 104, '57', '2.46', '2.55', '7.35', '9', '6', 701, -595, '66', '49', '86.18']
['BTC-USDT', '30m', 'Y<;D?in', '2021-01-01', '2021-10-09', '115', '66.66', '-14.19', 104, '57', '2.46', '2.55', '7.35', '9', '6', 701, -595, '66', '49', '86.18']
['BTC-USDT', '30m', 'Y<;D6in', '2021-01-01', '2021-10-09', '115', '66.66', '-14.19', 104, '57', '2.46', '2.55', '7.35', '9', '6', 701, -595, '66', '49', '86.18']
['BTC-USDT', '30m', 'Y<;D2in', '2021-01-01', '2021-10-09', '115', '66.66', '-14.19', 104, '57', '2.46', '2.55', '7.35', '9', '6', 701, -595, '66', '49', '86.18']
['BTC-USDT', '30m', 'S<9DAi_', '2021-01-01', '2021-10-09', '106', '74.38', '-18.38', 113, '58', '1.07', '2.75', '6.16', '17', '7', 766, -592, '61', '45', '86.18']
['BTC-USDT', '30m', '];@ELwq', '2021-01-01', '2021-10-09', '109', '73.24', '-11.96', 115, '61', '3.27', '2.66', '9.61', '10', '5', 693, -579, '67', '42', '86.18']
['BTC-USDT', '30m', '`<;D>in', '2021-01-01', '2021-10-09', '105', '65.93', '-12.49', 101, '59', '2.15', '2.59', '8.1', '9', '6', 695, -582, '62', '43', '86.18']
['BTC-USDT', '30m', '`<;D8in', '2021-01-01', '2021-10-09', '105', '65.93', '-12.49', 101, '59', '2.15', '2.59', '8.1', '9', '6', 695, -582, '62', '43', '86.18']
['BTC-USDT', '30m', '`<;D2in', '2021-01-01', '2021-10-09', '105', '65.93', '-12.49', 101, '59', '2.15', '2.59', '8.1', '9', '6', 695, -582, '62', '43', '86.18']
['BTC-USDT', '30m', 'Y<)D8in', '2021-01-01', '2021-10-09', '115', '67.46', '-15.23', 104, '56', '2.04', '2.43', '6.85', '9', '6', 855, -582, '64', '51', '86.18']
['BTC-USDT', '30m', 'Y<)D.in', '2021-01-01', '2021-10-09', '115', '67.46', '-15.23', 104, '56', '2.04', '2.43', '6.85', '9', '6', 855, -582, '64', '51', '86.18']
['BTC-USDT', '30m', 'Y<9D4in', '2021-01-01', '2021-10-09', '115', '66.9', '-14.28', 105, '56', '2.44', '2.55', '7.33', '9', '6', 724, -595, '64', '51', '86.18']
['BTC-USDT', '30m', 'r<.D<is', '2021-01-01', '2021-10-09', '95', '58.12', '-9.23', 91, '61', '3.79', '2.55', '9.83', '9', '4', 550, -579, '58', '37', '86.18']
['BTC-USDT', '30m', 'Z<9Dqim', '2021-01-01', '2021-10-09', '103', '72.53', '-17.51', 121, '56', '1.56', '2.94', '6.93', '9', '6', 762, -592, '58', '45', '86.18']
['BTC-USDT', '30m', 'c<MD+iv', '2021-01-01', '2021-10-09', '109', '62.3', '-11.31', 104, '58', '3.34', '2.6', '9.18', '9', '3', 709, -579, '63', '46', '86.18']
['BTC-USDT', '30m', '6<MDhi_', '2021-01-01', '2021-10-09', '180', '64.84', '-23.94', 111, '51', '0.71', '2.34', '4.64', '7', '5', 733, -579, '91', '89', '86.18']
['BTC-USDT', '30m', '6<MDfi_', '2021-01-01', '2021-10-09', '180', '64.84', '-23.94', 111, '51', '0.71', '2.34', '4.64', '7', '5', 733, -579, '91', '89', '86.18']
['BTC-USDT', '30m', 'W<YD;i_', '2021-01-01', '2021-10-09', '101', '73.57', '-16.49', 112, '58', '1.45', '2.82', '6.76', '9', '6', 600, -579, '59', '42', '86.18']
['BTC-USDT', '30m', 'X<MD+i_', '2021-01-01', '2021-10-09', '98', '75.0', '-17.77', 114, '58', '1.36', '2.81', '6.4', '9', '6', 720, -579, '57', '41', '86.18']
['BTC-USDT', '30m', '+<8D`i_', '2021-01-01', '2021-10-09', '150', '70.88', '-19.08', 110, '53', '0.99', '2.55', '5.75', '14', '5', 693, -553, '79', '71', '86.18']
['BTC-USDT', '30m', 'U<YD;i_', '2021-01-01', '2021-10-09', '103', '73.11', '-17.1', 111, '58', '1.39', '2.83', '6.49', '17', '7', 600, -579, '60', '43', '86.18']
['BTC-USDT', '30m', 'N<BDiiv', '2021-01-01', '2021-10-09', '137', '69.32', '-13.61', 111, '59', '3.09', '2.51', '8.14', '9', '4', 647, -719, '81', '56', '86.18']
['BTC-USDT', '30m', 'h<+D<in', '2021-01-01', '2021-10-09', '98', '56.81', '-13.32', 94, '58', '2.35', '2.59', '7.06', '8', '5', 694, -570, '57', '41', '86.18']
['BTC-USDT', '30m', 'h<+D1in', '2021-01-01', '2021-10-09', '98', '56.81', '-13.32', 94, '58', '2.35', '2.59', '7.06', '8', '5', 694, -570, '57', '41', '86.18']
['BTC-USDT', '30m', 's:)D.in', '2021-01-01', '2021-10-09', '98', '64.07', '-13.19', 97, '62', '2.8', '2.61', '7.35', '9', '4', 534, -582, '61', '37', '86.18']
['BTC-USDT', '30m', 'r:)D.in', '2021-01-01', '2021-10-09', '98', '64.07', '-13.19', 97, '62', '2.8', '2.61', '7.35', '9', '4', 534, -582, '61', '37', '86.18']
['BTC-USDT', '30m', 'r<)D.is', '2021-01-01', '2021-10-09', '98', '59.85', '-9.3', 93, '61', '4.03', '2.58', '10.04', '9', '4', 573, -607, '60', '38', '86.18']
['BTC-USDT', '30m', 'c<8D?is', '2021-01-01', '2021-10-09', '108', '63.29', '-11.23', 98, '58', '3.27', '2.52', '8.76', '10', '4', 658, -579, '63', '45', '86.18']
['BTC-USDT', '30m', 'r<)D.it', '2021-01-01', '2021-10-09', '98', '59.85', '-9.3', 93, '61', '4.03', '2.58', '10.04', '9', '4', 573, -607, '60', '38', '86.18']
['BTC-USDT', '30m', 'r<)D?it', '2021-01-01', '2021-10-09', '98', '59.85', '-9.3', 93, '61', '4.03', '2.58', '10.04', '9', '4', 573, -607, '60', '38', '86.18']
['BTC-USDT', '30m', 'r<)D>it', '2021-01-01', '2021-10-09', '98', '59.85', '-9.3', 93, '61', '4.03', '2.58', '10.04', '9', '4', 573, -607, '60', '38', '86.18']
['BTC-USDT', '30m', 'r<)D3is', '2021-01-01', '2021-10-09', '98', '59.85', '-9.3', 93, '61', '4.03', '2.58', '10.04', '9', '4', 573, -607, '60', '38', '86.18']
['BTC-USDT', '30m', 'r<9D.is', '2021-01-01', '2021-10-09', '98', '59.3', '-9.25', 93, '61', '4.07', '2.58', '10.0', '9', '4', 534, -595, '60', '38', '86.18']
['BTC-USDT', '30m', 'r<9D.it', '2021-01-01', '2021-10-09', '98', '59.3', '-9.25', 93, '61', '4.07', '2.58', '10.0', '9', '4', 534, -595, '60', '38', '86.18']
['BTC-USDT', '30m', 'RN2)F-e', '2021-01-01', '2021-10-09', '65', '86.09', '-9.94', 125, '62', '4.51', '3.14', '12.58', '5', '4', 843, -468, '40', '25', '86.18']
['BTC-USDT', '30m', 'Q<9D?ic', '2021-01-01', '2021-10-09', '120', '72.36', '-20.68', 111, '57', '0.8', '2.57', '5.39', '17', '5', 750, -553, '69', '51', '86.18']
['BTC-USDT', '30m', 'c:mD?i_', '2021-01-01', '2021-10-09', '86', '64.27', '-13.09', 96, '62', '2.29', '2.8', '7.33', '12', '4', 534, -579, '53', '33', '86.18']
['BTC-USDT', '30m', 'c<8D?ir', '2021-01-01', '2021-10-09', '106', '65.52', '-12.49', 100, '58', '3.02', '2.57', '8.04', '10', '6', 658, -566, '62', '44', '86.18']
['BTC-USDT', '30m', 'c<ID+iu', '2021-01-01', '2021-10-09', '109', '57.79', '-10.66', 97, '61', '3.23', '2.53', '9.11', '9', '3', 563, -579, '66', '43', '86.18']
['BTC-USDT', '30m', 'X<XD+i_', '2021-01-01', '2021-10-09', '98', '71.32', '-17.85', 108, '58', '1.28', '2.77', '6.05', '9', '6', 615, -579, '57', '41', '86.18']
['BTC-USDT', '30m', '6<8D+i_', '2021-01-01', '2021-10-09', '201', '65.71', '-24.74', 110, '50', '0.81', '2.21', '4.45', '5', '5', 688, -539, '101', '100', '86.18']
['BTC-USDT', '30m', '6<7D+i_', '2021-01-01', '2021-10-09', '201', '66.95', '-25.02', 111, '50', '0.78', '2.2', '4.44', '5', '5', 740, -539, '101', '100', '86.18']
['BTC-USDT', '30m', 'g</D?iq', '2021-01-01', '2021-10-09', '104', '59.08', '-12.8', 91, '59', '2.73', '2.37', '7.07', '9', '6', 757, -557, '61', '43', '86.18']
['BTC-USDT', '30m', 'r</D>it', '2021-01-01', '2021-10-09', '98', '59.5', '-9.24', 93, '61', '4.12', '2.58', '10.05', '9', '4', 534, -595, '60', '38', '86.18']
['BTC-USDT', '30m', 'r</D?is', '2021-01-01', '2021-10-09', '98', '59.5', '-9.24', 93, '61', '4.12', '2.58', '10.05', '9', '4', 534, -595, '60', '38', '86.18']
['BTC-USDT', '30m', 'f</D?iq', '2021-01-01', '2021-10-09', '104', '59.08', '-12.8', 91, '59', '2.73', '2.37', '7.07', '9', '6', 757, -557, '61', '43', '86.18']
['BTC-USDT', '30m', 'r:/D?iq', '2021-01-01', '2021-10-09', '101', '61.66', '-12.95', 93, '62', '2.71', '2.5', '7.2', '9', '4', 534, -582, '63', '38', '86.18']
['BTC-USDT', '30m', 'q</D?it', '2021-01-01', '2021-10-09', '99', '59.38', '-9.25', 93, '61', '4.11', '2.58', '10.02', '9', '4', 534, -595, '60', '39', '86.18']
['BTC-USDT', '30m', 'h<BD?in', '2021-01-01', '2021-10-09', '98', '55.07', '-12.92', 91, '59', '2.5', '2.58', '7.07', '8', '5', 614, -570, '58', '40', '86.18']
['BTC-USDT', '30m', 'c<qD?iv', '2021-01-01', '2021-10-09', '110', '62.04', '-10.67', 96, '61', '3.12', '2.55', '9.03', '10', '3', 534, -557, '67', '43', '86.18']
['BTC-USDT', '30m', 'h<BD<in', '2021-01-01', '2021-10-09', '98', '55.07', '-12.92', 91, '59', '2.5', '2.58', '7.07', '8', '5', 614, -570, '58', '40', '86.18']
['BTC-USDT', '30m', 'h<=D?in', '2021-01-01', '2021-10-09', '98', '55.12', '-13.18', 92, '59', '2.38', '2.59', '6.94', '8', '5', 598, -570, '58', '40', '86.18']
['BTC-USDT', '30m', 'j<+D<in', '2021-01-01', '2021-10-09', '98', '58.72', '-13.32', 90, '59', '2.31', '2.53', '6.75', '9', '5', 663, -553, '58', '40', '86.18']
['BTC-USDT', '30m', 'j<)D.in', '2021-01-01', '2021-10-09', '98', '58.54', '-13.43', 90, '59', '2.3', '2.5', '6.68', '9', '5', 801, -553, '58', '40', '86.18']
['BTC-USDT', '30m', 'r5)D.in', '2021-01-01', '2021-10-09', '111', '53.55', '-16.36', 93, '55', '2.25', '2.32', '5.68', '7', '5', 554, -579, '61', '50', '86.18']
['BTC-USDT', '30m', 's5)D.in', '2021-01-01', '2021-10-09', '111', '53.55', '-16.36', 93, '55', '2.25', '2.32', '5.68', '7', '5', 554, -579, '61', '50', '86.18']
['BTC-USDT', '30m', 'b<2D?iq', '2021-01-01', '2021-10-09', '107', '64.41', '-12.87', 99, '60', '3.01', '2.53', '7.67', '10', '6', 641, -566, '64', '43', '86.18']
['BTC-USDT', '30m', 'c</D?iq', '2021-01-01', '2021-10-09', '107', '66.03', '-12.98', 102, '58', '3.18', '2.56', '7.89', '10', '6', 789, -566, '62', '45', '86.18']
['BTC-USDT', '30m', 'W<gD?i_', '2021-01-01', '2021-10-09', '101', '66.89', '-16.21', 101, '58', '1.32', '2.68', '6.24', '9', '6', 518, -566, '59', '42', '86.18']
['BTC-USDT', '30m', 'c:ID+i_', '2021-01-01', '2021-10-09', '86', '63.03', '-13.12', 94, '62', '2.21', '2.74', '7.17', '15', '4', 545, -566, '53', '33', '86.18']
['BTC-USDT', '30m', 'b</D?iq', '2021-01-01', '2021-10-09', '108', '65.02', '-12.73', 101, '58', '3.27', '2.53', '7.92', '10', '6', 769, -566, '63', '45', '86.18']
['BTC-USDT', '30m', 'X<9D?ic', '2021-01-01', '2021-10-09', '105', '70.74', '-18.12', 109, '58', '1.16', '2.65', '6.03', '8', '5', 731, -539, '61', '44', '86.18']
['BTC-USDT', '30m', '6<XD`i_', '2021-01-01', '2021-10-09', '183', '64.49', '-19.27', 112, '52', '1.32', '2.49', '5.83', '7', '5', 637, -566, '96', '87', '86.18']
['BTC-USDT', '30m', '6<XD_i_', '2021-01-01', '2021-10-09', '183', '64.49', '-19.27', 112, '52', '1.32', '2.49', '5.83', '7', '5', 637, -566, '96', '87', '86.18']
['BTC-USDT', '30m', '6<XD^i_', '2021-01-01', '2021-10-09', '183', '64.49', '-19.27', 112, '52', '1.32', '2.49', '5.83', '7', '5', 637, -566, '96', '87', '86.18']
['BTC-USDT', '30m', 'S<vDEi]', '2021-01-01', '2021-10-09', '100', '64.55', '-16.11', 101, '59', '1.31', '2.88', '6.29', '16', '7', 534, -566, '59', '41', '86.18']
['BTC-USDT', '30m', '_<9D?ic', '2021-01-01', '2021-10-09', '96', '63.01', '-17.87', 96, '58', '1.09', '2.62', '5.37', '15', '6', 705, -539, '56', '40', '86.18']
['BTC-USDT', '30m', 'c<8D?ig', '2021-01-01', '2021-10-09', '95', '63.0', '-14.69', 95, '60', '1.77', '2.67', '6.47', '17', '5', 641, -553, '57', '38', '86.18']
['BTC-USDT', '30m', '6<XDei_', '2021-01-01', '2021-10-09', '180', '63.96', '-21.18', 111, '53', '1.0', '2.48', '5.25', '7', '5', 637, -566, '95', '85', '86.18']
['BTC-USDT', '30m', '6<XDdi_', '2021-01-01', '2021-10-09', '180', '63.96', '-21.18', 111, '53', '1.0', '2.48', '5.25', '7', '5', 637, -566, '95', '85', '86.18']
['BTC-USDT', '30m', '6<XDbi_', '2021-01-01', '2021-10-09', '180', '63.96', '-21.18', 111, '53', '1.0', '2.48', '5.25', '7', '5', 637, -566, '95', '85', '86.18']
