['Pair', 'TF', 'Start Date', 'End Date', 'Total Trades', 'Total Net Profit', 'Max.DD', 'Annual Profit', 'Winrate', 'Sharpe', 'Calmar', 'Winning Strike', 'Losing Strike', 'Largest Winning', 'Largest Losing', 'Num. of Wins', 'Num. of Losses', 'Market Change']
['AAVE-USDT', '5m', '2021-03-06', '2021-03-26', '12', '-9.76', '-14.9', -84, '33', '-2.99', '-5.61', '2', '6', 474, -463, '4', '8', '-11.64']
['AAVE-USDT', '5m', '2021-05-17', '2021-06-06', '17', '-4.74', '-12.35', -43, '41', '-0.36', '-3.51', '2', '4', 505, -502, '7', '10', '-32.47']
['AAVE-USDT', '5m', '2021-01-21', '2021-02-10', '15', '4.08', '-13.54', 193, '40', '1.58', '14.26', '2', '4', 571, -537, '6', '9', '146.51']
['AAVE-USDT', '5m', '2021-07-08', '2021-07-28', '13', '1.72', '-13.69', 37, '38', '0.76', '2.67', '2', '5', 537, -391, '5', '8', '-4.31']
['AAVE-USDT', '5m', '2021-03-05', '2021-03-25', '13', '-11.2', '-16.25', -88, '31', '-3.51', '-5.4', '2', '7', 467, -456, '4', '9', '-17.72']
['AAVE-USDT', '5m', '2021-07-07', '2021-07-27', '12', '5.53', '-13.69', 167, '42', '1.73', '12.2', '2', '5', 537, -379, '5', '7', '-4.21']
['AAVE-USDT', '5m', '2021-08-06', '2021-08-26', '4', '1.9', '-2.53', 41, '25', '1.63', '16.17', '1', '2', 533, -205, '1', '3', '3.13']
['AAVE-USDT', '5m', '2021-05-23', '2021-06-12', '15', '9.28', '-8.71', 536, '53', '3.41', '61.58', '4', '3', 572, -475, '8', '7', '-13.77']
['AAVE-USDT', '5m', '2021-01-18', '2021-02-07', '16', '-15.51', '-15.99', -93, '25', '-3.17', '-5.82', '2', '5', 517, -486, '4', '12', '152.08']
['AAVE-USDT', '5m', '2021-08-14', '2021-09-03', '3', '3.36', '-1.99', 83, '33', '2.85', '41.54', '1', '2', 546, -118, '1', '2', '-6.46']
['AAVE-USDT', '5m', '2021-01-29', '2021-02-18', '14', '7.82', '-13.54', 386, '50', '2.33', '28.48', '3', '3', 569, -515, '7', '7', '51.64']
['AAVE-USDT', '5m', '2021-02-01', '2021-02-21', '16', '6.0', '-13.54', 204, '50', '1.63', '15.04', '5', '4', 590, -589, '8', '8', '46.89']
['AAVE-USDT', '5m', '2021-09-24', '2021-10-14', '4', '8.81', '0.0', 367, '100', '8.09', 'inf', '4', '0', 562, 0, '4', '0', '-3.72']
['AAVE-USDT', '5m', '2021-09-07', '2021-09-27', '9', '19.82', '-5.18', 2613, '67', '5.91', '504.47', '3', '2', 610, -434, '6', '3', '-28.41']
['AAVE-USDT', '5m', '2021-05-22', '2021-06-11', '15', '0.7', '-9.72', 50, '47', '0.94', '5.17', '4', '3', 543, -515, '7', '8', '-17.05']
['AAVE-USDT', '5m', '2021-01-20', '2021-02-09', '17', '-0.44', '-13.54', 30, '35', '0.69', '2.24', '2', '4', 546, -514, '6', '11', '165.27']
['AAVE-USDT', '5m', '2021-01-11', '2021-01-31', '17', '-3.94', '-15.8', -34, '41', '-0.27', '-2.13', '2', '5', 546, -532, '7', '10', '147.64']
['AAVE-USDT', '5m', '2021-02-19', '2021-03-11', '18', '-19.37', '-24.09', -98, '22', '-4.93', '-4.07', '3', '9', 550, -540, '4', '14', '-8.43']
['AAVE-USDT', '5m', '2021-08-09', '2021-08-29', '4', '2.86', '-1.99', 67, '25', '2.42', '33.71', '1', '2', 544, -117, '1', '3', '1.74']
['AAVE-USDT', '5m', '2021-08-25', '2021-09-14', '6', '-4.7', '-5.14', -58, '17', '-2.43', '-11.37', '1', '3', 520, -414, '1', '5', '-12.51']
['AAVE-USDT', '5m', '2021-08-04', '2021-08-24', '3', '2.8', '-2.53', 66, '33', '2.58', '25.91', '1', '2', 533, -205, '1', '2', '32.34']
['AAVE-USDT', '5m', '2021-03-04', '2021-03-24', '12', '-15.82', '-16.25', -95, '25', '-6.07', '-5.87', '2', '7', 467, -456, '3', '9', '-16.46']
['AAVE-USDT', '5m', '2021-05-21', '2021-06-10', '15', '5.61', '-9.72', 258, '47', '2.23', '26.57', '3', '3', 573, -543, '7', '8', '-27.42']
['AAVE-USDT', '5m', '2021-09-05', '2021-09-25', '8', '17.6', '-5.18', 1828, '62', '5.33', '353.03', '3', '2', 610, -434, '5', '3', '-29.59']
['AAVE-USDT', '5m', '2021-09-17', '2021-10-07', '6', '14.41', '-1.62', 1068, '83', '7.36', '660.35', '4', '1', 590, -31, '5', '1', '-18.91']
['AAVE-USDT', '5m', '2021-03-23', '2021-04-12', '3', '1.33', '-5.08', 27, '33', '0.92', '5.35', '1', '2', 546, -221, '1', '2', '10.83']
['AAVE-USDT', '5m', '2021-08-28', '2021-09-17', '5', '11.63', '-5.18', 645, '60', '4.12', '124.57', '2', '2', 578, -434, '3', '2', '2.96']
['AAVE-USDT', '5m', '2021-07-25', '2021-08-14', '5', '0.83', '-6.03', 16, '40', '0.57', '2.7', '2', '3', 546, -398, '2', '3', '48.53']
['AAVE-USDT', '5m', '2021-07-28', '2021-08-17', '2', '-2.53', '-2.53', -37, '0', '-5.08', '-14.77', '0', '2', 0, -205, '0', '2', '37.88']
['AAVE-USDT', '5m', '2021-05-04', '2021-05-24', '15', '-24.39', '-21.38', -97, '20', '-4.33', '-4.55', '2', '10', 453, -496, '3', '12', '-43.8']
['AAVE-USDT', '5m', '2021-07-14', '2021-08-03', '9', '15.89', '-3.6', 1375, '56', '4.91', '382.37', '3', '2', 612, -446, '5', '4', '18.12']
['AAVE-USDT', '5m', '2021-07-02', '2021-07-22', '13', '4.76', '-13.69', 134, '46', '1.54', '9.75', '3', '5', 542, -396, '6', '7', '12.2']
['AAVE-USDT', '5m', '2021-07-04', '2021-07-24', '12', '5.92', '-13.7', 186, '42', '1.86', '13.56', '2', '5', 559, -408, '5', '7', '12.14']
['AAVE-USDT', '5m', '2021-05-08', '2021-05-28', '15', '-15.28', '-18.37', -93, '27', '-2.96', '-5.06', '2', '7', 546, -494, '4', '11', '-16.5']
['AAVE-USDT', '5m', '2021-09-25', '2021-10-15', '3', '8.6', '0.0', 351, '100', '7.89', 'inf', '3', '0', 560, 0, '3', '0', '8.23']
['AAVE-USDT', '5m', '2021-05-24', '2021-06-13', '14', '6.77', '-8.71', 304, '50', '2.6', '34.89', '4', '3', 584, -473, '7', '7', '-5.86']
['AAVE-USDT', '5m', '2021-03-26', '2021-04-15', '4', '2.54', '-5.08', 58, '50', '1.89', '11.42', '2', '2', 525, -209, '2', '2', '31.17']
['AAVE-USDT', '5m', '2021-03-19', '2021-04-08', '4', '4.59', '-3.27', 127, '75', '2.86', '38.82', '2', '1', 551, -223, '3', '1', '-3.83']
['AAVE-USDT', '5m', '2021-06-10', '2021-06-30', '16', '25.4', '-5.85', 6768, '62', '6.88', '1157.01', '4', '3', 649, -612, '10', '6', '-29.64']
['AAVE-USDT', '5m', '2021-01-23', '2021-02-12', '14', '-1.26', '-16.62', 14, '36', '0.49', '0.82', '3', '4', 542, -498, '5', '9', '174.49']
['AAVE-USDT', '5m', '2021-06-20', '2021-07-10', '21', '2.47', '-11.91', 74, '48', '1.05', '6.21', '4', '4', 606, -544, '10', '11', '18.96']
['AAVE-USDT', '5m', '2021-03-31', '2021-04-20', '6', '11.87', '-5.08', 675, '50', '5.16', '132.88', '2', '2', 580, -209, '3', '3', '-9.09']
['AAVE-USDT', '5m', '2021-08-08', '2021-08-28', '4', '4.74', '-1.84', 133, '50', '4.27', '72.11', '1', '1', 544, -92, '2', '2', '-2.9']
['AAVE-USDT', '5m', '2021-09-18', '2021-10-08', '6', '14.41', '-1.62', 1068, '83', '7.36', '660.35', '4', '1', 590, -31, '5', '1', '-13.67']
['AAVE-USDT', '5m', '2021-07-21', '2021-08-10', '7', '4.36', '-6.03', 118, '43', '1.91', '19.52', '2', '3', 565, -412, '3', '4', '68.05']
['AAVE-USDT', '5m', '2021-09-01', '2021-09-21', '7', '19.05', '-5.18', 2310, '71', '5.83', '446.0', '4', '2', 610, -434, '5', '2', '-25.31']
['AAVE-USDT', '5m', '2021-06-28', '2021-07-18', '14', '-0.39', '-13.69', -7, '43', '0.21', '-0.5', '3', '5', 573, -419, '6', '8', '25.24']
['AAVE-USDT', '5m', '2021-04-05', '2021-04-25', '8', '11.48', '-3.15', 626, '50', '5.71', '198.89', '3', '3', 596, -714, '4', '4', '-21.81']
['AAVE-USDT', '5m', '2021-03-13', '2021-04-02', '5', '3.9', '-7.09', 115, '60', '1.99', '16.22', '2', '2', 546, -461, '3', '2', '2.39']
['AAVE-USDT', '5m', '2021-06-11', '2021-07-01', '17', '29.92', '-5.85', 12974, '65', '7.82', '2217.99', '5', '3', 649, -612, '11', '6', '-19.16']
