['Pair', 'TF', 'Dna', 'Start Date', 'End Date', 'Total Trades', 'Total Net Profit', 'Max.DD', 'Annual Profit', 'Winrate', 'Serenity', 'Sharpe', 'Calmar', 'Winning Strike', 'Losing Strike', 'Largest Winning', 'Largest Losing', 'Num. of Wins', 'Num. of Loses', 'Market Change']
['BTC-USDT', '5m', 'BTC-USDT', '2021-04-01', '2021-12-19', '31', '25.3', '-7.27', 49, '74', '2.35', '2.68', '6.76', '7', '1', 405, -459, '23', '8', '-20.49']
['ETH-USDT', '5m', 'ETH-USDT', '2021-04-01', '2021-12-19', '52', '28.51', '-9.91', 70, '62', '2.52', '2.77', '7.09', '6', '5', 535, -826, '32', '20', '104.54']
['SOL-USDT', '5m', 'SOL-USDT', '2021-04-01', '2021-12-19', '69', '-1.95', '-29.25', 16, '57', '0.04', '0.65', '0.55', '6', '4', 385, -1008, '39', '30', '839.61']
['DYDX-USDT', '5m', 'DYDX-USDT', '2021-04-01', '2021-12-19', 0, 0, 0, 0, 0, 0, 0, 0, 0, 0, 0, 0, 0, 0, 0]
['FTM-USDT', '5m', 'FTM-USDT', '2021-04-01', '2021-12-19', '93', '7.53', '-18.85', 48, '57', '0.61', '1.32', '2.53', '9', '5', 457, -672, '53', '40', '233.77']
['AVAX-USDT', '5m', 'AVAX-USDT', '2021-04-01', '2021-12-19', '79', '-48.88', '-40.73', -36, '48', '-0.04', '-1.15', '-0.9', '3', '3', 397, -1145, '38', '41', '301.79']
['LUNA-USDT', '5m', 'LUNA-USDT', '2021-04-01', '2021-12-19', '89', '-37.97', '-18.93', 18, '48', '0.19', '0.64', '0.95', '3', '5', 417, -709, '43', '46', '295.94']
['FIL-USDT', '5m', 'FIL-USDT', '2021-04-01', '2021-12-19', '55', '26.3', '-6.92', 73, '56', '4.68', '2.34', '10.59', '4', '3', 522, -666, '31', '24', '-81.13']
['ADA-USDT', '5m', 'ADA-USDT', '2021-04-01', '2021-12-19', '60', '-14.63', '-13.36', 10, '52', '0.13', '0.5', '0.74', '5', '4', 398, -624, '31', '29', '3.81']
['COTI-USDT', '5m', 'COTI-USDT', '2021-04-01', '2021-12-19', '83', '-39.4', '-24.59', 19, '53', '0.11', '0.71', '0.78', '7', '5', 469, -1117, '44', '39', '-30.9']
['XRP-USDT', '5m', 'XRP-USDT', '2021-04-01', '2021-12-19', '53', '-27.72', '-24.07', 2, '49', '0.0', '0.19', '0.07', '4', '4', 434, -724, '26', '27', '44.3']
['UNI-USDT', '5m', 'UNI-USDT', '2021-04-01', '2021-12-19', '78', '-22.59', '-16.61', -12, '47', '-0.1', '-0.28', '-0.71', '7', '5', 355, -667, '37', '41', '-45.0']
['DOT-USDT', '5m', 'DOT-USDT', '2021-04-01', '2021-12-19', '62', '23.82', '-13.66', 66, '65', '1.09', '2.17', '4.83', '10', '5', 546, -1183, '40', '22', '-31.32']
['BNB-USDT', '5m', 'BNB-USDT', '2021-04-01', '2021-12-19', '50', '15.03', '-7.07', 53, '52', '2.49', '2.02', '7.46', '5', '3', 473, -549, '26', '24', '75.73']
['ATOM-USDT', '5m', 'ATOM-USDT', '2021-04-01', '2021-12-19', '72', '-15.86', '-18.45', 17, '51', '0.14', '0.68', '0.91', '5', '5', 434, -947, '37', '35', '20.75']
['CELR-USDT', '5m', 'CELR-USDT', '2021-04-01', '2021-12-19', '86', '-47.08', '-22.39', -8, '48', '-0.04', '-0.17', '-0.37', '7', '5', 379, -655, '41', '45', '-17.09']
['XTZ-USDT', '5m', 'XTZ-USDT', '2021-04-01', '2021-12-19', '70', '-12.18', '-23.67', 9, '53', '0.03', '0.46', '0.4', '5', '5', 397, -668, '37', '33', '-12.87']
['LINK-USDT', '5m', 'LINK-USDT', '2021-04-01', '2021-12-19', '71', '28.18', '-13.3', 85, '61', '1.27', '2.62', '6.42', '10', '5', 579, -1001, '43', '28', '-34.34']
['SUSHI-USDT', '5m', 'SUSHI-USDT', '2021-04-01', '2021-12-19', '92', '-49.51', '-28.76', -18, '49', '-0.05', '-0.42', '-0.63', '6', '5', 411, -675, '45', '47', '-62.34']
['LTC-USDT', '5m', 'LTC-USDT', '2021-04-01', '2021-12-19', '53', '-8.86', '-13.45', 20, '51', '0.3', '0.93', '1.5', '4', '4', 420, -852, '27', '26', '-24.98']
['EOS-USDT', '5m', 'EOS-USDT', '2021-04-01', '2021-12-19', '60', '-12.56', '-13.28', 21, '53', '0.34', '0.96', '1.55', '5', '5', 382, -530, '32', '28', '-33.06']
['ALGO-USDT', '5m', 'ALGO-USDT', '2021-04-01', '2021-12-19', '64', '-7.55', '-20.46', 37, '55', '0.25', '1.37', '1.83', '4', '5', 526, -809, '35', '29', '0.29']
['DOGE-USDT', '5m', 'DOGE-USDT', '2021-04-01', '2021-12-19', '43', '-32.1', '-30.59', -31, '53', '-0.06', '-0.98', '-1.01', '6', '5', 308, -1531, '23', '20', '218.63']
['CRV-USDT', '5m', 'CRV-USDT', '2021-04-01', '2021-12-19', '76', '-23.78', '-18.17', 13, '49', '0.07', '0.58', '0.71', '3', '5', 401, -653, '37', '39', '42.26']
['MATIC-USDT', '5m', 'MATIC-USDT', '2021-04-01', '2021-12-19', '74', '12.56', '-11.65', 48, '57', '0.88', '1.6', '4.13', '9', '3', 484, -675, '42', '32', '512.29']
['AXS-USDT', '5m', 'AXS-USDT', '2021-04-01', '2021-12-19', '75', '-56.97', '-37.81', -35, '43', '-0.04', '-1.27', '-0.94', '5', '5', 386, -747, '32', '43', '1572.57']
['SRM-USDT', '5m', 'SRM-USDT', '2021-04-01', '2021-12-19', '85', '-72.69', '-47.69', -55, '40', '-0.05', '-1.95', '-1.15', '4', '7', 426, -777, '34', '51', '-37.0']
['REN-USDT', '5m', 'REN-USDT', '2021-04-01', '2021-12-19', '82', '52.74', '-8.98', 129, '63', '6.46', '3.0', '14.41', '11', '3', 695, -892, '52', '30', '-50.31']
['ONE-USDT', '5m', 'ONE-USDT', '2021-04-01', '2021-12-19', '80', '29.88', '-14.47', 88, '59', '2.07', '2.44', '6.09', '10', '4', 525, -669, '47', '33', '17.82']
['ETC-USDT', '5m', 'ETC-USDT', '2021-04-01', '2021-12-19', '57', '-24.9', '-21.28', -1, '49', '-0.0', '0.09', '-0.05', '5', '6', 421, -942, '28', '29', '145.81']
['BCH-USDT', '5m', 'BCH-USDT', '2021-04-01', '2021-12-19', '50', '-9.14', '-12.81', 12, '54', '0.13', '0.61', '0.96', '5', '3', 411, -757, '27', '23', '-20.05']
['ICP-USDT', '5m', 'ICP-USDT', '2021-04-01', '2021-12-19', 0, 0, 0, 0, 0, 0, 0, 0, 0, 0, 0, 0, 0, 0, 0]
['AAVE-USDT', '5m', 'AAVE-USDT', '2021-04-01', '2021-12-19', '69', '-5.89', '-15.16', 26, '51', '0.29', '0.95', '1.74', '5', '5', 471, -559, '35', '34', '-49.85']
['1INCH-USDT', '5m', '1INCH-USDT', '2021-04-01', '2021-12-19', '64', '-10.83', '-11.65', 23, '53', '0.46', '0.92', '1.93', '6', '4', 406, -941, '34', '30', '-43.17']
['ALICE-USDT', '5m', 'ALICE-USDT', '2021-04-01', '2021-12-19', '78', '-49.44', '-46.63', -32, '46', '-0.02', '-1.18', '-0.7', '4', '9', 328, -872, '36', '42', '-16.11']
['NEAR-USDT', '5m', 'NEAR-USDT', '2021-04-01', '2021-12-19', '72', '-2.88', '-19.66', 22, '57', '0.11', '0.83', '1.12', '7', '4', 371, -649, '41', '31', '39.4']
['BZRX-USDT', '5m', 'BZRX-USDT', '2021-04-01', '2021-12-19', '89', '-28.05', '-28.84', -4, '52', '-0.01', '0.02', '-0.14', '7', '4', 460, -716, '46', '43', '-68.09']
['OMG-USDT', '5m', 'OMG-USDT', '2021-04-01', '2021-12-19', '86', '-11.75', '-22.59', 18, '53', '0.14', '0.69', '0.79', '8', '10', 438, -616, '46', '40', '-24.31']
['TRX-USDT', '5m', 'TRX-USDT', '2021-04-01', '2021-12-19', '56', '-16.69', '-14.92', 8, '48', '0.08', '0.48', '0.56', '6', '4', 407, -637, '27', '29', '-13.54']
['BAKE-USDT', '5m', 'BAKE-USDT', '2021-04-01', '2021-12-19', 0, 0, 0, 0, 0, 0, 0, 0, 0, 0, 0, 0, 0, 0, 0]
['GALA-USDT', '5m', 'GALA-USDT', '2021-04-01', '2021-12-19', 0, 0, 0, 0, 0, 0, 0, 0, 0, 0, 0, 0, 0, 0, 0]
['THETA-USDT', '5m', 'THETA-USDT', '2021-04-01', '2021-12-19', '69', '-0.79', '-14.4', 38, '57', '1.26', '1.44', '2.65', '7', '4', 453, -675, '39', '30', '-67.06']
['EGLD-USDT', '5m', 'EGLD-USDT', '2021-04-01', '2021-12-19', '59', '-11.17', '-17.27', 24, '54', '0.41', '0.86', '1.42', '6', '3', 482, -837, '32', '27', '80.88']
['RUNE-USDT', '5m', 'RUNE-USDT', '2021-04-01', '2021-12-19', '90', '-53.78', '-43.07', -32, '50', '-0.04', '-0.65', '-0.73', '7', '7', 343, -2145, '45', '45', '-19.35']
['IOTX-USDT', '5m', 'IOTX-USDT', '2021-04-01', '2021-12-19', 0, 0, 0, 0, 0, 0, 0, 0, 0, 0, 0, 0, 0, 0, 0]
['C98-USDT', '5m', 'C98-USDT', '2021-04-01', '2021-12-19', 0, 0, 0, 0, 0, 0, 0, 0, 0, 0, 0, 0, 0, 0, 0]
['TLM-USDT', '5m', 'TLM-USDT', '2021-04-01', '2021-12-19', 0, 0, 0, 0, 0, 0, 0, 0, 0, 0, 0, 0, 0, 0, 0]
['IOST-USDT', '5m', 'IOST-USDT', '2021-04-01', '2021-12-19', '59', '23.78', '-10.85', 75, '59', '2.19', '2.7', '6.9', '6', '5', 512, -656, '35', '24', '-45.19']
['KSM-USDT', '5m', 'KSM-USDT', '2021-04-01', '2021-12-19', '65', '-26.05', '-16.55', 13, '46', '0.07', '0.64', '0.8', '4', '4', 451, -536, '30', '35', '-43.82']
['SXP-USDT', '5m', 'SXP-USDT', '2021-04-01', '2021-12-19', '63', '-20.45', '-19.61', 14, '49', '0.07', '0.66', '0.74', '5', '4', 476, -718, '31', '32', '-58.21']
['VET-USDT', '5m', 'VET-USDT', '2021-04-01', '2021-12-19', '64', '16.08', '-13.41', 51, '59', '0.69', '1.86', '3.84', '5', '3', 437, -549, '38', '26', '-4.85']
['XLM-USDT', '5m', 'XLM-USDT', '2021-04-01', '2021-12-19', '58', '7.29', '-14.08', 34, '60', '0.45', '1.41', '2.44', '7', '5', 483, -881, '35', '23', '-37.66']
['RAY-USDT', '5m', 'RAY-USDT', '2021-04-01', '2021-12-19', 0, 0, 0, 0, 0, 0, 0, 0, 0, 0, 0, 0, 0, 0, 0]
['GRT-USDT', '5m', 'GRT-USDT', '2021-04-01', '2021-12-19', '73', '2.29', '-15.19', 46, '55', '0.81', '1.43', '3.05', '5', '4', 465, -749, '40', '33', '-65.11']
['KAVA-USDT', '5m', 'KAVA-USDT', '2021-04-01', '2021-12-19', '65', '-29.12', '-15.51', 11, '48', '0.12', '0.53', '0.72', '3', '5', 401, -825, '31', '34', '-36.78']
['MASK-USDT', '5m', 'MASK-USDT', '2021-04-01', '2021-12-19', 0, 0, 0, 0, 0, 0, 0, 0, 0, 0, 0, 0, 0, 0, 0]
['DODO-USDT', '5m', 'DODO-USDT', '2021-04-01', '2021-12-19', '80', '-52.7', '-32.57', -14, '49', '-0.03', '-0.34', '-0.43', '10', '7', 428, -1050, '39', '41', '-79.26']
['RLC-USDT', '5m', 'RLC-USDT', '2021-04-01', '2021-12-19', '86', '-44.7', '-27.47', -25, '52', '-0.06', '-0.62', '-0.9', '5', '5', 374, -1977, '45', '41', '3.86']
['1000SHIB-USDT', '5m', '1000SHIB-USDT', '2021-04-01', '2021-12-19', 0, 0, 0, 0, 0, 0, 0, 0, 0, 0, 0, 0, 0, 0, 0]
['COMP-USDT', '5m', 'COMP-USDT', '2021-04-01', '2021-12-19', '70', '-6.99', '-14.72', 14, '57', '0.21', '0.61', '0.98', '4', '3', 403, -567, '40', '30', '-49.28']
['WAVES-USDT', '5m', 'WAVES-USDT', '2021-04-01', '2021-12-19', '57', '22.73', '-11.3', 76, '61', '2.69', '2.38', '6.72', '4', '2', 504, -823, '35', '22', '43.5']
['CHR-USDT', '5m', 'CHR-USDT', '2021-04-01', '2021-12-19', '94', '-76.13', '-40.45', -45, '40', '-0.06', '-1.64', '-1.11', '6', '12', 412, -750, '38', '56', '39.67']
['XMR-USDT', '5m', 'XMR-USDT', '2021-04-01', '2021-12-19', '39', '-0.55', '-17.5', 14, '56', '0.07', '0.71', '0.77', '5', '5', 387, -665, '22', '17', '-26.31']
['ICX-USDT', '5m', 'ICX-USDT', '2021-04-01', '2021-12-19', '85', '-39.19', '-30.34', -19, '48', '-0.04', '-0.49', '-0.63', '6', '5', 329, -852, '41', '44', '-59.99']
['HBAR-USDT', '5m', 'HBAR-USDT', '2021-04-01', '2021-12-19', '58', '-19.73', '-21.49', -3, '50', '-0.01', '0.01', '-0.13', '5', '4', 391, -893, '29', '29', '-15.54']
['SAND-USDT', '5m', 'SAND-USDT', '2021-04-01', '2021-12-19', '93', '-24.0', '-26.24', 9, '51', '0.04', '0.42', '0.34', '6', '10', 457, -964, '47', '46', '539.14']
['DENT-USDT', '5m', 'DENT-USDT', '2021-04-01', '2021-12-19', '77', '73.28', '-7.03', 241, '60', '28.29', '4.21', '34.29', '6', '6', 832, -951, '46', '31', '-73.67']
['NEO-USDT', '5m', 'NEO-USDT', '2021-04-01', '2021-12-19', '65', '-25.8', '-19.02', -13, '52', '-0.08', '-0.35', '-0.66', '5', '3', 382, -705, '34', '31', '-49.84']
['SNX-USDT', '5m', 'SNX-USDT', '2021-04-01', '2021-12-19', '81', '-38.3', '-18.71', -16, '46', '-0.08', '-0.49', '-0.87', '4', '4', 364, -539, '37', '44', '-70.93']
['1000XEC-USDT', '5m', '1000XEC-USDT', '2021-04-01', '2021-12-19', 0, 0, 0, 0, 0, 0, 0, 0, 0, 0, 0, 0, 0, 0, 0]
['ZEC-USDT', '5m', 'ZEC-USDT', '2021-04-01', '2021-12-19', '75', '11.81', '-20.13', 38, '61', '0.22', '1.26', '1.87', '5', '3', 392, -893, '46', '29', '-0.81']
['CHZ-USDT', '5m', 'CHZ-USDT', '2021-04-01', '2021-12-19', '48', '-11.22', '-24.44', 4, '56', '0.02', '0.28', '0.16', '8', '5', 442, -660, '27', '21', '-46.03']
['YFI-USDT', '5m', 'YFI-USDT', '2021-04-01', '2021-12-19', '64', '6.14', '-10.81', 45, '53', '2.25', '1.58', '4.19', '6', '4', 492, -774, '34', '30', '-14.28']
['IOTA-USDT', '5m', 'IOTA-USDT', '2021-04-01', '2021-12-19', '63', '2.79', '-11.84', 43, '49', '0.85', '1.61', '3.6', '5', '6', 490, -572, '31', '32', '-27.16']
['BAL-USDT', '5m', 'BAL-USDT', '2021-04-01', '2021-12-19', '78', '-13.9', '-17.09', 28, '51', '0.41', '0.99', '1.62', '6', '4', 465, -664, '40', '38', '-68.89']
['QTUM-USDT', '5m', 'QTUM-USDT', '2021-04-01', '2021-12-19', '74', '12.17', '-21.2', 33, '62', '0.16', '1.13', '1.54', '6', '4', 476, -886, '46', '28', '-2.78']
['ZEN-USDT', '5m', 'ZEN-USDT', '2021-04-01', '2021-12-19', '62', '-13.71', '-20.47', 20, '52', '0.06', '0.83', '0.96', '4', '4', 416, -596, '32', '30', '26.6']
['DASH-USDT', '5m', 'DASH-USDT', '2021-04-01', '2021-12-19', '57', '-30.39', '-17.17', -12, '51', '-0.09', '-0.43', '-0.7', '5', '4', 347, -543, '29', '28', '-42.16']
['AKRO-USDT', '5m', 'AKRO-USDT', '2021-04-01', '2021-12-19', '74', '-6.18', '-11.21', 36, '51', '1.14', '1.27', '3.25', '7', '4', 509, -634, '38', '36', '-72.7']
['MANA-USDT', '5m', 'MANA-USDT', '2021-04-01', '2021-12-19', '66', '-55.55', '-44.44', -56, '41', '-0.04', '-2.71', '-1.25', '3', '7', 300, -509, '27', '39', '234.51']
['MKR-USDT', '5m', 'MKR-USDT', '2021-04-01', '2021-12-19', '72', '-16.74', '-11.83', 6, '47', '0.08', '0.35', '0.51', '5', '4', 404, -724, '34', '38', '16.17']
['ENJ-USDT', '5m', 'ENJ-USDT', '2021-04-01', '2021-12-19', '71', '-19.62', '-28.21', -5, '55', '-0.02', '-0.02', '-0.17', '7', '5', 364, -725, '39', '32', '-6.64']
['CTK-USDT', '5m', 'CTK-USDT', '2021-04-01', '2021-12-19', '70', '-2.72', '-22.76', 24, '53', '0.08', '0.84', '1.06', '4', '6', 442, -656, '37', '33', '-36.79']
['TOMO-USDT', '5m', 'TOMO-USDT', '2021-04-01', '2021-12-19', '65', '-32.12', '-12.7', 5, '48', '0.06', '0.3', '0.36', '4', '7', 391, -591, '31', '34', '-26.8']
['LINA-USDT', '5m', 'LINA-USDT', '2021-04-01', '2021-12-19', '78', '-5.97', '-14.49', 47, '55', '0.59', '1.45', '3.26', '4', '5', 479, -767, '43', '35', '-72.78']
['HOT-USDT', '5m', 'HOT-USDT', '2021-04-01', '2021-12-19', '51', '-1.05', '-21.92', 20, '59', '0.15', '0.9', '0.91', '7', '6', 438, -931, '30', '21', '-55.59']
['ALPHA-USDT', '5m', 'ALPHA-USDT', '2021-04-01', '2021-12-19', '73', '-7.85', '-21.78', 10, '58', '0.04', '0.45', '0.44', '6', '3', 478, -867, '42', '31', '-61.29']
['SFP-USDT', '5m', 'SFP-USDT', '2021-04-01', '2021-12-19', '97', '-30.45', '-30.9', -14, '53', '-0.03', '-0.27', '-0.44', '9', '5', 386, -733, '51', '46', '-51.76']
['STORJ-USDT', '5m', 'STORJ-USDT', '2021-04-01', '2021-12-19', '76', '-16.54', '-22.65', 22, '51', '0.08', '0.8', '0.95', '5', '3', 412, -696, '39', '37', '-37.15']
['CVC-USDT', '5m', 'CVC-USDT', '2021-04-01', '2021-12-19', '74', '-5.98', '-24.1', 32, '54', '0.17', '1.09', '1.33', '9', '8', 429, -807, '40', '34', '-40.77']
['OGN-USDT', '5m', 'OGN-USDT', '2021-04-01', '2021-12-19', 0, 0, 0, 0, 0, 0, 0, 0, 0, 0, 0, 0, 0, 0, 0]
['BEL-USDT', '5m', 'BEL-USDT', '2021-04-01', '2021-12-19', '89', '-61.51', '-33.87', -23, '42', '-0.04', '-0.69', '-0.68', '6', '9', 447, -692, '37', '52', '-69.94']
['KEEP-USDT', '5m', 'KEEP-USDT', '2021-04-01', '2021-12-19', 0, 0, 0, 0, 0, 0, 0, 0, 0, 0, 0, 0, 0, 0, 0]
['ONT-USDT', '5m', 'ONT-USDT', '2021-04-01', '2021-12-19', '60', '-9.66', '-20.66', 16, '53', '0.06', '0.72', '0.75', '8', '7', 519, -572, '32', '28', '-61.12']
['AUDIO-USDT', '5m', 'AUDIO-USDT', '2021-04-01', '2021-12-19', 0, 0, 0, 0, 0, 0, 0, 0, 0, 0, 0, 0, 0, 0, 0]
['BTT-USDT', '5m', 'BTT-USDT', '2021-04-01', '2021-12-19', 0, 0, 0, 0, 0, 0, 0, 0, 0, 0, 0, 0, 0, 0, 0]
['BAND-USDT', '5m', 'BAND-USDT', '2021-04-01', '2021-12-19', '69', '28.45', '-14.35', 62, '64', '1.92', '1.76', '4.32', '9', '2', 548, -919, '44', '25', '-69.53']
['BLZ-USDT', '5m', 'BLZ-USDT', '2021-04-01', '2021-12-19', '80', '-36.69', '-13.24', 37, '45', '0.74', '1.33', '2.82', '6', '6', 491, -811, '36', '44', '-51.65']
['STMX-USDT', '5m', 'STMX-USDT', '2021-04-01', '2021-12-19', '71', '4.49', '-21.04', 34, '56', '0.2', '1.28', '1.61', '13', '4', 411, -567, '40', '31', '-66.25']
['LIT-USDT', '5m', 'LIT-USDT', '2021-04-01', '2021-12-19', '81', '-36.96', '-30.1', 0, '46', '-0.0', '0.14', '-0.01', '6', '8', 465, -988, '37', '44', '-68.96']
['SKL-USDT', '5m', 'SKL-USDT', '2021-04-01', '2021-12-19', '65', '-11.61', '-16.49', 22, '51', '0.2', '0.93', '1.35', '7', '6', 483, -872, '33', '32', '-74.05']
['REEF-USDT', '5m', 'REEF-USDT', '2021-04-01', '2021-12-19', '57', '-49.74', '-36.34', -41, '46', '-0.08', '-1.8', '-1.12', '5', '5', 379, -755, '26', '31', '-57.49']
['HNT-USDT', '5m', 'HNT-USDT', '2021-04-01', '2021-12-19', '76', '-22.79', '-26.2', 0, '49', '-0.0', '0.15', '-0.01', '6', '11', 378, -778, '37', '39', '207.72']
['TRB-USDT', '5m', 'TRB-USDT', '2021-04-01', '2021-12-19', '85', '-57.09', '-37.28', -22, '45', '-0.04', '-0.73', '-0.6', '8', '7', 401, -637, '38', '47', '-58.46']
['FLM-USDT', '5m', 'FLM-USDT', '2021-04-01', '2021-12-19', '63', '3.46', '-21.61', 28, '62', '0.18', '1.05', '1.31', '7', '3', 419, -1745, '39', '24', '-59.41']
['BTS-USDT', '5m', 'BTS-USDT', '2021-04-01', '2021-12-19', '82', '-61.77', '-48.09', -38, '39', '-0.03', '-1.33', '-0.8', '3', '6', 400, -699, '32', '50', '-67.25']
['MTL-USDT', '5m', 'MTL-USDT', '2021-04-01', '2021-12-19', 0, 0, 0, 0, 0, 0, 0, 0, 0, 0, 0, 0, 0, 0, 0]
['RVN-USDT', '5m', 'RVN-USDT', '2021-04-01', '2021-12-19', '63', '0.34', '-9.88', 34, '59', '1.07', '1.24', '3.42', '6', '3', 450, -991, '37', '26', '-56.58']
['ZIL-USDT', '5m', 'ZIL-USDT', '2021-04-01', '2021-12-19', '74', '-20.64', '-26.95', 0, '53', '0.0', '0.14', '0.0', '6', '5', 462, -985, '39', '35', '-64.65']
['YFII-USDT', '5m', 'YFII-USDT', '2021-04-01', '2021-12-19', '46', '26.35', '-9.96', 71, '63', '2.64', '2.31', '7.12', '6', '3', 526, -946, '29', '17', '42.02']
['ZRX-USDT', '5m', 'ZRX-USDT', '2021-04-01', '2021-12-19', '71', '-17.45', '-20.0', 20, '56', '0.12', '0.82', '1.0', '8', '6', 406, -749, '40', '31', '-58.68']
['LRC-USDT', '5m', 'LRC-USDT', '2021-04-01', '2021-12-19', '84', '-10.39', '-26.67', 33, '54', '0.11', '1.12', '1.24', '8', '5', 530, -1237, '45', '39', '274.6']
['RSR-USDT', '5m', 'RSR-USDT', '2021-04-01', '2021-12-19', '74', '-10.44', '-14.49', 28, '55', '0.48', '0.92', '1.94', '5', '3', 418, -1048, '41', '33', '-65.34']
['NKN-USDT', '5m', 'NKN-USDT', '2021-04-01', '2021-12-19', 0, 0, 0, 0, 0, 0, 0, 0, 0, 0, 0, 0, 0, 0, 0]
['SC-USDT', '5m', 'SC-USDT', '2021-04-01', '2021-12-19', 0, 0, 0, 0, 0, 0, 0, 0, 0, 0, 0, 0, 0, 0, 0]
['BAT-USDT', '5m', 'BAT-USDT', '2021-04-01', '2021-12-19', '77', '-38.21', '-30.29', -12, '45', '-0.02', '-0.33', '-0.4', '6', '6', 390, -762, '35', '42', '2.04']
['ATA-USDT', '5m', 'ATA-USDT', '2021-04-01', '2021-12-19', 0, 0, 0, 0, 0, 0, 0, 0, 0, 0, 0, 0, 0, 0, 0]
['GTC-USDT', '5m', 'GTC-USDT', '2021-04-01', '2021-12-19', 0, 0, 0, 0, 0, 0, 0, 0, 0, 0, 0, 0, 0, 0, 0]
['KNC-USDT', '5m', 'KNC-USDT', '2021-04-01', '2021-12-19', '63', '2.21', '-16.91', 44, '57', '0.63', '1.6', '2.59', '7', '4', 426, -613, '36', '27', '-52.01']
['XEM-USDT', '5m', 'XEM-USDT', '2021-04-01', '2021-12-19', '45', '-9.42', '-14.96', 15, '53', '0.11', '0.72', '0.99', '6', '4', 402, -832, '24', '21', '-64.92']
['OCEAN-USDT', '5m', 'OCEAN-USDT', '2021-04-01', '2021-12-19', '81', '-40.42', '-27.62', -17, '48', '-0.04', '-0.47', '-0.61', '5', '4', 378, -775, '39', '42', '-45.59']
['CELO-USDT', '5m', 'CELO-USDT', '2021-04-01', '2021-12-19', 0, 0, 0, 0, 0, 0, 0, 0, 0, 0, 0, 0, 0, 0, 0]
['UNFI-USDT', '5m', 'UNFI-USDT', '2021-04-01', '2021-12-19', '90', '-19.39', '-15.24', 29, '57', '0.37', '0.97', '1.89', '7', '4', 482, -1355, '51', '39', '-70.36']
['ANKR-USDT', '5m', 'ANKR-USDT', '2021-04-01', '2021-12-19', '66', '-11.63', '-11.92', 26, '56', '0.91', '1.09', '2.17', '3', '4', 490, -750, '37', '29', '-35.75']
['DGB-USDT', '5m', 'DGB-USDT', '2021-04-01', '2021-12-19', 0, 0, 0, 0, 0, 0, 0, 0, 0, 0, 0, 0, 0, 0, 0]
['DEFI-USDT', '5m', 'DEFI-USDT', '2021-04-01', '2021-12-19', '52', '50.68', '-5.64', 109, '65', '18.4', '3.94', '19.38', '5', '3', 582, -585, '34', '18', '-15.33']
['BTCDOM-USDT', '5m', 'BTCDOM-USDT', '2021-04-01', '2021-12-19', 0, 0, 0, 0, 0, 0, 0, 0, 0, 0, 0, 0, 0, 0, 0]
