['Pair', 'TF', 'Dna', 'Start Date', 'End Date', 'Total Trades', 'Total Net Profit', 'Max.DD', 'Annual Profit', 'Winrate', 'Sharpe', 'Calmar', 'Winning Strike', 'Losing Strike', 'Largest Winning', 'Largest Losing', 'Num. of Wins', 'Num. of Loses', 'Market Change']
['BTC-USDT', '5m', 'BTC-USDT', '2021-08-01', '2021-10-01', '38', '19.0', '-21.8', 178, '39', '1.87', '8.19', '3', '7', 926, -618, '15', '23', '5.71']
['ETH-USDT', '5m', 'ETH-USDT', '2021-08-01', '2021-10-01', '46', '126.17', '-14.36', 12106, '50', '5.64', '843.16', '5', '4', 1893, -1295, '23', '23', '18.51']
['SOL-USDT', '5m', 'SOL-USDT', '2021-08-01', '2021-10-01', '57', '-27.7', '-43.23', -85, '42', '-0.66', '-1.97', '3', '5', 755, -1039, '24', '33', '285.06']
['DYDX-USDT', '5m', 'DYDX-USDT', '2021-08-01', '2021-10-01', 0, 0, 0, 0, 0, 0, 0, 0, 0, 0, 0, 0, 0, 0]
['FTM-USDT', '5m', 'FTM-USDT', '2021-08-01', '2021-10-01', '73', '-92.92', '-94.33', -100, '48', '-2.75', '-1.06', '4', '4', 994, -7532, '35', '38', '370.68']
['AVAX-USDT', '5m', 'AVAX-USDT', '2021-08-01', '2021-10-01', '68', '191.56', '-27.93', 54343, '59', '5.14', '1945.52', '8', '3', 2456, -2492, '40', '28', '391.15']
['LUNA-USDT', '5m', 'LUNA-USDT', '2021-08-01', '2021-10-01', '69', '-10.83', '-62.05', -49, '45', '0.3', '-0.79', '5', '6', 1815, -2876, '31', '38', '267.76']
['FIL-USDT', '5m', 'FIL-USDT', '2021-08-01', '2021-10-01', '46', '50.49', '-24.15', 1009, '41', '3.0', '41.8', '5', '5', 1283, -924, '19', '27', '15.62']
['ADA-USDT', '5m', 'ADA-USDT', '2021-08-01', '2021-10-01', '53', '8.55', '-42.27', 62, '43', '1.03', '1.47', '5', '5', 1111, -906, '23', '30', '60.4']
['COTI-USDT', '5m', 'COTI-USDT', '2021-08-01', '2021-10-01', '67', '-52.85', '-68.99', -99, '45', '-1.38', '-1.43', '6', '8', 759, -1004, '30', '37', '351.08']
['XRP-USDT', '5m', 'XRP-USDT', '2021-08-01', '2021-10-01', '42', '-32.74', '-40.48', -90, '33', '-1.22', '-2.23', '4', '8', 718, -1147, '14', '28', '27.68']
['UNI-USDT', '5m', 'UNI-USDT', '2021-08-01', '2021-10-01', '62', '12.51', '-24.92', 100, '40', '1.17', '4.02', '4', '6', 1193, -1747, '25', '37', '8.32']
['DOT-USDT', '5m', 'DOT-USDT', '2021-08-01', '2021-10-01', '49', '18.88', '-29.17', 177, '47', '1.52', '6.06', '3', '3', 1004, -1421, '23', '26', '70.73']
['BNB-USDT', '5m', 'BNB-USDT', '2021-08-01', '2021-10-01', '45', '88.32', '-21.18', 4052, '44', '4.21', '191.36', '4', '5', 1514, -1004, '20', '25', '16.38']
['ATOM-USDT', '5m', 'ATOM-USDT', '2021-08-01', '2021-10-01', '66', '3.25', '-47.21', 21, '52', '0.95', '0.44', '4', '5', 1205, -2296, '34', '32', '186.85']
['CELR-USDT', '5m', 'CELR-USDT', '2021-08-01', '2021-10-01', '70', '-69.79', '-81.53', -100, '46', '-1.89', '-1.23', '4', '7', 1301, -4051, '32', '38', '323.55']
['XTZ-USDT', '5m', 'XTZ-USDT', '2021-08-01', '2021-10-01', '61', '91.52', '-24.07', 4485, '54', '3.49', '186.32', '7', '4', 1731, -2839, '33', '28', '99.7']
['LINK-USDT', '5m', 'LINK-USDT', '2021-08-01', '2021-10-01', '63', '-35.6', '-44.28', -93, '35', '-1.84', '-2.09', '2', '7', 888, -911, '22', '41', '5.66']
['SUSHI-USDT', '5m', 'SUSHI-USDT', '2021-08-01', '2021-10-01', '62', '0.17', '-44.01', 1, '42', '0.73', '0.02', '3', '6', 1274, -1724, '26', '36', '14.74']
['LTC-USDT', '5m', 'LTC-USDT', '2021-08-01', '2021-10-01', '52', '-59.56', '-64.04', -100, '33', '-2.5', '-1.55', '2', '6', 846, -4169, '17', '35', '6.14']
['EOS-USDT', '5m', 'EOS-USDT', '2021-08-01', '2021-10-01', '62', '12.6', '-33.67', 101, '42', '1.18', '3.0', '3', '9', 916, -1094, '26', '36', '-3.29']
['ALGO-USDT', '5m', 'ALGO-USDT', '2021-08-01', '2021-10-01', '64', '50.86', '-30.88', 1025, '47', '2.5', '33.2', '6', '6', 1278, -1463, '30', '34', '93.4']
['DOGE-USDT', '5m', 'DOGE-USDT', '2021-08-01', '2021-10-01', '46', '-29.6', '-48.12', -87, '37', '-1.26', '-1.81', '3', '5', 1043, -1591, '17', '29', '-1.57']
['CRV-USDT', '5m', 'CRV-USDT', '2021-08-01', '2021-10-01', '62', '-6.86', '-58.5', -34, '42', '0.44', '-0.58', '5', '5', 1024, -1199, '26', '36', '36.67']
['MATIC-USDT', '5m', 'MATIC-USDT', '2021-08-01', '2021-10-01', '56', '-19.12', '-46.23', -71, '41', '-0.3', '-1.54', '3', '6', 936, -1236, '23', '33', '4.29']
['AXS-USDT', '5m', 'AXS-USDT', '2021-08-01', '2021-10-01', '56', '-20.45', '-40.44', -74, '43', '-0.37', '-1.83', '4', '7', 847, -1468, '24', '32', '76.05']
['SRM-USDT', '5m', 'SRM-USDT', '2021-08-01', '2021-10-01', '73', '-75.03', '-80.65', -100, '38', '-3.51', '-1.24', '4', '6', 865, -1026, '28', '45', '85.41']
['REN-USDT', '5m', 'REN-USDT', '2021-08-01', '2021-10-01', '59', '3.14', '-48.98', 20, '42', '0.83', '0.41', '6', '6', 1090, -1788, '25', '34', '113.73']
['ONE-USDT', '5m', 'ONE-USDT', '2021-08-01', '2021-10-01', '65', '160.04', '-30.05', 27659, '52', '4.76', '920.4', '6', '5', 2294, -1912, '34', '31', '91.99']
['ETC-USDT', '5m', 'ETC-USDT', '2021-08-01', '2021-10-01', '49', '-17.67', '-24.29', -68, '37', '-0.46', '-2.81', '3', '6', 876, -815, '18', '31', '-8.5']
['BCH-USDT', '5m', 'BCH-USDT', '2021-08-01', '2021-10-01', '47', '46.31', '-27.59', 840, '43', '2.72', '30.43', '4', '7', 1272, -1598, '20', '27', '-8.06']
['ICP-USDT', '5m', 'ICP-USDT', '2021-08-01', '2021-10-01', '65', '30.19', '-47.52', 373, '48', '1.84', '7.84', '4', '9', 1071, -1069, '31', '34', '7.72']
['AAVE-USDT', '5m', 'AAVE-USDT', '2021-08-01', '2021-10-01', '50', '-5.36', '-54.1', -28, '40', '0.34', '-0.51', '7', '7', 1004, -1156, '20', '30', '-16.41']
['1INCH-USDT', '5m', '1INCH-USDT', '2021-08-01', '2021-10-01', '56', '78.12', '-25.41', 2892, '48', '3.34', '113.82', '4', '3', 1417, -1369, '27', '29', '7.54']
['ALICE-USDT', '5m', 'ALICE-USDT', '2021-08-01', '2021-10-01', '61', '-17.82', '-60.65', -68, '43', '0.39', '-1.13', '3', '7', 984, -1031, '26', '35', '-13.63']
['NEAR-USDT', '5m', 'NEAR-USDT', '2021-08-01', '2021-10-01', '67', '-0.08', '-49.25', 0, '49', '0.77', '-0.01', '5', '3', 1091, -1876, '33', '34', '187.87']
['BZRX-USDT', '5m', 'BZRX-USDT', '2021-08-01', '2021-10-01', '70', '-72.68', '-84.72', -100, '37', '-3.44', '-1.18', '4', '9', 803, -867, '26', '44', '8.63']
['OMG-USDT', '5m', 'OMG-USDT', '2021-08-01', '2021-10-01', '40', '-27.81', '-42.96', -85, '40', '-0.59', '-1.99', '4', '6', 833, -1957, '16', '24', '178.38']
['TRX-USDT', '5m', 'TRX-USDT', '2021-08-01', '2021-10-01', '47', '3.89', '-21.78', 25, '36', '0.69', '1.16', '3', '6', 1020, -910, '17', '30', '39.72']
['BAKE-USDT', '5m', 'BAKE-USDT', '2021-08-01', '2021-10-01', '57', '-2.63', '-32.04', -15, '42', '0.47', '-0.45', '3', '5', 972, -1086, '24', '33', '-14.92']
['GALA-USDT', '5m', 'GALA-USDT', '2021-08-01', '2021-10-01', 0, 0, 0, 0, 0, 0, 0, 0, 0, 0, 0, 0, 0, 0]
['THETA-USDT', '5m', 'THETA-USDT', '2021-08-01', '2021-10-01', '44', '-5.14', '-24.87', -27, '39', '0.27', '-1.07', '2', '5', 959, -904, '17', '27', '-17.16']
['EGLD-USDT', '5m', 'EGLD-USDT', '2021-08-01', '2021-10-01', '60', '-33.29', '-38.59', -91, '37', '-1.29', '-2.35', '2', '5', 864, -1015, '22', '38', '141.6']
['RUNE-USDT', '5m', 'RUNE-USDT', '2021-08-01', '2021-10-01', '60', '210.36', '-36.49', 78543, '60', '5.25', '2152.29', '4', '3', 2292, -2391, '36', '24', '8.17']
['IOTX-USDT', '5m', 'IOTX-USDT', '2021-08-01', '2021-10-01', 0, 0, 0, 0, 0, 0, 0, 0, 0, 0, 0, 0, 0, 0]
['C98-USDT', '5m', 'C98-USDT', '2021-08-01', '2021-10-01', 0, 0, 0, 0, 0, 0, 0, 0, 0, 0, 0, 0, 0, 0]
['TLM-USDT', '5m', 'TLM-USDT', '2021-08-01', '2021-10-01', '55', '-50.07', '-59.48', -98, '35', '-2.58', '-1.65', '2', '6', 865, -1082, '19', '36', '-44.45']
['IOST-USDT', '5m', 'IOST-USDT', '2021-08-01', '2021-10-01', '49', '-50.59', '-56.65', -98, '39', '-2.53', '-1.74', '6', '4', 829, -1468, '19', '30', '100.18']
['KSM-USDT', '5m', 'KSM-USDT', '2021-08-01', '2021-10-01', '64', '-57.6', '-65.66', -99, '38', '-2.43', '-1.51', '3', '5', 830, -818, '24', '40', '67.01']
['SXP-USDT', '5m', 'SXP-USDT', '2021-08-01', '2021-10-01', '60', '-25.05', '-46.23', -82, '37', '-0.75', '-1.77', '3', '8', 965, -824, '22', '38', '1.15']
['VET-USDT', '5m', 'VET-USDT', '2021-08-01', '2021-10-01', '62', '42.89', '-27.44', 718, '45', '2.51', '26.15', '3', '5', 1145, -1093, '28', '34', '7.1']
['XLM-USDT', '5m', 'XLM-USDT', '2021-08-01', '2021-10-01', '45', '81.27', '-18.94', 3217, '44', '4.0', '169.82', '4', '4', 1510, -1486, '20', '25', '-2.34']
['RAY-USDT', '5m', 'RAY-USDT', '2021-08-01', '2021-10-01', 0, 0, 0, 0, 0, 0, 0, 0, 0, 0, 0, 0, 0, 0]
['GRT-USDT', '5m', 'GRT-USDT', '2021-08-01', '2021-10-01', '65', '-63.95', '-70.27', -100, '34', '-3.88', '-1.42', '3', '5', 909, -1144, '22', '43', '3.6']
['KAVA-USDT', '5m', 'KAVA-USDT', '2021-08-01', '2021-10-01', '62', '-15.97', '-42.32', -64, '40', '-0.11', '-1.51', '4', '7', 791, -1151, '25', '37', '2.92']
['MASK-USDT', '5m', 'MASK-USDT', '2021-08-01', '2021-10-01', 0, 0, 0, 0, 0, 0, 0, 0, 0, 0, 0, 0, 0, 0]
['DODO-USDT', '5m', 'DODO-USDT', '2021-08-01', '2021-10-01', '52', '-49.24', '-54.99', -98, '37', '-2.7', '-1.79', '3', '5', 792, -1140, '19', '33', '-3.58']
['RLC-USDT', '5m', 'RLC-USDT', '2021-08-01', '2021-10-01', '61', '57.93', '-33.55', 1373, '49', '2.67', '40.93', '8', '5', 1544, -2150, '30', '31', '4.84']
['1000SHIB-USDT', '5m', '1000SHIB-USDT', '2021-08-01', '2021-10-01', '59', '-29.07', '-29.8', -87, '39', '-1.37', '-2.91', '3', '5', 739, -1622, '23', '36', '15.54']
['COMP-USDT', '5m', 'COMP-USDT', '2021-08-01', '2021-10-01', '63', '-16.29', '-54.16', -65, '38', '-0.19', '-1.2', '6', '6', 739, -702, '24', '39', '-21.83']
['WAVES-USDT', '5m', 'WAVES-USDT', '2021-08-01', '2021-10-01', '61', '79.26', '-15.3', 3006, '49', '3.47', '196.53', '4', '4', 1637, -2182, '30', '31', '46.2']
['CHR-USDT', '5m', 'CHR-USDT', '2021-08-01', '2021-10-01', '86', '-66.29', '-79.3', -100, '34', '-3.14', '-1.26', '3', '6', 890, -946, '29', '57', '-10.13']
['XMR-USDT', '5m', 'XMR-USDT', '2021-08-01', '2021-10-01', '47', '-44.56', '-46.99', -97, '26', '-3.07', '-2.06', '2', '9', 744, -716, '12', '35', '4.74']
['ICX-USDT', '5m', 'ICX-USDT', '2021-08-01', '2021-10-01', '55', '-33.54', '-50.61', -91, '40', '-0.99', '-1.8', '5', '5', 1026, -1083, '22', '33', '52.61']
['HBAR-USDT', '5m', 'HBAR-USDT', '2021-08-01', '2021-10-01', '64', '-36.32', '-62.85', -93, '39', '-0.59', '-1.48', '3', '6', 1018, -1585, '25', '39', '58.01']
['SAND-USDT', '5m', 'SAND-USDT', '2021-08-01', '2021-10-01', '56', '32.09', '-33.52', 415, '46', '1.91', '12.37', '7', '6', 1268, -2029, '26', '30', '4.7']
['DENT-USDT', '5m', 'DENT-USDT', '2021-08-01', '2021-10-01', '61', '-25.35', '-57.76', -82, '44', '-0.27', '-1.42', '3', '6', 1087, -1895, '27', '34', '76.12']
['NEO-USDT', '5m', 'NEO-USDT', '2021-08-01', '2021-10-01', '47', '82.25', '-17.05', 3324, '49', '3.88', '194.9', '4', '5', 1680, -1670, '23', '24', '-14.32']
['SNX-USDT', '5m', 'SNX-USDT', '2021-08-01', '2021-10-01', '60', '-4.02', '-47.44', -21, '40', '0.47', '-0.45', '3', '7', 999, -936, '24', '36', '-5.2']
['1000XEC-USDT', '5m', '1000XEC-USDT', '2021-08-01', '2021-10-01', 0, 0, 0, 0, 0, 0, 0, 0, 0, 0, 0, 0, 0, 0]
['ZEC-USDT', '5m', 'ZEC-USDT', '2021-08-01', '2021-10-01', '45', '26.74', '-21.58', 304, '44', '1.85', '14.07', '4', '5', 1249, -937, '20', '25', '-3.71']
['CHZ-USDT', '5m', 'CHZ-USDT', '2021-08-01', '2021-10-01', '50', '-33.03', '-57.73', -91, '38', '-1.1', '-1.57', '3', '6', 939, -1633, '19', '31', '-1.33']
['YFI-USDT', '5m', 'YFI-USDT', '2021-08-01', '2021-10-01', '64', '-22.15', '-50.15', -77, '31', '-0.56', '-1.54', '5', '8', 824, -695, '20', '44', '-12.02']
['IOTA-USDT', '5m', 'IOTA-USDT', '2021-08-01', '2021-10-01', '51', '52.05', '-28.09', 1079, '45', '2.57', '38.41', '6', '7', 1415, -1316, '23', '28', '21.44']
['BAL-USDT', '5m', 'BAL-USDT', '2021-08-01', '2021-10-01', '52', '7.44', '-23.21', 53, '42', '0.93', '2.26', '4', '5', 911, -1029, '22', '30', '-8.63']
['QTUM-USDT', '5m', 'QTUM-USDT', '2021-08-01', '2021-10-01', '69', '-38.17', '-50.16', -94, '36', '-1.37', '-1.88', '4', '6', 865, -943, '25', '44', '30.95']
['ZEN-USDT', '5m', 'ZEN-USDT', '2021-08-01', '2021-10-01', '42', '177.41', '-28.97', 40517, '60', '6.03', '1398.37', '6', '6', 3111, -3310, '25', '17', '17.88']
['DASH-USDT', '5m', 'DASH-USDT', '2021-08-01', '2021-10-01', '51', '3.63', '-33.21', 23, '41', '0.84', '0.7', '5', '7', 972, -1642, '21', '30', '1.08']
['AKRO-USDT', '5m', 'AKRO-USDT', '2021-08-01', '2021-10-01', '52', '142.43', '-34.82', 18269, '56', '4.95', '524.7', '5', '4', 2068, -2573, '29', '23', '12.2']
['MANA-USDT', '5m', 'MANA-USDT', '2021-08-01', '2021-10-01', '49', '74.82', '-26.34', 2581, '49', '3.33', '97.98', '5', '4', 1556, -1843, '24', '25', '-3.81']
['MKR-USDT', '5m', 'MKR-USDT', '2021-08-01', '2021-10-01', '59', '16.15', '-39.81', 141, '39', '1.34', '3.55', '6', '7', 1251, -913, '23', '36', '-23.31']
['ENJ-USDT', '5m', 'ENJ-USDT', '2021-08-01', '2021-10-01', '55', '46.47', '-21.37', 846, '45', '2.62', '39.58', '5', '4', 1318, -1354, '25', '30', '-9.09']
['CTK-USDT', '5m', 'CTK-USDT', '2021-08-01', '2021-10-01', '70', '49.07', '-37.85', 949, '51', '2.27', '25.08', '5', '3', 1509, -3503, '36', '34', '37.93']
['TOMO-USDT', '5m', 'TOMO-USDT', '2021-08-01', '2021-10-01', '59', '24.72', '-36.21', 267, '42', '1.7', '7.38', '5', '9', 989, -1176, '25', '34', '-22.9']
['LINA-USDT', '5m', 'LINA-USDT', '2021-08-01', '2021-10-01', '62', '-27.89', '-47.81', -85, '39', '-0.57', '-1.79', '6', '9', 925, -1226, '24', '38', '-15.6']
['HOT-USDT', '5m', 'HOT-USDT', '2021-08-01', '2021-10-01', '52', '1.64', '-53.0', 10, '44', '0.82', '0.19', '3', '5', 950, -1696, '23', '29', '25.12']
['ALPHA-USDT', '5m', 'ALPHA-USDT', '2021-08-01', '2021-10-01', '69', '-26.01', '-62.9', -83, '42', '-0.39', '-1.32', '3', '8', 909, -1531, '29', '40', '36.58']
['SFP-USDT', '5m', 'SFP-USDT', '2021-08-01', '2021-10-01', '67', '-58.37', '-64.41', -99, '34', '-2.38', '-1.54', '6', '12', 733, -1673, '23', '44', '-8.49']
['STORJ-USDT', '5m', 'STORJ-USDT', '2021-08-01', '2021-10-01', '57', '139.0', '-28.34', 16792, '51', '4.54', '592.51', '5', '6', 1977, -1883, '29', '28', '5.46']
['CVC-USDT', '5m', 'CVC-USDT', '2021-08-01', '2021-10-01', '51', '13.69', '-35.45', 113, '43', '1.23', '3.18', '3', '8', 914, -1053, '22', '29', '53.31']
['OGN-USDT', '5m', 'OGN-USDT', '2021-08-01', '2021-10-01', '45', '-8.98', '-42.64', -43, '44', '0.14', '-1.0', '4', '4', 963, -930, '20', '25', '-7.72']
['BEL-USDT', '5m', 'BEL-USDT', '2021-08-01', '2021-10-01', '63', '29.87', '-40.41', 366, '48', '1.74', '9.05', '5', '6', 1132, -1221, '30', '33', '-5.13']
['KEEP-USDT', '5m', 'KEEP-USDT', '2021-08-01', '2021-10-01', '70', '-53.95', '-61.53', -99, '40', '-2.06', '-1.61', '4', '7', 868, -1099, '28', '42', '21.68']
['ONT-USDT', '5m', 'ONT-USDT', '2021-08-01', '2021-10-01', '54', '132.0', '-16.92', 14080, '50', '5.17', '832.11', '5', '5', 1876, -1610, '27', '27', '-9.07']
['AUDIO-USDT', '5m', 'AUDIO-USDT', '2021-08-01', '2021-10-01', 0, 0, 0, 0, 0, 0, 0, 0, 0, 0, 0, 0, 0, 0]
['BTT-USDT', '5m', 'BTT-USDT', '2021-08-01', '2021-10-01', '50', '-25.39', '-50.95', -82, '34', '-1.1', '-1.61', '3', '10', 686, -596, '17', '33', '11.66']
['BAND-USDT', '5m', 'BAND-USDT', '2021-08-01', '2021-10-01', '70', '-16.65', '-40.11', -66, '40', '-0.36', '-1.64', '3', '7', 916, -920, '28', '42', '10.0']
['BLZ-USDT', '5m', 'BLZ-USDT', '2021-08-01', '2021-10-01', '70', '-4.81', '-35.24', -25, '44', '0.54', '-0.71', '4', '6', 1112, -1310, '31', '39', '23.81']
['STMX-USDT', '5m', 'STMX-USDT', '2021-08-01', '2021-10-01', '51', '55.27', '-38.04', 1233, '47', '2.99', '32.42', '4', '9', 1257, -1432, '24', '27', '5.87']
['LIT-USDT', '5m', 'LIT-USDT', '2021-08-01', '2021-10-01', '73', '-34.26', '-65.38', -92, '37', '-0.73', '-1.4', '4', '8', 740, -642, '27', '46', '-9.91']
['SKL-USDT', '5m', 'SKL-USDT', '2021-08-01', '2021-10-01', '70', '277.2', '-21.09', 247839, '57', '6.64', '11753.36', '6', '4', 3002, -3460, '40', '30', '15.72']
['REEF-USDT', '5m', 'REEF-USDT', '2021-08-01', '2021-10-01', '56', '-24.47', '-59.6', -81, '39', '-0.36', '-1.36', '3', '5', 690, -917, '22', '34', '23.24']
['HNT-USDT', '5m', 'HNT-USDT', '2021-08-01', '2021-10-01', '63', '-7.52', '-35.15', -37, '41', '0.29', '-1.05', '5', '7', 1122, -1267, '26', '37', '25.59']
['TRB-USDT', '5m', 'TRB-USDT', '2021-08-01', '2021-10-01', '78', '-74.37', '-82.06', -100, '36', '-4.41', '-1.22', '3', '7', 803, -956, '28', '50', '5.81']
['FLM-USDT', '5m', 'FLM-USDT', '2021-08-01', '2021-10-01', '66', '-36.43', '-49.97', -93, '38', '-0.98', '-1.86', '3', '8', 790, -908, '25', '41', '-9.22']
['BTS-USDT', '5m', 'BTS-USDT', '2021-08-01', '2021-10-01', '58', '26.02', '-45.36', 290, '45', '1.7', '6.4', '7', '7', 1095, -872, '26', '32', '-7.06']
['MTL-USDT', '5m', 'MTL-USDT', '2021-08-01', '2021-10-01', '56', '-24.47', '-48.55', -81, '41', '-0.54', '-1.67', '3', '8', 1075, -2504, '23', '33', '29.69']
['RVN-USDT', '5m', 'RVN-USDT', '2021-08-01', '2021-10-01', '58', '-43.66', '-45.84', -97, '36', '-1.9', '-2.11', '3', '10', 675, -916, '21', '37', '45.72']
['ZIL-USDT', '5m', 'ZIL-USDT', '2021-08-01', '2021-10-01', '62', '-7.72', '-36.78', -38, '39', '0.22', '-1.02', '4', '6', 865, -884, '24', '38', '2.77']
['YFII-USDT', '5m', 'YFII-USDT', '2021-08-01', '2021-10-01', '67', '-70.93', '-75.78', -100, '30', '-4.48', '-1.32', '2', '10', 942, -2826, '20', '47', '14.7']
['ZRX-USDT', '5m', 'ZRX-USDT', '2021-08-01', '2021-10-01', '49', '111.12', '-24.46', 8038, '49', '4.42', '328.61', '5', '5', 1680, -1128, '24', '25', '11.04']
['LRC-USDT', '5m', 'LRC-USDT', '2021-08-01', '2021-10-01', '56', '-40.16', '-69.06', -95, '41', '-0.73', '-1.38', '5', '6', 999, -1864, '23', '33', '45.28']
['RSR-USDT', '5m', 'RSR-USDT', '2021-08-01', '2021-10-01', '63', '-5.29', '-28.54', -27, '44', '0.3', '-0.96', '4', '4', 1021, -1291, '28', '35', '-5.01']
['NKN-USDT', '5m', 'NKN-USDT', '2021-08-01', '2021-10-01', '62', '-2.71', '-55.9', -15, '44', '0.61', '-0.27', '4', '8', 1108, -1401, '27', '35', '12.97']
['SC-USDT', '5m', 'SC-USDT', '2021-08-01', '2021-10-01', '55', '88.47', '-12.92', 4073, '45', '4.44', '315.21', '3', '4', 1598, -1452, '25', '30', '-20.52']
['BAT-USDT', '5m', 'BAT-USDT', '2021-08-01', '2021-10-01', '47', '102.13', '-18.26', 6199, '47', '4.86', '339.44', '3', '3', 1613, -1350, '22', '25', '-10.28']
['ATA-USDT', '5m', 'ATA-USDT', '2021-08-01', '2021-10-01', 0, 0, 0, 0, 0, 0, 0, 0, 0, 0, 0, 0, 0, 0]
['GTC-USDT', '5m', 'GTC-USDT', '2021-08-01', '2021-10-01', '63', '-10.64', '-54.99', -48, '48', '0.58', '-0.88', '4', '5', 1052, -2960, '30', '33', '-4.79']
['KNC-USDT', '5m', 'KNC-USDT', '2021-08-01', '2021-10-01', '53', '-19.28', '-53.07', -72, '38', '-0.29', '-1.35', '4', '9', 828, -765, '20', '33', '-8.52']
['XEM-USDT', '5m', 'XEM-USDT', '2021-08-01', '2021-10-01', '49', '78.44', '-22.71', 2924, '45', '3.68', '128.74', '6', '8', 1782, -1555, '22', '27', '-16.59']
['OCEAN-USDT', '5m', 'OCEAN-USDT', '2021-08-01', '2021-10-01', '62', '-38.17', '-57.77', -94, '35', '-1.59', '-1.63', '3', '8', 939, -1173, '22', '40', '31.2']
['CELO-USDT', '5m', 'CELO-USDT', '2021-08-01', '2021-10-01', 0, 0, 0, 0, 0, 0, 0, 0, 0, 0, 0, 0, 0, 0]
['UNFI-USDT', '5m', 'UNFI-USDT', '2021-08-01', '2021-10-01', '61', '-19.64', '-60.45', -72, '44', '-0.28', '-1.2', '5', '5', 1205, -1472, '27', '34', '-9.56']
['ANKR-USDT', '5m', 'ANKR-USDT', '2021-08-01', '2021-10-01', '51', '60.71', '-31.96', 1533, '51', '3.07', '47.97', '4', '4', 1230, -1307, '26', '25', '-6.77']
['DGB-USDT', '5m', 'DGB-USDT', '2021-08-01', '2021-10-01', '53', '-59.88', '-60.44', -100, '32', '-4.42', '-1.65', '2', '6', 763, -1138, '17', '36', '-2.82']
['DEFI-USDT', '5m', 'DEFI-USDT', '2021-08-01', '2021-10-01', '50', '-5.49', '-36.14', -28, '40', '0.18', '-0.78', '3', '4', 797, -833, '20', '30', '24.41']
['BTCDOM-USDT', '5m', 'BTCDOM-USDT', '2021-08-01', '2021-10-01', '27', '-8.27', '-13.06', -40, '22', '-0.59', '-3.05', '2', '5', 825, -369, '6', '21', '-9.75']
