['Pair', 'TF', 'Dna', 'Start Date', 'End Date', 'Total Trades', 'Total Net Profit', 'Max.DD', 'Annual Profit', 'Winrate', 'Sharpe', 'Calmar', 'Winning Strike', 'Losing Strike', 'Largest Winning', 'Largest Losing', 'Num. of Wins', 'Num. of Losses', 'Market Change']
['ETH-USDT', '5m', '\\I0KO9A', '2020-01-01', '2021-08-01', '504', '-73.73', '-58.68', -28, '41', '-0.83', '-0.49', '5', '10', 202, -576, '209', '295', '1862.08']
['ETH-USDT', '5m', ']])<Bw;', '2020-01-01', '2021-08-01', '164', '-36.39', '-8.11', 5, '70', '0.66', '0.61', '10', '3', 40, -600, '114', '50', '1862.08']
['ETH-USDT', '5m', 'N,pgE0i', '2020-01-01', '2021-08-01', '830', '25.55', '-49.56', 19, '40', '0.61', '0.39', '8', '17', 1139, -950, '329', '501', '1862.08']
['ETH-USDT', '5m', 'Z,McYkh', '2020-01-01', '2021-08-01', '136', '127.61', '-12.43', 70, '64', '2.17', '5.62', '13', '3', 1460, -694, '87', '49', '1862.08']
['ETH-USDT', '5m', 'WA9r3l\\', '2020-01-01', '2021-08-01', '368', '-19.01', '-41.73', 11, '42', '0.48', '0.27', '6', '11', 480, -1054, '154', '214', '1862.08']
['ETH-USDT', '5m', 'v;6A/-K', '2020-01-01', '2021-08-01', '432', '-74.03', '-35.53', 4, '45', '0.3', '0.13', '6', '9', 226, -743, '193', '239', '1862.08']
['ETH-USDT', '5m', ')\\FDnR/', '2020-01-01', '2021-08-01', '590', '81.97', '-36.38', 47, '24', '1.08', '1.3', '4', '26', 837, -545, '140', '450', '1862.08']
['ETH-USDT', '5m', 'u:4-g1D', '2020-01-01', '2021-08-01', '470', '-62.36', '-23.44', 11, '55', '0.51', '0.46', '8', '5', 141, -739, '259', '211', '1862.08']
['ETH-USDT', '5m', '^GD*qaY', '2020-01-01', '2021-08-01', '164', '-20.14', '-34.89', -7, '51', '-0.14', '-0.2', '6', '6', 240, -626, '84', '80', '1862.08']
['ETH-USDT', '5m', ')_frkeH', '2020-01-01', '2021-08-01', '83', '-2.3', '-19.7', -1, '33', '0.01', '-0.07', '2', '7', 1027, -454, '27', '56', '1862.08']
['ETH-USDT', '5m', '\\0:b[+1', '2020-01-01', '2021-08-01', '615', '78.45', '-39.58', 46, '38', '0.91', '1.17', '5', '11', 1126, -893, '233', '382', '1862.08']
['ETH-USDT', '5m', 'e(g,5-.', '2020-01-01', '2021-08-01', '665', '262.1', '-38.13', 131, '39', '1.57', '3.44', '4', '9', 2040, -1610, '260', '405', '1862.08']
['ETH-USDT', '5m', ',mfs*j*', '2020-01-01', '2021-08-01', '1037', '47.21', '-79.92', 28, '22', '0.73', '0.35', '6', '25', 2966, -1067, '226', '811', '1862.08']
['ETH-USDT', '5m', 'BpTFuak', '2020-01-01', '2021-08-01', '140', '-22.98', '-45.43', -11, '54', '-0.21', '-0.23', '6', '5', 601, -3986, '76', '64', '1862.08']
['ETH-USDT', '5m', '2JIGMAD', '2020-01-01', '2021-08-01', '1010', '58.67', '-57.28', 36, '30', '0.8', '0.63', '5', '13', 798, -771, '308', '702', '1862.08']
['ETH-USDT', '5m', '0L]a<_P', '2020-01-01', '2021-08-01', '859', '58.92', '-49.88', 34, '34', '0.76', '0.69', '6', '14', 1471, -618, '294', '565', '1862.08']
['ETH-USDT', '5m', '/ceI[1o', '2020-01-01', '2021-08-01', '905', '47.38', '-37.86', 33, '36', '0.78', '0.88', '8', '16', 892, -822, '330', '575', '1862.08']
['ETH-USDT', '5m', 'u9?08fc', '2020-01-01', '2021-08-01', '276', '15.97', '-16.76', 39, '56', '1.23', '2.35', '6', '4', 370, -1195, '154', '122', '1862.08']
['ETH-USDT', '5m', ')_frgeH', '2020-01-01', '2021-08-01', '99', '25.74', '-24.05', 16, '34', '0.76', '0.65', '5', '8', 1027, -447, '34', '65', '1862.08']
['ETH-USDT', '5m', ')_freeH', '2020-01-01', '2021-08-01', '108', '44.76', '-21.63', 26, '33', '1.06', '1.21', '3', '8', 1107, -431, '36', '72', '1862.08']
['ETH-USDT', '5m', 'e.MTe2c', '2020-01-01', '2021-08-01', '590', '236.19', '-21.07', 142, '49', '1.9', '6.72', '7', '9', 2575, -2967, '292', '298', '1862.08']
['ETH-USDT', '5m', 'MP]EMqa', '2020-01-01', '2021-08-01', '171', '18.14', '-26.52', 11, '49', '0.47', '0.42', '9', '4', 619, -843, '84', '87', '1862.08']
['ETH-USDT', '5m', '0jVbK>a', '2020-01-01', '2021-08-01', '823', '-3.42', '-56.22', 5, '34', '0.39', '0.09', '7', '12', 829, -573, '280', '543', '1862.08']
['ETH-USDT', '5m', ')_f6SeH', '2020-01-01', '2021-08-01', '255', '38.69', '-30.7', 23, '27', '0.82', '0.75', '3', '15', 965, -418, '70', '185', '1862.08']
['ETH-USDT', '5m', ':F8v6pL', '2020-01-01', '2021-08-01', '563', '-17.95', '-56.5', -3, '36', '0.19', '-0.04', '5', '10', 471, -874, '200', '363', '1862.08']
['ETH-USDT', '5m', ')_frVeH', '2020-01-01', '2021-08-01', '213', '49.87', '-24.23', 29, '29', '0.93', '1.2', '5', '13', 1826, -419, '61', '152', '1862.08']
['ETH-USDT', '5m', ')_frReH', '2020-01-01', '2021-08-01', '277', '38.46', '-30.71', 23, '27', '0.74', '0.74', '4', '15', 1886, -440, '75', '202', '1862.08']
['ETH-USDT', '5m', '(\\v[8.G', '2020-01-01', '2021-08-01', '2056', '-53.39', '-82.58', -38, '20', '-0.09', '-0.46', '5', '36', 3214, -837, '411', '1645', '1862.08']
['ETH-USDT', '5m', '2_j6*eX', '2020-01-01', '2021-08-01', '742', '106.19', '-41.48', 61, '34', '1.04', '1.46', '5', '9', 1165, -867, '252', '490', '1862.08']
['ETH-USDT', '5m', '+jDL@2`', '2020-01-01', '2021-08-01', '1215', '9.56', '-62.64', 24, '32', '0.68', '0.38', '8', '17', 560, -459, '385', '830', '1862.08']
['ETH-USDT', '5m', '\\THUeSD', '2020-01-01', '2021-08-01', '366', '-12.29', '-50.22', -4, '34', '0.22', '-0.07', '3', '9', 752, -901, '126', '240', '1862.08']
['ETH-USDT', '5m', '3:NfJV-', '2020-01-01', '2021-08-01', '945', '69.22', '-62.78', 39, '30', '0.81', '0.63', '7', '20', 1269, -542, '285', '660', '1862.08']
['ETH-USDT', '5m', ',UBN*0*', '2020-01-01', '2021-08-01', '1353', '66.04', '-71.45', 39, '24', '0.81', '0.54', '4', '30', 1029, -706, '325', '1028', '1862.08']
['ETH-USDT', '5m', '*KDORhv', '2020-01-01', '2021-08-01', '263', '-22.37', '-38.79', -13, '43', '-0.69', '-0.34', '8', '6', 199, -437, '112', '151', '1862.08']
['ETH-USDT', '5m', ')_f6ZeH', '2020-01-01', '2021-08-01', '185', '45.01', '-23.07', 26, '29', '0.98', '1.14', '4', '13', 1077, -424, '54', '131', '1862.08']
['ETH-USDT', '5m', 'cAOZIKt', '2020-01-01', '2021-08-01', '478', '-20.55', '-34.8', 21, '55', '0.65', '0.61', '7', '5', 493, -773, '261', '217', '1862.08']
['ETH-USDT', '5m', 'i5fI*?H', '2020-01-01', '2021-08-01', '427', '431.78', '-31.39', 190, '44', '1.84', '6.07', '6', '7', 4872, -4655, '190', '237', '1862.08']
['ETH-USDT', '5m', '=8Fo72)', '2020-01-01', '2021-08-01', '929', '60.94', '-48.14', 35, '32', '0.77', '0.73', '5', '15', 1701, -937, '297', '632', '1862.08']
['ETH-USDT', '5m', '@;:b.@h', '2020-01-01', '2021-08-01', '781', '-62.23', '-45.45', 10, '40', '0.44', '0.22', '7', '12', 360, -1135, '312', '469', '1862.08']
['ETH-USDT', '5m', 'L3S,Jc,', '2020-01-01', '2021-08-01', '408', '423.79', '-33.42', 187, '47', '2.38', '5.6', '6', '8', 2200, -1789, '191', '217', '1862.08']
['ETH-USDT', '5m', ':MuI*X^', '2020-01-01', '2021-08-01', '676', '6.41', '-67.59', 5, '36', '0.44', '0.07', '7', '14', 1667, -1519, '246', '430', '1862.08']
['ETH-USDT', '5m', '1`Mru+I', '2020-01-01', '2021-08-01', '862', '158.86', '-43.06', 86, '28', '1.19', '2.0', '6', '18', 2582, -827, '239', '623', '1862.08']
['ETH-USDT', '5m', '75KOP[D', '2020-01-01', '2021-08-01', '717', '34.3', '-49.18', 21, '35', '0.61', '0.42', '7', '14', 786, -491, '253', '464', '1862.08']
['ETH-USDT', '5m', ')_fr[eH', '2020-01-01', '2021-08-01', '172', '61.43', '-19.65', 35, '28', '1.09', '1.79', '4', '13', 1857, -425, '49', '123', '1862.08']
['ETH-USDT', '5m', ')_:r*eH', '2020-01-01', '2021-08-01', '1695', '-54.21', '-79.99', -31, '21', '-0.28', '-0.39', '5', '19', 660, -423, '359', '1336', '1862.08']
['ETH-USDT', '5m', ',_fG*eH', '2020-01-01', '2021-08-01', '1170', '-13.63', '-72.28', -7, '27', '0.31', '-0.1', '6', '17', 1512, -705, '312', '858', '1862.08']
['ETH-USDT', '5m', 'uYkSlpO', '2020-01-01', '2021-08-01', '45', '55.12', '-19.67', 32, '51', '1.19', '1.62', '4', '3', 1856, -1067, '23', '22', '1862.08']
['ETH-USDT', '5m', ':MqI*X^', '2020-01-01', '2021-08-01', '676', '3.01', '-66.98', 3, '37', '0.41', '0.04', '8', '14', 1582, -1511, '252', '424', '1862.08']
['ETH-USDT', '5m', ',Sfs*j9', '2020-01-01', '2021-08-01', '1330', '-12.93', '-73.45', -8, '26', '0.36', '-0.11', '4', '25', 2171, -751, '347', '983', '1862.08']
['ETH-USDT', '5m', ')_fr*eo', '2020-01-01', '2021-08-01', '1690', '-55.1', '-75.36', -35, '25', '-0.37', '-0.47', '5', '18', 1006, -660, '430', '1260', '1862.08']
['ETH-USDT', '5m', ')_frZeH', '2020-01-01', '2021-08-01', '185', '54.16', '-23.07', 31, '29', '0.99', '1.36', '4', '13', 1857, -424, '53', '132', '1862.08']
['ETH-USDT', '5m', ',_s6*eH', '2020-01-01', '2021-08-01', '1170', '-25.73', '-77.32', -16, '26', '0.19', '-0.2', '6', '17', 1161, -622, '309', '861', '1862.08']
['ETH-USDT', '5m', '0>NtWwn', '2020-01-01', '2021-08-01', '38', '27.95', '-5.07', 17, '63', '1.5', '3.31', '8', '3', 515, -539, '24', '14', '1862.08']
['ETH-USDT', '5m', ')_f+*eH', '2020-01-01', '2021-08-01', '1690', '-21.71', '-77.14', -13, '24', '0.15', '-0.17', '5', '19', 620, -627, '400', '1290', '1862.08']
['ETH-USDT', '5m', ')_Mr*eH', '2020-01-01', '2021-08-01', '1691', '-21.74', '-69.93', -12, '23', '0.21', '-0.17', '5', '19', 1520, -598, '386', '1305', '1862.08']
['ETH-USDT', '5m', '5Uqf*]Z', '2020-01-01', '2021-08-01', '746', '106.82', '-51.03', 61, '35', '0.99', '1.19', '6', '12', 2088, -893, '261', '485', '1862.08']
['ETH-USDT', '5m', ':;j6*eX', '2020-01-01', '2021-08-01', '780', '97.53', '-45.22', 54, '37', '0.96', '1.19', '6', '19', 1134, -715, '292', '488', '1862.08']
['ETH-USDT', '5m', ')_fU*eH', '2020-01-01', '2021-08-01', '1690', '-44.01', '-78.33', -30, '23', '-0.05', '-0.38', '5', '19', 1604, -728, '395', '1295', '1862.08']
['ETH-USDT', '5m', ',_fw*eH', '2020-01-01', '2021-08-01', '1170', '-23.08', '-74.62', -14, '27', '0.27', '-0.18', '6', '17', 2263, -715, '312', '858', '1862.08']
['ETH-USDT', '5m', ')QfI*?H', '2020-01-01', '2021-08-01', '2021', '-34.68', '-80.0', -23, '24', '0.11', '-0.29', '5', '26', 1471, -847, '482', '1539', '1862.08']
['ETH-USDT', '5m', ',_fr*eH', '2020-01-01', '2021-08-01', '1170', '-24.61', '-74.21', -15, '27', '0.26', '-0.2', '6', '17', 2143, -703, '312', '858', '1862.08']
['ETH-USDT', '5m', ',_fr+dH', '2020-01-01', '2021-08-01', '1177', '-29.79', '-75.29', -18, '27', '0.21', '-0.25', '6', '18', 2143, -703, '312', '865', '1862.08']
['ETH-USDT', '5m', 'nVoBEBO', '2020-01-01', '2021-08-01', '365', '-44.21', '-66.96', -29, '37', '-0.1', '-0.44', '4', '8', 1269, -1835, '136', '229', '1862.08']
['ETH-USDT', '5m', '(^;[jZ(', '2020-01-01', '2021-08-01', '363', '137.23', '-19.78', 72, '24', '1.57', '3.66', '5', '15', 1534, -605, '87', '276', '1862.08']
['ETH-USDT', '5m', 'qAJQ/bS', '2020-01-01', '2021-08-01', '308', '46.84', '-30.31', 39, '43', '0.87', '1.29', '5', '6', 1153, -1426, '132', '176', '1862.08']
['ETH-USDT', '5m', ')MfI*2H', '2020-01-01', '2021-08-01', '2154', '-6.1', '-79.1', -4, '24', '0.39', '-0.05', '5', '33', 1387, -813, '513', '1641', '1862.08']
['ETH-USDT', '5m', ',Tfs*j*', '2020-01-01', '2021-08-01', '1318', '-45.25', '-85.34', -32, '23', '0.09', '-0.37', '4', '26', 2332, -823, '302', '1016', '1862.08']
['ETH-USDT', '5m', 'lEi_6SR', '2020-01-01', '2021-08-01', '380', '14.03', '-47.26', 10, '41', '0.5', '0.21', '5', '6', 1446, -2195, '154', '226', '1862.08']
['ETH-USDT', '5m', ')jfr*eH', '2020-01-01', '2021-08-01', '1528', '-40.16', '-87.04', -26, '22', '0.09', '-0.3', '6', '26', 2951, -795, '337', '1191', '1862.08']
['ETH-USDT', '5m', ',gfs*j9', '2020-01-01', '2021-08-01', '1051', '120.98', '-75.11', 65, '25', '0.99', '0.87', '4', '15', 3133, -1022, '262', '789', '1862.08']
['ETH-USDT', '5m', '+5DfvJI', '2020-01-01', '2021-08-01', '1576', '270.73', '-39.6', 131, '31', '1.61', '3.31', '5', '18', 2816, -1623, '487', '1089', '1862.08']
['ETH-USDT', '5m', 'B5fI*?H', '2020-01-01', '2021-08-01', '781', '134.89', '-50.71', 71, '39', '1.08', '1.41', '7', '13', 1792, -1342, '302', '479', '1862.08']
['ETH-USDT', '5m', '-_fr*eH', '2020-01-01', '2021-08-01', '1039', '141.95', '-45.64', 76, '29', '1.08', '1.66', '6', '14', 3086, -986, '305', '734', '1862.08']
['ETH-USDT', '5m', ')_fK*eH', '2020-01-01', '2021-08-01', '1690', '-26.04', '-77.35', -17, '23', '0.17', '-0.21', '5', '19', 1530, -774, '395', '1295', '1862.08']
['ETH-USDT', '5m', ')_fr*e\\', '2020-01-01', '2021-08-01', '1690', '-42.14', '-76.44', -27, '25', '-0.06', '-0.36', '5', '18', 1529, -756, '421', '1269', '1862.08']
['ETH-USDT', '5m', ')_fr*e_', '2020-01-01', '2021-08-01', '1690', '-48.44', '-77.13', -32, '25', '-0.16', '-0.41', '5', '18', 1782, -756, '424', '1266', '1862.08']
['ETH-USDT', '5m', ',dfh*RS', '2020-01-01', '2021-08-01', '1144', '130.36', '-69.09', 72, '29', '1.06', '1.04', '6', '16', 2147, -776, '336', '808', '1862.08']
['ETH-USDT', '5m', '.^ar.lD', '2020-01-01', '2021-08-01', '923', '52.76', '-49.68', 32, '29', '0.74', '0.64', '6', '18', 1796, -1124, '264', '659', '1862.08']
['ETH-USDT', '5m', ',gfs*j*', '2020-01-01', '2021-08-01', '1051', '125.71', '-76.75', 67, '23', '1.0', '0.87', '4', '15', 3374, -1267, '242', '809', '1862.08']
['ETH-USDT', '5m', ')cfr*eH', '2020-01-01', '2021-08-01', '1598', '69.27', '-43.41', 40, '24', '0.82', '0.93', '5', '21', 2534, -951, '383', '1215', '1862.08']
['ETH-USDT', '5m', ')`fI*?H', '2020-01-01', '2021-08-01', '1720', '-0.8', '-72.33', 0, '23', '0.42', '0.0', '5', '21', 1277, -581, '399', '1321', '1862.08']
['ETH-USDT', '5m', '-Hg<;@E', '2020-01-01', '2021-08-01', '1421', '72.48', '-54.91', 41, '29', '0.83', '0.75', '5', '22', 1104, -787, '407', '1014', '1862.08']
['ETH-USDT', '5m', ',Yfs*j*', '2020-01-01', '2021-08-01', '1257', '-21.53', '-80.5', -14, '23', '0.34', '-0.18', '5', '21', 2798, -984, '292', '965', '1862.08']
['ETH-USDT', '5m', '4?a=t`l', '2020-01-01', '2021-08-01', '122', '26.13', '-29.22', 16, '46', '0.69', '0.54', '9', '6', 674, -914, '56', '66', '1862.08']
['ETH-USDT', '5m', ')_s6*eH', '2020-01-01', '2021-08-01', '1690', '-36.99', '-82.79', -25, '22', '0.03', '-0.3', '5', '19', 1024, -565, '371', '1319', '1862.08']
['ETH-USDT', '5m', 'q:XRt(^', '2020-01-01', '2021-08-01', '469', '268.21', '-32.5', 143, '47', '1.78', '4.41', '6', '11', 3460, -2803, '220', '249', '1862.08']
['ETH-USDT', '5m', 'm_fr*eH', '2020-01-01', '2021-08-01', '231', '-62.28', '-75.99', -44, '33', '-0.53', '-0.58', '4', '9', 1744, -1711, '76', '155', '1862.08']
['ETH-USDT', '5m', ')_fr*wH', '2020-01-01', '2021-08-01', '1598', '-32.01', '-73.2', -21, '24', '0.13', '-0.28', '4', '17', 2425, -829, '377', '1221', '1862.08']
['ETH-USDT', '5m', ')_fr*uH', '2020-01-01', '2021-08-01', '1611', '-33.56', '-73.59', -22, '24', '0.12', '-0.3', '5', '18', 2425, -829, '380', '1231', '1862.08']
['ETH-USDT', '5m', ')_fr*sH', '2020-01-01', '2021-08-01', '1611', '-33.56', '-73.59', -22, '24', '0.12', '-0.3', '5', '18', 2425, -829, '380', '1231', '1862.08']
['ETH-USDT', '5m', '55fI*?H', '2020-01-01', '2021-08-01', '1194', '154.01', '-58.46', 80, '33', '1.12', '1.37', '7', '17', 1748, -959, '399', '795', '1862.08']
['ETH-USDT', '5m', ')_fG*eH', '2020-01-01', '2021-08-01', '1690', '-41.39', '-79.53', -28, '23', '-0.02', '-0.35', '5', '19', 1347, -725, '395', '1295', '1862.08']
['ETH-USDT', '5m', ')_Vr*eH', '2020-01-01', '2021-08-01', '1691', '-30.42', '-74.84', -19, '24', '0.11', '-0.26', '5', '19', 1717, -643, '400', '1291', '1862.08']
['ETH-USDT', '5m', ')_\\r*eH', '2020-01-01', '2021-08-01', '1690', '-33.99', '-76.65', -22, '24', '0.1', '-0.29', '5', '19', 1943, -697, '399', '1291', '1862.08']
['ETH-USDT', '5m', 'gDflOWZ', '2020-01-01', '2021-08-01', '383', '142.56', '-31.8', 79, '46', '1.17', '2.48', '6', '9', 3113, -2050, '176', '207', '1862.08']
['ETH-USDT', '5m', ')_f6*e:', '2020-01-01', '2021-08-01', '1690', '-36.45', '-83.28', -25, '22', '0.04', '-0.3', '5', '19', 939, -660, '364', '1326', '1862.08']
['ETH-USDT', '5m', ')JfI*?H', '2020-01-01', '2021-08-01', '2198', '-10.66', '-74.13', -7, '24', '0.34', '-0.09', '5', '27', 1418, -756, '535', '1663', '1862.08']
['ETH-USDT', '5m', ')NfI*?H', '2020-01-01', '2021-08-01', '2114', '-12.77', '-80.32', -8, '24', '0.33', '-0.1', '5', '32', 1244, -725, '508', '1606', '1862.08']
['ETH-USDT', '5m', ',Qfs*j9', '2020-01-01', '2021-08-01', '1353', '-64.46', '-87.29', -48, '25', '-0.27', '-0.54', '4', '22', 2324, -775, '343', '1010', '1862.08']
['ETH-USDT', '5m', ':7fs*jH', '2020-01-01', '2021-08-01', '790', '131.27', '-52.2', 70, '36', '1.03', '1.34', '6', '10', 2853, -1101, '288', '502', '1862.08']
['ETH-USDT', '5m', '=-^=1:9', '2020-01-01', '2021-08-01', '1050', '46.64', '-65.22', 28, '35', '0.71', '0.42', '6', '12', 1229, -697, '369', '681', '1862.08']
['ETH-USDT', '5m', '5-F3EA:', '2020-01-01', '2021-08-01', '1348', '17.54', '-60.8', 13, '35', '0.52', '0.22', '7', '11', 580, -564, '478', '870', '1862.08']
['ETH-USDT', '5m', ')_fZ*eH', '2020-01-01', '2021-08-01', '1690', '-47.45', '-79.49', -32, '23', '-0.09', '-0.41', '5', '19', 1760, -754, '395', '1295', '1862.08']
['ETH-USDT', '5m', ':7fs*j9', '2020-01-01', '2021-08-01', '790', '133.91', '-55.96', 71, '35', '1.02', '1.27', '6', '10', 3348, -1113, '274', '516', '1862.08']
['ETH-USDT', '5m', '*:l,FP;', '2020-01-01', '2021-08-01', '1802', '46.03', '-48.12', 27, '25', '0.69', '0.56', '6', '21', 1125, -778, '450', '1352', '1862.08']
['ETH-USDT', '5m', '.*cNbGv', '2020-01-01', '2021-08-01', '1858', '-8.74', '-52.01', -3, '32', '0.29', '-0.05', '8', '17', 494, -647, '591', '1267', '1862.08']
['ETH-USDT', '5m', ')_fY*eH', '2020-01-01', '2021-08-01', '1690', '-44.76', '-78.14', -30, '23', '-0.06', '-0.39', '5', '19', 1726, -748, '395', '1295', '1862.08']
['ETH-USDT', '5m', ')_rr*eH', '2020-01-01', '2021-08-01', '1690', '-45.59', '-82.11', -31, '22', '0.0', '-0.37', '5', '19', 3012, -752, '372', '1318', '1862.08']
['ETH-USDT', '5m', ')_`r*eH', '2020-01-01', '2021-08-01', '1690', '-40.02', '-78.35', -27, '24', '0.03', '-0.34', '5', '19', 2150, -756, '399', '1291', '1862.08']
['ETH-USDT', '5m', '3?t61]B', '2020-01-01', '2021-08-01', '1058', '51.55', '-62.67', 30, '32', '0.73', '0.48', '7', '18', 1033, -919, '341', '717', '1862.08']
['ETH-USDT', '5m', ')_pr*eH', '2020-01-01', '2021-08-01', '1690', '-38.58', '-81.17', -25, '23', '0.09', '-0.31', '5', '18', 3084, -1021, '381', '1309', '1862.08']
['ETH-USDT', '5m', ')_fw*eH', '2020-01-01', '2021-08-01', '1690', '-41.0', '-79.67', -27, '23', '0.04', '-0.34', '5', '19', 2662, -876, '395', '1295', '1862.08']
['ETH-USDT', '5m', ')_fu*eH', '2020-01-01', '2021-08-01', '1690', '-39.66', '-78.81', -26, '23', '0.06', '-0.33', '5', '19', 2588, -864, '395', '1295', '1862.08']
['ETH-USDT', '5m', ')_fr*e8', '2020-01-01', '2021-08-01', '1689', '-35.74', '-78.52', -24, '21', '0.13', '-0.31', '5', '22', 1839, -746, '349', '1340', '1862.08']
['ETH-USDT', '5m', ')_ar*eH', '2020-01-01', '2021-08-01', '1690', '-43.29', '-79.13', -29, '24', '-0.02', '-0.37', '5', '19', 2216, -775, '399', '1291', '1862.08']
['ETH-USDT', '5m', ')_ft*eH', '2020-01-01', '2021-08-01', '1690', '-40.22', '-78.82', -27, '23', '0.05', '-0.34', '5', '19', 2551, -859, '395', '1295', '1862.08']
['ETH-USDT', '5m', ')_fr*fH', '2020-01-01', '2021-08-01', '1690', '-41.99', '-79.23', -28, '23', '0.02', '-0.35', '5', '19', 2479, -847, '395', '1295', '1862.08']
['ETH-USDT', '5m', ')_fr*`H', '2020-01-01', '2021-08-01', '1709', '-46.61', '-80.34', -32, '23', '-0.03', '-0.39', '5', '19', 2441, -842, '397', '1312', '1862.08']
['ETH-USDT', '5m', ')_fr*dH', '2020-01-01', '2021-08-01', '1699', '-46.46', '-80.15', -32, '23', '-0.04', '-0.39', '5', '19', 2441, -835, '395', '1304', '1862.08']
['ETH-USDT', '5m', ')_qr*eH', '2020-01-01', '2021-08-01', '1690', '-43.22', '-81.85', -29, '22', '0.03', '-0.35', '5', '19', 3011, -752, '378', '1312', '1862.08']
['ETH-USDT', '5m', ')_fp*eH', '2020-01-01', '2021-08-01', '1690', '-42.71', '-79.05', -29, '23', '0.01', '-0.36', '5', '19', 2407, -836, '395', '1295', '1862.08']
['ETH-USDT', '5m', ')_fr*e7', '2020-01-01', '2021-08-01', '1690', '-28.42', '-78.77', -19, '21', '0.22', '-0.24', '5', '22', 2025, -865, '350', '1340', '1862.08']
['ETH-USDT', '5m', ')_nr*eH', '2020-01-01', '2021-08-01', '1690', '-37.76', '-80.71', -25, '23', '0.1', '-0.31', '5', '18', 3001, -998, '384', '1306', '1862.08']
['ETH-USDT', '5m', ')_fr*eC', '2020-01-01', '2021-08-01', '1690', '-36.95', '-78.94', -25, '23', '0.1', '-0.31', '5', '19', 2294, -853, '383', '1307', '1862.08']
['ETH-USDT', '5m', ')_er*eH', '2020-01-01', '2021-08-01', '1690', '-43.43', '-79.12', -29, '24', '-0.0', '-0.37', '5', '19', 2410, -827, '398', '1292', '1862.08']
['ETH-USDT', '5m', '49Pr.7k', '2020-01-01', '2021-08-01', '1188', '7.57', '-50.77', 20, '44', '0.6', '0.39', '7', '10', 944, -680, '524', '664', '1862.08']
['ETH-USDT', '5m', ':5TX0UA', '2020-01-01', '2021-08-01', '969', '57.58', '-56.31', 34, '34', '0.76', '0.6', '6', '12', 1625, -585, '332', '637', '1862.08']
['ETH-USDT', '5m', ')Ifs*jH', '2020-01-01', '2021-08-01', '2119', '12.37', '-74.13', 8, '25', '0.52', '0.1', '5', '24', 2053, -685, '529', '1590', '1862.08']
['ETH-USDT', '5m', ')_fr*e-', '2020-01-01', '2021-08-01', '1689', '-37.75', '-80.08', -26, '20', '0.14', '-0.32', '5', '22', 2518, -820, '332', '1357', '1862.08']
['ETH-USDT', '5m', ')_fr*e;', '2020-01-01', '2021-08-01', '1689', '-41.4', '-79.81', -28, '21', '0.06', '-0.35', '5', '19', 2600, -824, '361', '1328', '1862.08']
['ETH-USDT', '5m', '[Ua\\997', '2020-01-01', '2021-08-01', '439', '28.91', '-59.76', 18, '31', '0.61', '0.3', '4', '10', 1678, -1221, '136', '303', '1862.08']
['ETH-USDT', '5m', ')_fr*e@', '2020-01-01', '2021-08-01', '1689', '-44.98', '-80.29', -31, '23', '0.01', '-0.38', '5', '19', 2893, -852, '382', '1307', '1862.08']
['ETH-USDT', '5m', ')_fr*e3', '2020-01-01', '2021-08-01', '1690', '-36.72', '-80.48', -25, '21', '0.15', '-0.31', '5', '22', 2814, -908, '350', '1340', '1862.08']
['ETH-USDT', '5m', '3BHZ,8n', '2020-01-01', '2021-08-01', '1090', '-25.92', '-59.53', 6, '46', '0.39', '0.1', '8', '13', 586, -612, '504', '586', '1862.08']
['ETH-USDT', '5m', ')_fr*e2', '2020-01-01', '2021-08-01', '1690', '-38.68', '-80.89', -26, '21', '0.13', '-0.33', '5', '22', 3022, -917, '350', '1340', '1862.08']
['ETH-USDT', '5m', ')_fr*e1', '2020-01-01', '2021-08-01', '1690', '-42.05', '-81.57', -29, '21', '0.1', '-0.35', '5', '22', 3342, -931, '350', '1340', '1862.08']
['ETH-USDT', '5m', ')7f,*jH', '2020-01-01', '2021-08-01', '2889', '-15.18', '-77.01', -10, '24', '0.28', '-0.13', '6', '26', 551, -370, '707', '2182', '1862.08']
['ETH-USDT', '5m', ')7f**jH', '2020-01-01', '2021-08-01', '2889', '-11.45', '-76.66', -7, '25', '0.31', '-0.1', '6', '26', 526, -370, '708', '2181', '1862.08']
['ETH-USDT', '5m', ')7f8*jH', '2020-01-01', '2021-08-01', '2889', '-52.46', '-79.05', -37, '24', '-0.13', '-0.47', '6', '26', 776, -381, '705', '2184', '1862.08']
['ETH-USDT', '5m', '-7fs*j*', '2020-01-01', '2021-08-01', '1685', '54.82', '-64.18', 32, '28', '0.75', '0.49', '6', '26', 2237, -609, '476', '1209', '1862.08']
['ETH-USDT', '5m', ',9hN*0*', '2020-01-01', '2021-08-01', '1956', '23.86', '-66.19', 14, '26', '0.62', '0.22', '5', '22', 1437, -671, '512', '1444', '1862.08']
['ETH-USDT', '5m', ',9eN*0*', '2020-01-01', '2021-08-01', '1957', '41.37', '-64.63', 24, '26', '0.7', '0.38', '5', '22', 1408, -698, '516', '1441', '1862.08']
['ETH-USDT', '5m', ',9BN*u*', '2020-01-01', '2021-08-01', '1829', '98.19', '-66.05', 54, '27', '0.94', '0.82', '5', '26', 1366, -623, '499', '1330', '1862.08']
['ETH-USDT', '5m', ',8fs*j*', '2020-01-01', '2021-08-01', '1883', '37.97', '-51.66', 22, '27', '0.68', '0.44', '6', '17', 1669, -566, '513', '1370', '1862.08']
['ETH-USDT', '5m', '.2D9Vno', '2020-01-01', '2021-08-01', '94', '21.45', '-13.68', 14, '59', '1.05', '1.01', '7', '7', 287, -453, '55', '39', '1862.08']
['ETH-USDT', '5m', '*3Xto_P', '2020-01-01', '2021-08-01', '92', '26.66', '-14.16', 16, '40', '0.93', '1.13', '4', '14', 988, -454, '37', '55', '1862.08']
