['Pair', 'TF', 'Dna', 'Start Date', 'End Date', 'Total Trades', 'Total Net Profit', 'Max.DD', 'Annual Profit', 'Winrate', 'Sharpe', 'Calmar', 'Winning Strike', 'Losing Strike', 'Largest Winning', 'Largest Losing', 'Num. of Wins', 'Num. of Losses', 'Market Change']
['ETH-USDT', '5m', '*:l,FP;', '2021-08-01', '2021-10-01', '188', '-13.8', '-26.73', -58, '23', '-1.27', '-2.18', '3', '15', 592, -294, '44', '144', '18.51']
['ETH-USDT', '5m', '\\I0KO9A', '2021-08-01', '2021-10-01', '54', '20.45', '-3.31', 238, '56', '5.83', '71.94', '5', '4', 188, -264, '30', '24', '18.51']
['ETH-USDT', '5m', '/ceI[1o', '2021-08-01', '2021-10-01', '88', '15.16', '-10.64', 146, '43', '2.43', '13.75', '4', '4', 550, -476, '38', '50', '18.51']
['ETH-USDT', '5m', '2_j6*eX', '2021-08-01', '2021-10-01', '73', '10.24', '-11.4', 78, '42', '1.5', '6.8', '3', '6', 498, -471, '31', '42', '18.51']
['ETH-USDT', '5m', ')NfI*?H', '2021-08-01', '2021-10-01', '223', '-9.79', '-22.97', -45, '22', '-0.81', '-1.98', '3', '16', 938, -392, '49', '174', '18.51']
['ETH-USDT', '5m', ')MfI*2H', '2021-08-01', '2021-10-01', '207', '-0.82', '-19.81', -5, '24', '0.19', '-0.24', '3', '14', 975, -335, '50', '157', '18.51']
['ETH-USDT', '5m', '(\\v[8.G', '2021-08-01', '2021-10-01', '174', '11.68', '-13.15', 92, '24', '1.43', '6.97', '3', '13', 1171, -312, '41', '133', '18.51']
['ETH-USDT', '5m', '5Uqf*]Z', '2021-08-01', '2021-10-01', '75', '1.33', '-15.27', 8, '41', '0.41', '0.53', '3', '9', 860, -465, '31', '44', '18.51']
['ETH-USDT', '5m', 'v;6A/-K', '2021-08-01', '2021-10-01', '51', '11.93', '-7.6', 247, '51', '6.03', '32.48', '5', '6', 201, -248, '26', '25', '18.51']
['ETH-USDT', '5m', '-_fr*eH', '2021-08-01', '2021-10-01', '102', '-2.56', '-15.19', -13, '33', '-0.03', '-0.84', '3', '8', 989, -415, '34', '68', '18.51']
['ETH-USDT', '5m', ':MuI*X^', '2021-08-01', '2021-10-01', '67', '3.69', '-10.64', 31, '42', '0.81', '2.93', '3', '8', 919, -487, '28', '39', '18.51']
['ETH-USDT', '5m', ')QfI*?H', '2021-08-01', '2021-10-01', '203', '-0.29', '-17.22', -2, '24', '0.24', '-0.1', '3', '12', 1021, -446, '49', '154', '18.51']
['ETH-USDT', '5m', ')JfI*?H', '2021-08-01', '2021-10-01', '231', '-11.12', '-27.19', -50, '21', '-0.85', '-1.84', '3', '20', 951, -314, '48', '183', '18.51']
['ETH-USDT', '5m', ',mfs*j*', '2021-08-01', '2021-10-01', '82', '17.73', '-10.8', 162, '34', '2.08', '14.95', '3', '8', 1240, -419, '28', '54', '18.51']
['ETH-USDT', '5m', ':MqI*X^', '2021-08-01', '2021-10-01', '67', '1.43', '-10.62', 15, '42', '0.53', '1.41', '3', '8', 862, -471, '28', '39', '18.51']
['ETH-USDT', '5m', ')_fr*eo', '2021-08-01', '2021-10-01', '145', '0.93', '-12.93', 15, '29', '0.54', '1.13', '5', '11', 670, -430, '42', '103', '18.51']
['ETH-USDT', '5m', ')_fr*e_', '2021-08-01', '2021-10-01', '145', '-3.27', '-13.76', -14, '29', '-0.12', '-1.01', '5', '11', 876, -402, '42', '103', '18.51']
['ETH-USDT', '5m', ',dfh*RS', '2021-08-01', '2021-10-01', '103', '-4.71', '-22.19', -22, '35', '-0.22', '-1.01', '4', '6', 981, -382, '36', '67', '18.51']
['ETH-USDT', '5m', 'u9?08fc', '2021-08-01', '2021-10-01', '37', '6.4', '-5.54', 74, '54', '3.02', '13.4', '4', '3', 186, -275, '20', '17', '18.51']
['ETH-USDT', '5m', ')`fI*?H', '2021-08-01', '2021-10-01', '142', '-2.88', '-11.54', -14, '30', '-0.07', '-1.25', '5', '10', 885, -387, '42', '100', '18.51']
['ETH-USDT', '5m', ')_rr*eH', '2021-08-01', '2021-10-01', '145', '-6.14', '-13.27', -30, '26', '-0.45', '-2.24', '3', '11', 1089, -424, '38', '107', '18.51']
['ETH-USDT', '5m', ')_nr*eH', '2021-08-01', '2021-10-01', '145', '-7.18', '-13.95', -34, '26', '-0.59', '-2.46', '3', '11', 1071, -411, '38', '107', '18.51']
['ETH-USDT', '5m', ')_fU*eH', '2021-08-01', '2021-10-01', '145', '-0.31', '-11.41', 0, '29', '0.25', '-0.02', '5', '11', 1105, -402, '42', '103', '18.51']
['ETH-USDT', '5m', ')_fZ*eH', '2021-08-01', '2021-10-01', '145', '-5.89', '-13.37', -29, '29', '-0.46', '-2.16', '5', '11', 1118, -382, '42', '103', '18.51']
['ETH-USDT', '5m', ')_fY*eH', '2021-08-01', '2021-10-01', '145', '-6.06', '-13.39', -30, '29', '-0.48', '-2.21', '5', '11', 1103, -382, '42', '103', '18.51']
['ETH-USDT', '5m', ')_fr*e\\', '2021-08-01', '2021-10-01', '145', '-2.74', '-11.86', -12, '29', '-0.05', '-1.0', '5', '11', 873, -402, '42', '103', '18.51']
['ETH-USDT', '5m', ')_qr*eH', '2021-08-01', '2021-10-01', '145', '-6.96', '-13.71', -33, '26', '-0.55', '-2.43', '3', '11', 1074, -421, '38', '107', '18.51']
['ETH-USDT', '5m', ')_pr*eH', '2021-08-01', '2021-10-01', '145', '-6.55', '-13.75', -32, '26', '-0.5', '-2.3', '3', '11', 1079, -417, '38', '107', '18.51']
['ETH-USDT', '5m', ',Sfs*j9', '2021-08-01', '2021-10-01', '123', '3.34', '-18.69', 22, '30', '0.64', '1.19', '3', '9', 1142, -384, '37', '86', '18.51']
['ETH-USDT', '5m', ')_fr*wH', '2021-08-01', '2021-10-01', '141', '-4.35', '-13.31', -22, '30', '-0.26', '-1.63', '5', '10', 1063, -389, '42', '99', '18.51']
['ETH-USDT', '5m', '0L]a<_P', '2021-08-01', '2021-10-01', '86', '19.51', '-13.64', 191, '45', '2.37', '14.0', '3', '4', 1008, -398, '39', '47', '18.51']
['ETH-USDT', '5m', '+jDL@2`', '2021-08-01', '2021-10-01', '109', '4.61', '-8.98', 46, '35', '1.29', '5.07', '3', '8', 338, -292, '38', '71', '18.51']
['ETH-USDT', '5m', ',Yfs*j*', '2021-08-01', '2021-10-01', '119', '-6.7', '-22.75', -33, '24', '-0.4', '-1.47', '2', '16', 1094, -330, '29', '90', '18.51']
['ETH-USDT', '5m', ')_fr*fH', '2021-08-01', '2021-10-01', '145', '-6.88', '-13.7', -33, '29', '-0.58', '-2.42', '5', '11', 1034, -378, '42', '103', '18.51']
['ETH-USDT', '5m', ')_ar*eH', '2021-08-01', '2021-10-01', '145', '-6.25', '-12.67', -31, '28', '-0.53', '-2.41', '5', '11', 1011, -360, '41', '104', '18.51']
['ETH-USDT', '5m', ')_er*eH', '2021-08-01', '2021-10-01', '145', '-7.16', '-13.75', -34, '29', '-0.61', '-2.5', '5', '11', 1030, -375, '42', '103', '18.51']
['ETH-USDT', '5m', ')_fr*`H', '2021-08-01', '2021-10-01', '145', '-6.88', '-13.7', -33, '29', '-0.58', '-2.42', '5', '11', 1034, -378, '42', '103', '18.51']
['ETH-USDT', '5m', ',_fG*eH', '2021-08-01', '2021-10-01', '112', '3.35', '-15.5', 23, '33', '0.68', '1.51', '5', '6', 837, -344, '37', '75', '18.51']
['ETH-USDT', '5m', ',_fw*eH', '2021-08-01', '2021-10-01', '112', '-0.44', '-17.62', -1, '33', '0.23', '-0.05', '5', '6', 1010, -338, '37', '75', '18.51']
['ETH-USDT', '5m', ',_fr*eH', '2021-08-01', '2021-10-01', '112', '-0.66', '-17.73', -2, '33', '0.2', '-0.13', '5', '6', 999, -338, '37', '75', '18.51']
['ETH-USDT', '5m', ',_fr+dH', '2021-08-01', '2021-10-01', '112', '-0.66', '-17.73', -2, '33', '0.2', '-0.13', '5', '6', 999, -338, '37', '75', '18.51']
['ETH-USDT', '5m', ')cfr*eH', '2021-08-01', '2021-10-01', '137', '-3.4', '-14.96', -17, '30', '-0.14', '-1.14', '3', '10', 1059, -377, '41', '96', '18.51']
['ETH-USDT', '5m', '1`Mru+I', '2021-08-01', '2021-10-01', '80', '4.42', '-11.62', 33, '34', '0.83', '2.86', '3', '6', 861, -344, '27', '53', '18.51']
['ETH-USDT', '5m', 'cAOZIKt', '2021-08-01', '2021-10-01', '58', '-0.2', '-10.71', 37, '57', '1.19', '3.49', '8', '4', 291, -333, '33', '25', '18.51']
['ETH-USDT', '5m', '^GD*qaY', '2021-08-01', '2021-10-01', '25', '11.06', '-4.38', 96, '56', '3.1', '21.82', '4', '3', 212, -347, '14', '11', '18.51']
['ETH-USDT', '5m', 'u:4-g1D', '2021-08-01', '2021-10-01', '54', '7.22', '-5.78', 137, '61', '4.9', '23.65', '8', '3', 108, -239, '33', '21', '18.51']
['ETH-USDT', '5m', ':F8v6pL', '2021-08-01', '2021-10-01', '63', '6.42', '-5.83', 57, '40', '1.62', '9.85', '3', '5', 379, -292, '25', '38', '18.51']
['ETH-USDT', '5m', ')7f8*jH', '2021-08-01', '2021-10-01', '302', '-16.36', '-21.39', -65, '24', '-1.24', '-3.04', '4', '18', 651, -226, '71', '231', '18.51']
['ETH-USDT', '5m', ')_fr*eC', '2021-08-01', '2021-10-01', '145', '-6.62', '-13.0', -32, '28', '-0.52', '-2.49', '5', '11', 1045, -378, '41', '104', '18.51']
['ETH-USDT', '5m', ')_fK*eH', '2021-08-01', '2021-10-01', '145', '-2.18', '-11.62', -11, '29', '0.01', '-0.92', '5', '11', 915, -389, '42', '103', '18.51']
['ETH-USDT', '5m', ')_fp*eH', '2021-08-01', '2021-10-01', '145', '-6.95', '-13.74', -33, '29', '-0.59', '-2.43', '5', '11', 1030, -378, '42', '103', '18.51']
['ETH-USDT', '5m', ')_fw*eH', '2021-08-01', '2021-10-01', '145', '-6.69', '-13.6', -32, '29', '-0.55', '-2.38', '5', '11', 1045, -382, '42', '103', '18.51']
['ETH-USDT', '5m', ')_fr*dH', '2021-08-01', '2021-10-01', '145', '-6.88', '-13.7', -33, '29', '-0.58', '-2.42', '5', '11', 1034, -378, '42', '103', '18.51']
['ETH-USDT', '5m', ')_fu*eH', '2021-08-01', '2021-10-01', '145', '-6.73', '-13.6', -33, '29', '-0.56', '-2.39', '5', '11', 1041, -378, '42', '103', '18.51']
['ETH-USDT', '5m', ')_ft*eH', '2021-08-01', '2021-10-01', '145', '-6.82', '-13.66', -33, '29', '-0.57', '-2.41', '5', '11', 1039, -378, '42', '103', '18.51']
['ETH-USDT', '5m', ')_fG*eH', '2021-08-01', '2021-10-01', '145', '-3.97', '-11.71', -20, '29', '-0.22', '-1.7', '5', '11', 846, -385, '42', '103', '18.51']
['ETH-USDT', '5m', ')_\\r*eH', '2021-08-01', '2021-10-01', '145', '-4.4', '-12.55', -22, '29', '-0.31', '-1.77', '5', '11', 1007, -346, '42', '103', '18.51']
['ETH-USDT', '5m', ')_fr*uH', '2021-08-01', '2021-10-01', '141', '-4.35', '-13.31', -22, '30', '-0.26', '-1.63', '5', '10', 1063, -389, '42', '99', '18.51']
['ETH-USDT', '5m', ')_fr*sH', '2021-08-01', '2021-10-01', '141', '-4.35', '-13.31', -22, '30', '-0.26', '-1.63', '5', '10', 1063, -389, '42', '99', '18.51']
['ETH-USDT', '5m', ')_fr*e@', '2021-08-01', '2021-10-01', '145', '-8.38', '-14.68', -40, '28', '-0.74', '-2.7', '5', '11', 1099, -371, '41', '104', '18.51']
['ETH-USDT', '5m', ')_Vr*eH', '2021-08-01', '2021-10-01', '145', '-3.99', '-11.5', -20, '28', '-0.28', '-1.76', '5', '11', 1102, -327, '41', '104', '18.51']
['ETH-USDT', '5m', ')_f+*eH', '2021-08-01', '2021-10-01', '145', '1.7', '-13.93', 12, '29', '0.49', '0.88', '5', '11', 446, -395, '42', '103', '18.51']
['ETH-USDT', '5m', ')_fr*e8', '2021-08-01', '2021-10-01', '145', '-6.3', '-13.22', -32, '25', '-0.42', '-2.39', '5', '11', 1042, -378, '36', '109', '18.51']
['ETH-USDT', '5m', ')_fr*e7', '2021-08-01', '2021-10-01', '145', '-6.7', '-13.59', -33, '25', '-0.47', '-2.45', '5', '11', 1053, -375, '36', '109', '18.51']
['ETH-USDT', '5m', '-Hg<;@E', '2021-08-01', '2021-10-01', '141', '-7.61', '-26.24', -36, '32', '-0.51', '-1.39', '3', '14', 658, -393, '45', '96', '18.51']
['ETH-USDT', '5m', ')_fr*e2', '2021-08-01', '2021-10-01', '145', '-9.72', '-16.35', -45, '25', '-0.85', '-2.76', '5', '11', 1141, -364, '36', '109', '18.51']
['ETH-USDT', '5m', ',Tfs*j*', '2021-08-01', '2021-10-01', '122', '-1.09', '-19.78', -6, '25', '0.19', '-0.31', '2', '8', 1143, -352, '31', '91', '18.51']
['ETH-USDT', '5m', ')_fr*e;', '2021-08-01', '2021-10-01', '145', '-8.03', '-14.47', -39, '27', '-0.67', '-2.66', '5', '11', 1090, -371, '39', '106', '18.51']
['ETH-USDT', '5m', ')_fr*e3', '2021-08-01', '2021-10-01', '145', '-9.07', '-15.77', -43, '25', '-0.77', '-2.71', '5', '11', 1123, -364, '36', '109', '18.51']
['ETH-USDT', '5m', '[Ua\\997', '2021-08-01', '2021-10-01', '52', '-11.44', '-18.98', -51, '33', '-1.01', '-2.68', '2', '9', 862, -387, '17', '35', '18.51']
['ETH-USDT', '5m', ')_`r*eH', '2021-08-01', '2021-10-01', '145', '-5.81', '-12.72', -29, '28', '-0.47', '-2.25', '5', '11', 1007, -353, '41', '104', '18.51']
['ETH-USDT', '5m', ')_fr*e1', '2021-08-01', '2021-10-01', '145', '-10.55', '-17.13', -48, '25', '-0.94', '-2.8', '5', '11', 1167, -361, '36', '109', '18.51']
['ETH-USDT', '5m', ')_Mr*eH', '2021-08-01', '2021-10-01', '145', '0.75', '-10.52', 7, '29', '0.37', '0.63', '5', '11', 939, -303, '42', '103', '18.51']
['ETH-USDT', '5m', '.*cNbGv', '2021-08-01', '2021-10-01', '220', '-11.77', '-23.67', -52, '28', '-1.13', '-2.2', '3', '12', 382, -382, '61', '159', '18.51']
['ETH-USDT', '5m', 'lEi_6SR', '2021-08-01', '2021-10-01', '48', '-1.26', '-16.98', -7, '46', '0.08', '-0.42', '4', '6', 752, -459, '22', '26', '18.51']
['ETH-USDT', '5m', ')_fr*e-', '2021-08-01', '2021-10-01', '145', '-8.72', '-15.78', -42, '23', '-0.68', '-2.63', '5', '12', 1112, -364, '33', '112', '18.51']
['ETH-USDT', '5m', ',Qfs*j9', '2021-08-01', '2021-10-01', '139', '-9.24', '-21.74', -43, '28', '-0.62', '-1.98', '3', '9', 1122, -357, '39', '100', '18.51']
['ETH-USDT', '5m', '.^ar.lD', '2021-08-01', '2021-10-01', '100', '-3.11', '-15.94', -16, '30', '-0.07', '-1.01', '3', '8', 979, -395, '30', '70', '18.51']
['ETH-USDT', '5m', 'N,pgE0i', '2021-08-01', '2021-10-01', '74', '28.04', '-8.12', 393, '41', '3.84', '48.36', '4', '5', 822, -338, '30', '44', '18.51']
['ETH-USDT', '5m', ',gfs*j9', '2021-08-01', '2021-10-01', '101', '-1.79', '-20.16', -10, '30', '0.09', '-0.47', '3', '7', 1128, -373, '30', '71', '18.51']
['ETH-USDT', '5m', ',9BN*u*', '2021-08-01', '2021-10-01', '199', '-10.65', '-13.19', -48, '24', '-0.94', '-3.67', '3', '10', 510, -298, '47', '152', '18.51']
['ETH-USDT', '5m', '0jVbK>a', '2021-08-01', '2021-10-01', '64', '12.74', '-10.57', 117, '47', '2.21', '11.04', '3', '5', 691, -470, '30', '34', '18.51']
['ETH-USDT', '5m', 'WA9r3l\\', '2021-08-01', '2021-10-01', '44', '18.44', '-6.24', 216, '45', '4.88', '34.55', '4', '6', 359, -241, '20', '24', '18.51']
['ETH-USDT', '5m', ',gfs*j*', '2021-08-01', '2021-10-01', '101', '-4.92', '-22.75', -26, '29', '-0.22', '-1.13', '2', '7', 1175, -358, '29', '72', '18.51']
['ETH-USDT', '5m', ',UBN*0*', '2021-08-01', '2021-10-01', '129', '10.43', '-18.31', 80, '26', '1.48', '4.34', '2', '9', 562, -255, '34', '95', '18.51']
['ETH-USDT', '5m', '5-F3EA:', '2021-08-01', '2021-10-01', '156', '-4.96', '-11.73', -25, '31', '-0.33', '-2.14', '4', '10', 310, -275, '48', '108', '18.51']
['ETH-USDT', '5m', 'i5fI*?H', '2021-08-01', '2021-10-01', '51', '9.29', '-21.52', 72, '43', '1.27', '3.35', '5', '9', 972, -494, '22', '29', '18.51']
['ETH-USDT', '5m', 'nVoBEBO', '2021-08-01', '2021-10-01', '42', '-0.93', '-17.47', -3, '48', '0.17', '-0.16', '3', '4', 802, -385, '20', '22', '18.51']
['ETH-USDT', '5m', 'gDflOWZ', '2021-08-01', '2021-10-01', '47', '-6.03', '-17.15', -31, '45', '-0.6', '-1.79', '4', '6', 656, -467, '21', '26', '18.51']
['ETH-USDT', '5m', '*KDORhv', '2021-08-01', '2021-10-01', '33', '2.31', '-6.21', 26, '48', '1.6', '4.21', '4', '7', 196, -261, '16', '17', '18.51']
['ETH-USDT', '5m', '(^;[jZ(', '2021-08-01', '2021-10-01', '47', '-0.35', '-11.19', -2, '30', '0.07', '-0.18', '2', '9', 555, -241, '14', '33', '18.51']
['ETH-USDT', '5m', ')\\FDnR/', '2021-08-01', '2021-10-01', '73', '20.49', '-7.1', 200, '33', '3.48', '28.18', '2', '8', 437, -303, '24', '49', '18.51']
['ETH-USDT', '5m', ']])<Bw;', '2021-08-01', '2021-10-01', '27', '6.74', '-0.89', 50, '96', '8.9', '55.84', '26', '1', 32, -122, '26', '1', '18.51']
['ETH-USDT', '5m', ')_f6*e:', '2021-08-01', '2021-10-01', '145', '-5.75', '-15.94', -29, '27', '-0.52', '-1.82', '5', '11', 618, -364, '39', '106', '18.51']
['ETH-USDT', '5m', ')_f6ZeH', '2021-08-01', '2021-10-01', '31', '3.27', '-6.38', 23, '42', '0.86', '3.59', '2', '4', 625, -416, '13', '18', '18.51']
['ETH-USDT', '5m', ')_f6SeH', '2021-08-01', '2021-10-01', '37', '9.48', '-6.71', 73, '43', '1.95', '10.9', '3', '4', 631, -423, '16', '21', '18.51']
['ETH-USDT', '5m', ')_s6*eH', '2021-08-01', '2021-10-01', '145', '-3.98', '-13.01', -20, '26', '-0.23', '-1.52', '3', '11', 702, -424, '37', '108', '18.51']
['ETH-USDT', '5m', ')jfr*eH', '2021-08-01', '2021-10-01', '123', '-1.28', '-12.72', -6, '29', '0.11', '-0.46', '2', '8', 1031, -360, '36', '87', '18.51']
['ETH-USDT', '5m', '=-^=1:9', '2021-08-01', '2021-10-01', '118', '-9.61', '-20.97', -44, '32', '-0.76', '-2.12', '3', '8', 705, -423, '38', '80', '18.51']
['ETH-USDT', '5m', '3:NfJV-', '2021-08-01', '2021-10-01', '100', '12.01', '-21.07', 95, '32', '1.42', '4.51', '3', '7', 785, -301, '32', '68', '18.51']
['ETH-USDT', '5m', ':;j6*eX', '2021-08-01', '2021-10-01', '80', '0.01', '-16.92', 4, '38', '0.3', '0.22', '3', '6', 494, -442, '30', '50', '18.51']
['ETH-USDT', '5m', 'e(g,5-.', '2021-08-01', '2021-10-01', '61', '19.9', '-10.24', 191, '41', '2.56', '18.69', '4', '5', 557, -516, '25', '36', '18.51']
['ETH-USDT', '5m', 'q:XRt(^', '2021-08-01', '2021-10-01', '58', '-5.47', '-16.52', -25, '45', '-0.47', '-1.52', '5', '10', 657, -440, '26', '32', '18.51']
['ETH-USDT', '5m', 'L3S,Jc,', '2021-08-01', '2021-10-01', '52', '0.92', '-7.04', 21, '38', '0.71', '2.94', '2', '4', 364, -475, '20', '32', '18.51']
['ETH-USDT', '5m', 'e.MTe2c', '2021-08-01', '2021-10-01', '62', '14.25', '-12.27', 158, '56', '2.82', '12.88', '5', '3', 549, -339, '35', '27', '18.51']
['ETH-USDT', '5m', 'uYkSlpO', '2021-08-01', '2021-10-01', '10', '1.62', '-6.86', 10, '60', '0.45', '1.45', '3', '2', 1048, -529, '6', '4', '18.51']
['ETH-USDT', '5m', 'BpTFuak', '2021-08-01', '2021-10-01', '22', '11.43', '-7.61', 110, '68', '2.99', '14.52', '5', '4', 454, -478, '15', '7', '18.51']
['ETH-USDT', '5m', ')_fr[eH', '2021-08-01', '2021-10-01', '28', '1.87', '-6.41', 12, '43', '0.55', '1.8', '2', '3', 569, -426, '12', '16', '18.51']
['ETH-USDT', '5m', ')_frgeH', '2021-08-01', '2021-10-01', '13', '6.58', '-3.4', 46, '38', '1.79', '13.39', '1', '2', 574, -188, '5', '8', '18.51']
['ETH-USDT', '5m', ')_frkeH', '2021-08-01', '2021-10-01', '10', '9.66', '-3.4', 72, '50', '2.61', '21.2', '1', '2', 579, -122, '5', '5', '18.51']
['ETH-USDT', '5m', ')_frReH', '2021-08-01', '2021-10-01', '38', '7.18', '-6.73', 53, '42', '1.55', '7.86', '3', '5', 688, -416, '16', '22', '18.51']
['ETH-USDT', '5m', ',_s6*eH', '2021-08-01', '2021-10-01', '112', '2.63', '-18.4', 19, '29', '0.6', '1.02', '3', '8', 723, -379, '32', '80', '18.51']
['ETH-USDT', '5m', ')_frVeH', '2021-08-01', '2021-10-01', '35', '8.11', '-6.73', 61, '43', '1.72', '9.04', '3', '4', 688, -416, '15', '20', '18.51']
['ETH-USDT', '5m', ')_frZeH', '2021-08-01', '2021-10-01', '31', '0.9', '-6.83', 7, '42', '0.39', '1.06', '2', '4', 553, -413, '13', '18', '18.51']
['ETH-USDT', '5m', 'MP]EMqa', '2021-08-01', '2021-10-01', '25', '10.09', '-5.92', 76, '60', '2.0', '12.87', '3', '3', 508, -463, '15', '10', '18.51']
['ETH-USDT', '5m', 'Z,McYkh', '2021-08-01', '2021-10-01', '24', '16.19', '-4.37', 156, '71', '3.32', '35.62', '8', '2', 568, -432, '17', '7', '18.51']
['ETH-USDT', '5m', '\\THUeSD', '2021-08-01', '2021-10-01', '48', '6.36', '-10.88', 50, '38', '1.29', '4.56', '2', '5', 545, -406, '18', '30', '18.51']
['ETH-USDT', '5m', ')_freeH', '2021-08-01', '2021-10-01', '13', '6.58', '-3.4', 46, '38', '1.79', '13.39', '1', '2', 574, -188, '5', '8', '18.51']
['ETH-USDT', '5m', '3?t61]B', '2021-08-01', '2021-10-01', '116', '-20.94', '-33.28', -75, '28', '-2.17', '-2.25', '3', '10', 685, -397, '32', '84', '18.51']
['ETH-USDT', '5m', '=8Fo72)', '2021-08-01', '2021-10-01', '86', '7.11', '-16.26', 50, '36', '0.96', '3.08', '3', '5', 942, -312, '31', '55', '18.51']
['ETH-USDT', '5m', '3BHZ,8n', '2021-08-01', '2021-10-01', '117', '-23.77', '-27.72', -76, '44', '-3.35', '-2.74', '6', '6', 358, -301, '51', '66', '18.51']
['ETH-USDT', '5m', '2JIGMAD', '2021-08-01', '2021-10-01', '94', '14.38', '-8.8', 123, '38', '1.97', '14.02', '3', '5', 485, -371, '36', '58', '18.51']
['ETH-USDT', '5m', '49Pr.7k', '2021-08-01', '2021-10-01', '126', '-16.96', '-24.93', -64, '43', '-2.09', '-2.57', '5', '6', 579, -352, '54', '72', '18.51']
['ETH-USDT', '5m', 'm_fr*eH', '2021-08-01', '2021-10-01', '28', '-5.09', '-15.39', -24, '39', '-0.33', '-1.55', '3', '4', 917, -452, '11', '17', '18.51']
['ETH-USDT', '5m', ')7f,*jH', '2021-08-01', '2021-10-01', '302', '-15.45', '-21.7', -63, '24', '-1.21', '-2.89', '4', '18', 474, -230, '71', '231', '18.51']
['ETH-USDT', '5m', ')7f**jH', '2021-08-01', '2021-10-01', '302', '-15.43', '-21.34', -63, '24', '-1.19', '-2.94', '4', '18', 442, -231, '71', '231', '18.51']
['ETH-USDT', '5m', ')Ifs*jH', '2021-08-01', '2021-10-01', '234', '-16.23', '-24.78', -65, '20', '-1.4', '-2.61', '3', '20', 1043, -289, '47', '187', '18.51']
['ETH-USDT', '5m', '75KOP[D', '2021-08-01', '2021-10-01', '81', '6.64', '-17.6', 47, '37', '1.05', '2.68', '4', '9', 552, -386, '30', '51', '18.51']
['ETH-USDT', '5m', '4?a=t`l', '2021-08-01', '2021-10-01', '19', '-2.9', '-10.73', -16, '42', '-0.53', '-1.48', '2', '4', 460, -502, '8', '11', '18.51']
['ETH-USDT', '5m', '@;:b.@h', '2021-08-01', '2021-10-01', '75', '-1.58', '-10.95', 33, '47', '1.09', '2.98', '3', '4', 270, -253, '35', '40', '18.51']
['ETH-USDT', '5m', '0>NtWwn', '2021-08-01', '2021-10-01', '5', '0.65', '-4.35', 4, '40', '0.37', '0.89', '1', '2', 420, -270, '2', '3', '18.51']
['ETH-USDT', '5m', ')_:r*eH', '2021-08-01', '2021-10-01', '145', '1.63', '-11.01', 17, '26', '0.62', '1.56', '5', '11', 490, -299, '37', '108', '18.51']
['ETH-USDT', '5m', '+5DfvJI', '2021-08-01', '2021-10-01', '188', '-2.32', '-19.22', -11, '30', '0.06', '-0.58', '3', '11', 684, -222, '56', '132', '18.51']
['ETH-USDT', '5m', 'qAJQ/bS', '2021-08-01', '2021-10-01', '40', '-1.56', '-10.83', -2, '42', '0.1', '-0.19', '4', '5', 575, -288, '17', '23', '18.51']
['ETH-USDT', '5m', '*3Xto_P', '2021-08-01', '2021-10-01', '5', '-5.0', '-5.0', -26, '0', '-5.75', '-5.21', '0', '5', 0, -123, '0', '5', '18.51']
['ETH-USDT', '5m', ':5TX0UA', '2021-08-01', '2021-10-01', '95', '-13.33', '-21.82', -56, '39', '-1.3', '-2.59', '3', '5', 830, -380, '37', '58', '18.51']
['ETH-USDT', '5m', '.2D9Vno', '2021-08-01', '2021-10-01', '7', '-2.9', '-3.68', -16, '29', '-2.18', '-4.33', '2', '3', 139, -123, '2', '5', '18.51']
['ETH-USDT', '5m', 'B5fI*?H', '2021-08-01', '2021-10-01', '78', '-3.03', '-19.54', -14, '40', '0.0', '-0.7', '3', '7', 826, -363, '31', '47', '18.51']
['ETH-USDT', '5m', '\\0:b[+1', '2021-08-01', '2021-10-01', '64', '20.46', '-10.73', 204, '42', '2.78', '18.99', '3', '5', 646, -316, '27', '37', '18.51']
['ETH-USDT', '5m', '55fI*?H', '2021-08-01', '2021-10-01', '118', '-6.49', '-19.1', -32, '34', '-0.42', '-1.66', '3', '6', 845, -452, '40', '78', '18.51']
['ETH-USDT', '5m', ':7fs*jH', '2021-08-01', '2021-10-01', '83', '-14.0', '-27.42', -58, '37', '-1.39', '-2.11', '3', '6', 809, -365, '31', '52', '18.51']
['ETH-USDT', '5m', ':7fs*j9', '2021-08-01', '2021-10-01', '83', '-15.77', '-29.26', -63, '33', '-1.54', '-2.16', '3', '6', 860, -353, '27', '56', '18.51']
['ETH-USDT', '5m', '-7fs*j*', '2021-08-01', '2021-10-01', '186', '-8.88', '-13.7', -42, '26', '-0.56', '-3.08', '3', '8', 818, -353, '49', '137', '18.51']
['ETH-USDT', '5m', ',8fs*j*', '2021-08-01', '2021-10-01', '205', '-15.65', '-15.65', -63, '24', '-1.24', '-4.04', '3', '10', 767, -328, '49', '156', '18.51']
['ETH-USDT', '5m', ',9hN*0*', '2021-08-01', '2021-10-01', '216', '-9.29', '-13.71', -44, '23', '-0.52', '-3.18', '3', '10', 1117, -256, '50', '166', '18.51']
['ETH-USDT', '5m', ',9eN*0*', '2021-08-01', '2021-10-01', '216', '-10.7', '-14.3', -49, '23', '-0.66', '-3.4', '3', '10', 1065, -326, '50', '166', '18.51']
