['Pair', 'TF', 'Dna', 'Start Date', 'End Date', 'Total Trades', 'Total Net Profit', 'Max.DD', 'Annual Profit', 'Winrate', 'Sharpe', 'Calmar', 'Serenity', 'Winning Strike', 'Losing Strike', 'Largest Winning', 'Largest Losing', 'Num. of Wins', 'Num. of Losses', 'Market Change']
['ETH-USDT', '5m', 'L3S,Jc,', '2020-06-01', '2021-06-01', '254', '92.4', '-18.14', 95, '46', '2.48', '2.34', '5.25', '6', '8', 511, -832, '118', '136', '1072.2']
['ETH-USDT', '5m', 'Z,McYkh', '2020-06-01', '2021-06-01', '85', '44.26', '-6.96', 47, '62', '2.74', '2.45', '6.72', '7', '5', 558, -374, '53', '32', '1072.2']
['ETH-USDT', '5m', 'q:XRt(^', '2020-06-01', '2021-06-01', '292', '38.73', '-15.14', 48, '45', '1.81', '1.19', '3.15', '6', '9', 896, -1336, '132', '160', '1072.2']
['ETH-USDT', '5m', 'e.MTe2c', '2020-06-01', '2021-06-01', '360', '97.12', '-16.14', 124, '49', '3.71', '2.59', '7.67', '6', '6', 865, -1331, '177', '183', '1072.2']
['ETH-USDT', '5m', 'uYkSlpO', '2020-06-01', '2021-06-01', '26', '9.88', '-12.77', 10, '50', '0.2', '0.55', '0.77', '4', '3', 975, -853, '13', '13', '1072.2']
['ETH-USDT', '5m', '*3Xto_P', '2020-06-01', '2021-06-01', '64', '-2.27', '-8.67', -2, '31', '-0.03', '-0.12', '-0.24', '4', '12', 557, -230, '20', '44', '1072.2']
['ETH-USDT', '5m', 'i5fI*?H', '2020-06-01', '2021-06-01', '268', '74.15', '-22.48', 76, '44', '1.92', '1.45', '3.4', '5', '7', 1446, -1643, '118', '150', '1072.2']
['ETH-USDT', '5m', 'MP]EMqa', '2020-06-01', '2021-06-01', '112', '8.61', '-10.69', 9, '46', '0.24', '0.51', '0.87', '3', '5', 433, -612, '52', '60', '1072.2']
['ETH-USDT', '5m', 'qAJQ/bS', '2020-06-01', '2021-06-01', '188', '5.65', '-23.35', 15, '40', '0.24', '0.59', '0.64', '4', '9', 565, -1050, '75', '113', '1072.2']
['ETH-USDT', '5m', ')_f6ZeH', '2020-06-01', '2021-06-01', '107', '9.54', '-16.88', 10, '30', '0.1', '0.63', '0.57', '4', '10', 521, -238, '32', '75', '1072.2']
['ETH-USDT', '5m', ')_frZeH', '2020-06-01', '2021-06-01', '107', '10.17', '-16.88', 10, '29', '0.12', '0.63', '0.6', '4', '10', 644, -237, '31', '76', '1072.2']
['ETH-USDT', '5m', ')_fr[eH', '2020-06-01', '2021-06-01', '101', '13.98', '-16.88', 14, '31', '0.16', '0.83', '0.83', '4', '10', 657, -238, '31', '70', '1072.2']
['ETH-USDT', '5m', 'u9?08fc', '2020-06-01', '2021-06-01', '173', '3.9', '-7.79', 23, '57', '2.01', '1.17', '2.96', '9', '5', 173, -635, '99', '74', '1072.2']
['ETH-USDT', '5m', ')_freeH', '2020-06-01', '2021-06-01', '63', '7.38', '-12.87', 7, '30', '0.08', '0.55', '0.57', '3', '8', 690, -242, '19', '44', '1072.2']
['ETH-USDT', '5m', 'e(g,5-.', '2020-06-01', '2021-06-01', '443', '65.11', '-15.97', 80, '37', '2.79', '1.61', '5.02', '5', '13', 646, -752, '162', '281', '1072.2']
['ETH-USDT', '5m', '\\0:b[+1', '2020-06-01', '2021-06-01', '388', '34.04', '-19.74', 37, '35', '0.89', '0.96', '1.86', '3', '11', 558, -710, '134', '254', '1072.2']
['ETH-USDT', '5m', ')_frVeH', '2020-06-01', '2021-06-01', '124', '4.02', '-19.42', 4, '28', '0.04', '0.31', '0.21', '5', '12', 648, -242, '35', '89', '1072.2']
['ETH-USDT', '5m', '(^;[jZ(', '2020-06-01', '2021-06-01', '207', '34.66', '-11.14', 35, '26', '2.55', '1.48', '3.11', '6', '18', 569, -374, '53', '154', '1072.2']
['ETH-USDT', '5m', ':7fs*jH', '2020-06-01', '2021-06-01', '522', '22.35', '-32.29', 23, '34', '0.1', '0.65', '0.7', '4', '9', 1264, -399, '180', '342', '1072.2']
['ETH-USDT', '5m', ':7fs*j9', '2020-06-01', '2021-06-01', '522', '21.02', '-33.5', 21, '33', '0.09', '0.62', '0.63', '4', '10', 1431, -388, '170', '352', '1072.2']
['ETH-USDT', '5m', '[Ua\\997', '2020-06-01', '2021-06-01', '295', '-8.91', '-36.26', -8, '29', '-0.04', '0.09', '-0.23', '4', '9', 918, -952, '86', '209', '1072.2']
['ETH-USDT', '5m', ')_frgeH', '2020-06-01', '2021-06-01', '59', '-2.58', '-13.47', -3, '29', '-0.01', '-0.15', '-0.19', '3', '8', 696, -245, '17', '42', '1072.2']
['ETH-USDT', '5m', 'B5fI*?H', '2020-06-01', '2021-06-01', '492', '7.04', '-31.75', 8, '37', '0.05', '0.41', '0.24', '5', '8', 742, -558, '182', '310', '1072.2']
['ETH-USDT', '5m', '\\THUeSD', '2020-06-01', '2021-06-01', '220', '-25.13', '-29.09', -22, '32', '-0.08', '-0.5', '-0.77', '4', '10', 374, -623, '70', '150', '1072.2']
['ETH-USDT', '5m', '4?a=t`l', '2020-06-01', '2021-06-01', '68', '-1.82', '-16.26', -2, '41', '-0.01', '-0.07', '-0.11', '4', '7', 343, -522, '28', '40', '1072.2']
['ETH-USDT', '5m', ')_f6SeH', '2020-06-01', '2021-06-01', '145', '-1.74', '-23.39', -2, '27', '-0.01', '-0.0', '-0.07', '5', '14', 493, -219, '39', '106', '1072.2']
['ETH-USDT', '5m', ')_frReH', '2020-06-01', '2021-06-01', '155', '-0.08', '-22.34', 0, '26', '0.0', '0.1', '0.01', '5', '14', 668, -224, '40', '115', '1072.2']
['ETH-USDT', '5m', 'N,pgE0i', '2020-06-01', '2021-06-01', '523', '-2.08', '-31.71', 1, '39', '0.01', '0.26', '0.04', '5', '19', 772, -559, '206', '317', '1072.2']
['ETH-USDT', '5m', ':MuI*X^', '2020-06-01', '2021-06-01', '427', '23.25', '-23.99', 25, '37', '0.32', '0.71', '1.05', '5', '9', 901, -684, '157', '270', '1072.2']
['ETH-USDT', '5m', ')_frkeH', '2020-06-01', '2021-06-01', '52', '0.11', '-9.18', 0, '31', '0.0', '0.06', '0.01', '3', '8', 669, -245, '16', '36', '1072.2']
['ETH-USDT', '5m', ':MqI*X^', '2020-06-01', '2021-06-01', '427', '20.12', '-23.56', 22, '37', '0.32', '0.66', '0.93', '5', '9', 859, -675, '160', '267', '1072.2']
['ETH-USDT', '5m', 'nVoBEBO', '2020-06-01', '2021-06-01', '241', '-29.61', '-41.72', -28, '36', '-0.08', '-0.47', '-0.68', '4', '12', 660, -1003, '86', '155', '1072.2']
['ETH-USDT', '5m', '+5DfvJI', '2020-06-01', '2021-06-01', '975', '87.58', '-16.63', 90, '31', '1.56', '1.8', '5.41', '4', '17', 769, -487, '299', '676', '1072.2']
['ETH-USDT', '5m', '-_fr*eH', '2020-06-01', '2021-06-01', '670', '30.16', '-35.44', 30, '29', '0.16', '0.76', '0.85', '4', '16', 1376, -436, '194', '476', '1072.2']
['ETH-USDT', '5m', '0>NtWwn', '2020-06-01', '2021-06-01', '28', '1.78', '-5.26', 2, '46', '0.04', '0.33', '0.34', '3', '5', 256, -153, '13', '15', '1072.2']
['ETH-USDT', '5m', ',gfs*j*', '2020-06-01', '2021-06-01', '696', '24.1', '-34.82', 24, '22', '0.18', '0.65', '0.69', '4', '15', 1636, -382, '153', '543', '1072.2']
['ETH-USDT', '5m', ':;j6*eX', '2020-06-01', '2021-06-01', '508', '5.03', '-30.85', 5, '36', '0.04', '0.34', '0.18', '5', '17', 399, -439, '184', '324', '1072.2']
['ETH-USDT', '5m', ',gfs*j9', '2020-06-01', '2021-06-01', '696', '23.62', '-34.01', 24, '23', '0.17', '0.65', '0.7', '4', '15', 1546, -386, '161', '535', '1072.2']
['ETH-USDT', '5m', 'gDflOWZ', '2020-06-01', '2021-06-01', '251', '-21.53', '-32.82', -18, '41', '-0.1', '-0.22', '-0.54', '6', '7', 1065, -877, '102', '149', '1072.2']
['ETH-USDT', '5m', '1`Mru+I', '2020-06-01', '2021-06-01', '554', '-4.17', '-26.48', -2, '27', '-0.01', '0.2', '-0.07', '4', '12', 650, -452, '151', '403', '1072.2']
['ETH-USDT', '5m', '5Uqf*]Z', '2020-06-01', '2021-06-01', '466', '29.06', '-33.22', 30, '35', '0.22', '0.8', '0.91', '7', '15', 1205, -604, '161', '305', '1072.2']
['ETH-USDT', '5m', '=8Fo72)', '2020-06-01', '2021-06-01', '615', '15.23', '-25.81', 16, '29', '0.18', '0.54', '0.61', '4', '13', 850, -445, '178', '437', '1072.2']
['ETH-USDT', '5m', '.2D9Vno', '2020-06-01', '2021-06-01', '66', '-0.79', '-8.23', -1, '52', '-0.01', '-0.05', '-0.1', '7', '8', 154, -252, '34', '32', '1072.2']
['ETH-USDT', '5m', '2_j6*eX', '2020-06-01', '2021-06-01', '481', '-3.82', '-31.42', -3, '32', '-0.03', '0.16', '-0.09', '4', '11', 425, -532, '156', '325', '1072.2']
['ETH-USDT', '5m', ')\\FDnR/', '2020-06-01', '2021-06-01', '380', '12.93', '-22.85', 15, '24', '0.12', '0.64', '0.64', '5', '27', 336, -254, '92', '288', '1072.2']
['ETH-USDT', '5m', 'WA9r3l\\', '2020-06-01', '2021-06-01', '221', '-31.43', '-23.91', -14, '36', '-0.09', '-0.54', '-0.57', '5', '6', 264, -330, '80', '141', '1072.2']
['ETH-USDT', '5m', '2JIGMAD', '2020-06-01', '2021-06-01', '658', '-2.63', '-24.91', 1, '30', '0.01', '0.24', '0.05', '4', '13', 350, -395, '195', '463', '1072.2']
['ETH-USDT', '5m', ']])<Bw;', '2020-06-01', '2021-06-01', '102', '-15.88', '-5.0', 2, '68', '0.07', '0.5', '0.49', '10', '5', 24, -405, '69', '33', '1072.2']
['ETH-USDT', '5m', '^GD*qaY', '2020-06-01', '2021-06-01', '98', '-15.71', '-14.5', -9, '46', '-0.1', '-0.54', '-0.63', '4', '5', 152, -373, '45', '53', '1072.2']
['ETH-USDT', '5m', ',UBN*0*', '2020-06-01', '2021-06-01', '886', '36.86', '-35.51', 37, '24', '0.15', '0.89', '1.05', '4', '25', 555, -329, '217', '669', '1072.2']
['ETH-USDT', '5m', ',mfs*j*', '2020-06-01', '2021-06-01', '660', '16.21', '-38.56', 16, '21', '0.11', '0.55', '0.42', '4', '18', 1560, -431, '141', '519', '1072.2']
['ETH-USDT', '5m', 'BpTFuak', '2020-06-01', '2021-06-01', '86', '-26.86', '-32.25', -22, '41', '-0.04', '-1.29', '-0.68', '6', '10', 334, -435, '35', '51', '1072.2']
['ETH-USDT', '5m', '0jVbK>a', '2020-06-01', '2021-06-01', '544', '-13.78', '-34.47', -10, '33', '-0.05', '-0.07', '-0.3', '5', '11', 541, -437, '179', '365', '1072.2']
['ETH-USDT', '5m', ')jfr*eH', '2020-06-01', '2021-06-01', '1007', '-25.14', '-57.72', -25, '22', '-0.05', '-0.29', '-0.43', '5', '23', 1248, -315, '220', '787', '1072.2']
['ETH-USDT', '5m', 'm_fr*eH', '2020-06-01', '2021-06-01', '153', '-33.37', '-55.58', -32, '33', '-0.04', '-0.62', '-0.57', '4', '7', 1130, -803, '51', '102', '1072.2']
['ETH-USDT', '5m', '75KOP[D', '2020-06-01', '2021-06-01', '457', '-9.95', '-32.23', -4, '34', '-0.02', '0.08', '-0.13', '4', '11', 400, -450, '154', '303', '1072.2']
['ETH-USDT', '5m', 'cAOZIKt', '2020-06-01', '2021-06-01', '291', '-30.05', '-23.26', -6, '54', '-0.09', '-0.07', '-0.27', '7', '6', 258, -932, '158', '133', '1072.2']
['ETH-USDT', '5m', 'lEi_6SR', '2020-06-01', '2021-06-01', '252', '-25.24', '-29.61', -23, '37', '-0.16', '-0.29', '-0.76', '6', '7', 718, -910, '94', '158', '1072.2']
['ETH-USDT', '5m', 'v;6A/-K', '2020-06-01', '2021-06-01', '268', '-37.07', '-23.05', -2, '46', '-0.01', '0.02', '-0.08', '7', '8', 142, -508, '124', '144', '1072.2']
['ETH-USDT', '5m', ')`fI*?H', '2020-06-01', '2021-06-01', '1083', '24.7', '-26.23', 25, '24', '0.19', '0.68', '0.94', '5', '19', 835, -322, '260', '823', '1072.2']
['ETH-USDT', '5m', '/ceI[1o', '2020-06-01', '2021-06-01', '594', '-7.27', '-26.51', -5, '37', '-0.04', '0.05', '-0.19', '6', '11', 361, -432, '218', '376', '1072.2']
['ETH-USDT', '5m', '+jDL@2`', '2020-06-01', '2021-06-01', '831', '-31.44', '-41.97', -18, '29', '-0.03', '-0.46', '-0.44', '5', '12', 248, -301, '243', '588', '1072.2']
['ETH-USDT', '5m', ',9BN*u*', '2020-06-01', '2021-06-01', '1143', '108.4', '-25.07', 109, '27', '1.13', '1.67', '4.34', '5', '24', 837, -446, '312', '831', '1072.2']
['ETH-USDT', '5m', '3:NfJV-', '2020-06-01', '2021-06-01', '589', '6.97', '-24.6', 7, '29', '0.06', '0.38', '0.28', '4', '14', 648, -453, '170', '419', '1072.2']
['ETH-USDT', '5m', ')_fr*wH', '2020-06-01', '2021-06-01', '997', '29.63', '-28.34', 30, '25', '0.16', '0.75', '1.05', '4', '19', 1448, -327, '249', '748', '1072.2']
['ETH-USDT', '5m', ':5TX0UA', '2020-06-01', '2021-06-01', '628', '-4.38', '-37.73', -4, '32', '-0.01', '0.18', '-0.11', '4', '10', 605, -341, '203', '425', '1072.2']
['ETH-USDT', '5m', '=-^=1:9', '2020-06-01', '2021-06-01', '659', '39.97', '-23.91', 41, '34', '0.57', '0.88', '1.7', '4', '12', 774, -539, '227', '432', '1072.2']
['ETH-USDT', '5m', '3?t61]B', '2020-06-01', '2021-06-01', '695', '16.73', '-32.14', 17, '31', '0.11', '0.56', '0.52', '4', '12', 672, -434, '218', '477', '1072.2']
['ETH-USDT', '5m', ')_fr*e7', '2020-06-01', '2021-06-01', '1044', '23.83', '-39.54', 24, '22', '0.07', '0.65', '0.6', '5', '19', 1192, -301, '232', '812', '1072.2']
['ETH-USDT', '5m', ')_fr*e8', '2020-06-01', '2021-06-01', '1044', '24.89', '-40.19', 25, '22', '0.07', '0.67', '0.62', '5', '19', 1116, -301, '232', '812', '1072.2']
['ETH-USDT', '5m', ')_fr*e-', '2020-06-01', '2021-06-01', '1044', '23.31', '-39.47', 23, '21', '0.07', '0.64', '0.59', '5', '20', 1398, -301, '221', '823', '1072.2']
['ETH-USDT', '5m', '55fI*?H', '2020-06-01', '2021-06-01', '750', '12.58', '-30.47', 13, '33', '0.12', '0.49', '0.41', '6', '13', 765, -440, '244', '506', '1072.2']
['ETH-USDT', '5m', '0L]a<_P', '2020-06-01', '2021-06-01', '563', '-17.83', '-39.19', -18, '33', '-0.05', '-0.2', '-0.45', '4', '13', 582, -318, '186', '377', '1072.2']
['ETH-USDT', '5m', ')_f+*eH', '2020-06-01', '2021-06-01', '1044', '26.88', '-40.04', 27, '25', '0.07', '0.75', '0.68', '5', '19', 444, -263, '262', '782', '1072.2']
['ETH-USDT', '5m', ')_fr*uH', '2020-06-01', '2021-06-01', '1004', '25.71', '-31.02', 26, '25', '0.13', '0.69', '0.83', '5', '19', 1413, -325, '250', '754', '1072.2']
['ETH-USDT', '5m', ')_fr*sH', '2020-06-01', '2021-06-01', '1004', '25.71', '-31.02', 26, '25', '0.13', '0.69', '0.83', '5', '19', 1413, -325, '250', '754', '1072.2']
['ETH-USDT', '5m', ')_Mr*eH', '2020-06-01', '2021-06-01', '1047', '29.9', '-36.01', 31, '24', '0.1', '0.79', '0.87', '5', '19', 937, -266, '254', '793', '1072.2']
['ETH-USDT', '5m', ')_f6*e:', '2020-06-01', '2021-06-01', '1044', '20.36', '-42.86', 20, '23', '0.04', '0.61', '0.48', '5', '19', 620, -253, '244', '800', '1072.2']
['ETH-USDT', '5m', ')_fr*e3', '2020-06-01', '2021-06-01', '1044', '19.24', '-36.92', 19, '22', '0.06', '0.59', '0.52', '5', '19', 1462, -300, '232', '812', '1072.2']
['ETH-USDT', '5m', ')_fr*e2', '2020-06-01', '2021-06-01', '1044', '18.03', '-36.85', 18, '22', '0.06', '0.57', '0.49', '5', '19', 1523, -300, '232', '812', '1072.2']
['ETH-USDT', '5m', ')_:r*eH', '2020-06-01', '2021-06-01', '1047', '23.04', '-41.53', 30, '23', '0.07', '0.82', '0.72', '5', '19', 504, -292, '237', '810', '1072.2']
['ETH-USDT', '5m', ')_fr*e;', '2020-06-01', '2021-06-01', '1044', '18.11', '-36.04', 18, '23', '0.06', '0.57', '0.5', '5', '19', 1368, -300, '241', '803', '1072.2']
['ETH-USDT', '5m', ')_fr*e1', '2020-06-01', '2021-06-01', '1044', '16.04', '-37.67', 16, '22', '0.05', '0.54', '0.43', '5', '19', 1606, -299, '232', '812', '1072.2']
['ETH-USDT', '5m', ':F8v6pL', '2020-06-01', '2021-06-01', '349', '-24.38', '-43.09', -14, '33', '-0.02', '-0.37', '-0.34', '4', '14', 329, -394, '115', '234', '1072.2']
['ETH-USDT', '5m', ')_fr*eC', '2020-06-01', '2021-06-01', '1044', '17.6', '-35.49', 18, '24', '0.05', '0.57', '0.5', '5', '19', 1243, -300, '250', '794', '1072.2']
['ETH-USDT', '5m', ')_fK*eH', '2020-06-01', '2021-06-01', '1044', '16.06', '-37.32', 16, '25', '0.04', '0.55', '0.44', '5', '19', 812, -281, '258', '786', '1072.2']
['ETH-USDT', '5m', ')_fr*e@', '2020-06-01', '2021-06-01', '1044', '13.96', '-37.09', 14, '24', '0.04', '0.51', '0.38', '5', '19', 1424, -299, '250', '794', '1072.2']
['ETH-USDT', '5m', ',dfh*RS', '2020-06-01', '2021-06-01', '757', '-11.69', '-47.95', -11, '29', '-0.03', '0.02', '-0.23', '5', '16', 957, -284, '216', '541', '1072.2']
['ETH-USDT', '5m', '-Hg<;@E', '2020-06-01', '2021-06-01', '944', '25.9', '-26.82', 26, '28', '0.24', '0.71', '0.97', '5', '17', 594, -383, '261', '683', '1072.2']
['ETH-USDT', '5m', ')_Vr*eH', '2020-06-01', '2021-06-01', '1044', '7.32', '-37.64', 8, '25', '0.02', '0.4', '0.2', '5', '19', 929, -243, '257', '787', '1072.2']
['ETH-USDT', '5m', ')_ft*eH', '2020-06-01', '2021-06-01', '1044', '12.39', '-37.09', 13, '25', '0.04', '0.49', '0.34', '5', '19', 1279, -296, '258', '786', '1072.2']
['ETH-USDT', '5m', ')_fr*fH', '2020-06-01', '2021-06-01', '1044', '13.93', '-36.32', 14, '25', '0.04', '0.51', '0.39', '5', '19', 1275, -299, '258', '786', '1072.2']
['ETH-USDT', '5m', ')_fp*eH', '2020-06-01', '2021-06-01', '1044', '11.95', '-36.96', 12, '25', '0.04', '0.48', '0.33', '5', '19', 1231, -296, '258', '786', '1072.2']
['ETH-USDT', '5m', ',Sfs*j9', '2020-06-01', '2021-06-01', '872', '-15.35', '-42.19', -15, '25', '-0.05', '-0.01', '-0.36', '4', '18', 1218, -302, '217', '655', '1072.2']
['ETH-USDT', '5m', ',_fr*eH', '2020-06-01', '2021-06-01', '749', '0.53', '-35.26', 1, '28', '0.0', '0.28', '0.01', '3', '18', 1190, -342, '207', '542', '1072.2']
['ETH-USDT', '5m', ')_s6*eH', '2020-06-01', '2021-06-01', '1043', '15.62', '-41.84', 16, '24', '0.03', '0.54', '0.37', '5', '18', 673, -286, '247', '796', '1072.2']
['ETH-USDT', '5m', ')_fu*eH', '2020-06-01', '2021-06-01', '1044', '8.67', '-39.39', 9, '25', '0.02', '0.42', '0.22', '5', '19', 1249, -285, '258', '786', '1072.2']
['ETH-USDT', '5m', ')_fw*eH', '2020-06-01', '2021-06-01', '1044', '10.18', '-38.94', 10, '25', '0.03', '0.45', '0.27', '5', '19', 1287, -287, '258', '786', '1072.2']
['ETH-USDT', '5m', ')_er*eH', '2020-06-01', '2021-06-01', '1044', '10.85', '-37.17', 11, '25', '0.03', '0.46', '0.3', '5', '19', 1227, -292, '259', '785', '1072.2']
['ETH-USDT', '5m', ',_fG*eH', '2020-06-01', '2021-06-01', '749', '-3.26', '-32.32', -3, '28', '-0.02', '0.18', '-0.1', '3', '18', 666, -340, '207', '542', '1072.2']
['ETH-USDT', '5m', ')_`r*eH', '2020-06-01', '2021-06-01', '1044', '12.76', '-36.04', 13, '25', '0.04', '0.49', '0.36', '5', '17', 1145, -281, '264', '780', '1072.2']
['ETH-USDT', '5m', ')_fr*`H', '2020-06-01', '2021-06-01', '1054', '6.56', '-39.28', 7, '24', '0.02', '0.39', '0.17', '5', '19', 1191, -293, '258', '796', '1072.2']
['ETH-USDT', '5m', ')cfr*eH', '2020-06-01', '2021-06-01', '1034', '3.83', '-39.22', 4, '24', '0.01', '0.33', '0.1', '5', '21', 1297, -325, '245', '789', '1072.2']
['ETH-USDT', '5m', 'u:4-g1D', '2020-06-01', '2021-06-01', '292', '-26.87', '-9.16', 4, '55', '0.11', '0.31', '0.43', '8', '7', 77, -375, '162', '130', '1072.2']
['ETH-USDT', '5m', '@;:b.@h', '2020-06-01', '2021-06-01', '501', '-50.02', '-22.99', -9, '37', '-0.06', '-0.2', '-0.4', '6', '15', 219, -313, '186', '315', '1072.2']
['ETH-USDT', '5m', '3BHZ,8n', '2020-06-01', '2021-06-01', '695', '-26.12', '-31.76', -13, '46', '-0.05', '-0.22', '-0.4', '7', '10', 277, -435, '319', '376', '1072.2']
['ETH-USDT', '5m', ',_fw*eH', '2020-06-01', '2021-06-01', '749', '-2.7', '-35.77', -3, '28', '-0.01', '0.22', '-0.08', '3', '18', 1245, -329, '207', '542', '1072.2']
['ETH-USDT', '5m', ')_\\r*eH', '2020-06-01', '2021-06-01', '1044', '10.07', '-38.24', 10, '25', '0.03', '0.45', '0.27', '5', '19', 1051, -265, '260', '784', '1072.2']
['ETH-USDT', '5m', ')_nr*eH', '2020-06-01', '2021-06-01', '1043', '12.76', '-39.86', 13, '24', '0.03', '0.49', '0.32', '5', '18', 1418, -302, '251', '792', '1072.2']
['ETH-USDT', '5m', ')_fG*eH', '2020-06-01', '2021-06-01', '1044', '13.95', '-37.54', 14, '25', '0.03', '0.51', '0.38', '5', '19', 749, -281, '258', '786', '1072.2']
['ETH-USDT', '5m', ')_fr*e\\', '2020-06-01', '2021-06-01', '1044', '12.0', '-34.73', 12, '26', '0.04', '0.48', '0.36', '5', '18', 868, -297, '274', '770', '1072.2']
['ETH-USDT', '5m', ')_rr*eH', '2020-06-01', '2021-06-01', '1043', '13.69', '-40.65', 14, '24', '0.03', '0.5', '0.34', '5', '18', 1491, -308, '247', '796', '1072.2']
['ETH-USDT', '5m', ')_fr*dH', '2020-06-01', '2021-06-01', '1051', '7.69', '-38.83', 8, '25', '0.02', '0.41', '0.2', '5', '19', 1205, -294, '258', '793', '1072.2']
['ETH-USDT', '5m', ',_s6*eH', '2020-06-01', '2021-06-01', '748', '-6.53', '-38.38', -7, '28', '-0.02', '0.12', '-0.17', '4', '18', 556, -319, '206', '542', '1072.2']
['ETH-USDT', '5m', ')_pr*eH', '2020-06-01', '2021-06-01', '1043', '13.86', '-39.33', 14, '24', '0.04', '0.51', '0.35', '5', '18', 1460, -307, '249', '794', '1072.2']
['ETH-USDT', '5m', ')_qr*eH', '2020-06-01', '2021-06-01', '1043', '13.72', '-40.02', 14, '24', '0.03', '0.5', '0.34', '5', '18', 1476, -310, '248', '795', '1072.2']
['ETH-USDT', '5m', ')_ar*eH', '2020-06-01', '2021-06-01', '1044', '11.55', '-36.36', 12, '25', '0.03', '0.47', '0.33', '5', '17', 1149, -281, '266', '778', '1072.2']
['ETH-USDT', '5m', ')_fU*eH', '2020-06-01', '2021-06-01', '1044', '6.57', '-36.58', 7, '25', '0.02', '0.38', '0.18', '5', '19', 876, -289, '258', '786', '1072.2']
['ETH-USDT', '5m', ')_fY*eH', '2020-06-01', '2021-06-01', '1044', '2.86', '-40.28', 3, '25', '0.01', '0.32', '0.08', '5', '19', 888, -279, '258', '786', '1072.2']
['ETH-USDT', '5m', ')_fZ*eH', '2020-06-01', '2021-06-01', '1044', '2.25', '-40.1', 2, '25', '0.01', '0.31', '0.06', '5', '19', 892, -278, '258', '786', '1072.2']
['ETH-USDT', '5m', '\\I0KO9A', '2020-06-01', '2021-06-01', '324', '-51.37', '-35.87', -30, '40', '-0.06', '-1.51', '-0.83', '5', '9', 128, -441, '130', '194', '1072.2']
['ETH-USDT', '5m', ')JfI*?H', '2020-06-01', '2021-06-01', '1429', '4.29', '-36.41', 4, '24', '0.02', '0.36', '0.12', '5', '33', 639, -280, '346', '1083', '1072.2']
['ETH-USDT', '5m', ',Yfs*j*', '2020-06-01', '2021-06-01', '843', '-10.03', '-40.31', -10, '23', '-0.04', '0.15', '-0.25', '3', '19', 1326, -294, '192', '651', '1072.2']
['ETH-USDT', '5m', ')_fr*e_', '2020-06-01', '2021-06-01', '1044', '7.82', '-35.89', 8, '26', '0.02', '0.4', '0.23', '5', '18', 945, -295, '276', '768', '1072.2']
['ETH-USDT', '5m', '.^ar.lD', '2020-06-01', '2021-06-01', '597', '-6.16', '-34.25', -6, '28', '-0.05', '0.12', '-0.17', '4', '12', 982, -442, '166', '431', '1072.2']
['ETH-USDT', '5m', '-7fs*j*', '2020-06-01', '2021-06-01', '1079', '19.78', '-38.0', 20, '28', '0.07', '0.59', '0.52', '4', '22', 1253, -306, '305', '774', '1072.2']
['ETH-USDT', '5m', ',_fr+dH', '2020-06-01', '2021-06-01', '752', '-2.01', '-35.5', -2, '28', '-0.01', '0.23', '-0.06', '3', '18', 1186, -338, '207', '545', '1072.2']
['ETH-USDT', '5m', '49Pr.7k', '2020-06-01', '2021-06-01', '762', '-20.92', '-32.67', -13, '44', '-0.06', '-0.18', '-0.4', '7', '10', 467, -314, '335', '427', '1072.2']
['ETH-USDT', '5m', ')Ifs*jH', '2020-06-01', '2021-06-01', '1371', '-24.31', '-52.9', -24, '25', '-0.04', '-0.23', '-0.46', '5', '25', 823, -243, '339', '1032', '1072.2']
['ETH-USDT', '5m', ',Qfs*j9', '2020-06-01', '2021-06-01', '895', '-4.33', '-33.33', -4, '25', '-0.02', '0.21', '-0.13', '4', '20', 1152, -334, '224', '671', '1072.2']
['ETH-USDT', '5m', ',Tfs*j*', '2020-06-01', '2021-06-01', '851', '-11.1', '-42.83', -11, '24', '-0.07', '0.09', '-0.26', '4', '18', 1351, -353, '200', '651', '1072.2']
['ETH-USDT', '5m', ')_fr*eo', '2020-06-01', '2021-06-01', '1044', '1.64', '-35.41', 3, '27', '0.01', '0.27', '0.07', '5', '18', 565, -291, '282', '762', '1072.2']
['ETH-USDT', '5m', ')QfI*?H', '2020-06-01', '2021-06-01', '1283', '3.41', '-34.39', 3, '25', '0.01', '0.33', '0.1', '5', '27', 692, -299, '324', '959', '1072.2']
['ETH-USDT', '5m', '*KDORhv', '2020-06-01', '2021-06-01', '149', '-11.92', '-17.34', -11, '39', '-0.04', '-1.08', '-0.64', '4', '7', 139, -217, '58', '91', '1072.2']
['ETH-USDT', '5m', ',9eN*0*', '2020-06-01', '2021-06-01', '1227', '26.66', '-29.48', 27, '27', '0.21', '0.69', '0.9', '5', '25', 962, -355, '330', '897', '1072.2']
['ETH-USDT', '5m', '*:l,FP;', '2020-06-01', '2021-06-01', '1103', '60.05', '-19.27', 60, '26', '0.79', '1.25', '3.12', '5', '21', 628, -391, '283', '820', '1072.2']
['ETH-USDT', '5m', ',9hN*0*', '2020-06-01', '2021-06-01', '1227', '13.78', '-35.77', 14, '27', '0.07', '0.51', '0.39', '5', '25', 898, -336, '330', '897', '1072.2']
['ETH-USDT', '5m', ')MfI*2H', '2020-06-01', '2021-06-01', '1419', '-6.16', '-35.42', -6, '24', '-0.02', '0.16', '-0.17', '5', '31', 634, -271, '340', '1079', '1072.2']
['ETH-USDT', '5m', ',8fs*j*', '2020-06-01', '2021-06-01', '1180', '9.51', '-43.76', 10, '27', '0.04', '0.44', '0.22', '6', '23', 1033, -360, '320', '860', '1072.2']
['ETH-USDT', '5m', '5-F3EA:', '2020-06-01', '2021-06-01', '846', '-9.51', '-28.95', -8, '36', '-0.07', '0.0', '-0.28', '5', '10', 247, -562, '304', '542', '1072.2']
['ETH-USDT', '5m', '.*cNbGv', '2020-06-01', '2021-06-01', '1135', '-2.1', '-35.88', -1, '32', '-0.0', '0.19', '-0.02', '8', '17', 262, -276, '362', '773', '1072.2']
['ETH-USDT', '5m', ')7f,*jH', '2020-06-01', '2021-06-01', '1807', '78.65', '-31.6', 79, '25', '0.69', '1.37', '2.49', '8', '20', 644, -511, '459', '1348', '1072.2']
['ETH-USDT', '5m', ')NfI*?H', '2020-06-01', '2021-06-01', '1344', '-6.53', '-39.49', -6, '25', '-0.02', '0.15', '-0.16', '5', '19', 583, -265, '332', '1012', '1072.2']
['ETH-USDT', '5m', ')7f**jH', '2020-06-01', '2021-06-01', '1807', '78.86', '-28.2', 79, '25', '0.79', '1.37', '2.8', '8', '20', 607, -517, '459', '1348', '1072.2']
['ETH-USDT', '5m', '(\\v[8.G', '2020-06-01', '2021-06-01', '1317', '-26.01', '-46.64', -26, '20', '-0.06', '-0.32', '-0.56', '5', '30', 1090, -313, '269', '1048', '1072.2']
['ETH-USDT', '5m', ')7f8*jH', '2020-06-01', '2021-06-01', '1807', '30.48', '-36.05', 30, '25', '0.2', '0.75', '0.85', '8', '20', 636, -376, '457', '1350', '1072.2']
