['Pair', 'TF', 'Start Date', 'End Date', 'Total Trades', 'Total Net Profit', 'Max.DD', 'Annual Profit', 'Winrate', 'Sharpe', 'Calmar', 'Winning Strike', 'Losing Strike', 'Largest Winning', 'Largest Losing', 'Num. of Wins', 'Num. of Losses', 'Market Change']
['ETC-USD', '15m', '2021-04-21', '2021-05-11', '301', '20.53', '-9.62', 2466, '29', '4.6', '256.42', '9', '25', 2046, -36, '86', '215', '33.04']
['ETC-USD', '15m', '2021-04-15', '2021-05-05', '269', '12.54', '-9.58', 680, '30', '3.44', '70.94', '8', '25', 672, -35, '81', '188', '14.0']
['ETC-USD', '15m', '2021-05-12', '2021-06-01', '180', '70.08', '-8.18', 1020884, '47', '10.83', '124827.56', '12', '26', 404, -48, '85', '95', '-32.81']
['ETC-USD', '15m', '2021-04-27', '2021-05-17', '278', '23.81', '-9.44', 3997, '31', '5.18', '423.31', '15', '25', 1976, -37, '85', '193', '36.24']
['ETC-USD', '15m', '2021-04-19', '2021-05-09', '281', '13.14', '-9.62', 755, '27', '3.25', '78.45', '7', '25', 2037, -36, '75', '206', '37.02']
['ETC-USD', '15m', '2021-07-09', '2021-07-29', '286', '11.14', '-9.65', 527, '37', '3.05', '54.63', '16', '53', 205, -39, '106', '180', '2.2']
['ETC-USD', '15m', '2021-03-22', '2021-04-11', '286', '25.46', '-4.87', 5055, '36', '6.07', '1038.92', '13', '17', 486, -40, '102', '184', '44.02']
['ETC-USD', '15m', '2021-07-13', '2021-08-02', '298', '12.68', '-10.64', 697, '40', '3.7', '65.47', '16', '34', 246, -39, '118', '180', '10.24']
['ETC-USD', '15m', '2021-07-03', '2021-07-23', '263', '10.88', '-7.83', 502, '38', '3.79', '64.07', '12', '52', 207, -36, '100', '163', '-10.11']
['ETC-USD', '15m', '2021-02-13', '2021-03-05', '226', '13.04', '-8.22', 742, '30', '3.03', '90.25', '11', '19', 1447, -38, '67', '159', '-0.35']
['ETC-USD', '15m', '2021-04-14', '2021-05-04', '269', '19.56', '-9.55', 2132, '31', '4.79', '223.26', '8', '25', 1151, -39, '83', '186', '21.54']
['ETC-USD', '15m', '2021-03-20', '2021-04-09', '284', '27.99', '-3.33', 7194, '37', '6.73', '2160.65', '13', '16', 497, -41, '106', '178', '35.11']
['ETC-USD', '15m', '2021-02-18', '2021-03-10', '265', '-2.27', '-13.96', -33, '28', '-0.49', '-2.35', '11', '19', 301, -33, '73', '192', '13.08']
['ETC-USD', '15m', '2021-05-25', '2021-06-14', '292', '40.81', '-8.15', 38230, '40', '6.31', '4688.09', '18', '32', 304, -42, '117', '175', '-6.3']
['ETC-USD', '15m', '2021-06-02', '2021-06-22', '288', '76.03', '-5.25', 1856572, '43', '8.03', '353459.87', '18', '32', 427, -43, '123', '165', '-32.5']
['ETC-USD', '15m', '2021-07-26', '2021-08-15', '355', '3.94', '-11.75', 96, '33', '1.23', '8.14', '15', '34', 242, -33, '116', '239', '51.76']
['ETC-USD', '15m', '2021-08-28', '2021-09-17', '305', '-10.14', '-11.14', -84, '21', '-2.69', '-7.58', '9', '31', 241, -32, '65', '240', '15.52']
['ETC-USD', '15m', '2021-05-01', '2021-05-21', '224', '38.16', '-7.23', 27446, '33', '8.48', '3796.96', '12', '23', 2018, -41, '73', '151', '-4.44']
['ETC-USD', '15m', '2021-06-29', '2021-07-19', '282', '-3.83', '-13.42', -49, '37', '-1.28', '-3.67', '12', '52', 122, -31, '104', '178', '-10.55']
['ETC-USD', '15m', '2021-08-01', '2021-08-21', '316', '17.68', '-8.12', 1595, '36', '4.13', '196.39', '15', '21', 263, -36, '113', '203', '42.87']
['ETC-USD', '15m', '2021-07-14', '2021-08-03', '306', '7.18', '-11.82', 234, '38', '2.28', '19.79', '16', '34', 240, -38, '116', '190', '15.05']
['ETC-USD', '15m', '2021-05-19', '2021-06-08', '235', '60.34', '-8.16', 366016, '43', '7.81', '44872.96', '18', '32', 374, -45, '101', '134', '-36.6']
['ETC-USD', '15m', '2021-07-01', '2021-07-21', '287', '11.9', '-8.75', 605, '40', '4.18', '69.15', '12', '52', 204, -32, '114', '173', '-25.59']
['ETC-USD', '15m', '2021-04-20', '2021-05-10', '291', '13.74', '-9.62', 838, '27', '3.38', '87.12', '7', '25', 2046, -36, '78', '213', '50.01']
['ETC-USD', '15m', '2021-05-13', '2021-06-02', '186', '50.56', '-8.18', 122580, '46', '7.91', '14981.12', '12', '26', 389, -48, '86', '100', '-26.15']
['ETC-USD', '15m', '2021-08-08', '2021-08-28', '296', '18.02', '-6.18', 1681, '38', '4.51', '271.95', '15', '21', 246, -35, '112', '184', '29.61']
['ETC-USD', '15m', '2021-02-17', '2021-03-09', '267', '8.96', '-14.02', 344, '27', '2.22', '24.55', '11', '19', 1501, -39, '73', '194', '9.41']
['ETC-USD', '15m', '2021-07-07', '2021-07-27', '263', '26.16', '-7.79', 5580, '43', '7.08', '716.16', '16', '52', 210, -36, '112', '151', '-7.63']
['ETC-USD', '15m', '2021-04-08', '2021-04-28', '251', '35.53', '-4.24', 19630, '34', '10.58', '4625.37', '8', '17', 1240, -42, '85', '166', '30.66']
['ETC-USD', '15m', '2021-07-18', '2021-08-07', '340', '13.07', '-11.71', 745, '36', '3.82', '63.68', '16', '34', 239, -38, '124', '216', '35.02']
['ETC-USD', '15m', '2021-06-17', '2021-07-07', '233', '25.11', '-8.9', 4812, '42', '3.77', '540.5', '14', '22', 355, -42, '97', '136', '-11.69']
['ETC-USD', '15m', '2021-07-29', '2021-08-18', '369', '19.18', '-8.1', 2011, '37', '4.49', '248.21', '15', '23', 267, -37, '136', '233', '37.54']
['ETC-USD', '15m', '2021-07-16', '2021-08-05', '330', '12.28', '-11.77', 649, '38', '3.52', '55.13', '16', '34', 242, -38, '126', '204', '22.71']
['ETC-USD', '15m', '2021-06-19', '2021-07-09', '234', '19.66', '-9.62', 2162, '38', '3.15', '224.68', '12', '24', 331, -39, '88', '146', '-12.48']
['ETC-USD', '15m', '2021-08-09', '2021-08-29', '294', '20.34', '-4.28', 2397, '39', '5.11', '560.78', '15', '21', 255, -36, '114', '180', '36.56']
['ETC-USD', '15m', '2021-07-23', '2021-08-12', '372', '13.42', '-11.72', 792, '35', '3.2', '67.6', '16', '34', 268, -35, '129', '243', '46.65']
['ETC-USD', '15m', '2021-07-11', '2021-07-31', '314', '18.83', '-9.61', 1906, '41', '5.08', '198.32', '17', '34', 219, -41, '129', '185', '7.22']
['ETC-USD', '15m', '2021-03-25', '2021-04-14', '279', '24.0', '-4.87', 4104, '32', '7.3', '843.59', '7', '16', 446, -38, '88', '191', '75.82']
['ETC-USD', '15m', '2021-03-10', '2021-03-30', '307', '16.15', '-5.56', 1248, '34', '4.16', '224.61', '13', '21', 643, -36, '103', '204', '12.78']
['ETC-USD', '15m', '2021-09-04', '2021-09-24', '252', '13.2', '-11.08', 763, '33', '2.75', '68.88', '11', '27', 260, -36, '82', '170', '-5.67']
['ETC-USD', '15m', '2021-02-24', '2021-03-16', '296', '-13.35', '-18.34', -92, '27', '-3.96', '-5.0', '11', '19', 268, -32, '79', '217', '16.29']
['ETC-USD', '15m', '2021-06-27', '2021-07-17', '285', '-1.5', '-13.42', -23, '37', '-0.32', '-1.72', '12', '52', 243, -31, '106', '179', '-3.32']
['ETC-USD', '15m', '2021-05-22', '2021-06-11', '253', '42.96', '-8.17', 49740, '40', '6.23', '6088.65', '18', '32', 333, -46, '100', '153', '-6.26']
['ETC-USD', '15m', '2021-06-25', '2021-07-15', '247', '-0.87', '-13.42', -14, '33', '-0.04', '-1.05', '12', '52', 252, -33, '82', '165', '-3.74']
['ETC-USD', '15m', '2021-04-22', '2021-05-12', '280', '22.53', '-9.6', 3319, '29', '4.91', '345.66', '9', '25', 2124, -39, '82', '198', '50.16']
['ETC-USD', '15m', '2021-07-19', '2021-08-08', '330', '17.56', '-11.71', 1563, '37', '4.78', '133.56', '16', '34', 290, -37, '121', '209', '41.64']
['ETC-USD', '15m', '2021-05-21', '2021-06-10', '248', '59.27', '-8.15', 325799, '41', '7.64', '39955.75', '18', '32', 375, -52, '101', '147', '-15.96']
['ETC-USD', '15m', '2021-05-24', '2021-06-13', '256', '34.13', '-8.15', 16364, '40', '5.51', '2006.67', '18', '32', 304, -42, '102', '154', '10.57']
['ETC-USD', '15m', '2021-04-16', '2021-05-06', '257', '15.27', '-9.59', 1083, '29', '4.05', '112.93', '7', '25', 1343, -35, '75', '182', '25.7']
['ETC-USD', '15m', '2021-06-14', '2021-07-04', '215', '23.09', '-7.69', 3600, '39', '3.53', '468.01', '14', '22', 345, -41, '84', '131', '-16.42']
