['Pair', 'TF', 'Dna', 'Start Date', 'End Date', 'Total Trades', 'Total Net Profit', 'Max.DD', 'Annual Profit', 'Winrate', 'Sharpe', 'Calmar', 'Serenity', 'Winning Strike', 'Losing Strike', 'Largest Winning', 'Largest Losing', 'Num. of Wins', 'Num. of Losses', 'Market Change']
['ETH-USD', '5m', 'j/vPJ_', '2021-03-15', '2021-06-15', '14', '16.17', '-10.0', 81, '57', '1.51', '1.76', '8.53', '5', '3', 808, -569, '8', '6', '38.94']
['ETH-USD', '5m', 'E@4rKH', '2021-03-15', '2021-06-15', '120', '-8.44', '-37.0', -30, '32', '-0.06', '-0.05', '-0.81', '5', '10', 771, -625, '39', '81', '38.94']
['ETH-USD', '5m', 'I7bH88', '2021-03-15', '2021-06-15', '169', '25.33', '-36.0', 145, '37', '0.59', '1.3', '3.97', '4', '7', 1404, -1054, '62', '107', '38.94']
['ETH-USD', '5m', 'F@\\(1H', '2021-03-15', '2021-06-15', '134', '20.19', '-28.0', 107, '55', '0.35', '1.53', '3.88', '7', '5', 341, -962, '74', '60', '38.94']
['ETH-USD', '5m', 'R=wLnI', '2021-03-15', '2021-06-15', '45', '47.08', '-18.0', 362, '40', '1.17', '2.32', '20.5', '4', '8', 1869, -1135, '18', '27', '38.94']
['ETH-USD', '5m', 'F@\\(=H', '2021-03-15', '2021-06-15', '135', '15.02', '-26.0', 74, '54', '0.27', '1.23', '2.9', '6', '5', 316, -876, '73', '62', '38.94']
['ETH-USD', '5m', '@f7(5H', '2021-03-15', '2021-06-15', '106', '16.72', '-10.0', 85, '77', '0.92', '2.1', '8.26', '13', '2', 122, -805, '82', '24', '38.94']
['ETH-USD', '5m', 'NV]SmJ', '2021-03-15', '2021-06-15', '47', '46.61', '-16.0', 356, '38', '2.3', '2.46', '22.78', '3', '5', 1715, -926, '18', '29', '38.94']
['ETH-USD', '5m', 'F@b*<H', '2021-03-15', '2021-06-15', '137', '28.35', '-18.0', 169, '48', '0.77', '1.8', '9.44', '6', '6', 463, -821, '66', '71', '38.94']
['ETH-USD', '5m', 'E@b:KH', '2021-03-15', '2021-06-15', '120', '32.19', '-33.0', 203, '38', '0.53', '1.64', '6.13', '5', '6', 960, -778, '45', '75', '38.94']
['ETH-USD', '5m', 'N3B6nF', '2021-03-15', '2021-06-15', '78', '64.72', '-11.0', 624, '54', '3.79', '4.55', '55.57', '6', '4', 551, -877, '42', '36', '38.94']
['ETH-USD', '5m', 'h5KH,H', '2021-03-15', '2021-06-15', '96', '49.73', '-27.0', 396, '40', '1.45', '2.1', '14.58', '4', '6', 1137, -1361, '38', '58', '38.94']
['ETH-USD', '5m', 'E@\\(<H', '2021-03-15', '2021-06-15', '140', '46.42', '-18.0', 354, '57', '2.2', '2.78', '19.25', '7', '3', 394, -919, '80', '60', '38.94']
['ETH-USD', '5m', 'F@o(<H', '2021-03-15', '2021-06-15', '137', '20.79', '-18.0', 112, '48', '0.53', '1.44', '6.06', '6', '6', 431, -809, '66', '71', '38.94']
['ETH-USD', '5m', 'EIb]=i', '2021-03-15', '2021-06-15', '18', '4.04', '-16.0', 17, '39', '0.12', '0.56', '1.08', '2', '4', 1663, -973, '7', '11', '38.94']
['ETH-USD', '5m', 'F>]`<O', '2021-03-15', '2021-06-15', '126', '43.18', '-26.0', 315, '36', '1.35', '1.85', '12.3', '5', '6', 1936, -923, '45', '81', '38.94']
['ETH-USD', '5m', '@/KH,H', '2021-03-15', '2021-06-15', '236', '-29.42', '-60.0', -75, '34', '-0.09', '-0.79', '-1.25', '4', '10', 641, -412, '81', '155', '38.94']
['ETH-USD', '5m', 'E@b5KH', '2021-03-15', '2021-06-15', '120', '52.89', '-28.0', 439, '38', '1.11', '2.31', '15.43', '5', '6', 946, -802, '46', '74', '38.94']
['ETH-USD', '5m', 'L@7(5H', '2021-03-15', '2021-06-15', '135', '37.48', '-9.0', 254, '78', '4.43', '3.79', '28.08', '15', '4', 142, -485, '105', '30', '38.94']
['ETH-USD', '5m', '/@V@5e', '2021-03-15', '2021-06-15', '104', '22.54', '-15.0', 124, '39', '1.06', '1.51', '8.49', '4', '6', 952, -623, '41', '63', '38.94']
['ETH-USD', '5m', 'pE-2<-', '2021-03-15', '2021-06-15', '92', '21.25', '-9.0', 115, '74', '1.8', '2.34', '12.28', '17', '5', 157, -840, '68', '24', '38.94']
['ETH-USD', '5m', 'F@b\\4)', '2021-03-15', '2021-06-15', '143', '45.39', '-36.0', 341, '36', '0.95', '1.75', '9.42', '4', '6', 2227, -894, '52', '91', '38.94']
['ETH-USD', '5m', '@5KHpH', '2021-03-15', '2021-06-15', '55', '17.5', '-21.0', 90, '40', '0.72', '1.45', '4.31', '4', '5', 795, -710, '22', '33', '38.94']
['ETH-USD', '5m', 'g7?a=T', '2021-03-15', '2021-06-15', '78', '-12.27', '-28.0', -41, '37', '-0.17', '-0.12', '-1.43', '3', '7', 930, -1626, '29', '49', '38.94']
['ETH-USD', '5m', 'h3MNiB', '2021-03-15', '2021-06-15', '115', '4.25', '-32.0', 18, '39', '0.05', '0.64', '0.56', '5', '7', 963, -1150, '45', '70', '38.94']
['ETH-USD', '5m', 'F@ba<H', '2021-03-15', '2021-06-15', '137', '11.44', '-36.0', 54, '36', '0.14', '0.95', '1.48', '4', '6', 2082, -851, '50', '87', '38.94']
['ETH-USD', '5m', 'F@bY4)', '2021-03-15', '2021-06-15', '143', '35.58', '-36.0', 235, '36', '0.72', '1.55', '6.48', '4', '6', 1981, -864, '52', '91', '38.94']
['ETH-USD', '5m', 'FBQj(s', '2021-03-15', '2021-06-15', '80', '0.14', '-25.0', 1, '36', '0.0', '0.42', '0.02', '3', '6', 1594, -1009, '29', '51', '38.94']
['ETH-USD', '5m', 'F@Trp.', '2021-03-15', '2021-06-15', '143', '39.2', '-34.0', 271, '36', '0.89', '1.64', '8.07', '4', '6', 2246, -851, '52', '91', '38.94']
['ETH-USD', '5m', 'E@ArKH', '2021-03-15', '2021-06-15', '120', '27.67', '-35.0', 164, '37', '0.3', '1.5', '4.67', '5', '6', 1347, -631, '44', '76', '38.94']
['ETH-USD', '5m', 'F@b`4)', '2021-03-15', '2021-06-15', '143', '29.44', '-36.0', 178, '36', '0.59', '1.42', '4.93', '4', '6', 2101, -833, '52', '91', '38.94']
['ETH-USD', '5m', 'b68[<)', '2021-03-15', '2021-06-15', '124', '29.48', '-31.0', 179, '40', '0.49', '1.57', '5.84', '5', '7', 826, -1111, '50', '74', '38.94']
['ETH-USD', '5m', 'F@bj<H', '2021-03-15', '2021-06-15', '137', '12.08', '-40.0', 57, '36', '0.13', '0.98', '1.43', '4', '6', 2075, -815, '50', '87', '38.94']
['ETH-USD', '5m', 'n0RT.>', '2021-03-15', '2021-06-15', '116', '16.38', '-25.0', 83, '38', '0.33', '1.09', '3.34', '4', '6', 1257, -1211, '44', '72', '38.94']
['ETH-USD', '5m', 'G@VH5H', '2021-03-15', '2021-06-15', '133', '53.27', '-23.0', 444, '38', '1.57', '2.15', '18.9', '5', '5', 1283, -833, '50', '83', '38.94']
['ETH-USD', '5m', 'N8bH(Z', '2021-03-15', '2021-06-15', '102', '38.74', '-37.0', 267, '38', '0.38', '1.71', '7.17', '5', '10', 1336, -623, '39', '63', '38.94']
['ETH-USD', '5m', 'E@b=KH', '2021-03-15', '2021-06-15', '120', '21.96', '-33.0', 120, '37', '0.25', '1.3', '3.6', '5', '6', 980, -698, '44', '76', '38.94']
['ETH-USD', '5m', '@Z7(5H', '2021-03-15', '2021-06-15', '110', '12.83', '-13.0', 61, '75', '0.33', '1.55', '4.7', '20', '4', 117, -551, '83', '27', '38.94']
['ETH-USD', '5m', 'i-a0;b', '2021-03-15', '2021-06-15', '38', '9.4', '-10.0', 43, '45', '0.45', '1.08', '4.47', '3', '3', 544, -572, '17', '21', '38.94']
['ETH-USD', '5m', 'F=w(49', '2021-03-15', '2021-06-15', '158', '64.43', '-15.0', 619, '44', '3.08', '3.1', '42.39', '6', '9', 611, -861, '70', '88', '38.94']
['ETH-USD', '5m', 'F@bC<H', '2021-03-15', '2021-06-15', '137', '6.62', '-37.0', 29, '36', '0.08', '0.77', '0.78', '4', '6', 1052, -747, '50', '87', '38.94']
['ETH-USD', '5m', '-Efr5X', '2021-03-15', '2021-06-15', '206', '-26.66', '-46.0', -71, '27', '-0.12', '-0.64', '-1.52', '5', '12', 1328, -388, '56', '150', '38.94']
['ETH-USD', '5m', '7J]d<H', '2021-03-15', '2021-06-15', '163', '1.13', '-37.0', 5, '32', '0.01', '0.6', '0.12', '5', '17', 2153, -829, '52', '111', '38.94']
['ETH-USD', '5m', ':D<fRR', '2021-03-15', '2021-06-15', '46', '17.55', '-27.0', 90, '37', '0.21', '1.45', '3.27', '6', '7', 959, -650, '17', '29', '38.94']
['ETH-USD', '5m', 'F=v(49', '2021-03-15', '2021-06-15', '158', '66.55', '-15.0', 657, '45', '3.07', '3.14', '44.94', '6', '9', 614, -855, '71', '87', '38.94']
['ETH-USD', '5m', 'F=b\\49', '2021-03-15', '2021-06-15', '158', '60.87', '-35.0', 559, '36', '1.8', '2.06', '16.17', '4', '9', 2339, -913, '57', '101', '38.94']
['ETH-USD', '5m', '?@Rr9.', '2021-03-15', '2021-06-15', '179', '25.72', '-43.0', 148, '34', '0.49', '1.31', '3.48', '5', '9', 2009, -731, '61', '118', '38.94']
['ETH-USD', '5m', '2NOe,-', '2021-03-15', '2021-06-15', '203', '47.18', '-48.0', 363, '31', '0.72', '1.77', '7.53', '5', '11', 1816, -866, '62', '141', '38.94']
['ETH-USD', '5m', 'F@bQ<H', '2021-03-15', '2021-06-15', '137', '6.67', '-40.0', 29, '36', '0.06', '0.79', '0.73', '4', '6', 1681, -882, '50', '87', '38.94']
['ETH-USD', '5m', 'S<Rr9.', '2021-03-15', '2021-06-15', '133', '-11.75', '-37.0', -39, '35', '-0.1', '0.08', '-1.07', '5', '6', 1776, -999, '47', '86', '38.94']
['ETH-USD', '5m', '@5KHlH', '2021-03-15', '2021-06-15', '62', '18.32', '-22.0', 95, '42', '0.65', '1.49', '4.38', '2', '5', 782, -698, '26', '36', '38.94']
['ETH-USD', '5m', '0gv;,,', '2021-03-15', '2021-06-15', '148', '44.75', '-31.0', 334, '30', '1.16', '1.89', '10.89', '3', '11', 1397, -775, '44', '104', '38.94']
['ETH-USD', '5m', '6<EH5H', '2021-03-15', '2021-06-15', '249', '12.79', '-43.0', 61, '33', '0.06', '0.98', '1.42', '4', '7', 774, -552, '83', '166', '38.94']
['ETH-USD', '5m', '@@Qr([', '2021-03-15', '2021-06-15', '116', '29.42', '-35.0', 178, '34', '0.62', '1.47', '5.1', '4', '7', 1590, -766, '39', '77', '38.94']
['ETH-USD', '5m', '6Ib]=.', '2021-03-15', '2021-06-15', '182', '50.08', '-30.0', 401, '32', '1.01', '1.85', '13.32', '5', '10', 2367, -905, '58', '124', '38.94']
['ETH-USD', '5m', 'F@bH9H', '2021-03-15', '2021-06-15', '138', '23.36', '-29.0', 130, '37', '0.51', '1.3', '4.43', '4', '6', 1271, -809, '51', '87', '38.94']
['ETH-USD', '5m', 'F@bH<>', '2021-03-15', '2021-06-15', '143', '28.05', '-29.0', 167, '36', '0.7', '1.41', '5.69', '4', '6', 1321, -790, '52', '91', '38.94']
['ETH-USD', '5m', 'F@bH<8', '2021-03-15', '2021-06-15', '143', '28.05', '-29.0', 167, '36', '0.7', '1.41', '5.69', '4', '6', 1321, -790, '52', '91', '38.94']
['ETH-USD', '5m', 'F@bH<+', '2021-03-15', '2021-06-15', '143', '28.05', '-29.0', 167, '36', '0.7', '1.41', '5.69', '4', '6', 1321, -790, '52', '91', '38.94']
['ETH-USD', '5m', 'F@bH?H', '2021-03-15', '2021-06-15', '134', '20.8', '-29.0', 112, '37', '0.39', '1.23', '3.81', '4', '6', 1246, -815, '50', '84', '38.94']
['ETH-USD', '5m', 'F@bH(H', '2021-03-15', '2021-06-15', '106', '32.07', '-31.0', 201, '38', '0.63', '1.57', '6.53', '4', '5', 1326, -882, '40', '66', '38.94']
['ETH-USD', '5m', 'F@bM<H', '2021-03-15', '2021-06-15', '137', '11.91', '-35.0', 56, '36', '0.15', '0.96', '1.59', '4', '6', 1510, -888, '50', '87', '38.94']
['ETH-USD', '5m', '@5KW,H', '2021-03-15', '2021-06-15', '196', '6.52', '-50.0', 28, '36', '0.04', '0.75', '0.57', '4', '9', 1062, -483, '71', '125', '38.94']
['ETH-USD', '5m', '@5KT,H', '2021-03-15', '2021-06-15', '196', '4.97', '-47.0', 21, '36', '0.03', '0.69', '0.45', '4', '9', 994, -513, '71', '125', '38.94']
['ETH-USD', '5m', 'SRRQ9c', '2021-03-15', '2021-06-15', '33', '49.7', '-18.0', 396, '45', '1.75', '2.38', '21.42', '5', '5', 1685, -1204, '15', '18', '38.94']
['ETH-USD', '5m', '6@Ee5H', '2021-03-15', '2021-06-15', '229', '-9.83', '-46.0', -34, '31', '-0.07', '0.12', '-0.73', '4', '7', 1030, -590, '71', '158', '38.94']
['ETH-USD', '5m', '@+k+5X', '2021-03-15', '2021-06-15', '174', '75.18', '-20.0', 825, '42', '1.59', '3.35', '40.36', '7', '8', 779, -851, '73', '101', '38.94']
['ETH-USD', '5m', '@DKpKH', '2021-03-15', '2021-06-15', '120', '15.1', '-35.0', 75, '37', '0.18', '1.04', '2.14', '5', '7', 1620, -920, '44', '76', '38.94']
['ETH-USD', '5m', '@5KV,H', '2021-03-15', '2021-06-15', '196', '3.77', '-50.0', 16, '36', '0.02', '0.65', '0.32', '4', '9', 1018, -477, '71', '125', '38.94']
['ETH-USD', '5m', 'F@2(<H', '2021-03-15', '2021-06-15', '143', '34.42', '-9.0', 223, '80', '5.42', '4.09', '25.58', '19', '2', 112, -453, '115', '28', '38.94']
['ETH-USD', '5m', 'F@bC4M', '2021-03-15', '2021-06-15', '129', '30.09', '-32.0', 184, '38', '0.49', '1.51', '5.71', '4', '6', 1179, -839, '49', '80', '38.94']
['ETH-USD', '5m', 'F@bC4N', '2021-03-15', '2021-06-15', '128', '32.21', '-32.0', 203, '38', '0.52', '1.57', '6.31', '4', '6', 1197, -851, '49', '79', '38.94']
['ETH-USD', '5m', 'E@.b=.', '2021-03-15', '2021-06-15', '145', '22.04', '-21.0', 120, '39', '0.59', '1.51', '5.65', '5', '6', 559, -815, '56', '89', '38.94']
['ETH-USD', '5m', 'E@bDKH', '2021-03-15', '2021-06-15', '120', '24.8', '-39.0', 141, '37', '0.23', '1.38', '3.62', '5', '6', 1140, -656, '44', '76', '38.94']
['ETH-USD', '5m', 'K+Rr3.', '2021-03-15', '2021-06-15', '219', '-9.44', '-38.0', -33, '35', '-0.08', '0.25', '-0.86', '4', '9', 1314, -736, '76', '143', '38.94']
['ETH-USD', '5m', '@>KH58', '2021-03-15', '2021-06-15', '177', '6.8', '-35.0', 30, '33', '0.1', '0.75', '0.85', '6', '8', 821, -699, '59', '118', '38.94']
['ETH-USD', '5m', 'FAia=7', '2021-03-15', '2021-06-15', '141', '46.95', '-37.0', 360, '35', '1.06', '1.78', '9.81', '5', '6', 2581, -882, '50', '91', '38.94']
['ETH-USD', '5m', '@3Drf.', '2021-03-15', '2021-06-15', '230', '-6.24', '-57.0', -23, '33', '-0.03', '0.37', '-0.39', '4', '9', 1106, -360, '76', '154', '38.94']
['ETH-USD', '5m', '6@CBEH', '2021-03-15', '2021-06-15', '187', '16.01', '-19.0', 80, '33', '0.31', '1.18', '4.25', '4', '7', 632, -704, '62', '125', '38.94']
['ETH-USD', '5m', '@@Qro;', '2021-03-15', '2021-06-15', '163', '28.31', '-42.0', 169, '35', '0.56', '1.39', '4.0', '6', '7', 1812, -784, '57', '106', '38.94']
['ETH-USD', '5m', '@EKH,H', '2021-03-15', '2021-06-15', '138', '56.44', '-34.0', 490, '37', '1.06', '2.32', '14.28', '5', '8', 1133, -1105, '51', '87', '38.94']
['ETH-USD', '5m', '@DK9)H', '2021-03-15', '2021-06-15', '120', '28.76', '-25.0', 173, '41', '0.6', '1.78', '6.96', '4', '6', 651, -965, '49', '71', '38.94']
['ETH-USD', '5m', 'F=b(4^', '2021-03-15', '2021-06-15', '84', '103.54', '-12.0', 1577, '65', '6.68', '5.55', '131.05', '7', '3', 582, -1016, '55', '29', '38.94']
['ETH-USD', '5m', 'E@bkKH', '2021-03-15', '2021-06-15', '120', '30.33', '-42.0', 186, '37', '0.35', '1.47', '4.45', '5', '6', 2179, -717, '44', '76', '38.94']
['ETH-USD', '5m', 'E@bvKH', '2021-03-15', '2021-06-15', '120', '16.65', '-42.0', 84, '37', '0.19', '1.07', '2.02', '5', '6', 2074, -656, '44', '76', '38.94']
['ETH-USD', '5m', 'N/b^(8', '2021-03-15', '2021-06-15', '155', '51.27', '-41.0', 417, '40', '1.18', '1.78', '10.05', '6', '7', 2236, -1101, '62', '93', '38.94']
['ETH-USD', '5m', '`=9aR0', '2021-03-15', '2021-06-15', '116', '-6.73', '-37.0', -24, '36', '-0.09', '0.21', '-0.66', '6', '10', 724, -786, '42', '74', '38.94']
['ETH-USD', '5m', 'E@nrKH', '2021-03-15', '2021-06-15', '120', '20.97', '-45.0', 113, '36', '0.24', '1.19', '2.5', '5', '7', 2407, -651, '43', '77', '38.94']
['ETH-USD', '5m', 'E@frKH', '2021-03-15', '2021-06-15', '120', '18.09', '-41.0', 93, '37', '0.22', '1.12', '2.28', '5', '6', 2142, -668, '44', '76', '38.94']
['ETH-USD', '5m', 'H@k(5H', '2021-03-15', '2021-06-15', '130', '49.44', '-25.0', 392, '53', '1.07', '2.83', '15.7', '7', '6', 493, -791, '69', '61', '38.94']
['ETH-USD', '5m', 'F@bl4)', '2021-03-15', '2021-06-15', '143', '25.31', '-40.0', 145, '36', '0.43', '1.32', '3.63', '4', '6', 2322, -729, '52', '91', '38.94']
['ETH-USD', '5m', 'F@bv4)', '2021-03-15', '2021-06-15', '143', '23.93', '-40.0', 134, '36', '0.41', '1.28', '3.37', '4', '6', 2533, -729, '52', '91', '38.94']
['ETH-USD', '5m', 'F@bk<H', '2021-03-15', '2021-06-15', '137', '13.52', '-40.0', 65, '36', '0.15', '1.02', '1.64', '4', '6', 2105, -815, '50', '87', '38.94']
['ETH-USD', '5m', 'F@bu<H', '2021-03-15', '2021-06-15', '137', '10.15', '-40.0', 47, '36', '0.13', '0.93', '1.17', '4', '6', 2118, -741, '50', '87', '38.94']
['ETH-USD', '5m', 'F@bt<H', '2021-03-15', '2021-06-15', '137', '9.31', '-40.0', 42, '36', '0.12', '0.9', '1.06', '4', '6', 2081, -741, '50', '87', '38.94']
['ETH-USD', '5m', 'F@bq<H', '2021-03-15', '2021-06-15', '137', '7.6', '-40.0', 34, '36', '0.09', '0.85', '0.85', '4', '6', 1998, -741, '50', '87', '38.94']
['ETH-USD', '5m', 'F@bm<H', '2021-03-15', '2021-06-15', '137', '4.49', '-40.0', 19, '36', '0.05', '0.75', '0.48', '4', '6', 1856, -741, '50', '87', '38.94']
['ETH-USD', '5m', 'E@.d=.', '2021-03-15', '2021-06-15', '145', '23.35', '-23.0', 130, '38', '0.56', '1.55', '5.72', '5', '6', 580, -790, '55', '90', '38.94']
['ETH-USD', '5m', 'E@irKH', '2021-03-15', '2021-06-15', '120', '17.97', '-42.0', 93, '37', '0.22', '1.11', '2.23', '5', '6', 2218, -668, '44', '76', '38.94']
['ETH-USD', '5m', 'E=b]U.', '2021-03-15', '2021-06-15', '163', '33.15', '-37.0', 211, '38', '0.89', '1.51', '5.72', '6', '9', 1981, -813, '62', '101', '38.94']
['ETH-USD', '5m', 'I@fR5H', '2021-03-15', '2021-06-15', '130', '58.92', '-35.0', 528, '37', '1.39', '2.08', '14.93', '5', '7', 1989, -962, '48', '82', '38.94']
['ETH-USD', '5m', 'F=b(4b', '2021-03-15', '2021-06-15', '76', '97.75', '-15.0', 1396, '66', '5.29', '5.42', '94.2', '9', '3', 565, -980, '50', '26', '38.94']
['ETH-USD', '5m', '75KH,H', '2021-03-15', '2021-06-15', '269', '-8.65', '-44.0', -30, '33', '-0.04', '0.14', '-0.68', '4', '8', 794, -523, '89', '180', '38.94']
['ETH-USD', '5m', 'R;DORQ', '2021-03-15', '2021-06-15', '37', '47.64', '-11.0', 369, '49', '3.18', '2.97', '34.34', '7', '5', 1053, -809, '18', '19', '38.94']
['ETH-USD', '5m', '@>D_E.', '2021-03-15', '2021-06-15', '177', '2.56', '-41.0', 11, '33', '0.04', '0.62', '0.26', '6', '8', 1002, -652, '58', '119', '38.94']
['ETH-USD', '5m', '<@rr(Y', '2021-03-15', '2021-06-15', '137', '73.27', '-33.0', 785, '36', '1.64', '2.51', '23.52', '8', '10', 3425, -740, '50', '87', '38.94']
['ETH-USD', '5m', '@@RrE8', '2021-03-15', '2021-06-15', '169', '36.88', '-43.0', 248, '34', '0.79', '1.56', '5.76', '6', '8', 1978, -797, '58', '111', '38.94']
['ETH-USD', '5m', '@@Qr<N', '2021-03-15', '2021-06-15', '137', '8.63', '-36.0', 39, '35', '0.12', '0.83', '1.07', '6', '9', 1868, -876, '48', '89', '38.94']
['ETH-USD', '5m', 'T8AjgN', '2021-03-15', '2021-06-15', '26', '21.03', '-14.0', 113, '35', '0.93', '1.69', '8.14', '2', '5', 1090, -802, '9', '17', '38.94']
['ETH-USD', '5m', ';@Qa9.', '2021-03-15', '2021-06-15', '187', '15.99', '-37.0', 80, '35', '0.33', '1.06', '2.17', '5', '7', 1492, -751, '66', '121', '38.94']
['ETH-USD', '5m', '=@CrE.', '2021-03-15', '2021-06-15', '185', '33.04', '-31.0', 210, '35', '0.84', '1.51', '6.86', '5', '7', 1722, -710, '65', '120', '38.94']
['ETH-USD', '5m', '6@E^5H', '2021-03-15', '2021-06-15', '229', '-7.35', '-41.0', -26, '31', '-0.06', '0.16', '-0.63', '4', '7', 966, -579, '71', '158', '38.94']
['ETH-USD', '5m', '=@Qa9.', '2021-03-15', '2021-06-15', '185', '19.63', '-38.0', 104, '35', '0.38', '1.16', '2.73', '5', '7', 1695, -734, '64', '121', '38.94']
['ETH-USD', '5m', '@@Qrq8', '2021-03-15', '2021-06-15', '167', '39.73', '-43.0', 277, '35', '0.85', '1.62', '6.47', '6', '8', 1986, -816, '58', '109', '38.94']
['ETH-USD', '5m', '@@Qrn8', '2021-03-15', '2021-06-15', '168', '39.74', '-43.0', 277, '35', '0.85', '1.62', '6.47', '6', '8', 1986, -813, '58', '110', '38.94']
['ETH-USD', '5m', '@@Qrp.', '2021-03-15', '2021-06-15', '169', '36.01', '-43.0', 239, '34', '0.77', '1.54', '5.57', '6', '8', 1930, -793, '58', '111', '38.94']
['ETH-USD', '5m', '@@Qrf3', '2021-03-15', '2021-06-15', '169', '36.01', '-43.0', 239, '34', '0.77', '1.54', '5.57', '6', '8', 1930, -793, '58', '111', '38.94']
['ETH-USD', '5m', '@@Qrf7', '2021-03-15', '2021-06-15', '169', '36.01', '-43.0', 239, '34', '0.77', '1.54', '5.57', '6', '8', 1930, -793, '58', '111', '38.94']
['ETH-USD', '5m', '@@QrB.', '2021-03-15', '2021-06-15', '169', '36.01', '-43.0', 239, '34', '0.77', '1.54', '5.57', '6', '8', 1930, -793, '58', '111', '38.94']
['ETH-USD', '5m', '@@QrS.', '2021-03-15', '2021-06-15', '169', '36.01', '-43.0', 239, '34', '0.77', '1.54', '5.57', '6', '8', 1930, -793, '58', '111', '38.94']
['ETH-USD', '5m', '@@QrU8', '2021-03-15', '2021-06-15', '169', '36.01', '-43.0', 239, '34', '0.77', '1.54', '5.57', '6', '8', 1930, -793, '58', '111', '38.94']
['ETH-USD', '5m', '@@Qrc8', '2021-03-15', '2021-06-15', '169', '36.01', '-43.0', 239, '34', '0.77', '1.54', '5.57', '6', '8', 1930, -793, '58', '111', '38.94']
['ETH-USD', '5m', '@@QrW8', '2021-03-15', '2021-06-15', '169', '36.01', '-43.0', 239, '34', '0.77', '1.54', '5.57', '6', '8', 1930, -793, '58', '111', '38.94']
['ETH-USD', '5m', '@@Qr</', '2021-03-15', '2021-06-15', '169', '36.01', '-43.0', 239, '34', '0.77', '1.54', '5.57', '6', '8', 1930, -793, '58', '111', '38.94']
['ETH-USD', '5m', '@@Qs<.', '2021-03-15', '2021-06-15', '169', '36.01', '-43.0', 239, '34', '0.77', '1.54', '5.57', '6', '8', 1930, -793, '58', '111', '38.94']
['ETH-USD', '5m', '@@Qr\\.', '2021-03-15', '2021-06-15', '169', '36.01', '-43.0', 239, '34', '0.77', '1.54', '5.57', '6', '8', 1930, -793, '58', '111', '38.94']
['ETH-USD', '5m', '@@Qr<*', '2021-03-15', '2021-06-15', '169', '36.01', '-43.0', 239, '34', '0.77', '1.54', '5.57', '6', '8', 1930, -793, '58', '111', '38.94']
['ETH-USD', '5m', '@@Qrg.', '2021-03-15', '2021-06-15', '169', '36.01', '-43.0', 239, '34', '0.77', '1.54', '5.57', '6', '8', 1930, -793, '58', '111', '38.94']
['ETH-USD', '5m', '@@Qr_.', '2021-03-15', '2021-06-15', '169', '36.01', '-43.0', 239, '34', '0.77', '1.54', '5.57', '6', '8', 1930, -793, '58', '111', '38.94']
['ETH-USD', '5m', '@@Qrb8', '2021-03-15', '2021-06-15', '169', '36.01', '-43.0', 239, '34', '0.77', '1.54', '5.57', '6', '8', 1930, -793, '58', '111', '38.94']
['ETH-USD', '5m', '@@QrS8', '2021-03-15', '2021-06-15', '169', '36.01', '-43.0', 239, '34', '0.77', '1.54', '5.57', '6', '8', 1930, -793, '58', '111', '38.94']
['ETH-USD', '5m', '@@Qr>8', '2021-03-15', '2021-06-15', '169', '36.01', '-43.0', 239, '34', '0.77', '1.54', '5.57', '6', '8', 1930, -793, '58', '111', '38.94']
['ETH-USD', '5m', '@@Qrr8', '2021-03-15', '2021-06-15', '166', '18.81', '-43.0', 98, '34', '0.35', '1.14', '2.29', '6', '8', 1735, -766, '57', '109', '38.94']
['ETH-USD', '5m', '@@c^E8', '2021-03-15', '2021-06-15', '169', '33.02', '-46.0', 210, '33', '0.63', '1.47', '4.52', '4', '8', 2003, -809, '56', '113', '38.94']
['ETH-USD', '5m', '-@CBEU', '2021-03-15', '2021-06-15', '61', '14.68', '-15.0', 72, '34', '0.59', '1.4', '4.96', '4', '6', 597, -485, '21', '40', '38.94']
['ETH-USD', '5m', 'SNR]-.', '2021-03-15', '2021-06-15', '101', '-2.38', '-36.0', -9, '32', '-0.02', '0.43', '-0.25', '3', '9', 1448, -838, '32', '69', '38.94']
['ETH-USD', '5m', 'FEbrHX', '2021-03-15', '2021-06-15', '35', '22.03', '-14.0', 120, '40', '1.34', '1.65', '8.67', '4', '5', 2293, -921, '14', '21', '38.94']
['ETH-USD', '5m', '@@PrE3', '2021-03-15', '2021-06-15', '169', '34.24', '-43.0', 222, '34', '0.72', '1.51', '5.19', '6', '8', 1875, -789, '58', '111', '38.94']
['ETH-USD', '5m', '@@Prp.', '2021-03-15', '2021-06-15', '169', '34.24', '-43.0', 222, '34', '0.72', '1.51', '5.19', '6', '8', 1875, -789, '58', '111', '38.94']
['ETH-USD', '5m', 'F:bH<W', '2021-03-15', '2021-06-15', '95', '39.45', '-24.0', 274, '41', '1.0', '1.94', '11.62', '3', '7', 1521, -920, '39', '56', '38.94']
['ETH-USD', '5m', '3@?DJa', '2021-03-15', '2021-06-15', '2', '-0.53', '-2.0', -2, '50', '-0.03', '-0.32', '-0.9', '1', '1', 177, -229, '1', '1', '38.94']
['ETH-USD', '5m', 'F8bC4)', '2021-03-15', '2021-06-15', '173', '18.58', '-37.0', 97, '36', '0.41', '1.13', '2.61', '6', '7', 1188, -964, '62', '111', '38.94']
['ETH-USD', '5m', 'SWRr9.', '2021-03-15', '2021-06-15', '90', '47.48', '-28.0', 367, '34', '0.94', '1.92', '13.01', '4', '9', 2858, -1584, '31', '59', '38.94']
['ETH-USD', '5m', 'E@b^=L', '2021-03-15', '2021-06-15', '126', '76.67', '-33.0', 856, '39', '2.09', '2.54', '26.14', '5', '6', 2466, -1005, '49', '77', '38.94']
['ETH-USD', '5m', '@5aH,H', '2021-03-15', '2021-06-15', '196', '9.57', '-50.0', 44, '35', '0.06', '0.86', '0.87', '4', '9', 1185, -495, '68', '128', '38.94']
['ETH-USD', '5m', '@@Qr<D', '2021-03-15', '2021-06-15', '166', '39.74', '-42.0', 277, '34', '0.93', '1.62', '6.66', '5', '7', 2034, -836, '57', '109', '38.94']
['ETH-USD', '5m', '@@Tmp.', '2021-03-15', '2021-06-15', '169', '43.63', '-44.0', 321, '34', '0.88', '1.71', '7.31', '6', '8', 2041, -852, '58', '111', '38.94']
['ETH-USD', '5m', '6@EHAH', '2021-03-15', '2021-06-15', '201', '8.47', '-29.0', 38, '32', '0.12', '0.8', '1.3', '4', '7', 679, -641, '64', '137', '38.94']
['ETH-USD', '5m', '6@EH@H', '2021-03-15', '2021-06-15', '202', '6.16', '-31.0', 27, '32', '0.08', '0.69', '0.87', '4', '7', 665, -630, '64', '138', '38.94']
['ETH-USD', '5m', 'E@brJH', '2021-03-15', '2021-06-15', '123', '29.35', '-40.0', 178, '37', '0.44', '1.43', '4.39', '5', '6', 2220, -705, '46', '77', '38.94']
['ETH-USD', '5m', '6@EW5H', '2021-03-15', '2021-06-15', '229', '-1.44', '-40.0', -6, '31', '-0.01', '0.43', '-0.14', '4', '7', 931, -580, '71', '158', '38.94']
['ETH-USD', '5m', '@@7(5f', '2021-03-15', '2021-06-15', '72', '18.42', '-6.0', 96, '78', '1.44', '2.73', '16.52', '9', '2', 121, -359, '56', '16', '38.94']
['ETH-USD', '5m', '@@Oro8', '2021-03-15', '2021-06-15', '168', '51.02', '-42.0', 413, '35', '1.1', '1.85', '9.72', '6', '8', 2068, -887, '59', '109', '38.94']
['ETH-USD', '5m', '@=Vo59', '2021-03-15', '2021-06-15', '177', '19.73', '-45.0', 104, '35', '0.31', '1.16', '2.3', '6', '8', 1855, -703, '62', '115', '38.94']
['ETH-USD', '5m', 'F=b()9', '2021-03-15', '2021-06-15', '124', '64.15', '-14.0', 614, '56', '4.66', '3.38', '44.45', '7', '5', 469, -897, '69', '55', '38.94']
['ETH-USD', '5m', 'F4bC4)', '2021-03-15', '2021-06-15', '195', '5.48', '-46.0', 24, '33', '0.05', '0.72', '0.51', '4', '8', 1080, -706, '65', '130', '38.94']
['ETH-USD', '5m', 'F=A(49', '2021-03-15', '2021-06-15', '162', '25.7', '-16.0', 148, '66', '0.78', '2.31', '9.12', '9', '3', 184, -837, '107', '55', '38.94']
['ETH-USD', '5m', '@@DX(.', '2021-03-15', '2021-06-15', '141', '20.03', '-27.0', 106, '33', '0.59', '1.19', '3.99', '5', '9', 987, -765, '46', '95', '38.94']
['ETH-USD', '5m', '@@Lvm.', '2021-03-15', '2021-06-15', '169', '33.7', '-42.0', 217, '34', '0.71', '1.5', '5.1', '6', '8', 1781, -789, '58', '111', '38.94']
['ETH-USD', '5m', '@@Dr(.', '2021-03-15', '2021-06-15', '141', '20.33', '-30.0', 108, '33', '0.51', '1.19', '3.65', '5', '9', 1366, -754, '46', '95', '38.94']
['ETH-USD', '5m', '@@Vvm.', '2021-03-15', '2021-06-15', '169', '32.11', '-47.0', 202, '34', '0.55', '1.46', '4.33', '6', '8', 2151, -762, '57', '112', '38.94']
['ETH-USD', '5m', '@?Kr5M', '2021-03-15', '2021-06-15', '162', '38.3', '-38.0', 262, '35', '0.87', '1.59', '6.83', '5', '9', 1747, -741, '56', '106', '38.94']
['ETH-USD', '5m', 'I0bH88', '2021-03-15', '2021-06-15', '197', '12.58', '-40.0', 60, '34', '0.16', '0.97', '1.49', '4', '7', 1272, -565, '67', '130', '38.94']
['ETH-USD', '5m', '=@VH5H', '2021-03-15', '2021-06-15', '177', '7.6', '-31.0', 34, '35', '0.17', '0.79', '1.11', '5', '7', 1042, -728, '62', '115', '38.94']
['ETH-USD', '5m', 'F:b(49', '2021-03-15', '2021-06-15', '163', '42.67', '-18.0', 310, '52', '1.78', '2.65', '17.52', '6', '5', 411, -922, '85', '78', '38.94']
['ETH-USD', '5m', '6@E\\5H', '2021-03-15', '2021-06-15', '229', '-13.18', '-43.0', -43, '31', '-0.09', '-0.12', '-1.0', '4', '7', 878, -568, '71', '158', '38.94']
['ETH-USD', '5m', '@,V@5e', '2021-03-15', '2021-06-15', '98', '8.55', '-21.0', 38, '35', '0.14', '0.79', '1.84', '4', '8', 836, -545, '34', '64', '38.94']
['ETH-USD', '5m', '@@QG58', '2021-03-15', '2021-06-15', '169', '20.87', '-35.0', 112, '35', '0.43', '1.2', '3.21', '6', '8', 979, -769, '59', '110', '38.94']
['ETH-USD', '5m', 'F<\\H<F', '2021-03-15', '2021-06-15', '157', '34.77', '-36.0', 227, '37', '0.74', '1.62', '6.37', '6', '11', 1295, -729, '58', '99', '38.94']
['ETH-USD', '5m', 'C@Kr5M', '2021-03-15', '2021-06-15', '135', '68.05', '-27.0', 684, '40', '2.73', '2.3', '25.8', '6', '9', 2132, -1300, '54', '81', '38.94']
['ETH-USD', '5m', '@@VCMB', '2021-03-15', '2021-06-15', '162', '9.04', '-34.0', 41, '33', '0.15', '0.84', '1.21', '5', '7', 888, -735, '54', '108', '38.94']
['ETH-USD', '5m', '-@dBEH', '2021-03-15', '2021-06-15', '219', '16.29', '-28.0', 82, '32', '0.23', '1.09', '2.92', '4', '11', 1230, -593, '70', '149', '38.94']
['ETH-USD', '5m', '@@NrE.', '2021-03-15', '2021-06-15', '169', '33.87', '-43.0', 218, '34', '0.71', '1.5', '5.09', '6', '8', 1787, -789, '58', '111', '38.94']
['ETH-USD', '5m', 'E@.]:.', '2021-03-15', '2021-06-15', '145', '17.3', '-19.0', 88, '39', '0.5', '1.32', '4.56', '5', '6', 505, -827, '56', '89', '38.94']
['ETH-USD', '5m', 'E@.]7.', '2021-03-15', '2021-06-15', '145', '17.3', '-19.0', 88, '39', '0.5', '1.32', '4.56', '5', '6', 505, -827, '56', '89', '38.94']
['ETH-USD', '5m', 'E@.]b.', '2021-03-15', '2021-06-15', '145', '17.3', '-19.0', 88, '39', '0.5', '1.32', '4.56', '5', '6', 505, -827, '56', '89', '38.94']
['ETH-USD', '5m', 'E@.]=;', '2021-03-15', '2021-06-15', '145', '17.3', '-19.0', 88, '39', '0.5', '1.32', '4.56', '5', '6', 505, -827, '56', '89', '38.94']
['ETH-USD', '5m', 'E@.]V.', '2021-03-15', '2021-06-15', '145', '17.3', '-19.0', 88, '39', '0.5', '1.32', '4.56', '5', '6', 505, -827, '56', '89', '38.94']
['ETH-USD', '5m', 'E@.]=*', '2021-03-15', '2021-06-15', '145', '17.3', '-19.0', 88, '39', '0.5', '1.32', '4.56', '5', '6', 505, -827, '56', '89', '38.94']
['ETH-USD', '5m', 'E@.]n.', '2021-03-15', '2021-06-15', '145', '17.3', '-19.0', 88, '39', '0.5', '1.32', '4.56', '5', '6', 505, -827, '56', '89', '38.94']
['ETH-USD', '5m', 'E@.]T.', '2021-03-15', '2021-06-15', '145', '17.3', '-19.0', 88, '39', '0.5', '1.32', '4.56', '5', '6', 505, -827, '56', '89', '38.94']
['ETH-USD', '5m', 'E@.]O.', '2021-03-15', '2021-06-15', '145', '17.3', '-19.0', 88, '39', '0.5', '1.32', '4.56', '5', '6', 505, -827, '56', '89', '38.94']
['ETH-USD', '5m', '@7DihA', '2021-03-15', '2021-06-15', '162', '-16.22', '-36.0', -50, '35', '-0.12', '-0.26', '-1.41', '3', '8', 899, -601, '56', '106', '38.94']
['ETH-USD', '5m', 'F=bM49', '2021-03-15', '2021-06-15', '158', '65.3', '-29.0', 634, '36', '2.16', '2.26', '22.11', '4', '9', 1873, -879, '57', '101', '38.94']
['ETH-USD', '5m', '@5LH,H', '2021-03-15', '2021-06-15', '196', '12.57', '-38.0', 60, '36', '0.11', '0.94', '1.56', '4', '9', 857, -559, '71', '125', '38.94']
['ETH-USD', '5m', 'N@rV(Y', '2021-03-15', '2021-06-15', '89', '49.56', '-25.0', 394, '31', '1.69', '1.88', '16.01', '3', '10', 2518, -993, '28', '61', '38.94']
['ETH-USD', '5m', '@@Ku58', '2021-03-15', '2021-06-15', '169', '30.51', '-42.0', 188, '34', '0.63', '1.43', '4.43', '6', '8', 1686, -773, '58', '111', '38.94']
['ETH-USD', '5m', 'F8\\H<F', '2021-03-15', '2021-06-15', '167', '10.75', '-36.0', 50, '35', '0.2', '0.9', '1.38', '6', '7', 1130, -874, '59', '108', '38.94']
['ETH-USD', '5m', '6@EH]H', '2021-03-15', '2021-06-15', '95', '-13.14', '-41.0', -43, '34', '-0.07', '-0.62', '-1.04', '3', '9', 568, -573, '32', '63', '38.94']
['ETH-USD', '5m', '6@EH-H', '2021-03-15', '2021-06-15', '230', '21.92', '-35.0', 120, '31', '0.21', '1.33', '3.39', '4', '7', 790, -624, '72', '158', '38.94']
['ETH-USD', '5m', '@@WrE.', '2021-03-15', '2021-06-15', '169', '29.05', '-47.0', 175, '34', '0.49', '1.39', '3.73', '6', '8', 2063, -750, '57', '112', '38.94']
['ETH-USD', '5m', 'E@.]*.', '2021-03-15', '2021-06-15', '132', '22.62', '-19.0', 125, '40', '0.74', '1.6', '6.45', '5', '5', 528, -796, '53', '79', '38.94']
['ETH-USD', '5m', 'Fhbr<X', '2021-03-15', '2021-06-15', '60', '82.57', '-24.0', 989, '35', '3.22', '2.79', '41.06', '2', '6', 3539, -1200, '21', '39', '38.94']
['ETH-USD', '5m', '@:V_5H', '2021-03-15', '2021-06-15', '181', '31.13', '-37.0', 193, '34', '0.75', '1.46', '5.23', '5', '7', 1684, -849, '62', '119', '38.94']
['ETH-USD', '5m', '6D_H5H', '2021-03-15', '2021-06-15', '204', '-9.17', '-44.0', -32, '32', '-0.1', '0.21', '-0.72', '5', '9', 989, -573, '65', '139', '38.94']
['ETH-USD', '5m', '@@Mrp.', '2021-03-15', '2021-06-15', '169', '31.62', '-43.0', 197, '34', '0.65', '1.45', '4.63', '6', '8', 1728, -777, '58', '111', '38.94']
['ETH-USD', '5m', '@@MrE.', '2021-03-15', '2021-06-15', '169', '31.62', '-43.0', 197, '34', '0.65', '1.45', '4.63', '6', '8', 1728, -777, '58', '111', '38.94']
['ETH-USD', '5m', '@DK:)H', '2021-03-15', '2021-06-15', '120', '28.24', '-24.0', 168, '40', '0.6', '1.74', '6.96', '4', '6', 672, -965, '48', '72', '38.94']
['ETH-USD', '5m', 'w@EH5H', '2021-03-15', '2021-06-15', '74', '-6.74', '-34.0', -24, '39', '-0.08', '0.08', '-0.71', '3', '5', 698, -1451, '29', '45', '38.94']
['ETH-USD', '5m', '@@Qr<P', '2021-03-15', '2021-06-15', '133', '2.88', '-36.0', 12, '35', '0.04', '0.64', '0.33', '6', '12', 1807, -845, '46', '87', '38.94']
['ETH-USD', '5m', 'vGRr3.', '2021-03-15', '2021-06-15', '79', '7.01', '-35.0', 31, '37', '0.09', '0.8', '0.88', '4', '6', 2333, -1955, '29', '50', '38.94']
['ETH-USD', '5m', 'F@bH,H', '2021-03-15', '2021-06-15', '128', '25.77', '-35.0', 148, '38', '0.41', '1.37', '4.28', '4', '6', 1346, -876, '48', '80', '38.94']
['ETH-USD', '5m', 'STRr9.', '2021-03-15', '2021-06-15', '97', '16.17', '-25.0', 81, '31', '0.32', '1.07', '3.2', '4', '9', 2173, -1255, '30', '67', '38.94']
['ETH-USD', '5m', '@Ef`5X', '2021-03-15', '2021-06-15', '114', '16.54', '-46.0', 84, '33', '0.16', '1.09', '1.81', '5', '6', 1868, -842, '38', '76', '38.94']
['ETH-USD', '5m', 'SNDrf.', '2021-03-15', '2021-06-15', '102', '24.71', '-28.0', 140, '34', '0.47', '1.33', '4.96', '4', '9', 1565, -878, '35', '67', '38.94']
['ETH-USD', '5m', '@=Vi59', '2021-03-15', '2021-06-15', '177', '28.46', '-43.0', 170, '35', '0.54', '1.37', '3.99', '6', '8', 1877, -769, '62', '115', '38.94']
['ETH-USD', '5m', '@@_^E8', '2021-03-15', '2021-06-15', '169', '34.05', '-46.0', 220, '34', '0.61', '1.5', '4.74', '6', '8', 1913, -820, '57', '112', '38.94']
['ETH-USD', '5m', '@2Kr5M', '2021-03-15', '2021-06-15', '209', '-21.67', '-53.0', -62, '36', '-0.1', '-0.41', '-1.18', '4', '9', 1195, -400, '76', '133', '38.94']
['ETH-USD', '5m', '@@Svm.', '2021-03-15', '2021-06-15', '169', '24.5', '-46.0', 139, '35', '0.42', '1.29', '3.01', '6', '8', 1905, -714, '59', '110', '38.94']
['ETH-USD', '5m', '@@;^58', '2021-03-15', '2021-06-15', '170', '-14.11', '-37.0', -45, '35', '-0.11', '-0.25', '-1.23', '6', '13', 730, -616, '59', '111', '38.94']
['ETH-USD', '5m', '6@SH5H', '2021-03-15', '2021-06-15', '229', '2.15', '-37.0', 9, '31', '0.02', '0.59', '0.24', '4', '7', 965, -613, '71', '158', '38.94']
['ETH-USD', '5m', '@@Trp(', '2021-03-15', '2021-06-15', '169', '35.05', '-43.0', 229, '34', '0.72', '1.53', '5.3', '6', '8', 2032, -790, '58', '111', '38.94']
['ETH-USD', '5m', '@@TrU.', '2021-03-15', '2021-06-15', '169', '35.05', '-43.0', 229, '34', '0.72', '1.53', '5.3', '6', '8', 2032, -790, '58', '111', '38.94']
['ETH-USD', '5m', '@@Trp*', '2021-03-15', '2021-06-15', '169', '35.05', '-43.0', 229, '34', '0.72', '1.53', '5.3', '6', '8', 2032, -790, '58', '111', '38.94']
['ETH-USD', '5m', '@@TrI.', '2021-03-15', '2021-06-15', '169', '35.05', '-43.0', 229, '34', '0.72', '1.53', '5.3', '6', '8', 2032, -790, '58', '111', '38.94']
['ETH-USD', '5m', '@@Tru.', '2021-03-15', '2021-06-15', '169', '35.05', '-43.0', 229, '34', '0.72', '1.53', '5.3', '6', '8', 2032, -790, '58', '111', '38.94']
['ETH-USD', '5m', '@@Trp4', '2021-03-15', '2021-06-15', '169', '35.05', '-43.0', 229, '34', '0.72', '1.53', '5.3', '6', '8', 2032, -790, '58', '111', '38.94']
['ETH-USD', '5m', '-@bBEH', '2021-03-15', '2021-06-15', '219', '12.35', '-29.0', 59, '32', '0.17', '0.94', '2.05', '4', '11', 1161, -572, '70', '149', '38.94']
['ETH-USD', '5m', '@@D\\E3', '2021-03-15', '2021-06-15', '170', '34.77', '-33.0', 227, '34', '0.89', '1.57', '6.96', '6', '7', 1229, -816, '58', '112', '38.94']
['ETH-USD', '5m', '@@D\\E.', '2021-03-15', '2021-06-15', '170', '34.77', '-33.0', 227, '34', '0.89', '1.57', '6.96', '6', '7', 1229, -816, '58', '112', '38.94']
['ETH-USD', '5m', 'uEbr<X', '2021-03-15', '2021-06-15', '52', '-10.4', '-34.0', -35, '33', '-0.1', '0.2', '-1.04', '3', '7', 2443, -2040, '17', '35', '38.94']
['ETH-USD', '5m', '@@KrE.', '2021-03-15', '2021-06-15', '169', '26.65', '-43.0', 155, '34', '0.53', '1.34', '3.65', '6', '8', 1600, -754, '58', '111', '38.94']
['ETH-USD', '5m', 'F@bC4`', '2021-03-15', '2021-06-15', '81', '-7.42', '-36.0', -26, '36', '-0.07', '0.03', '-0.72', '3', '7', 911, -649, '29', '52', '38.94']
['ETH-USD', '5m', 'E@br<H', '2021-03-15', '2021-06-15', '140', '46.2', '-39.0', 351, '38', '0.9', '1.8', '9.05', '5', '6', 2606, -746, '53', '87', '38.94']
['ETH-USD', '5m', '@@Qr*8', '2021-03-15', '2021-06-15', '155', '39.53', '-41.0', 275, '34', '0.9', '1.62', '6.76', '5', '7', 2083, -852, '53', '102', '38.94']
['ETH-USD', '5m', '@@VpM)', '2021-03-15', '2021-06-15', '169', '25.6', '-47.0', 147, '34', '0.43', '1.31', '3.16', '6', '8', 1933, -741, '57', '112', '38.94']
['ETH-USD', '5m', '@=b(49', '2021-03-15', '2021-06-15', '177', '21.45', '-29.0', 116, '49', '0.44', '1.58', '4.04', '6', '6', 346, -849, '87', '90', '38.94']
['ETH-USD', '5m', '@?Kr5C', '2021-03-15', '2021-06-15', '175', '24.63', '-40.0', 140, '34', '0.53', '1.27', '3.46', '5', '9', 1624, -711, '59', '116', '38.94']
['ETH-USD', '5m', 'F=4(49', '2021-03-15', '2021-06-15', '165', '22.93', '-8.0', 127, '75', '1.58', '2.72', '14.94', '15', '3', 111, -440, '123', '42', '38.94']
['ETH-USD', '5m', 'A@bC4)', '2021-03-15', '2021-06-15', '159', '49.59', '-41.0', 394, '37', '1.1', '1.91', '9.65', '6', '6', 1441, -1056, '59', '100', '38.94']
['ETH-USD', '5m', '@@FXE.', '2021-03-15', '2021-06-15', '170', '28.93', '-34.0', 174, '34', '0.71', '1.42', '5.17', '6', '7', 1171, -797, '58', '112', '38.94']
['ETH-USD', '5m', '@@Yr5M', '2021-03-15', '2021-06-15', '151', '43.6', '-44.0', 320, '34', '0.9', '1.69', '7.29', '5', '9', 2463, -860, '51', '100', '38.94']
['ETH-USD', '5m', '1v*5jN', '2021-03-15', '2021-06-15', '30', '12.09', '-5.0', 57, '73', '1.24', '3.05', '12.62', '11', '2', 130, -242, '22', '8', '38.94']
['ETH-USD', '5m', 'SKDrf.', '2021-03-15', '2021-06-15', '101', '23.97', '-19.0', 135, '34', '0.75', '1.32', '7.04', '2', '7', 1526, -1133, '34', '67', '38.94']
['ETH-USD', '5m', '@@DQE.', '2021-03-15', '2021-06-15', '170', '21.64', '-32.0', 118, '35', '0.46', '1.24', '3.68', '6', '7', 937, -793, '59', '111', '38.94']
['ETH-USD', '5m', 'I;bH88', '2021-03-15', '2021-06-15', '163', '44.66', '-31.0', 333, '35', '1.14', '1.76', '10.67', '4', '13', 1572, -1148, '57', '106', '38.94']
['ETH-USD', '5m', '@@Ku)H', '2021-03-15', '2021-06-15', '136', '23.79', '-33.0', 133, '35', '0.59', '1.29', '4.03', '5', '8', 1563, -790, '47', '89', '38.94']
['ETH-USD', '5m', 'SRRQ9Q', '2021-03-15', '2021-06-15', '76', '32.53', '-36.0', 206, '37', '0.58', '1.54', '5.76', '3', '6', 1340, -907, '28', '48', '38.94']
['ETH-USD', '5m', '@7Dih<', '2021-03-15', '2021-06-15', '197', '-23.27', '-42.0', -65, '34', '-0.13', '-0.56', '-1.55', '4', '8', 891, -552, '66', '131', '38.94']
['ETH-USD', '5m', '6@E15H', '2021-03-15', '2021-06-15', '230', '-13.67', '-33.0', -44, '40', '-0.08', '-0.62', '-1.33', '6', '7', 319, -681, '92', '138', '38.94']
['ETH-USD', '5m', '@@VeM)', '2021-03-15', '2021-06-15', '169', '40.71', '-45.0', 288, '34', '0.76', '1.66', '6.44', '6', '8', 1913, -864, '57', '112', '38.94']
['ETH-USD', '5m', '6@O(XH', '2021-03-15', '2021-06-15', '110', '0.75', '-21.0', 3, '54', '0.01', '0.29', '0.14', '7', '8', 207, -715, '59', '51', '38.94']
['ETH-USD', '5m', 'F=b(/9', '2021-03-15', '2021-06-15', '154', '38.7', '-19.0', 266, '51', '2.0', '2.37', '14.08', '6', '6', 395, -891, '79', '75', '38.94']
['ETH-USD', '5m', 'F=b(4E', '2021-03-15', '2021-06-15', '151', '41.37', '-16.0', 295, '52', '2.44', '2.51', '18.98', '7', '6', 404, -891, '78', '73', '38.94']
['ETH-USD', '5m', 'F=b(19', '2021-03-15', '2021-06-15', '156', '41.71', '-19.0', 299, '51', '2.13', '2.52', '15.73', '6', '7', 404, -909, '80', '76', '38.94']
['ETH-USD', '5m', 'SRrQ9E', '2021-03-15', '2021-06-15', '96', '-14.39', '-30.0', -46, '30', '-0.16', '-0.03', '-1.55', '3', '8', 1647, -1111, '29', '67', '38.94']
['ETH-USD', '5m', 'SHRQ9E', '2021-03-15', '2021-06-15', '104', '-3.04', '-29.0', -12, '33', '-0.04', '0.31', '-0.4', '3', '9', 1104, -841, '34', '70', '38.94']
['ETH-USD', '5m', '@@e^E8', '2021-03-15', '2021-06-15', '169', '28.38', '-46.0', 169, '34', '0.53', '1.38', '3.68', '6', '8', 1945, -796, '57', '112', '38.94']
['ETH-USD', '5m', '@@?a9.', '2021-03-15', '2021-06-15', '170', '-0.29', '-33.0', -1, '34', '-0.01', '0.5', '-0.03', '6', '7', 861, -726, '58', '112', '38.94']
['ETH-USD', '5m', '@@Qio8', '2021-03-15', '2021-06-15', '168', '34.79', '-44.0', 227, '35', '0.66', '1.53', '5.19', '6', '8', 1738, -813, '58', '110', '38.94']
['ETH-USD', '5m', '@@QjE.', '2021-03-15', '2021-06-15', '169', '31.37', '-44.0', 195, '34', '0.6', '1.45', '4.47', '6', '8', 1695, -789, '58', '111', '38.94']
['ETH-USD', '5m', 'E@br(H', '2021-03-15', '2021-06-15', '105', '18.52', '-38.0', 96, '37', '0.28', '1.13', '2.53', '5', '8', 2037, -668, '39', '66', '38.94']
['ETH-USD', '5m', '6@OH5H', '2021-03-15', '2021-06-15', '229', '10.04', '-35.0', 46, '31', '0.14', '0.86', '1.33', '4', '7', 965, -694, '71', '158', '38.94']
['ETH-USD', '5m', '@@Kr<M', '2021-03-15', '2021-06-15', '143', '9.7', '-37.0', 44, '34', '0.18', '0.86', '1.2', '5', '9', 1586, -833, '48', '95', '38.94']
['ETH-USD', '5m', '@@VdM)', '2021-03-15', '2021-06-15', '169', '37.83', '-45.0', 257, '34', '0.69', '1.6', '5.75', '6', '8', 1845, -848, '57', '112', '38.94']
['ETH-USD', '5m', 'F=b(*9', '2021-03-15', '2021-06-15', '130', '64.12', '-14.0', 614, '55', '5.22', '3.33', '44.4', '7', '6', 469, -897, '71', '59', '38.94']
['ETH-USD', '5m', 'N@Qf5H', '2021-03-15', '2021-06-15', '124', '-0.64', '-39.0', -3, '33', '-0.01', '0.52', '-0.06', '5', '9', 1673, -993, '41', '83', '38.94']
['ETH-USD', '5m', 'F=b(G9', '2021-03-15', '2021-06-15', '159', '43.63', '-19.0', 321, '51', '2.16', '2.6', '16.93', '6', '7', 410, -897, '81', '78', '38.94']
['ETH-USD', '5m', 'F=b(t9', '2021-03-15', '2021-06-15', '158', '39.58', '-19.0', 276, '51', '1.94', '2.42', '14.55', '6', '7', 398, -897, '80', '78', '38.94']
['ETH-USD', '5m', 'F=b(o9', '2021-03-15', '2021-06-15', '158', '39.58', '-19.0', 276, '51', '1.94', '2.42', '14.55', '6', '7', 398, -897, '80', '78', '38.94']
['ETH-USD', '5m', 'F=b(l9', '2021-03-15', '2021-06-15', '158', '39.58', '-19.0', 276, '51', '1.94', '2.42', '14.55', '6', '7', 398, -897, '80', '78', '38.94']
['ETH-USD', '5m', '@@ia9.', '2021-03-15', '2021-06-15', '169', '30.32', '-50.0', 186, '33', '0.48', '1.42', '3.75', '6', '9', 2146, -760, '55', '114', '38.94']
['ETH-USD', '5m', 'F=bw49', '2021-03-15', '2021-06-15', '158', '27.28', '-38.0', 160, '36', '0.61', '1.35', '4.19', '4', '9', 2494, -711, '57', '101', '38.94']
['ETH-USD', '5m', '@@DZE.', '2021-03-15', '2021-06-15', '170', '24.88', '-34.0', 141, '34', '0.59', '1.31', '4.17', '6', '7', 1100, -777, '58', '112', '38.94']
['ETH-USD', '5m', '6D)H<W', '2021-03-15', '2021-06-15', '117', '7.4', '-18.0', 33, '55', '0.09', '0.84', '1.82', '7', '5', 203, -696, '64', '53', '38.94']
['ETH-USD', '5m', '6KBhI2', '2021-03-15', '2021-06-15', '179', '2.8', '-30.0', 12, '32', '0.05', '0.6', '0.39', '5', '19', 1144, -708, '57', '122', '38.94']
['ETH-USD', '5m', '@7Dih(', '2021-03-15', '2021-06-15', '205', '-8.42', '-43.0', -29, '34', '-0.05', '0.21', '-0.69', '4', '8', 1065, -534, '69', '136', '38.94']
['ETH-USD', '5m', '@@Qh9.', '2021-03-15', '2021-06-15', '169', '28.92', '-44.0', 174, '34', '0.54', '1.4', '3.97', '6', '8', 1645, -777, '58', '111', '38.94']
['ETH-USD', '5m', '@@Qh58', '2021-03-15', '2021-06-15', '169', '28.92', '-44.0', 174, '34', '0.54', '1.4', '3.97', '6', '8', 1645, -777, '58', '111', '38.94']
['ETH-USD', '5m', '@.Qr).', '2021-03-15', '2021-06-15', '251', '-49.37', '-70.0', -93, '31', '-0.12', '-1.56', '-1.33', '4', '11', 1157, -357, '78', '173', '38.94']
['ETH-USD', '5m', '6@EH5)', '2021-03-15', '2021-06-15', '237', '15.5', '-38.0', 77, '31', '0.12', '1.08', '2.03', '4', '7', 749, -598, '73', '164', '38.94']
['ETH-USD', '5m', '@@Lr5M', '2021-03-15', '2021-06-15', '151', '39.63', '-38.0', 276, '34', '1.05', '1.64', '7.27', '5', '9', 1862, -860, '52', '99', '38.94']
['ETH-USD', '5m', '@@DPE.', '2021-03-15', '2021-06-15', '170', '21.02', '-32.0', 113, '35', '0.42', '1.22', '3.5', '6', '7', 877, -765, '59', '111', '38.94']
['ETH-USD', '5m', 'F=S(49', '2021-03-15', '2021-06-15', '160', '46.72', '-15.0', 358, '58', '1.76', '3.15', '23.15', '8', '7', 327, -813, '93', '67', '38.94']
['ETH-USD', '5m', 'F=c(49', '2021-03-15', '2021-06-15', '158', '48.07', '-19.0', 375, '51', '2.53', '2.78', '20.1', '6', '7', 428, -909, '81', '77', '38.94']
['ETH-USD', '5m', 'C@Qro8', '2021-03-15', '2021-06-15', '149', '48.45', '-32.0', 379, '39', '1.56', '1.87', '11.72', '6', '9', 2081, -1143, '58', '91', '38.94']
['ETH-USD', '5m', '@@Vw5H', '2021-03-15', '2021-06-15', '163', '30.76', '-45.0', 190, '33', '0.55', '1.42', '4.18', '5', '8', 2323, -813, '54', '109', '38.94']
['ETH-USD', '5m', 'FDbHJW', '2021-03-15', '2021-06-15', '37', '34.75', '-14.0', 226, '38', '1.66', '2.52', '16.05', '4', '5', 1409, -847, '14', '23', '38.94']
['ETH-USD', '5m', '@@DYE.', '2021-03-15', '2021-06-15', '170', '26.11', '-31.0', 151, '34', '0.65', '1.35', '4.83', '6', '7', 1093, -793, '58', '112', '38.94']
['ETH-USD', '5m', '@@DXE.', '2021-03-15', '2021-06-15', '170', '26.11', '-31.0', 151, '34', '0.65', '1.35', '4.83', '6', '7', 1093, -793, '58', '112', '38.94']
['ETH-USD', '5m', '@@DXd.', '2021-03-15', '2021-06-15', '170', '26.11', '-31.0', 151, '34', '0.65', '1.35', '4.83', '6', '7', 1093, -793, '58', '112', '38.94']
['ETH-USD', '5m', '@@DXK.', '2021-03-15', '2021-06-15', '170', '26.11', '-31.0', 151, '34', '0.65', '1.35', '4.83', '6', '7', 1093, -793, '58', '112', '38.94']
['ETH-USD', '5m', '@@DXE2', '2021-03-15', '2021-06-15', '170', '26.11', '-31.0', 151, '34', '0.65', '1.35', '4.83', '6', '7', 1093, -793, '58', '112', '38.94']
['ETH-USD', '5m', '@@DXo.', '2021-03-15', '2021-06-15', '170', '26.11', '-31.0', 151, '34', '0.65', '1.35', '4.83', '6', '7', 1093, -793, '58', '112', '38.94']
['ETH-USD', '5m', '@@DXu.', '2021-03-15', '2021-06-15', '170', '26.11', '-31.0', 151, '34', '0.65', '1.35', '4.83', '6', '7', 1093, -793, '58', '112', '38.94']
['ETH-USD', '5m', '6@O(UH', '2021-03-15', '2021-06-15', '119', '17.33', '-17.0', 89, '56', '0.3', '1.55', '5.09', '8', '8', 241, -783, '67', '52', '38.94']
['ETH-USD', '5m', '@@Dv6.', '2021-03-15', '2021-06-15', '170', '27.33', '-34.0', 161, '34', '0.69', '1.37', '4.66', '6', '7', 1584, -760, '58', '112', '38.94']
['ETH-USD', '5m', '@@Dv[.', '2021-03-15', '2021-06-15', '170', '27.33', '-34.0', 161, '34', '0.69', '1.37', '4.66', '6', '7', 1584, -760, '58', '112', '38.94']
['ETH-USD', '5m', '@@DvR.', '2021-03-15', '2021-06-15', '170', '27.33', '-34.0', 161, '34', '0.69', '1.37', '4.66', '6', '7', 1584, -760, '58', '112', '38.94']
['ETH-USD', '5m', '@@Dvm/', '2021-03-15', '2021-06-15', '170', '27.33', '-34.0', 161, '34', '0.69', '1.37', '4.66', '6', '7', 1584, -760, '58', '112', '38.94']
['ETH-USD', '5m', '@@Dvi.', '2021-03-15', '2021-06-15', '170', '27.33', '-34.0', 161, '34', '0.69', '1.37', '4.66', '6', '7', 1584, -760, '58', '112', '38.94']
['ETH-USD', '5m', '@@DvP.', '2021-03-15', '2021-06-15', '170', '27.33', '-34.0', 161, '34', '0.69', '1.37', '4.66', '6', '7', 1584, -760, '58', '112', '38.94']
['ETH-USD', '5m', '@@Dvf.', '2021-03-15', '2021-06-15', '170', '27.33', '-34.0', 161, '34', '0.69', '1.37', '4.66', '6', '7', 1584, -760, '58', '112', '38.94']
['ETH-USD', '5m', '@@DvA.', '2021-03-15', '2021-06-15', '170', '27.33', '-34.0', 161, '34', '0.69', '1.37', '4.66', '6', '7', 1584, -760, '58', '112', '38.94']
['ETH-USD', '5m', '@@DvQ.', '2021-03-15', '2021-06-15', '170', '27.33', '-34.0', 161, '34', '0.69', '1.37', '4.66', '6', '7', 1584, -760, '58', '112', '38.94']
['ETH-USD', '5m', '@@DvE.', '2021-03-15', '2021-06-15', '170', '27.33', '-34.0', 161, '34', '0.69', '1.37', '4.66', '6', '7', 1584, -760, '58', '112', '38.94']
['ETH-USD', '5m', 'DH1/g8', '2021-03-15', '2021-06-15', '141', '40.39', '-11.0', 284, '71', '2.35', '3.9', '25.22', '13', '3', 191, -537, '100', '41', '38.94']
['ETH-USD', '5m', '@=VK59', '2021-03-15', '2021-06-15', '177', '21.02', '-40.0', 113, '35', '0.39', '1.19', '2.83', '6', '8', 1161, -667, '62', '115', '38.94']
['ETH-USD', '5m', '@@tXE.', '2021-03-15', '2021-06-15', '169', '20.22', '-53.0', 108, '33', '0.27', '1.19', '2.04', '6', '9', 2086, -723, '55', '114', '38.94']
['ETH-USD', '5m', '@7Dih@', '2021-03-15', '2021-06-15', '173', '-21.34', '-38.0', -61, '34', '-0.14', '-0.5', '-1.63', '4', '8', 852, -607, '59', '114', '38.94']
['ETH-USD', '5m', '@5K1,H', '2021-03-15', '2021-06-15', '197', '16.46', '-32.0', 83, '42', '0.11', '1.25', '2.61', '4', '9', 407, -638, '83', '114', '38.94']
['ETH-USD', '5m', '1@V_5H', '2021-03-15', '2021-06-15', '272', '-3.22', '-42.0', -12, '32', '-0.02', '0.46', '-0.29', '4', '10', 1431, -510, '86', '186', '38.94']
['ETH-USD', '5m', '@@Ko)H', '2021-03-15', '2021-06-15', '136', '21.36', '-34.0', 116, '35', '0.47', '1.22', '3.42', '5', '8', 1531, -760, '47', '89', '38.94']
['ETH-USD', '5m', '@DKp2H', '2021-03-15', '2021-06-15', '144', '75.39', '-39.0', 829, '38', '1.43', '2.41', '21.32', '5', '8', 2354, -1297, '54', '90', '38.94']
['ETH-USD', '5m', '@DKp5;', '2021-03-15', '2021-06-15', '151', '85.99', '-39.0', 1073, '36', '1.64', '2.54', '27.34', '5', '9', 2503, -1227, '55', '96', '38.94']
['ETH-USD', '5m', 'F@bH<O', '2021-03-15', '2021-06-15', '120', '39.03', '-32.0', 270, '39', '0.72', '1.76', '8.42', '4', '6', 1440, -943, '47', '73', '38.94']
['ETH-USD', '5m', '@.QnE.', '2021-03-15', '2021-06-15', '271', '-48.85', '-71.0', -93, '31', '-0.15', '-1.21', '-1.3', '4', '11', 1041, -335, '84', '187', '38.94']
['ETH-USD', '5m', '@+Q?QK', '2021-03-15', '2021-06-15', '97', '36.79', '-18.0', 247, '42', '1.54', '2.43', '13.68', '7', '9', 928, -691, '41', '56', '38.94']
['ETH-USD', '5m', '@@Qf58', '2021-03-15', '2021-06-15', '169', '30.06', '-44.0', 184, '34', '0.55', '1.43', '4.17', '6', '8', 1755, -760, '58', '111', '38.94']
['ETH-USD', '5m', 'B@Kr5M', '2021-03-15', '2021-06-15', '138', '41.67', '-31.0', 298, '38', '1.2', '1.78', '9.59', '6', '9', 1867, -1031, '52', '86', '38.94']
['ETH-USD', '5m', '@@D_E3', '2021-03-15', '2021-06-15', '170', '23.66', '-39.0', 132, '34', '0.41', '1.27', '3.38', '6', '7', 1179, -722, '58', '112', '38.94']
['ETH-USD', '5m', '@@VH5A', '2021-03-15', '2021-06-15', '169', '26.82', '-38.0', 157, '33', '0.54', '1.36', '4.16', '5', '8', 1144, -781, '56', '113', '38.94']
['ETH-USD', '5m', '@@VH51', '2021-03-15', '2021-06-15', '169', '29.83', '-38.0', 182, '34', '0.6', '1.44', '4.82', '6', '8', 1176, -781, '57', '112', '38.94']
['ETH-USD', '5m', '@@rR5H', '2021-03-15', '2021-06-15', '163', '26.68', '-49.0', 156, '32', '0.45', '1.33', '3.2', '5', '9', 2043, -840, '52', '111', '38.94']
['ETH-USD', '5m', '@@Vu5H', '2021-03-15', '2021-06-15', '163', '28.2', '-45.0', 168, '33', '0.5', '1.37', '3.7', '5', '8', 2233, -801, '54', '109', '38.94']
