['Pair', 'TF', 'Dna', 'Start Date', 'End Date', 'Total Trades', 'Total Net Profit', 'Max.DD', 'Annual Profit', 'Winrate', 'Sharpe', 'Calmar', 'Serenity', 'Winning Strike', 'Losing Strike', 'Largest Winning', 'Largest Losing', 'Num. of Wins', 'Num. of Losses', 'Market Change']
['ETH-USD', '5m', 'j/vPJ_', '2021-06-01', '2021-10-01', '33', '95.36', '-6.0', 642, '58', '44.03', '4.42', '105.42', '5', '3', 2799, -413, '19', '14', '11.36']
['ETH-USD', '5m', 'E@4rKH', '2021-06-01', '2021-10-01', '136', '156.2', '-22.0', 1569, '43', '3.84', '4.09', '71.78', '4', '6', 1935, -1092, '58', '78', '11.36']
['ETH-USD', '5m', 'I7bH88', '2021-06-01', '2021-10-01', '181', '101.28', '-26.0', 711, '39', '2.14', '2.84', '27.07', '4', '7', 2079, -893, '71', '110', '11.36']
['ETH-USD', '5m', 'F@\\(1H', '2021-06-01', '2021-10-01', '141', '98.55', '-13.0', 678, '59', '11.1', '4.34', '51.99', '6', '4', 537, -948, '83', '58', '11.36']
['ETH-USD', '5m', 'R=wLnI', '2021-06-01', '2021-10-01', '78', '95.07', '-15.0', 638, '44', '9.52', '3.08', '41.74', '3', '5', 2760, -1053, '34', '44', '11.36']
['ETH-USD', '5m', 'F@\\(=H', '2021-06-01', '2021-10-01', '143', '89.95', '-13.0', 582, '58', '9.38', '4.06', '44.58', '6', '4', 529, -935, '83', '60', '11.36']
['ETH-USD', '5m', '@f7(5H', '2021-06-01', '2021-10-01', '107', '48.55', '-8.0', 227, '78', '9.78', '5.53', '28.91', '11', '3', 152, -490, '83', '24', '11.36']
['ETH-USD', '5m', 'NV]SmJ', '2021-06-01', '2021-10-01', '70', '138.64', '-19.0', 1249, '44', '7.68', '3.98', '66.37', '5', '4', 2700, -857, '31', '39', '11.36']
['ETH-USD', '5m', 'F@b*<H', '2021-06-01', '2021-10-01', '142', '98.58', '-13.0', 679, '49', '8.52', '3.87', '53.9', '6', '5', 704, -1095, '70', '72', '11.36']
['ETH-USD', '5m', 'E@b:KH', '2021-06-01', '2021-10-01', '136', '113.67', '-27.0', 869, '42', '1.62', '3.34', '31.68', '5', '6', 1676, -1304, '57', '79', '11.36']
['ETH-USD', '5m', 'N3B6nF', '2021-06-01', '2021-10-01', '109', '107.91', '-19.0', 793, '49', '2.17', '4.95', '42.57', '5', '4', 721, -768, '53', '56', '11.36']
['ETH-USD', '5m', 'h5KH,H', '2021-06-01', '2021-10-01', '110', '112.21', '-12.0', 850, '45', '11.87', '3.67', '69.83', '4', '6', 1587, -868, '49', '61', '11.36']
['ETH-USD', '5m', 'E@\\(<H', '2021-06-01', '2021-10-01', '147', '76.63', '-13.0', 448, '56', '8.64', '3.55', '35.66', '9', '5', 493, -870, '83', '64', '11.36']
['ETH-USD', '5m', 'F@o(<H', '2021-06-01', '2021-10-01', '142', '91.24', '-13.0', 596, '49', '7.32', '3.67', '46.94', '6', '5', 673, -1174, '70', '72', '11.36']
['ETH-USD', '5m', 'EIb]=i', '2021-06-01', '2021-10-01', '46', '46.7', '-11.0', 215, '46', '5.26', '2.33', '19.69', '3', '6', 2192, -814, '21', '25', '11.36']
['ETH-USD', '5m', 'F>]`<O', '2021-06-01', '2021-10-01', '136', '69.78', '-31.0', 387, '41', '1.04', '2.37', '12.38', '5', '8', 2426, -750, '56', '80', '11.36']
['ETH-USD', '5m', '@/KH,H', '2021-06-01', '2021-10-01', '275', '11.63', '-34.0', 39, '33', '0.09', '0.81', '1.15', '4', '10', 875, -539, '92', '183', '11.36']
['ETH-USD', '5m', 'E@b5KH', '2021-06-01', '2021-10-01', '136', '88.83', '-24.0', 570, '42', '1.43', '3.03', '23.43', '5', '6', 1277, -1147, '57', '79', '11.36']
['ETH-USD', '5m', 'L@7(5H', '2021-06-01', '2021-10-01', '140', '30.39', '-7.0', 121, '75', '3.93', '2.73', '18.13', '13', '3', 134, -538, '105', '35', '11.36']
['ETH-USD', '5m', '/@V@5e', '2021-06-01', '2021-10-01', '132', '63.41', '-16.0', 335, '40', '2.7', '2.92', '21.32', '4', '10', 1179, -655, '53', '79', '11.36']
['ETH-USD', '5m', 'pE-2<-', '2021-06-01', '2021-10-01', '103', '31.14', '-7.0', 125, '73', '3.21', '3.31', '18.39', '11', '2', 161, -493, '75', '28', '11.36']
['ETH-USD', '5m', 'F@b\\4)', '2021-06-01', '2021-10-01', '146', '68.43', '-32.0', 376, '41', '1.14', '2.2', '11.76', '4', '8', 2560, -960, '60', '86', '11.36']
['ETH-USD', '5m', '@5KHpH', '2021-06-01', '2021-10-01', '72', '88.37', '-14.0', 565, '49', '6.6', '3.92', '39.83', '4', '3', 1333, -922, '35', '37', '11.36']
['ETH-USD', '5m', 'g7?a=T', '2021-06-01', '2021-10-01', '94', '111.35', '-24.0', 838, '46', '2.22', '3.46', '35.08', '3', '7', 1879, -858, '43', '51', '11.36']
['ETH-USD', '5m', 'h3MNiB', '2021-06-01', '2021-10-01', '126', '128.3', '-22.0', 1082, '43', '4.68', '3.64', '49.4', '5', '8', 2009, -1028, '54', '72', '11.36']
['ETH-USD', '5m', 'F@ba<H', '2021-06-01', '2021-10-01', '142', '66.18', '-31.0', 357, '42', '1.28', '2.16', '11.61', '4', '8', 2342, -954, '59', '83', '11.36']
['ETH-USD', '5m', 'F@bY4)', '2021-06-01', '2021-10-01', '146', '70.77', '-32.0', 396, '41', '1.15', '2.25', '12.4', '4', '8', 2477, -996, '60', '86', '11.36']
['ETH-USD', '5m', 'FBQj(s', '2021-06-01', '2021-10-01', '86', '28.59', '-26.0', 112, '40', '0.49', '1.38', '4.25', '4', '7', 1868, -734, '34', '52', '11.36']
['ETH-USD', '5m', 'F@Trp.', '2021-06-01', '2021-10-01', '146', '72.98', '-31.0', 415, '41', '1.43', '2.3', '13.56', '4', '8', 2427, -1077, '60', '86', '11.36']
['ETH-USD', '5m', 'E@ArKH', '2021-06-01', '2021-10-01', '136', '94.39', '-32.0', 631, '43', '1.12', '2.79', '19.63', '5', '6', 2163, -980, '59', '77', '11.36']
['ETH-USD', '5m', 'F@b`4)', '2021-06-01', '2021-10-01', '146', '63.82', '-32.0', 338, '41', '1.1', '2.11', '10.58', '4', '8', 2275, -960, '60', '86', '11.36']
['ETH-USD', '5m', 'b68[<)', '2021-06-01', '2021-10-01', '134', '77.01', '-14.0', 452, '43', '4.31', '2.9', '33.13', '5', '5', 1191, -742, '57', '77', '11.36']
['ETH-USD', '5m', 'F@bj<H', '2021-06-01', '2021-10-01', '142', '63.92', '-31.0', 339, '42', '1.21', '2.09', '11.01', '4', '8', 2533, -954, '59', '83', '11.36']
['ETH-USD', '5m', 'n0RT.>', '2021-06-01', '2021-10-01', '122', '78.21', '-25.0', 463, '44', '1.48', '2.63', '18.66', '4', '5', 1808, -922, '54', '68', '11.36']
['ETH-USD', '5m', 'G@VH5H', '2021-06-01', '2021-10-01', '143', '149.21', '-26.0', 1436, '40', '3.43', '3.72', '56.1', '5', '8', 2495, -1571, '57', '86', '11.36']
['ETH-USD', '5m', 'N8bH(Z', '2021-06-01', '2021-10-01', '113', '139.61', '-15.0', 1266, '42', '10.68', '3.87', '84.84', '3', '6', 2710, -1106, '47', '66', '11.36']
['ETH-USD', '5m', 'E@b=KH', '2021-06-01', '2021-10-01', '136', '91.36', '-34.0', 597, '42', '0.77', '2.79', '17.36', '5', '6', 1712, -1222, '57', '79', '11.36']
['ETH-USD', '5m', '@Z7(5H', '2021-06-01', '2021-10-01', '119', '46.79', '-8.0', 215, '77', '6.47', '4.77', '28.57', '13', '3', 153, -587, '92', '27', '11.36']
['ETH-USD', '5m', 'i-a0;b', '2021-06-01', '2021-10-01', '56', '52.84', '-9.0', 256, '50', '5.2', '3.26', '27.82', '5', '4', 748, -753, '28', '28', '11.36']
['ETH-USD', '5m', 'F=w(49', '2021-06-01', '2021-10-01', '165', '130.54', '-12.0', 1117, '45', '12.12', '4.71', '97.0', '6', '6', 887, -1112, '74', '91', '11.36']
['ETH-USD', '5m', 'F@bC<H', '2021-06-01', '2021-10-01', '142', '109.0', '-29.0', 807, '42', '1.95', '3.03', '28.17', '4', '8', 2239, -1217, '59', '83', '11.36']
['ETH-USD', '5m', '-Efr5X', '2021-06-01', '2021-10-01', '227', '38.57', '-25.0', 165, '31', '0.65', '1.68', '6.63', '5', '14', 1979, -654, '71', '156', '11.36']
['ETH-USD', '5m', '7J]d<H', '2021-06-01', '2021-10-01', '183', '31.04', '-22.0', 125, '36', '0.86', '1.38', '5.6', '5', '7', 1948, -629, '66', '117', '11.36']
['ETH-USD', '5m', ':D<fRR', '2021-06-01', '2021-10-01', '70', '89.35', '-24.0', 575, '40', '1.02', '3.83', '23.88', '4', '9', 1608, -645, '28', '42', '11.36']
['ETH-USD', '5m', 'F=v(49', '2021-06-01', '2021-10-01', '165', '143.11', '-12.0', 1326, '46', '12.75', '4.9', '112.41', '6', '6', 925, -1166, '76', '89', '11.36']
['ETH-USD', '5m', 'F=b\\49', '2021-06-01', '2021-10-01', '165', '75.12', '-25.0', 435, '39', '2.01', '2.4', '17.29', '6', '8', 2557, -822, '65', '100', '11.36']
['ETH-USD', '5m', '?@Rr9.', '2021-06-01', '2021-10-01', '184', '28.43', '-28.0', 111, '39', '0.53', '1.29', '3.97', '5', '8', 1943, -566, '71', '113', '11.36']
['ETH-USD', '5m', '2NOe,-', '2021-06-01', '2021-10-01', '212', '41.71', '-24.0', 184, '33', '0.75', '1.71', '7.52', '5', '8', 1721, -618, '71', '141', '11.36']
['ETH-USD', '5m', 'F@bQ<H', '2021-06-01', '2021-10-01', '142', '82.43', '-28.0', 504, '42', '1.96', '2.48', '18.23', '4', '8', 2338, -1059, '59', '83', '11.36']
['ETH-USD', '5m', 'S<Rr9.', '2021-06-01', '2021-10-01', '145', '47.85', '-23.0', 222, '40', '2.05', '1.76', '9.81', '5', '6', 2401, -938, '58', '87', '11.36']
['ETH-USD', '5m', '@5KHlH', '2021-06-01', '2021-10-01', '88', '81.28', '-15.0', 493, '47', '5.19', '3.52', '32.38', '4', '4', 1304, -888, '41', '47', '11.36']
['ETH-USD', '5m', '0gv;,,', '2021-06-01', '2021-10-01', '154', '101.05', '-21.0', 708, '32', '5.13', '3.06', '34.37', '3', '10', 1989, -1065, '49', '105', '11.36']
['ETH-USD', '5m', '6<EH5H', '2021-06-01', '2021-10-01', '251', '96.61', '-30.0', 656, '37', '1.28', '3.09', '21.69', '7', '8', 1290, -836, '92', '159', '11.36']
['ETH-USD', '5m', '@@Qr([', '2021-06-01', '2021-10-01', '132', '63.66', '-26.0', 337, '41', '1.39', '2.28', '12.88', '4', '8', 2282, -692, '54', '78', '11.36']
['ETH-USD', '5m', '6Ib]=.', '2021-06-01', '2021-10-01', '195', '10.61', '-25.0', 35, '33', '0.15', '0.77', '1.38', '5', '8', 1579, -561, '65', '130', '11.36']
['ETH-USD', '5m', 'F@bH9H', '2021-06-01', '2021-10-01', '144', '105.26', '-29.0', 760, '42', '1.94', '2.93', '26.09', '4', '8', 2229, -1266, '60', '84', '11.36']
['ETH-USD', '5m', 'F@bH<>', '2021-06-01', '2021-10-01', '146', '100.3', '-29.0', 699, '41', '1.85', '2.85', '24.01', '4', '8', 2174, -1236, '60', '86', '11.36']
['ETH-USD', '5m', 'F@bH<8', '2021-06-01', '2021-10-01', '146', '100.3', '-29.0', 699, '41', '1.85', '2.85', '24.01', '4', '8', 2174, -1236, '60', '86', '11.36']
['ETH-USD', '5m', 'F@bH<+', '2021-06-01', '2021-10-01', '146', '100.3', '-29.0', 699, '41', '1.85', '2.85', '24.01', '4', '8', 2174, -1236, '60', '86', '11.36']
['ETH-USD', '5m', 'F@bH?H', '2021-06-01', '2021-10-01', '139', '79.2', '-35.0', 473, '41', '0.78', '2.48', '13.38', '4', '8', 2129, -1213, '57', '82', '11.36']
['ETH-USD', '5m', 'F@bH(H', '2021-06-01', '2021-10-01', '110', '89.48', '-30.0', 577, '44', '1.13', '2.82', '19.45', '4', '6', 2196, -1250, '48', '62', '11.36']
['ETH-USD', '5m', 'F@bM<H', '2021-06-01', '2021-10-01', '142', '72.44', '-28.0', 410, '42', '1.52', '2.33', '14.56', '4', '8', 2077, -1033, '59', '83', '11.36']
['ETH-USD', '5m', '@5KW,H', '2021-06-01', '2021-10-01', '221', '27.1', '-24.0', 105, '37', '0.67', '1.3', '4.39', '5', '10', 1330, -560, '82', '139', '11.36']
['ETH-USD', '5m', '@5KT,H', '2021-06-01', '2021-10-01', '221', '34.63', '-25.0', 143, '37', '0.76', '1.54', '5.7', '5', '10', 1332, -586, '82', '139', '11.36']
['ETH-USD', '5m', 'SRRQ9c', '2021-06-01', '2021-10-01', '53', '45.76', '-16.0', 209, '45', '2.19', '2.21', '13.41', '3', '5', 1388, -680, '24', '29', '11.36']
['ETH-USD', '5m', '6@Ee5H', '2021-06-01', '2021-10-01', '236', '25.22', '-42.0', 96, '34', '0.15', '1.23', '2.28', '7', '8', 1449, -536, '80', '156', '11.36']
['ETH-USD', '5m', '@+k+5X', '2021-06-01', '2021-10-01', '231', '32.53', '-23.0', 132, '36', '0.54', '1.66', '5.72', '5', '9', 590, -740, '83', '148', '11.36']
['ETH-USD', '5m', '@DKpKH', '2021-06-01', '2021-10-01', '147', '62.04', '-29.0', 324, '39', '0.98', '2.09', '11.09', '5', '8', 2115, -816, '57', '90', '11.36']
['ETH-USD', '5m', '@5KV,H', '2021-06-01', '2021-10-01', '221', '24.35', '-24.0', 92, '37', '0.58', '1.22', '3.78', '5', '10', 1278, -552, '82', '139', '11.36']
['ETH-USD', '5m', 'F@2(<H', '2021-06-01', '2021-10-01', '147', '13.95', '-11.0', 48, '77', '0.47', '1.46', '4.27', '11', '4', 98, -474, '113', '34', '11.36']
['ETH-USD', '5m', 'F@bC4M', '2021-06-01', '2021-10-01', '138', '93.84', '-30.0', 624, '41', '1.34', '2.8', '20.89', '4', '8', 2019, -1230, '57', '81', '11.36']
['ETH-USD', '5m', 'F@bC4N', '2021-06-01', '2021-10-01', '136', '82.22', '-36.0', 502, '41', '0.63', '2.57', '13.78', '4', '8', 2027, -1276, '56', '80', '11.36']
['ETH-USD', '5m', 'E@.b=.', '2021-06-01', '2021-10-01', '150', '92.5', '-12.0', 610, '42', '6.11', '3.43', '50.61', '5', '5', 924, -781, '63', '87', '11.36']
['ETH-USD', '5m', 'E@bDKH', '2021-06-01', '2021-10-01', '136', '71.31', '-34.0', 401, '42', '0.64', '2.39', '11.64', '5', '6', 1923, -1176, '57', '79', '11.36']
['ETH-USD', '5m', 'K+Rr3.', '2021-06-01', '2021-10-01', '260', '-7.87', '-38.0', -22, '36', '-0.05', '0.12', '-0.58', '4', '11', 1375, -496, '94', '166', '11.36']
['ETH-USD', '5m', '@>KH58', '2021-06-01', '2021-10-01', '180', '51.13', '-23.0', 244, '40', '1.58', '1.93', '10.81', '6', '5', 1206, -632, '72', '108', '11.36']
['ETH-USD', '5m', 'FAia=7', '2021-06-01', '2021-10-01', '152', '43.55', '-32.0', 195, '39', '0.72', '1.63', '6.15', '5', '10', 2361, -953, '59', '93', '11.36']
['ETH-USD', '5m', '@3Drf.', '2021-06-01', '2021-10-01', '264', '17.45', '-31.0', 62, '34', '0.15', '0.99', '1.97', '5', '9', 1492, -552, '89', '175', '11.36']
['ETH-USD', '5m', '6@CBEH', '2021-06-01', '2021-10-01', '205', '69.02', '-30.0', 381, '36', '0.73', '2.52', '12.74', '7', '7', 1008, -737, '74', '131', '11.36']
['ETH-USD', '5m', '@@Qro;', '2021-06-01', '2021-10-01', '177', '27.56', '-27.0', 107, '38', '0.55', '1.26', '3.99', '6', '8', 1982, -583, '68', '109', '11.36']
['ETH-USD', '5m', '@EKH,H', '2021-06-01', '2021-10-01', '158', '58.36', '-29.0', 296, '39', '0.61', '2.2', '10.06', '5', '8', 1279, -823, '61', '97', '11.36']
['ETH-USD', '5m', '@DK9)H', '2021-06-01', '2021-10-01', '150', '74.48', '-19.0', 429, '40', '1.48', '2.94', '22.53', '5', '8', 902, -869, '60', '90', '11.36']
['ETH-USD', '5m', 'F=b(4^', '2021-06-01', '2021-10-01', '107', '61.62', '-9.0', 321, '53', '5.33', '3.46', '36.04', '7', '5', 493, -664, '57', '50', '11.36']
['ETH-USD', '5m', 'E@bkKH', '2021-06-01', '2021-10-01', '136', '33.89', '-35.0', 139, '42', '0.28', '1.47', '3.93', '5', '6', 1607, -930, '57', '79', '11.36']
['ETH-USD', '5m', 'E@bvKH', '2021-06-01', '2021-10-01', '136', '33.89', '-35.0', 139, '42', '0.28', '1.47', '3.93', '5', '6', 1607, -930, '57', '79', '11.36']
['ETH-USD', '5m', 'N/b^(8', '2021-06-01', '2021-10-01', '178', '16.19', '-24.0', 57, '38', '0.29', '0.94', '2.39', '6', '7', 1885, -593, '67', '111', '11.36']
['ETH-USD', '5m', '`=9aR0', '2021-06-01', '2021-10-01', '133', '85.23', '-22.0', 532, '41', '2.22', '2.83', '24.66', '6', '8', 1441, -788, '54', '79', '11.36']
['ETH-USD', '5m', 'E@nrKH', '2021-06-01', '2021-10-01', '136', '33.8', '-36.0', 139, '42', '0.28', '1.46', '3.9', '5', '6', 1624, -1021, '57', '79', '11.36']
['ETH-USD', '5m', 'E@frKH', '2021-06-01', '2021-10-01', '136', '31.63', '-36.0', 128, '42', '0.26', '1.4', '3.56', '5', '6', 1598, -947, '57', '79', '11.36']
['ETH-USD', '5m', 'H@k(5H', '2021-06-01', '2021-10-01', '142', '90.39', '-12.0', 586, '50', '8.96', '3.7', '50.85', '7', '5', 660, -958, '71', '71', '11.36']
['ETH-USD', '5m', 'F@bl4)', '2021-06-01', '2021-10-01', '146', '46.7', '-32.0', 215, '41', '0.65', '1.76', '6.72', '4', '8', 1659, -960, '60', '86', '11.36']
['ETH-USD', '5m', 'F@bv4)', '2021-06-01', '2021-10-01', '146', '46.7', '-32.0', 215, '41', '0.65', '1.76', '6.72', '4', '8', 1659, -960, '60', '86', '11.36']
['ETH-USD', '5m', 'F@bk<H', '2021-06-01', '2021-10-01', '142', '48.08', '-31.0', 224, '42', '0.75', '1.8', '7.27', '4', '8', 1660, -954, '59', '83', '11.36']
['ETH-USD', '5m', 'F@bu<H', '2021-06-01', '2021-10-01', '142', '48.08', '-31.0', 224, '42', '0.75', '1.8', '7.27', '4', '8', 1660, -954, '59', '83', '11.36']
['ETH-USD', '5m', 'F@bt<H', '2021-06-01', '2021-10-01', '142', '48.08', '-31.0', 224, '42', '0.75', '1.8', '7.27', '4', '8', 1660, -954, '59', '83', '11.36']
['ETH-USD', '5m', 'F@bq<H', '2021-06-01', '2021-10-01', '142', '48.08', '-31.0', 224, '42', '0.75', '1.8', '7.27', '4', '8', 1660, -954, '59', '83', '11.36']
['ETH-USD', '5m', 'F@bm<H', '2021-06-01', '2021-10-01', '142', '48.08', '-31.0', 224, '42', '0.75', '1.8', '7.27', '4', '8', 1660, -954, '59', '83', '11.36']
['ETH-USD', '5m', 'E@.d=.', '2021-06-01', '2021-10-01', '150', '91.81', '-12.0', 602, '42', '7.18', '3.39', '49.98', '5', '5', 947, -774, '63', '87', '11.36']
['ETH-USD', '5m', 'E@irKH', '2021-06-01', '2021-10-01', '136', '30.76', '-36.0', 123, '42', '0.24', '1.38', '3.41', '5', '6', 1598, -963, '57', '79', '11.36']
['ETH-USD', '5m', 'E=b]U.', '2021-06-01', '2021-10-01', '172', '59.45', '-26.0', 304, '38', '1.35', '2.06', '11.75', '6', '8', 2396, -797, '66', '106', '11.36']
['ETH-USD', '5m', 'I@fR5H', '2021-06-01', '2021-10-01', '142', '54.18', '-27.0', 265, '41', '1.25', '1.91', '9.73', '5', '8', 2272, -854, '58', '84', '11.36']
['ETH-USD', '5m', 'F=b(4b', '2021-06-01', '2021-10-01', '101', '59.12', '-9.0', 301, '53', '5.84', '3.43', '33.84', '7', '5', 486, -656, '54', '47', '11.36']
['ETH-USD', '5m', '75KH,H', '2021-06-01', '2021-10-01', '302', '8.79', '-37.0', 29, '31', '0.06', '0.71', '0.78', '4', '11', 905, -504, '94', '208', '11.36']
['ETH-USD', '5m', 'R;DORQ', '2021-06-01', '2021-10-01', '73', '122.84', '-12.0', 999, '47', '11.36', '4.56', '84.19', '5', '6', 1737, -1218, '34', '39', '11.36']
['ETH-USD', '5m', '@>D_E.', '2021-06-01', '2021-10-01', '180', '48.36', '-26.0', 226, '41', '1.09', '1.8', '8.84', '6', '5', 1558, -621, '73', '107', '11.36']
['ETH-USD', '5m', '<@rr(Y', '2021-06-01', '2021-10-01', '151', '-0.91', '-38.0', -3, '37', '-0.0', '0.34', '-0.07', '8', '8', 1280, -697, '56', '95', '11.36']
['ETH-USD', '5m', '@@RrE8', '2021-06-01', '2021-10-01', '180', '30.78', '-27.0', 123, '39', '0.61', '1.35', '4.57', '6', '8', 2114, -608, '70', '110', '11.36']
['ETH-USD', '5m', '@@Qr<N', '2021-06-01', '2021-10-01', '158', '41.93', '-26.0', 185, '39', '0.93', '1.65', '7.16', '6', '8', 2222, -651, '61', '97', '11.36']
['ETH-USD', '5m', 'T8AjgN', '2021-06-01', '2021-10-01', '52', '81.74', '-14.0', 497, '52', '4.11', '3.78', '35.19', '9', '4', 1916, -955, '27', '25', '11.36']
['ETH-USD', '5m', ';@Qa9.', '2021-06-01', '2021-10-01', '198', '17.51', '-32.0', 62, '36', '0.22', '0.98', '1.94', '5', '9', 1577, -541, '72', '126', '11.36']
['ETH-USD', '5m', '=@CrE.', '2021-06-01', '2021-10-01', '192', '23.75', '-28.0', 89, '37', '0.35', '1.17', '3.19', '5', '8', 1572, -503, '71', '121', '11.36']
['ETH-USD', '5m', '6@E^5H', '2021-06-01', '2021-10-01', '236', '26.17', '-43.0', 100, '34', '0.15', '1.26', '2.33', '7', '8', 1469, -561, '80', '156', '11.36']
['ETH-USD', '5m', '=@Qa9.', '2021-06-01', '2021-10-01', '192', '27.56', '-27.0', 107, '38', '0.47', '1.28', '3.98', '5', '8', 1763, -572, '72', '120', '11.36']
['ETH-USD', '5m', '@@Qrq8', '2021-06-01', '2021-10-01', '180', '31.04', '-27.0', 125, '39', '0.61', '1.36', '4.63', '6', '8', 2090, -611, '70', '110', '11.36']
['ETH-USD', '5m', '@@Qrn8', '2021-06-01', '2021-10-01', '180', '31.04', '-27.0', 125, '39', '0.61', '1.36', '4.63', '6', '8', 2090, -611, '70', '110', '11.36']
['ETH-USD', '5m', '@@Qrp.', '2021-06-01', '2021-10-01', '180', '31.04', '-27.0', 125, '39', '0.61', '1.36', '4.63', '6', '8', 2090, -611, '70', '110', '11.36']
['ETH-USD', '5m', '@@Qrf3', '2021-06-01', '2021-10-01', '180', '31.04', '-27.0', 125, '39', '0.61', '1.36', '4.63', '6', '8', 2090, -611, '70', '110', '11.36']
['ETH-USD', '5m', '@@Qrf7', '2021-06-01', '2021-10-01', '180', '31.04', '-27.0', 125, '39', '0.61', '1.36', '4.63', '6', '8', 2090, -611, '70', '110', '11.36']
['ETH-USD', '5m', '@@QrB.', '2021-06-01', '2021-10-01', '180', '31.04', '-27.0', 125, '39', '0.61', '1.36', '4.63', '6', '8', 2090, -611, '70', '110', '11.36']
['ETH-USD', '5m', '@@QrS.', '2021-06-01', '2021-10-01', '180', '31.04', '-27.0', 125, '39', '0.61', '1.36', '4.63', '6', '8', 2090, -611, '70', '110', '11.36']
['ETH-USD', '5m', '@@QrU8', '2021-06-01', '2021-10-01', '180', '31.04', '-27.0', 125, '39', '0.61', '1.36', '4.63', '6', '8', 2090, -611, '70', '110', '11.36']
['ETH-USD', '5m', '@@Qrc8', '2021-06-01', '2021-10-01', '180', '31.04', '-27.0', 125, '39', '0.61', '1.36', '4.63', '6', '8', 2090, -611, '70', '110', '11.36']
['ETH-USD', '5m', '@@QrW8', '2021-06-01', '2021-10-01', '180', '31.04', '-27.0', 125, '39', '0.61', '1.36', '4.63', '6', '8', 2090, -611, '70', '110', '11.36']
['ETH-USD', '5m', '@@Qr</', '2021-06-01', '2021-10-01', '180', '31.04', '-27.0', 125, '39', '0.61', '1.36', '4.63', '6', '8', 2090, -611, '70', '110', '11.36']
['ETH-USD', '5m', '@@Qs<.', '2021-06-01', '2021-10-01', '180', '31.04', '-27.0', 125, '39', '0.61', '1.36', '4.63', '6', '8', 2090, -611, '70', '110', '11.36']
['ETH-USD', '5m', '@@Qr\\.', '2021-06-01', '2021-10-01', '180', '31.04', '-27.0', 125, '39', '0.61', '1.36', '4.63', '6', '8', 2090, -611, '70', '110', '11.36']
['ETH-USD', '5m', '@@Qr<*', '2021-06-01', '2021-10-01', '180', '31.04', '-27.0', 125, '39', '0.61', '1.36', '4.63', '6', '8', 2090, -611, '70', '110', '11.36']
['ETH-USD', '5m', '@@Qrg.', '2021-06-01', '2021-10-01', '180', '31.04', '-27.0', 125, '39', '0.61', '1.36', '4.63', '6', '8', 2090, -611, '70', '110', '11.36']
['ETH-USD', '5m', '@@Qr_.', '2021-06-01', '2021-10-01', '180', '31.04', '-27.0', 125, '39', '0.61', '1.36', '4.63', '6', '8', 2090, -611, '70', '110', '11.36']
['ETH-USD', '5m', '@@Qrb8', '2021-06-01', '2021-10-01', '180', '31.04', '-27.0', 125, '39', '0.61', '1.36', '4.63', '6', '8', 2090, -611, '70', '110', '11.36']
['ETH-USD', '5m', '@@QrS8', '2021-06-01', '2021-10-01', '180', '31.04', '-27.0', 125, '39', '0.61', '1.36', '4.63', '6', '8', 2090, -611, '70', '110', '11.36']
['ETH-USD', '5m', '@@Qr>8', '2021-06-01', '2021-10-01', '180', '31.04', '-27.0', 125, '39', '0.61', '1.36', '4.63', '6', '8', 2090, -611, '70', '110', '11.36']
['ETH-USD', '5m', '@@Qrr8', '2021-06-01', '2021-10-01', '180', '31.04', '-27.0', 125, '39', '0.61', '1.36', '4.63', '6', '8', 2090, -611, '70', '110', '11.36']
['ETH-USD', '5m', '@@c^E8', '2021-06-01', '2021-10-01', '180', '26.88', '-26.0', 104, '38', '0.58', '1.24', '3.98', '4', '8', 2052, -669, '68', '112', '11.36']
['ETH-USD', '5m', '-@CBEU', '2021-06-01', '2021-10-01', '96', '46.75', '-15.0', 215, '40', '2.02', '2.84', '14.12', '4', '4', 843, -672, '38', '58', '11.36']
['ETH-USD', '5m', 'SNR]-.', '2021-06-01', '2021-10-01', '109', '82.38', '-22.0', 504, '39', '3.41', '2.65', '22.38', '3', '7', 2263, -907, '43', '66', '11.36']
['ETH-USD', '5m', 'FEbrHX', '2021-06-01', '2021-10-01', '65', '53.38', '-20.0', 260, '43', '2.15', '2.28', '12.73', '3', '6', 1833, -860, '28', '37', '11.36']
['ETH-USD', '5m', '@@PrE3', '2021-06-01', '2021-10-01', '180', '23.08', '-27.0', 86, '38', '0.44', '1.14', '3.22', '6', '8', 1915, -572, '68', '112', '11.36']
['ETH-USD', '5m', '@@Prp.', '2021-06-01', '2021-10-01', '180', '23.08', '-27.0', 86, '38', '0.44', '1.14', '3.22', '6', '8', 1915, -572, '68', '112', '11.36']
['ETH-USD', '5m', 'F:bH<W', '2021-06-01', '2021-10-01', '123', '65.22', '-32.0', 349, '38', '0.6', '2.35', '11.02', '6', '8', 2045, -1024, '47', '76', '11.36']
['ETH-USD', '5m', '3@?DJa', '2021-06-01', '2021-10-01', '19', '23.62', '-5.0', 89, '53', '2.29', '2.66', '17.8', '4', '3', 641, -462, '10', '9', '11.36']
['ETH-USD', '5m', 'F8bC4)', '2021-06-01', '2021-10-01', '190', '26.43', '-31.0', 102, '38', '0.4', '1.21', '3.25', '6', '8', 1443, -704, '72', '118', '11.36']
['ETH-USD', '5m', 'SWRr9.', '2021-06-01', '2021-10-01', '108', '39.99', '-22.0', 174, '34', '1.37', '1.63', '7.9', '3', '7', 2336, -608, '37', '71', '11.36']
['ETH-USD', '5m', 'E@b^=L', '2021-06-01', '2021-10-01', '138', '27.95', '-37.0', 109, '41', '0.23', '1.29', '2.92', '5', '8', 1983, -946, '56', '82', '11.36']
['ETH-USD', '5m', '@5aH,H', '2021-06-01', '2021-10-01', '221', '21.89', '-25.0', 81, '36', '0.54', '1.13', '3.29', '5', '10', 1367, -663, '80', '141', '11.36']
['ETH-USD', '5m', '@@Qr<D', '2021-06-01', '2021-10-01', '178', '23.73', '-27.0', 89, '38', '0.46', '1.16', '3.32', '5', '8', 1982, -578, '67', '111', '11.36']
['ETH-USD', '5m', '@@Tmp.', '2021-06-01', '2021-10-01', '180', '32.19', '-26.0', 130, '38', '0.72', '1.38', '5.08', '6', '8', 2073, -616, '69', '111', '11.36']
['ETH-USD', '5m', '6@EHAH', '2021-06-01', '2021-10-01', '216', '59.95', '-36.0', 308, '36', '0.53', '2.2', '8.51', '7', '7', 1182, -689, '77', '139', '11.36']
['ETH-USD', '5m', '6@EH@H', '2021-06-01', '2021-10-01', '216', '59.95', '-36.0', 308, '36', '0.53', '2.2', '8.51', '7', '7', 1182, -689, '77', '139', '11.36']
['ETH-USD', '5m', 'E@brJH', '2021-06-01', '2021-10-01', '137', '30.11', '-35.0', 120, '42', '0.25', '1.36', '3.38', '5', '6', 1607, -930, '57', '80', '11.36']
['ETH-USD', '5m', '6@EW5H', '2021-06-01', '2021-10-01', '236', '24.02', '-44.0', 90, '34', '0.12', '1.21', '2.05', '7', '8', 1315, -554, '80', '156', '11.36']
['ETH-USD', '5m', '@@7(5f', '2021-06-01', '2021-10-01', '97', '2.69', '-11.0', 8, '72', '0.1', '0.43', '0.73', '10', '4', 110, -369, '70', '27', '11.36']
['ETH-USD', '5m', '@@Oro8', '2021-06-01', '2021-10-01', '180', '22.9', '-27.0', 85, '38', '0.42', '1.13', '3.15', '6', '8', 1881, -572, '68', '112', '11.36']
['ETH-USD', '5m', '@=Vo59', '2021-06-01', '2021-10-01', '183', '29.88', '-25.0', 119, '38', '0.79', '1.32', '4.83', '6', '7', 2136, -663, '70', '113', '11.36']
['ETH-USD', '5m', 'F=b()9', '2021-06-01', '2021-10-01', '140', '113.58', '-12.0', 868, '54', '8.0', '4.85', '74.75', '7', '5', 638, -875, '75', '65', '11.36']
['ETH-USD', '5m', 'F4bC4)', '2021-06-01', '2021-10-01', '218', '26.91', '-33.0', 104, '37', '0.34', '1.26', '3.12', '5', '7', 1321, -622, '80', '138', '11.36']
['ETH-USD', '5m', 'F=A(49', '2021-06-01', '2021-10-01', '168', '32.42', '-13.0', 132, '65', '1.76', '2.34', '10.0', '10', '3', 206, -694, '110', '58', '11.36']
['ETH-USD', '5m', '@@DX(.', '2021-06-01', '2021-10-01', '150', '56.56', '-29.0', 282, '41', '1.09', '2.12', '9.67', '5', '8', 1447, -621, '61', '89', '11.36']
['ETH-USD', '5m', '@@Lvm.', '2021-06-01', '2021-10-01', '180', '21.84', '-27.0', 81, '39', '0.37', '1.11', '2.93', '6', '8', 1810, -565, '70', '110', '11.36']
['ETH-USD', '5m', '@@Dr(.', '2021-06-01', '2021-10-01', '150', '52.09', '-23.0', 251, '41', '1.65', '1.95', '11.06', '5', '8', 1779, -667, '61', '89', '11.36']
['ETH-USD', '5m', '@@Vvm.', '2021-06-01', '2021-10-01', '180', '29.66', '-26.0', 118, '38', '0.75', '1.31', '4.56', '6', '8', 2252, -647, '69', '111', '11.36']
['ETH-USD', '5m', '@?Kr5M', '2021-06-01', '2021-10-01', '165', '12.58', '-24.0', 43, '39', '0.24', '0.83', '1.78', '5', '7', 1633, -549, '64', '101', '11.36']
['ETH-USD', '5m', 'I0bH88', '2021-06-01', '2021-10-01', '238', '30.09', '-37.0', 120, '34', '0.31', '1.33', '3.25', '4', '8', 1555, -633, '80', '158', '11.36']
['ETH-USD', '5m', '=@VH5H', '2021-06-01', '2021-10-01', '190', '34.37', '-35.0', 142, '37', '0.37', '1.48', '4.03', '5', '8', 1326, -648, '70', '120', '11.36']
['ETH-USD', '5m', 'F:b(49', '2021-06-01', '2021-10-01', '180', '62.97', '-14.0', 331, '49', '4.21', '2.86', '23.53', '6', '7', 509, -871, '88', '92', '11.36']
['ETH-USD', '5m', '6@E\\5H', '2021-06-01', '2021-10-01', '236', '31.0', '-43.0', 124, '34', '0.17', '1.41', '2.87', '7', '8', 1512, -595, '80', '156', '11.36']
['ETH-USD', '5m', '@,V@5e', '2021-06-01', '2021-10-01', '131', '6.25', '-28.0', 20, '39', '0.04', '0.6', '0.7', '5', '7', 951, -551, '51', '80', '11.36']
['ETH-USD', '5m', '@@QG58', '2021-06-01', '2021-10-01', '180', '50.75', '-29.0', 241, '39', '0.96', '1.94', '8.43', '6', '8', 1320, -658, '70', '110', '11.36']
['ETH-USD', '5m', 'F<\\H<F', '2021-06-01', '2021-10-01', '170', '61.65', '-33.0', 321, '40', '0.76', '2.11', '9.83', '6', '8', 1886, -829, '68', '102', '11.36']
['ETH-USD', '5m', 'C@Kr5M', '2021-06-01', '2021-10-01', '151', '50.96', '-27.0', 243, '41', '1.12', '1.87', '9.16', '7', '8', 2150, -881, '62', '89', '11.36']
['ETH-USD', '5m', '@@VCMB', '2021-06-01', '2021-10-01', '174', '51.26', '-29.0', 245, '38', '0.97', '1.94', '8.52', '5', '8', 1338, -691, '66', '108', '11.36']
['ETH-USD', '5m', '-@dBEH', '2021-06-01', '2021-10-01', '266', '44.95', '-25.0', 204, '30', '1.28', '1.79', '8.19', '4', '9', 1493, -591, '80', '186', '11.36']
['ETH-USD', '5m', '@@NrE.', '2021-06-01', '2021-10-01', '180', '20.98', '-27.0', 77, '38', '0.37', '1.08', '2.83', '6', '8', 1816, -565, '68', '112', '11.36']
['ETH-USD', '5m', 'E@.]:.', '2021-06-01', '2021-10-01', '150', '75.84', '-14.0', 441, '42', '3.23', '3.03', '32.56', '5', '5', 793, -717, '63', '87', '11.36']
['ETH-USD', '5m', 'E@.]7.', '2021-06-01', '2021-10-01', '150', '75.84', '-14.0', 441, '42', '3.23', '3.03', '32.56', '5', '5', 793, -717, '63', '87', '11.36']
['ETH-USD', '5m', 'E@.]b.', '2021-06-01', '2021-10-01', '150', '75.84', '-14.0', 441, '42', '3.23', '3.03', '32.56', '5', '5', 793, -717, '63', '87', '11.36']
['ETH-USD', '5m', 'E@.]=;', '2021-06-01', '2021-10-01', '150', '75.84', '-14.0', 441, '42', '3.23', '3.03', '32.56', '5', '5', 793, -717, '63', '87', '11.36']
['ETH-USD', '5m', 'E@.]V.', '2021-06-01', '2021-10-01', '150', '75.84', '-14.0', 441, '42', '3.23', '3.03', '32.56', '5', '5', 793, -717, '63', '87', '11.36']
['ETH-USD', '5m', 'E@.]=*', '2021-06-01', '2021-10-01', '150', '75.84', '-14.0', 441, '42', '3.23', '3.03', '32.56', '5', '5', 793, -717, '63', '87', '11.36']
['ETH-USD', '5m', 'E@.]n.', '2021-06-01', '2021-10-01', '150', '75.84', '-14.0', 441, '42', '3.23', '3.03', '32.56', '5', '5', 793, -717, '63', '87', '11.36']
['ETH-USD', '5m', 'E@.]T.', '2021-06-01', '2021-10-01', '150', '75.84', '-14.0', 441, '42', '3.23', '3.03', '32.56', '5', '5', 793, -717, '63', '87', '11.36']
['ETH-USD', '5m', 'E@.]O.', '2021-06-01', '2021-10-01', '150', '75.84', '-14.0', 441, '42', '3.23', '3.03', '32.56', '5', '5', 793, -717, '63', '87', '11.36']
['ETH-USD', '5m', '@7DihA', '2021-06-01', '2021-10-01', '193', '84.01', '-29.0', 520, '40', '1.83', '2.67', '18.03', '4', '8', 1965, -765, '78', '115', '11.36']
['ETH-USD', '5m', 'F=bM49', '2021-06-01', '2021-10-01', '165', '75.97', '-23.0', 442, '39', '2.13', '2.47', '19.51', '6', '8', 2095, -889, '65', '100', '11.36']
['ETH-USD', '5m', '@5LH,H', '2021-06-01', '2021-10-01', '221', '25.02', '-27.0', 95, '37', '0.48', '1.27', '3.55', '5', '10', 995, -579, '82', '139', '11.36']
['ETH-USD', '5m', 'N@rV(Y', '2021-06-01', '2021-10-01', '105', '24.95', '-31.0', 95, '40', '0.41', '1.23', '3.1', '4', '8', 2042, -895, '42', '63', '11.36']
['ETH-USD', '5m', '@@Ku58', '2021-06-01', '2021-10-01', '180', '20.76', '-27.0', 76, '39', '0.36', '1.08', '2.78', '6', '8', 1741, -562, '70', '110', '11.36']
['ETH-USD', '5m', 'F8\\H<F', '2021-06-01', '2021-10-01', '185', '32.13', '-28.0', 130, '38', '0.61', '1.35', '4.6', '6', '8', 1593, -685, '71', '114', '11.36']
['ETH-USD', '5m', '6@EH]H', '2021-06-01', '2021-10-01', '131', '99.39', '-22.0', 688, '43', '3.93', '3.39', '30.6', '7', '8', 1319, -907, '56', '75', '11.36']
['ETH-USD', '5m', '6@EH-H', '2021-06-01', '2021-10-01', '238', '38.53', '-37.0', 165, '34', '0.3', '1.64', '4.46', '7', '8', 1074, -624, '81', '157', '11.36']
['ETH-USD', '5m', '@@WrE.', '2021-06-01', '2021-10-01', '180', '28.7', '-26.0', 113, '38', '0.71', '1.29', '4.36', '6', '8', 2200, -649, '69', '111', '11.36']
['ETH-USD', '5m', 'E@.]*.', '2021-06-01', '2021-10-01', '141', '67.01', '-14.0', 364, '42', '2.56', '2.87', '25.32', '5', '7', 739, -668, '59', '82', '11.36']
['ETH-USD', '5m', 'Fhbr<X', '2021-06-01', '2021-10-01', '75', '41.34', '-26.0', 182, '32', '0.63', '1.75', '7.07', '3', '7', 2752, -859, '24', '51', '11.36']
['ETH-USD', '5m', '@:V_5H', '2021-06-01', '2021-10-01', '195', '15.38', '-26.0', 53, '40', '0.28', '0.92', '2.02', '6', '6', 1557, -623, '78', '117', '11.36']
['ETH-USD', '5m', '6D_H5H', '2021-06-01', '2021-10-01', '209', '34.32', '-39.0', 142, '36', '0.31', '1.46', '3.61', '5', '8', 1559, -712, '76', '133', '11.36']
['ETH-USD', '5m', '@@Mrp.', '2021-06-01', '2021-10-01', '180', '21.7', '-27.0', 80, '39', '0.38', '1.1', '2.96', '6', '8', 1794, -568, '70', '110', '11.36']
['ETH-USD', '5m', '@@MrE.', '2021-06-01', '2021-10-01', '180', '21.7', '-27.0', 80, '39', '0.38', '1.1', '2.96', '6', '8', 1794, -568, '70', '110', '11.36']
['ETH-USD', '5m', '@DK:)H', '2021-06-01', '2021-10-01', '150', '76.25', '-21.0', 445, '39', '1.67', '2.95', '21.2', '5', '8', 946, -888, '59', '91', '11.36']
['ETH-USD', '5m', 'w@EH5H', '2021-06-01', '2021-10-01', '98', '82.05', '-25.0', 500, '43', '1.75', '3.23', '20.15', '4', '10', 1204, -715, '42', '56', '11.36']
['ETH-USD', '5m', '@@Qr<P', '2021-06-01', '2021-10-01', '152', '28.99', '-29.0', 114, '38', '0.42', '1.32', '3.89', '6', '8', 2102, -614, '58', '94', '11.36']
['ETH-USD', '5m', 'vGRr3.', '2021-06-01', '2021-10-01', '99', '43.19', '-30.0', 193, '38', '0.94', '1.73', '6.5', '3', '6', 2359, -700, '38', '61', '11.36']
['ETH-USD', '5m', 'F@bH,H', '2021-06-01', '2021-10-01', '136', '87.14', '-29.0', 552, '41', '1.42', '2.65', '18.91', '4', '8', 2201, -1253, '56', '80', '11.36']
['ETH-USD', '5m', 'STRr9.', '2021-06-01', '2021-10-01', '115', '40.11', '-21.0', 174, '34', '1.86', '1.64', '8.36', '3', '11', 2365, -666, '39', '76', '11.36']
['ETH-USD', '5m', '@Ef`5X', '2021-06-01', '2021-10-01', '142', '25.54', '-31.0', 97, '39', '0.38', '1.21', '3.18', '5', '7', 2153, -840, '55', '87', '11.36']
['ETH-USD', '5m', 'SNDrf.', '2021-06-01', '2021-10-01', '117', '78.96', '-22.0', 470, '39', '2.92', '2.61', '21.0', '3', '7', 2152, -766, '46', '71', '11.36']
['ETH-USD', '5m', '@=Vi59', '2021-06-01', '2021-10-01', '183', '27.06', '-25.0', 105, '38', '0.68', '1.25', '4.26', '6', '7', 1962, -649, '70', '113', '11.36']
['ETH-USD', '5m', '@@_^E8', '2021-06-01', '2021-10-01', '180', '24.69', '-26.0', 94, '38', '0.51', '1.18', '3.6', '6', '8', 1928, -646, '69', '111', '11.36']
['ETH-USD', '5m', '@2Kr5M', '2021-06-01', '2021-10-01', '247', '-0.86', '-33.0', -3, '34', '-0.01', '0.34', '-0.08', '4', '9', 1455, -471, '85', '162', '11.36']
['ETH-USD', '5m', '@@Svm.', '2021-06-01', '2021-10-01', '180', '28.52', '-26.0', 112, '38', '0.7', '1.28', '4.37', '6', '8', 2150, -631, '69', '111', '11.36']
['ETH-USD', '5m', '@@;^58', '2021-06-01', '2021-10-01', '181', '64.12', '-23.0', 340, '39', '2.18', '2.31', '15.0', '6', '8', 1292, -790, '71', '110', '11.36']
['ETH-USD', '5m', '6@SH5H', '2021-06-01', '2021-10-01', '236', '16.84', '-46.0', 59, '34', '0.08', '0.98', '1.29', '7', '8', 1284, -637, '80', '156', '11.36']
['ETH-USD', '5m', '@@Trp(', '2021-06-01', '2021-10-01', '180', '28.72', '-26.0', 113, '38', '0.69', '1.29', '4.4', '6', '8', 2088, -630, '69', '111', '11.36']
['ETH-USD', '5m', '@@TrU.', '2021-06-01', '2021-10-01', '180', '28.72', '-26.0', 113, '38', '0.69', '1.29', '4.4', '6', '8', 2088, -630, '69', '111', '11.36']
['ETH-USD', '5m', '@@Trp*', '2021-06-01', '2021-10-01', '180', '28.72', '-26.0', 113, '38', '0.69', '1.29', '4.4', '6', '8', 2088, -630, '69', '111', '11.36']
['ETH-USD', '5m', '@@TrI.', '2021-06-01', '2021-10-01', '180', '28.72', '-26.0', 113, '38', '0.69', '1.29', '4.4', '6', '8', 2088, -630, '69', '111', '11.36']
['ETH-USD', '5m', '@@Tru.', '2021-06-01', '2021-10-01', '180', '28.72', '-26.0', 113, '38', '0.69', '1.29', '4.4', '6', '8', 2088, -630, '69', '111', '11.36']
['ETH-USD', '5m', '@@Trp4', '2021-06-01', '2021-10-01', '180', '28.72', '-26.0', 113, '38', '0.69', '1.29', '4.4', '6', '8', 2088, -630, '69', '111', '11.36']
['ETH-USD', '5m', '-@bBEH', '2021-06-01', '2021-10-01', '266', '46.67', '-25.0', 215, '30', '1.41', '1.84', '8.65', '4', '9', 1475, -592, '80', '186', '11.36']
['ETH-USD', '5m', '@@D\\E3', '2021-06-01', '2021-10-01', '181', '39.74', '-30.0', 172, '39', '0.71', '1.6', '5.67', '6', '8', 1406, -578, '70', '111', '11.36']
['ETH-USD', '5m', '@@D\\E.', '2021-06-01', '2021-10-01', '181', '39.74', '-30.0', 172, '39', '0.71', '1.6', '5.67', '6', '8', 1406, -578, '70', '111', '11.36']
['ETH-USD', '5m', 'uEbr<X', '2021-06-01', '2021-10-01', '68', '30.98', '-22.0', 124, '44', '0.59', '1.59', '5.58', '4', '4', 1533, -777, '30', '38', '11.36']
['ETH-USD', '5m', '@@KrE.', '2021-06-01', '2021-10-01', '180', '24.17', '-27.0', 91, '39', '0.41', '1.17', '3.33', '6', '8', 1770, -582, '70', '110', '11.36']
['ETH-USD', '5m', 'F@bC4`', '2021-06-01', '2021-10-01', '104', '38.24', '-34.0', 163, '40', '0.29', '1.7', '4.79', '3', '7', 1586, -996, '42', '62', '11.36']
['ETH-USD', '5m', 'E@br<H', '2021-06-01', '2021-10-01', '146', '42.19', '-31.0', 187, '42', '0.54', '1.67', '5.97', '5', '8', 1700, -986, '62', '84', '11.36']
['ETH-USD', '5m', '@@Qr*8', '2021-06-01', '2021-10-01', '164', '21.93', '-28.0', 81, '38', '0.37', '1.11', '2.94', '5', '8', 1934, -565, '63', '101', '11.36']
['ETH-USD', '5m', '@@VpM)', '2021-06-01', '2021-10-01', '180', '27.05', '-26.0', 105, '38', '0.64', '1.24', '4.06', '6', '8', 2094, -634, '69', '111', '11.36']
['ETH-USD', '5m', '@=b(49', '2021-06-01', '2021-10-01', '183', '51.23', '-16.0', 245, '48', '3.21', '2.54', '15.1', '6', '7', 466, -847, '87', '96', '11.36']
['ETH-USD', '5m', '@?Kr5C', '2021-06-01', '2021-10-01', '178', '26.2', '-25.0', 101, '39', '0.6', '1.22', '4.09', '5', '6', 1835, -608, '70', '108', '11.36']
['ETH-USD', '5m', 'F=4(49', '2021-06-01', '2021-10-01', '169', '15.87', '-10.0', 55, '73', '0.87', '1.56', '5.33', '14', '3', 110, -515, '124', '45', '11.36']
['ETH-USD', '5m', 'A@bC4)', '2021-06-01', '2021-10-01', '174', '62.58', '-31.0', 328, '41', '1.11', '2.15', '10.74', '6', '8', 1697, -863, '71', '103', '11.36']
['ETH-USD', '5m', '@@FXE.', '2021-06-01', '2021-10-01', '181', '35.1', '-31.0', 146, '38', '0.6', '1.48', '4.74', '6', '8', 1358, -562, '69', '112', '11.36']
['ETH-USD', '5m', '@@Yr5M', '2021-06-01', '2021-10-01', '166', '22.8', '-26.0', 85, '37', '0.54', '1.12', '3.27', '5', '8', 2216, -615, '61', '105', '11.36']
['ETH-USD', '5m', '1v*5jN', '2021-06-01', '2021-10-01', '48', '13.28', '-5.0', 45, '67', '1.29', '2.45', '9.44', '7', '2', 132, -331, '32', '16', '11.36']
['ETH-USD', '5m', 'SKDrf.', '2021-06-01', '2021-10-01', '121', '90.3', '-23.0', 586, '37', '3.26', '2.76', '25.18', '3', '8', 2258, -823, '45', '76', '11.36']
['ETH-USD', '5m', '@@DQE.', '2021-06-01', '2021-10-01', '181', '37.03', '-27.0', 157, '39', '0.79', '1.59', '5.78', '6', '8', 1113, -595, '70', '111', '11.36']
['ETH-USD', '5m', 'I;bH88', '2021-06-01', '2021-10-01', '175', '64.62', '-25.0', 344, '38', '1.28', '2.2', '13.68', '4', '7', 1890, -900, '66', '109', '11.36']
['ETH-USD', '5m', '@@Ku)H', '2021-06-01', '2021-10-01', '152', '44.01', '-26.0', 198, '41', '0.98', '1.73', '7.61', '5', '8', 2035, -654, '62', '90', '11.36']
['ETH-USD', '5m', 'SRRQ9Q', '2021-06-01', '2021-10-01', '96', '67.3', '-20.0', 366, '41', '3.02', '2.52', '18.2', '3', '5', 1694, -826, '39', '57', '11.36']
['ETH-USD', '5m', '@7Dih<', '2021-06-01', '2021-10-01', '230', '32.48', '-32.0', 132, '36', '0.51', '1.4', '4.09', '4', '8', 1497, -580, '83', '147', '11.36']
['ETH-USD', '5m', '6@E15H', '2021-06-01', '2021-10-01', '236', '37.05', '-18.0', 157, '41', '1.05', '1.96', '8.53', '7', '7', 465, -698, '97', '139', '11.36']
['ETH-USD', '5m', '@@VeM)', '2021-06-01', '2021-10-01', '180', '26.3', '-26.0', 101, '38', '0.54', '1.23', '3.91', '6', '8', 1870, -607, '69', '111', '11.36']
['ETH-USD', '5m', '6@O(XH', '2021-06-01', '2021-10-01', '150', '36.97', '-23.0', 156, '55', '0.8', '2.37', '6.89', '8', '7', 314, -706, '83', '67', '11.36']
['ETH-USD', '5m', 'F=b(/9', '2021-06-01', '2021-10-01', '163', '75.57', '-14.0', 439, '50', '3.82', '3.52', '30.27', '6', '6', 528, -766, '81', '82', '11.36']
['ETH-USD', '5m', 'F=b(4E', '2021-06-01', '2021-10-01', '161', '74.35', '-14.0', 428, '50', '3.83', '3.51', '29.49', '6', '6', 526, -760, '80', '81', '11.36']
['ETH-USD', '5m', 'F=b(19', '2021-06-01', '2021-10-01', '163', '75.57', '-14.0', 439, '50', '3.82', '3.52', '30.27', '6', '6', 528, -766, '81', '82', '11.36']
['ETH-USD', '5m', 'SRrQ9E', '2021-06-01', '2021-10-01', '109', '56.65', '-24.0', 283, '38', '2.3', '2.07', '11.96', '3', '8', 2547, -1023, '41', '68', '11.36']
['ETH-USD', '5m', 'SHRQ9E', '2021-06-01', '2021-10-01', '118', '88.94', '-23.0', 571, '40', '3.42', '2.88', '25.0', '5', '10', 1774, -838, '47', '71', '11.36']
['ETH-USD', '5m', '@@e^E8', '2021-06-01', '2021-10-01', '180', '23.02', '-26.0', 86, '38', '0.5', '1.13', '3.28', '6', '8', 2011, -695, '69', '111', '11.36']
['ETH-USD', '5m', '@@?a9.', '2021-06-01', '2021-10-01', '181', '46.28', '-30.0', 212, '39', '0.85', '1.78', '7.13', '6', '8', 1404, -621, '70', '111', '11.36']
['ETH-USD', '5m', '@@Qio8', '2021-06-01', '2021-10-01', '180', '30.03', '-27.0', 119, '39', '0.53', '1.34', '4.41', '6', '8', 1894, -614, '70', '110', '11.36']
['ETH-USD', '5m', '@@QjE.', '2021-06-01', '2021-10-01', '180', '30.03', '-27.0', 119, '39', '0.53', '1.34', '4.41', '6', '8', 1894, -614, '70', '110', '11.36']
['ETH-USD', '5m', 'E@br(H', '2021-06-01', '2021-10-01', '117', '47.49', '-33.0', 220, '44', '0.39', '1.9', '6.7', '5', '7', 1848, -1098, '51', '66', '11.36']
['ETH-USD', '5m', '6@OH5H', '2021-06-01', '2021-10-01', '236', '20.93', '-42.0', 77, '34', '0.13', '1.12', '1.8', '7', '8', 1210, -648, '80', '156', '11.36']
['ETH-USD', '5m', '@@Kr<M', '2021-06-01', '2021-10-01', '164', '28.83', '-28.0', 113, '39', '0.52', '1.31', '4.07', '5', '8', 1820, -591, '64', '100', '11.36']
['ETH-USD', '5m', '@@VdM)', '2021-06-01', '2021-10-01', '180', '25.36', '-26.0', 97, '38', '0.51', '1.21', '3.69', '6', '8', 1830, -603, '69', '111', '11.36']
['ETH-USD', '5m', 'F=b(*9', '2021-06-01', '2021-10-01', '144', '97.83', '-14.0', 670, '53', '5.19', '4.34', '47.98', '7', '6', 608, -891, '76', '68', '11.36']
['ETH-USD', '5m', 'N@Qf5H', '2021-06-01', '2021-10-01', '143', '27.47', '-30.0', 107, '38', '0.57', '1.25', '3.6', '5', '8', 1839, -710, '55', '88', '11.36']
['ETH-USD', '5m', 'F=b(G9', '2021-06-01', '2021-10-01', '164', '73.79', '-16.0', 422, '49', '2.91', '3.53', '25.68', '6', '6', 535, -757, '81', '83', '11.36']
['ETH-USD', '5m', 'F=b(t9', '2021-06-01', '2021-10-01', '164', '73.79', '-16.0', 422, '49', '2.91', '3.53', '25.68', '6', '6', 535, -757, '81', '83', '11.36']
['ETH-USD', '5m', 'F=b(o9', '2021-06-01', '2021-10-01', '164', '73.79', '-16.0', 422, '49', '2.91', '3.53', '25.68', '6', '6', 535, -757, '81', '83', '11.36']
['ETH-USD', '5m', 'F=b(l9', '2021-06-01', '2021-10-01', '164', '73.79', '-16.0', 422, '49', '2.91', '3.53', '25.68', '6', '6', 535, -757, '81', '83', '11.36']
['ETH-USD', '5m', '@@ia9.', '2021-06-01', '2021-10-01', '180', '20.98', '-26.0', 77, '38', '0.45', '1.07', '2.92', '6', '8', 2173, -708, '69', '111', '11.36']
['ETH-USD', '5m', 'F=bw49', '2021-06-01', '2021-10-01', '165', '53.42', '-25.0', 260, '39', '1.07', '1.97', '10.2', '6', '8', 2020, -822, '65', '100', '11.36']
['ETH-USD', '5m', '@@DZE.', '2021-06-01', '2021-10-01', '181', '39.89', '-31.0', 173, '39', '0.67', '1.61', '5.57', '6', '8', 1361, -588, '70', '111', '11.36']
['ETH-USD', '5m', '6D)H<W', '2021-06-01', '2021-10-01', '146', '10.2', '-19.0', 34, '51', '0.26', '0.95', '1.8', '5', '8', 230, -403, '75', '71', '11.36']
['ETH-USD', '5m', '6KBhI2', '2021-06-01', '2021-10-01', '202', '37.8', '-25.0', 161, '35', '0.85', '1.6', '6.43', '5', '10', 1450, -585, '70', '132', '11.36']
['ETH-USD', '5m', '@7Dih(', '2021-06-01', '2021-10-01', '236', '27.63', '-33.0', 107, '36', '0.42', '1.28', '3.3', '4', '8', 1497, -580, '84', '152', '11.36']
['ETH-USD', '5m', '@@Qh9.', '2021-06-01', '2021-10-01', '180', '28.95', '-27.0', 114, '39', '0.5', '1.31', '4.16', '6', '8', 1866, -611, '70', '110', '11.36']
['ETH-USD', '5m', '@@Qh58', '2021-06-01', '2021-10-01', '180', '28.95', '-27.0', 114, '39', '0.5', '1.31', '4.16', '6', '8', 1866, -611, '70', '110', '11.36']
['ETH-USD', '5m', '@.Qr).', '2021-06-01', '2021-10-01', '293', '-17.1', '-38.0', -43, '32', '-0.1', '-0.27', '-1.14', '5', '11', 1406, -515, '95', '198', '11.36']
['ETH-USD', '5m', '6@EH5)', '2021-06-01', '2021-10-01', '246', '24.28', '-40.0', 92, '33', '0.17', '1.22', '2.31', '7', '9', 1004, -585, '81', '165', '11.36']
['ETH-USD', '5m', '@@Lr5M', '2021-06-01', '2021-10-01', '166', '24.78', '-30.0', 94, '38', '0.38', '1.19', '3.16', '5', '8', 1839, -572, '63', '103', '11.36']
['ETH-USD', '5m', '@@DPE.', '2021-06-01', '2021-10-01', '181', '37.67', '-27.0', 160, '39', '0.79', '1.62', '5.83', '6', '8', 1093, -601, '70', '111', '11.36']
['ETH-USD', '5m', 'F=S(49', '2021-06-01', '2021-10-01', '167', '80.87', '-14.0', 489, '57', '4.81', '3.99', '35.14', '10', '6', 434, -1105, '96', '71', '11.36']
['ETH-USD', '5m', 'F=c(49', '2021-06-01', '2021-10-01', '165', '76.33', '-16.0', 446, '49', '3.37', '3.53', '28.22', '6', '6', 545, -772, '81', '84', '11.36']
['ETH-USD', '5m', 'C@Qro8', '2021-06-01', '2021-10-01', '163', '47.75', '-27.0', 222, '40', '1.06', '1.76', '8.12', '6', '8', 2364, -915, '66', '97', '11.36']
['ETH-USD', '5m', '@@Vw5H', '2021-06-01', '2021-10-01', '173', '17.19', '-26.0', 61, '37', '0.4', '0.96', '2.36', '5', '8', 2157, -583, '64', '109', '11.36']
['ETH-USD', '5m', 'FDbHJW', '2021-06-01', '2021-10-01', '72', '79.13', '-23.0', 472, '43', '2.53', '2.96', '20.76', '3', '5', 1902, -1060, '31', '41', '11.36']
['ETH-USD', '5m', '@@DYE.', '2021-06-01', '2021-10-01', '181', '35.59', '-31.0', 149, '39', '0.58', '1.51', '4.74', '6', '8', 1296, -575, '70', '111', '11.36']
['ETH-USD', '5m', '@@DXE.', '2021-06-01', '2021-10-01', '181', '35.59', '-31.0', 149, '39', '0.58', '1.51', '4.74', '6', '8', 1296, -575, '70', '111', '11.36']
['ETH-USD', '5m', '@@DXd.', '2021-06-01', '2021-10-01', '181', '35.59', '-31.0', 149, '39', '0.58', '1.51', '4.74', '6', '8', 1296, -575, '70', '111', '11.36']
['ETH-USD', '5m', '@@DXK.', '2021-06-01', '2021-10-01', '181', '35.59', '-31.0', 149, '39', '0.58', '1.51', '4.74', '6', '8', 1296, -575, '70', '111', '11.36']
['ETH-USD', '5m', '@@DXE2', '2021-06-01', '2021-10-01', '181', '35.59', '-31.0', 149, '39', '0.58', '1.51', '4.74', '6', '8', 1296, -575, '70', '111', '11.36']
['ETH-USD', '5m', '@@DXo.', '2021-06-01', '2021-10-01', '181', '35.59', '-31.0', 149, '39', '0.58', '1.51', '4.74', '6', '8', 1296, -575, '70', '111', '11.36']
['ETH-USD', '5m', '@@DXu.', '2021-06-01', '2021-10-01', '181', '35.59', '-31.0', 149, '39', '0.58', '1.51', '4.74', '6', '8', 1296, -575, '70', '111', '11.36']
['ETH-USD', '5m', '6@O(UH', '2021-06-01', '2021-10-01', '156', '28.82', '-23.0', 113, '54', '0.63', '1.95', '5.0', '8', '7', 296, -664, '84', '72', '11.36']
['ETH-USD', '5m', '@@Dv6.', '2021-06-01', '2021-10-01', '181', '35.07', '-24.0', 146, '39', '0.93', '1.46', '6.02', '6', '8', 1774, -631, '70', '111', '11.36']
['ETH-USD', '5m', '@@Dv[.', '2021-06-01', '2021-10-01', '181', '35.07', '-24.0', 146, '39', '0.93', '1.46', '6.02', '6', '8', 1774, -631, '70', '111', '11.36']
['ETH-USD', '5m', '@@DvR.', '2021-06-01', '2021-10-01', '181', '35.07', '-24.0', 146, '39', '0.93', '1.46', '6.02', '6', '8', 1774, -631, '70', '111', '11.36']
['ETH-USD', '5m', '@@Dvm/', '2021-06-01', '2021-10-01', '181', '35.07', '-24.0', 146, '39', '0.93', '1.46', '6.02', '6', '8', 1774, -631, '70', '111', '11.36']
['ETH-USD', '5m', '@@Dvi.', '2021-06-01', '2021-10-01', '181', '35.07', '-24.0', 146, '39', '0.93', '1.46', '6.02', '6', '8', 1774, -631, '70', '111', '11.36']
['ETH-USD', '5m', '@@DvP.', '2021-06-01', '2021-10-01', '181', '35.07', '-24.0', 146, '39', '0.93', '1.46', '6.02', '6', '8', 1774, -631, '70', '111', '11.36']
['ETH-USD', '5m', '@@Dvf.', '2021-06-01', '2021-10-01', '181', '35.07', '-24.0', 146, '39', '0.93', '1.46', '6.02', '6', '8', 1774, -631, '70', '111', '11.36']
['ETH-USD', '5m', '@@DvA.', '2021-06-01', '2021-10-01', '181', '35.07', '-24.0', 146, '39', '0.93', '1.46', '6.02', '6', '8', 1774, -631, '70', '111', '11.36']
['ETH-USD', '5m', '@@DvQ.', '2021-06-01', '2021-10-01', '181', '35.07', '-24.0', 146, '39', '0.93', '1.46', '6.02', '6', '8', 1774, -631, '70', '111', '11.36']
['ETH-USD', '5m', '@@DvE.', '2021-06-01', '2021-10-01', '181', '35.07', '-24.0', 146, '39', '0.93', '1.46', '6.02', '6', '8', 1774, -631, '70', '111', '11.36']
['ETH-USD', '5m', 'DH1/g8', '2021-06-01', '2021-10-01', '163', '3.9', '-12.0', 12, '62', '0.14', '0.49', '0.98', '8', '6', 145, -378, '101', '62', '11.36']
['ETH-USD', '5m', '@=VK59', '2021-06-01', '2021-10-01', '183', '40.17', '-28.0', 175, '38', '0.85', '1.59', '6.14', '6', '7', 1526, -684, '70', '113', '11.36']
['ETH-USD', '5m', '@@tXE.', '2021-06-01', '2021-10-01', '180', '16.81', '-27.0', 59, '38', '0.34', '0.95', '2.21', '6', '8', 2115, -744, '69', '111', '11.36']
['ETH-USD', '5m', '@7Dih@', '2021-06-01', '2021-10-01', '205', '71.83', '-33.0', 405, '39', '1.19', '2.35', '12.26', '4', '9', 1965, -748, '80', '125', '11.36']
['ETH-USD', '5m', '@5K1,H', '2021-06-01', '2021-10-01', '221', '52.84', '-17.0', 256, '40', '2.36', '2.4', '15.27', '5', '10', 573, -847, '89', '132', '11.36']
['ETH-USD', '5m', '1@V_5H', '2021-06-01', '2021-10-01', '315', '-28.95', '-49.0', -64, '30', '-0.11', '-0.7', '-1.31', '5', '10', 987, -459, '93', '222', '11.36']
['ETH-USD', '5m', '@@Ko)H', '2021-06-01', '2021-10-01', '152', '50.76', '-27.0', 241, '41', '1.07', '1.87', '8.83', '5', '8', 2097, -693, '62', '90', '11.36']
['ETH-USD', '5m', '@DKp2H', '2021-06-01', '2021-10-01', '169', '22.19', '-33.0', 82, '37', '0.23', '1.11', '2.49', '5', '8', 1864, -690, '63', '106', '11.36']
['ETH-USD', '5m', '@DKp5;', '2021-06-01', '2021-10-01', '172', '18.15', '-33.0', 65, '37', '0.18', '0.99', '1.96', '5', '8', 1804, -669, '64', '108', '11.36']
['ETH-USD', '5m', 'F@bH<O', '2021-06-01', '2021-10-01', '132', '65.88', '-34.0', 355, '41', '0.6', '2.25', '10.36', '4', '7', 2190, -1246, '54', '78', '11.36']
['ETH-USD', '5m', '@.QnE.', '2021-06-01', '2021-10-01', '318', '-27.71', '-43.0', -62, '31', '-0.12', '-0.72', '-1.45', '4', '11', 1164, -510, '100', '218', '11.36']
['ETH-USD', '5m', '@+Q?QK', '2021-06-01', '2021-10-01', '146', '29.75', '-28.0', 118, '40', '0.39', '1.68', '4.15', '6', '11', 941, -626, '59', '87', '11.36']
['ETH-USD', '5m', '@@Qf58', '2021-06-01', '2021-10-01', '180', '32.77', '-28.0', 133, '39', '0.57', '1.4', '4.78', '6', '8', 1891, -631, '70', '110', '11.36']
['ETH-USD', '5m', 'B@Kr5M', '2021-06-01', '2021-10-01', '158', '55.99', '-30.0', 278, '39', '0.95', '1.96', '9.36', '6', '8', 2228, -707, '62', '96', '11.36']
['ETH-USD', '5m', '@@D_E3', '2021-06-01', '2021-10-01', '181', '35.13', '-31.0', 146, '39', '0.57', '1.48', '4.72', '6', '8', 1426, -588, '70', '111', '11.36']
['ETH-USD', '5m', '@@VH5A', '2021-06-01', '2021-10-01', '180', '39.01', '-33.0', 168, '38', '0.62', '1.59', '5.14', '5', '8', 1404, -660, '68', '112', '11.36']
['ETH-USD', '5m', '@@VH51', '2021-06-01', '2021-10-01', '180', '42.35', '-33.0', 188, '38', '0.67', '1.68', '5.75', '6', '8', 1439, -677, '69', '111', '11.36']
['ETH-USD', '5m', '@@rR5H', '2021-06-01', '2021-10-01', '173', '6.91', '-29.0', 22, '37', '0.12', '0.66', '0.77', '5', '8', 1719, -672, '64', '109', '11.36']
['ETH-USD', '5m', '@@Vu5H', '2021-06-01', '2021-10-01', '173', '16.25', '-26.0', 57, '37', '0.37', '0.94', '2.21', '5', '8', 2103, -579, '64', '109', '11.36']
['ETH-USD', '5m', 'c@Rr9.', '2021-06-01', '2021-10-01', '127', '10.75', '-37.0', 36, '36', '0.13', '0.77', '0.97', '4', '8', 1605, -628, '46', '81', '11.36']
['ETH-USD', '5m', 'c@QrE.', '2021-06-01', '2021-10-01', '127', '11.74', '-37.0', 39, '36', '0.15', '0.8', '1.07', '4', '8', 1591, -634, '46', '81', '11.36']
['ETH-USD', '5m', '@@Kl58', '2021-06-01', '2021-10-01', '180', '28.23', '-29.0', 110, '39', '0.44', '1.28', '3.81', '6', '8', 1758, -605, '70', '110', '11.36']
['ETH-USD', '5m', 'F=9(49', '2021-06-01', '2021-10-01', '168', '29.3', '-14.0', 116, '71', '1.15', '2.46', '8.13', '10', '3', 154, -601, '119', '49', '11.36']
['ETH-USD', '5m', 'LDYNlH', '2021-06-01', '2021-10-01', '94', '63.51', '-20.0', 335, '40', '3.03', '2.45', '17.03', '4', '7', 1805, -933, '38', '56', '11.36']
['ETH-USD', '5m', '@>VQ5H', '2021-06-01', '2021-10-01', '173', '23.17', '-32.0', 87, '40', '0.27', '1.14', '2.73', '6', '5', 1567, -650, '69', '104', '11.36']
['ETH-USD', '5m', 's+Q?QX', '2021-06-01', '2021-10-01', '46', '56.01', '-15.0', 278, '48', '5.4', '3.31', '18.58', '3', '4', 1036, -784, '22', '24', '11.36']
['ETH-USD', '5m', '@@CeE.', '2021-06-01', '2021-10-01', '181', '31.86', '-30.0', 129, '39', '0.55', '1.4', '4.32', '6', '8', 1473, -588, '70', '111', '11.36']
['ETH-USD', '5m', 'S<RX9.', '2021-06-01', '2021-10-01', '145', '63.62', '-23.0', 336, '40', '2.3', '2.11', '14.83', '5', '6', 1942, -1036, '58', '87', '11.36']
['ETH-USD', '5m', 'Emb]=.', '2021-06-01', '2021-10-01', '90', '19.72', '-33.0', 71, '30', '0.2', '1.05', '2.15', '2', '7', 2212, -683, '27', '63', '11.36']
['ETH-USD', '5m', '@DK7)H', '2021-06-01', '2021-10-01', '150', '62.19', '-20.0', 325, '40', '1.23', '2.61', '16.14', '5', '8', 796, -837, '60', '90', '11.36']
['ETH-USD', '5m', '@@Ea9.', '2021-06-01', '2021-10-01', '181', '29.82', '-30.0', 118, '39', '0.51', '1.35', '3.93', '6', '8', 1444, -578, '70', '111', '11.36']
['ETH-USD', '5m', '@@Ero8', '2021-06-01', '2021-10-01', '181', '36.04', '-25.0', 151, '39', '0.9', '1.48', '6.07', '6', '8', 1776, -637, '70', '111', '11.36']
['ETH-USD', '5m', '@@ErE.', '2021-06-01', '2021-10-01', '181', '36.04', '-25.0', 151, '39', '0.9', '1.48', '6.07', '6', '8', 1776, -637, '70', '111', '11.36']
['ETH-USD', '5m', '@@V`M)', '2021-06-01', '2021-10-01', '180', '33.72', '-27.0', 139, '38', '0.67', '1.42', '5.1', '6', '8', 1901, -647, '69', '111', '11.36']
['ETH-USD', '5m', '@@Vt5H', '2021-06-01', '2021-10-01', '173', '15.67', '-26.0', 55, '37', '0.35', '0.92', '2.12', '5', '8', 2061, -576, '64', '109', '11.36']
['ETH-USD', '5m', '@C7(5H', '2021-06-01', '2021-10-01', '168', '5.85', '-15.0', 19, '71', '0.18', '0.66', '1.22', '11', '4', 120, -597, '119', '49', '11.36']
['ETH-USD', '5m', '@D9()H', '2021-06-01', '2021-10-01', '154', '5.43', '-13.0', 17, '68', '0.22', '0.65', '1.27', '9', '4', 128, -470, '105', '49', '11.36']
['ETH-USD', '5m', '@@C,E8', '2021-06-01', '2021-10-01', '183', '21.26', '-20.0', 78, '53', '0.62', '1.39', '3.92', '8', '8', 299, -601, '97', '86', '11.36']
['ETH-USD', '5m', '@@CXE.', '2021-06-01', '2021-10-01', '181', '32.17', '-31.0', 130, '39', '0.52', '1.42', '4.16', '6', '8', 1244, -575, '70', '111', '11.36']
['ETH-USD', '5m', '@+.r5X', '2021-06-01', '2021-10-01', '231', '-1.67', '-30.0', -5, '39', '-0.02', '0.22', '-0.16', '5', '9', 631, -406, '90', '141', '11.36']
['ETH-USD', '5m', '6@kZ5H', '2021-06-01', '2021-10-01', '236', '-12.5', '-42.0', -33, '33', '-0.06', '-0.09', '-0.78', '7', '8', 1566, -616, '79', '157', '11.36']
['ETH-USD', '5m', 'F=b(4)', '2021-06-01', '2021-10-01', '165', '70.1', '-16.0', 390, '49', '2.77', '3.38', '23.72', '6', '6', 524, -741, '81', '84', '11.36']
['ETH-USD', '5m', 'F=b(<9', '2021-06-01', '2021-10-01', '165', '70.1', '-16.0', 390, '49', '2.77', '3.38', '23.72', '6', '6', 524, -741, '81', '84', '11.36']
['ETH-USD', '5m', 'F=b(C9', '2021-06-01', '2021-10-01', '165', '70.1', '-16.0', 390, '49', '2.77', '3.38', '23.72', '6', '6', 524, -741, '81', '84', '11.36']
['ETH-USD', '5m', 'F=b(;9', '2021-06-01', '2021-10-01', '165', '70.1', '-16.0', 390, '49', '2.77', '3.38', '23.72', '6', '6', 524, -741, '81', '84', '11.36']
['ETH-USD', '5m', 'F=b(79', '2021-06-01', '2021-10-01', '165', '70.1', '-16.0', 390, '49', '2.77', '3.38', '23.72', '6', '6', 524, -741, '81', '84', '11.36']
['ETH-USD', '5m', 'SRRQsE', '2021-06-01', '2021-10-01', '92', '57.44', '-22.0', 289, '40', '1.91', '2.25', '12.91', '3', '6', 1591, -798, '37', '55', '11.36']
['ETH-USD', '5m', 'B@DrE.', '2021-06-01', '2021-10-01', '174', '49.95', '-27.0', 236, '39', '1.12', '1.83', '8.9', '5', '10', 1940, -688, '67', '107', '11.36']
['ETH-USD', '5m', '6DkH5c', '2021-06-01', '2021-10-01', '127', '26.29', '-32.0', 101, '39', '0.23', '1.3', '3.17', '4', '10', 1654, -856, '50', '77', '11.36']
['ETH-USD', '5m', '@5QrE.', '2021-06-01', '2021-10-01', '238', '16.33', '-27.0', 57, '36', '0.31', '0.95', '2.13', '5', '9', 1969, -645, '85', '153', '11.36']
['ETH-USD', '5m', '-@sBEH', '2021-06-01', '2021-10-01', '265', '28.5', '-25.0', 112, '30', '0.7', '1.34', '4.4', '4', '9', 1674, -670, '80', '185', '11.36']
['ETH-USD', '5m', 'E@.]=L', '2021-06-01', '2021-10-01', '138', '51.0', '-17.0', 243, '41', '1.21', '2.37', '14.26', '5', '5', 719, -650, '57', '81', '11.36']
['ETH-USD', '5m', '_@RX9.', '2021-06-01', '2021-10-01', '126', '63.19', '-30.0', 333, '38', '1.19', '2.15', '11.0', '4', '8', 2010, -881, '48', '78', '11.36']
['ETH-USD', '5m', 'S@R]-8', '2021-06-01', '2021-10-01', '133', '49.63', '-25.0', 234, '38', '1.58', '1.86', '9.38', '3', '8', 1951, -845, '50', '83', '11.36']
['ETH-USD', '5m', '@@Vg5H', '2021-06-01', '2021-10-01', '173', '15.11', '-28.0', 52, '37', '0.29', '0.91', '1.86', '5', '8', 1758, -558, '64', '109', '11.36']
['ETH-USD', '5m', '6DaH5H', '2021-06-01', '2021-10-01', '209', '22.11', '-39.0', 82, '36', '0.19', '1.13', '2.12', '5', '8', 1568, -708, '75', '134', '11.36']
['ETH-USD', '5m', 'E@breH', '2021-06-01', '2021-10-01', '108', '31.82', '-34.0', 129, '44', '0.24', '1.48', '3.75', '5', '5', 1766, -1006, '47', '61', '11.36']
['ETH-USD', '5m', '@@DrY.', '2021-06-01', '2021-10-01', '181', '34.18', '-25.0', 141, '39', '0.83', '1.44', '5.58', '6', '8', 1728, -631, '70', '111', '11.36']
['ETH-USD', '5m', '@@Drf)', '2021-06-01', '2021-10-01', '181', '34.18', '-25.0', 141, '39', '0.83', '1.44', '5.58', '6', '8', 1728, -631, '70', '111', '11.36']
['ETH-USD', '5m', '@@DrU3', '2021-06-01', '2021-10-01', '181', '34.18', '-25.0', 141, '39', '0.83', '1.44', '5.58', '6', '8', 1728, -631, '70', '111', '11.36']
['ETH-USD', '5m', '@@DrW3', '2021-06-01', '2021-10-01', '181', '34.18', '-25.0', 141, '39', '0.83', '1.44', '5.58', '6', '8', 1728, -631, '70', '111', '11.36']
['ETH-USD', '5m', '@@Drn3', '2021-06-01', '2021-10-01', '181', '34.18', '-25.0', 141, '39', '0.83', '1.44', '5.58', '6', '8', 1728, -631, '70', '111', '11.36']
['ETH-USD', '5m', '@@DrF3', '2021-06-01', '2021-10-01', '181', '34.18', '-25.0', 141, '39', '0.83', '1.44', '5.58', '6', '8', 1728, -631, '70', '111', '11.36']
['ETH-USD', '5m', '@@Dr53', '2021-06-01', '2021-10-01', '181', '34.18', '-25.0', 141, '39', '0.83', '1.44', '5.58', '6', '8', 1728, -631, '70', '111', '11.36']
['ETH-USD', '5m', '@@DrE1', '2021-06-01', '2021-10-01', '181', '34.18', '-25.0', 141, '39', '0.83', '1.44', '5.58', '6', '8', 1728, -631, '70', '111', '11.36']
['ETH-USD', '5m', '@@Dr..', '2021-06-01', '2021-10-01', '181', '34.18', '-25.0', 141, '39', '0.83', '1.44', '5.58', '6', '8', 1728, -631, '70', '111', '11.36']
['ETH-USD', '5m', '@@Drr.', '2021-06-01', '2021-10-01', '181', '34.18', '-25.0', 141, '39', '0.83', '1.44', '5.58', '6', '8', 1728, -631, '70', '111', '11.36']
['ETH-USD', '5m', '@@DrQ.', '2021-06-01', '2021-10-01', '181', '34.18', '-25.0', 141, '39', '0.83', '1.44', '5.58', '6', '8', 1728, -631, '70', '111', '11.36']
['ETH-USD', '5m', '@@DrB.', '2021-06-01', '2021-10-01', '181', '34.18', '-25.0', 141, '39', '0.83', '1.44', '5.58', '6', '8', 1728, -631, '70', '111', '11.36']
['ETH-USD', '5m', '@@DrC.', '2021-06-01', '2021-10-01', '181', '34.18', '-25.0', 141, '39', '0.83', '1.44', '5.58', '6', '8', 1728, -631, '70', '111', '11.36']
['ETH-USD', '5m', '@@DrS.', '2021-06-01', '2021-10-01', '181', '34.18', '-25.0', 141, '39', '0.83', '1.44', '5.58', '6', '8', 1728, -631, '70', '111', '11.36']
['ETH-USD', '5m', '@@DrE)', '2021-06-01', '2021-10-01', '181', '34.18', '-25.0', 141, '39', '0.83', '1.44', '5.58', '6', '8', 1728, -631, '70', '111', '11.36']
['ETH-USD', '5m', '@@Dr>.', '2021-06-01', '2021-10-01', '181', '34.18', '-25.0', 141, '39', '0.83', '1.44', '5.58', '6', '8', 1728, -631, '70', '111', '11.36']
['ETH-USD', '5m', '@@DrH.', '2021-06-01', '2021-10-01', '181', '34.18', '-25.0', 141, '39', '0.83', '1.44', '5.58', '6', '8', 1728, -631, '70', '111', '11.36']
['ETH-USD', '5m', '@@DrN.', '2021-06-01', '2021-10-01', '181', '34.18', '-25.0', 141, '39', '0.83', '1.44', '5.58', '6', '8', 1728, -631, '70', '111', '11.36']
['ETH-USD', '5m', '@@Dre.', '2021-06-01', '2021-10-01', '181', '34.18', '-25.0', 141, '39', '0.83', '1.44', '5.58', '6', '8', 1728, -631, '70', '111', '11.36']
['ETH-USD', '5m', '@@DrF.', '2021-06-01', '2021-10-01', '181', '34.18', '-25.0', 141, '39', '0.83', '1.44', '5.58', '6', '8', 1728, -631, '70', '111', '11.36']
['ETH-USD', '5m', '@@Dro.', '2021-06-01', '2021-10-01', '181', '34.18', '-25.0', 141, '39', '0.83', '1.44', '5.58', '6', '8', 1728, -631, '70', '111', '11.36']
['ETH-USD', '5m', '@@DrZ.', '2021-06-01', '2021-10-01', '181', '34.18', '-25.0', 141, '39', '0.83', '1.44', '5.58', '6', '8', 1728, -631, '70', '111', '11.36']
['ETH-USD', '5m', '@@DrE6', '2021-06-01', '2021-10-01', '181', '34.18', '-25.0', 141, '39', '0.83', '1.44', '5.58', '6', '8', 1728, -631, '70', '111', '11.36']
['ETH-USD', '5m', '@@DrE9', '2021-06-01', '2021-10-01', '181', '34.18', '-25.0', 141, '39', '0.83', '1.44', '5.58', '6', '8', 1728, -631, '70', '111', '11.36']
['ETH-USD', '5m', '@@DrE7', '2021-06-01', '2021-10-01', '181', '34.18', '-25.0', 141, '39', '0.83', '1.44', '5.58', '6', '8', 1728, -631, '70', '111', '11.36']
['ETH-USD', '5m', '@@Drp.', '2021-06-01', '2021-10-01', '181', '34.18', '-25.0', 141, '39', '0.83', '1.44', '5.58', '6', '8', 1728, -631, '70', '111', '11.36']
['ETH-USD', '5m', '@@DrE8', '2021-06-01', '2021-10-01', '181', '34.18', '-25.0', 141, '39', '0.83', '1.44', '5.58', '6', '8', 1728, -631, '70', '111', '11.36']
['ETH-USD', '5m', '@@?rE3', '2021-06-01', '2021-10-01', '181', '43.63', '-27.0', 195, '39', '0.97', '1.7', '7.25', '6', '8', 1648, -664, '70', '111', '11.36']
['ETH-USD', '5m', '@@?rp.', '2021-06-01', '2021-10-01', '181', '43.63', '-27.0', 195, '39', '0.97', '1.7', '7.25', '6', '8', 1648, -664, '70', '111', '11.36']
['ETH-USD', '5m', '@D@p5H', '2021-06-01', '2021-10-01', '170', '44.83', '-29.0', 203, '37', '0.63', '1.71', '7.03', '4', '8', 1794, -716, '63', '107', '11.36']
['ETH-USD', '5m', '@?C^E8', '2021-06-01', '2021-10-01', '180', '37.88', '-27.0', 161, '40', '0.87', '1.55', '5.98', '6', '6', 1441, -628, '72', '108', '11.36']
['ETH-USD', '5m', '6@IH5H', '2021-06-01', '2021-10-01', '236', '16.51', '-39.0', 58, '34', '0.12', '0.98', '1.47', '7', '8', 1049, -587, '80', '156', '11.36']
['ETH-USD', '5m', '@DKR)H', '2021-06-01', '2021-10-01', '150', '81.14', '-35.0', 491, '39', '0.74', '2.59', '13.9', '5', '8', 1960, -1013, '58', '92', '11.36']
['ETH-USD', '5m', '/SamA;', '2021-06-01', '2021-10-01', '232', '3.38', '-25.0', 10, '29', '0.07', '0.52', '0.42', '5', '9', 1978, -516, '68', '164', '11.36']
['ETH-USD', '5m', '@@V_5-', '2021-06-01', '2021-10-01', '180', '32.25', '-27.0', 131, '38', '0.63', '1.38', '4.77', '6', '8', 1863, -644, '69', '111', '11.36']
['ETH-USD', '5m', '@@V_5?', '2021-06-01', '2021-10-01', '180', '29.15', '-27.0', 115, '38', '0.56', '1.3', '4.18', '5', '8', 1820, -630, '68', '112', '11.36']
['ETH-USD', '5m', '@@V_56', '2021-06-01', '2021-10-01', '180', '32.25', '-27.0', 131, '38', '0.63', '1.38', '4.77', '6', '8', 1863, -644, '69', '111', '11.36']
['ETH-USD', '5m', '@@KZ58', '2021-06-01', '2021-10-01', '180', '31.02', '-31.0', 124, '39', '0.49', '1.37', '4.0', '6', '8', 1499, -585, '70', '110', '11.36']
['ETH-USD', '5m', '@@Dam.', '2021-06-01', '2021-10-01', '181', '27.38', '-30.0', 106, '39', '0.46', '1.28', '3.51', '6', '8', 1385, -568, '70', '111', '11.36']
['ETH-USD', '5m', '@@DbE.', '2021-06-01', '2021-10-01', '181', '27.38', '-30.0', 106, '39', '0.46', '1.28', '3.51', '6', '8', 1385, -568, '70', '111', '11.36']
['ETH-USD', '5m', '5@DrE.', '2021-06-01', '2021-10-01', '245', '16.63', '-36.0', 58, '36', '0.21', '0.97', '1.64', '7', '7', 1596, -525, '87', '158', '11.36']
['ETH-USD', '5m', '6DkH55', '2021-06-01', '2021-10-01', '216', '4.65', '-36.0', 15, '36', '0.05', '0.57', '0.4', '5', '8', 1411, -657, '77', '139', '11.36']
['ETH-USD', '5m', '6DkH5.', '2021-06-01', '2021-10-01', '216', '4.65', '-36.0', 15, '36', '0.05', '0.57', '0.4', '5', '8', 1411, -657, '77', '139', '11.36']
['ETH-USD', '5m', '6DkH5B', '2021-06-01', '2021-10-01', '215', '5.61', '-36.0', 18, '36', '0.05', '0.61', '0.49', '5', '8', 1418, -663, '77', '138', '11.36']
['ETH-USD', '5m', '@@7(5T', '2021-06-01', '2021-10-01', '153', '0.99', '-18.0', 3, '71', '0.02', '0.26', '0.17', '10', '3', 114, -535, '108', '45', '11.36']
['ETH-USD', '5m', '^DKp5H', '2021-06-01', '2021-10-01', '110', '68.51', '-33.0', 376, '43', '1.0', '2.33', '11.54', '5', '7', 2344, -878, '47', '63', '11.36']
['ETH-USD', '5m', 'f@QrE8', '2021-06-01', '2021-10-01', '122', '21.43', '-38.0', 79, '39', '0.25', '1.1', '2.09', '3', '8', 1710, -664, '48', '74', '11.36']
['ETH-USD', '5m', '@9VH5H', '2021-06-01', '2021-10-01', '199', '16.26', '-32.0', 57, '37', '0.23', '0.96', '1.75', '5', '7', 1119, -607, '74', '125', '11.36']
['ETH-USD', '5m', '@@LXE.', '2021-06-01', '2021-10-01', '180', '30.9', '-31.0', 124, '39', '0.48', '1.37', '3.95', '6', '8', 1500, -593, '70', '110', '11.36']
['ETH-USD', '5m', 'N@rr2Y', '2021-06-01', '2021-10-01', '119', '50.5', '-25.0', 240, '43', '1.32', '1.91', '9.45', '4', '7', 1751, -1054, '51', '68', '11.36']
['ETH-USD', '5m', 'F@.(<H', '2021-06-01', '2021-10-01', '150', '10.31', '-14.0', 34, '79', '0.21', '1.22', '2.41', '18', '4', 80, -443, '119', '31', '11.36']
['ETH-USD', '5m', 'E@fH5H', '2021-06-01', '2021-10-01', '145', '72.33', '-29.0', 410, '42', '1.13', '2.3', '14.2', '5', '8', 2278, -1265, '61', '84', '11.36']
['ETH-USD', '5m', '6@O(`H', '2021-06-01', '2021-10-01', '121', '34.56', '-20.0', 143, '56', '0.92', '2.3', '7.2', '6', '6', 313, -733, '68', '53', '11.36']
['ETH-USD', '5m', 'SRgQ9E', '2021-06-01', '2021-10-01', '109', '50.28', '-24.0', 238, '38', '1.86', '1.94', '10.02', '3', '8', 2142, -945, '41', '68', '11.36']
['ETH-USD', '5m', '@@CrEB', '2021-06-01', '2021-10-01', '177', '39.14', '-25.0', 169, '39', '0.92', '1.58', '6.66', '6', '8', 1767, -660, '69', '108', '11.36']
['ETH-USD', '5m', 'S[Rr9.', '2021-06-01', '2021-10-01', '94', '49.99', '-26.0', 236, '38', '1.03', '1.86', '9.1', '4', '7', 2760, -797, '36', '58', '11.36']
['ETH-USD', '5m', '6@O(FH', '2021-06-01', '2021-10-01', '200', '5.15', '-22.0', 16, '50', '0.09', '0.55', '0.75', '7', '7', 250, -568, '101', '99', '11.36']
['ETH-USD', '5m', '@@Cro.', '2021-06-01', '2021-10-01', '181', '32.15', '-26.0', 130, '39', '0.73', '1.39', '5.02', '6', '8', 1681, -624, '70', '111', '11.36']
['ETH-USD', '5m', '@@CrE2', '2021-06-01', '2021-10-01', '181', '32.15', '-26.0', 130, '39', '0.73', '1.39', '5.02', '6', '8', 1681, -624, '70', '111', '11.36']
['ETH-USD', '5m', '@@Crl.', '2021-06-01', '2021-10-01', '181', '32.15', '-26.0', 130, '39', '0.73', '1.39', '5.02', '6', '8', 1681, -624, '70', '111', '11.36']
['ETH-USD', '5m', ']J]d<H', '2021-06-01', '2021-10-01', '106', '49.37', '-32.0', 232, '40', '0.79', '1.85', '7.24', '6', '6', 2450, -899, '42', '64', '11.36']
['ETH-USD', '5m', '@@Kq5H', '2021-06-01', '2021-10-01', '173', '17.44', '-30.0', 62, '38', '0.26', '0.98', '2.03', '5', '8', 1735, -549, '66', '107', '11.36']
['ETH-USD', '5m', '@@C^i8', '2021-06-01', '2021-10-01', '181', '27.89', '-32.0', 109, '39', '0.41', '1.29', '3.43', '6', '8', 1312, -568, '70', '111', '11.36']
['ETH-USD', '5m', '@@C^Z8', '2021-06-01', '2021-10-01', '181', '27.89', '-32.0', 109, '39', '0.41', '1.29', '3.43', '6', '8', 1312, -568, '70', '111', '11.36']
['ETH-USD', '5m', '@@C^?8', '2021-06-01', '2021-10-01', '181', '27.89', '-32.0', 109, '39', '0.41', '1.29', '3.43', '6', '8', 1312, -568, '70', '111', '11.36']
['ETH-USD', '5m', '@@V^58', '2021-06-01', '2021-10-01', '180', '36.3', '-25.0', 153, '38', '0.99', '1.48', '6.18', '6', '8', 1952, -665, '69', '111', '11.36']
['ETH-USD', '5m', '@@KR5H', '2021-06-01', '2021-10-01', '173', '28.38', '-35.0', 111, '38', '0.41', '1.3', '3.21', '5', '8', 1313, -562, '66', '107', '11.36']
['ETH-USD', '5m', '[Ebr<X', '2021-06-01', '2021-10-01', '90', '35.49', '-30.0', 148, '46', '0.56', '1.64', '4.99', '5', '7', 1446, -798, '41', '49', '11.36']
['ETH-USD', '5m', '@@Vo5H', '2021-06-01', '2021-10-01', '173', '13.69', '-26.0', 47, '37', '0.28', '0.86', '1.8', '5', '8', 1939, -569, '64', '109', '11.36']
['ETH-USD', '5m', 'N@rJ(Y', '2021-06-01', '2021-10-01', '105', '25.19', '-31.0', 96, '40', '0.34', '1.24', '3.14', '4', '8', 1827, -964, '42', '63', '11.36']
['ETH-USD', '5m', '@@Qf5O', '2021-06-01', '2021-10-01', '162', '32.99', '-29.0', 135, '38', '0.57', '1.41', '4.61', '6', '8', 1902, -621, '61', '101', '11.36']
['ETH-USD', '5m', '@DHp5H', '2021-06-01', '2021-10-01', '170', '18.83', '-33.0', 68, '37', '0.18', '1.01', '2.07', '5', '8', 1745, -672, '63', '107', '11.36']
['ETH-USD', '5m', '@=VU59', '2021-06-01', '2021-10-01', '183', '49.74', '-25.0', 235, '38', '1.39', '1.79', '9.56', '6', '7', 1896, -746, '70', '113', '11.36']
['ETH-USD', '5m', '@@Ni5Q', '2021-06-01', '2021-10-01', '159', '33.92', '-29.0', 140, '38', '0.62', '1.44', '4.8', '6', '8', 1870, -624, '60', '99', '11.36']
['ETH-USD', '5m', '@@QOE.', '2021-06-01', '2021-10-01', '180', '37.81', '-32.0', 161, '39', '0.59', '1.55', '5.03', '6', '8', 1508, -638, '70', '110', '11.36']
['ETH-USD', '5m', '@g]d<H', '2021-06-01', '2021-10-01', '102', '37.89', '-24.0', 161, '32', '0.91', '1.56', '6.63', '3', '6', 2650, -712, '33', '69', '11.36']
['ETH-USD', '5m', 'G@fr5Y', '2021-06-01', '2021-10-01', '120', '39.11', '-30.0', 168, '42', '0.48', '1.66', '5.56', '5', '7', 1750, -849, '50', '70', '11.36']
['ETH-USD', '5m', '@@7(5[', '2021-06-01', '2021-10-01', '134', '-6.94', '-16.0', -19, '70', '-0.17', '-0.48', '-1.21', '9', '2', 105, -503, '94', '40', '11.36']
['ETH-USD', '5m', 'SRRQnE', '2021-06-01', '2021-10-01', '93', '54.47', '-24.0', 267, '40', '1.64', '2.16', '11.23', '3', '7', 1561, -798, '37', '56', '11.36']
['ETH-USD', '5m', 'k@DXE.', '2021-06-01', '2021-10-01', '122', '57.9', '-32.0', 292, '41', '0.67', '2.24', '9.05', '4', '8', 1409, -845, '50', '72', '11.36']
['ETH-USD', '5m', 'SRRQZE', '2021-06-01', '2021-10-01', '99', '43.39', '-22.0', 194, '38', '1.51', '1.85', '8.67', '3', '7', 1450, -742, '38', '61', '11.36']
['ETH-USD', '5m', 'SRRQ[E', '2021-06-01', '2021-10-01', '99', '43.39', '-22.0', 194, '38', '1.51', '1.85', '8.67', '3', '7', 1450, -742, '38', '61', '11.36']
['ETH-USD', '5m', '@@Kp5H', '2021-06-01', '2021-10-01', '173', '21.72', '-31.0', 80, '38', '0.32', '1.1', '2.6', '5', '8', 1788, -572, '66', '107', '11.36']
['ETH-USD', '5m', 'g@Rr9.', '2021-06-01', '2021-10-01', '120', '27.87', '-37.0', 109, '40', '0.34', '1.3', '2.9', '3', '8', 1834, -706, '48', '72', '11.36']
['ETH-USD', '5m', '@@7()H', '2021-06-01', '2021-10-01', '154', '1.76', '-20.0', 5, '70', '0.04', '0.33', '0.27', '12', '3', 116, -528, '108', '46', '11.36']
['ETH-USD', '5m', '/StC32', '2021-06-01', '2021-10-01', '240', '12.69', '-26.0', 43, '29', '0.26', '0.84', '1.66', '5', '10', 1433, -661, '69', '171', '11.36']
['ETH-USD', '5m', '@@DoE.', '2021-06-01', '2021-10-01', '181', '36.1', '-26.0', 151, '39', '0.82', '1.48', '5.76', '6', '8', 1722, -641, '70', '111', '11.36']
['ETH-USD', '5m', '@@CrE=', '2021-06-01', '2021-10-01', '180', '31.25', '-26.0', 126, '38', '0.71', '1.37', '4.84', '6', '8', 1681, -624, '69', '111', '11.36']
['ETH-USD', '5m', '@@lR5H', '2021-06-01', '2021-10-01', '173', '6.13', '-30.0', 19, '37', '0.1', '0.63', '0.65', '5', '8', 1599, -648, '64', '109', '11.36']
['ETH-USD', '5m', '@@KM5H', '2021-06-01', '2021-10-01', '173', '30.07', '-36.0', 120, '38', '0.36', '1.37', '3.31', '5', '8', 1250, -586, '66', '107', '11.36']
['ETH-USD', '5m', '*@V_5H', '2021-06-01', '2021-10-01', '450', '-27.48', '-35.0', -62, '24', '-0.18', '-0.64', '-1.76', '3', '14', 1140, -407, '108', '342', '11.36']
['ETH-USD', '5m', '@@Qa9*', '2021-06-01', '2021-10-01', '180', '40.36', '-25.0', 176, '39', '1.07', '1.59', '7.05', '6', '8', 1960, -674, '70', '110', '11.36']
['ETH-USD', '5m', '@@Qa9(', '2021-06-01', '2021-10-01', '180', '40.36', '-25.0', 176, '39', '1.07', '1.59', '7.05', '6', '8', 1960, -674, '70', '110', '11.36']
['ETH-USD', '5m', '@@Qaj.', '2021-06-01', '2021-10-01', '180', '40.36', '-25.0', 176, '39', '1.07', '1.59', '7.05', '6', '8', 1960, -674, '70', '110', '11.36']
['ETH-USD', '5m', '@@Qan.', '2021-06-01', '2021-10-01', '180', '40.36', '-25.0', 176, '39', '1.07', '1.59', '7.05', '6', '8', 1960, -674, '70', '110', '11.36']
['ETH-USD', '5m', '@@QaU.', '2021-06-01', '2021-10-01', '180', '40.36', '-25.0', 176, '39', '1.07', '1.59', '7.05', '6', '8', 1960, -674, '70', '110', '11.36']
['ETH-USD', '5m', '@@Qa..', '2021-06-01', '2021-10-01', '180', '40.36', '-25.0', 176, '39', '1.07', '1.59', '7.05', '6', '8', 1960, -674, '70', '110', '11.36']
['ETH-USD', '5m', 'F@br<X', '2021-06-01', '2021-10-01', '110', '6.6', '-36.0', 21, '39', '0.05', '0.62', '0.59', '4', '7', 1461, -835, '43', '67', '11.36']
['ETH-USD', '5m', '@@Arf.', '2021-06-01', '2021-10-01', '181', '39.26', '-26.0', 169, '39', '0.89', '1.57', '6.46', '6', '8', 1716, -660, '70', '111', '11.36']
['ETH-USD', '5m', '@@ArE.', '2021-06-01', '2021-10-01', '181', '39.26', '-26.0', 169, '39', '0.89', '1.57', '6.46', '6', '8', 1716, -660, '70', '111', '11.36']
['ETH-USD', '5m', '@@Ko5H', '2021-06-01', '2021-10-01', '173', '20.65', '-31.0', 75, '38', '0.31', '1.07', '2.43', '5', '8', 1758, -568, '66', '107', '11.36']
['ETH-USD', '5m', '8@[.]M', '2021-06-01', '2021-10-01', '81', '40.46', '-23.0', 176, '44', '0.7', '2.36', '7.73', '4', '7', 621, -831, '36', '45', '11.36']
['ETH-USD', '5m', '@@Vc5H', '2021-06-01', '2021-10-01', '173', '16.57', '-29.0', 58, '37', '0.29', '0.95', '1.98', '5', '8', 1755, -581, '64', '109', '11.36']
['ETH-USD', '5m', '@@Dff.', '2021-06-01', '2021-10-01', '181', '30.53', '-29.0', 122, '39', '0.57', '1.36', '4.21', '6', '8', 1517, -605, '70', '111', '11.36']
['ETH-USD', '5m', 'gL`gO>', '2021-06-01', '2021-10-01', '102', '13.27', '-35.0', 45, '37', '0.18', '0.85', '1.31', '4', '6', 1912, -684, '38', '64', '11.36']
['ETH-USD', '5m', '@@@f5H', '2021-06-01', '2021-10-01', '173', '31.67', '-33.0', 128, '38', '0.48', '1.39', '3.89', '5', '8', 1397, -582, '66', '107', '11.36']
['ETH-USD', '5m', '@@Dr)3', '2021-06-01', '2021-10-01', '160', '39.9', '-26.0', 173, '40', '1.05', '1.61', '6.65', '5', '8', 1801, -654, '64', '96', '11.36']
['ETH-USD', '5m', '@-Qr<.', '2021-06-01', '2021-10-01', '319', '-25.05', '-41.0', -58, '33', '-0.12', '-0.63', '-1.4', '4', '10', 1311, -473, '105', '214', '11.36']
['ETH-USD', '5m', 'F@bC4l', '2021-06-01', '2021-10-01', '68', '52.69', '-27.0', 255, '46', '0.52', '2.33', '9.37', '7', '5', 1799, -1135, '31', '37', '11.36']
['ETH-USD', '5m', '@@?f5H', '2021-06-01', '2021-10-01', '173', '29.57', '-33.0', 117, '38', '0.43', '1.34', '3.55', '5', '8', 1352, -575, '66', '107', '11.36']
['ETH-USD', '5m', '@@V_DH', '2021-06-01', '2021-10-01', '168', '25.59', '-28.0', 98, '38', '0.51', '1.2', '3.43', '5', '8', 1799, -621, '63', '105', '11.36']
['ETH-USD', '5m', 'X@brKH', '2021-06-01', '2021-10-01', '126', '31.29', '-27.0', 126, '38', '0.75', '1.38', '4.75', '3', '8', 1644, -849, '48', '78', '11.36']
['ETH-USD', '5m', '@@KV5H', '2021-06-01', '2021-10-01', '173', '19.99', '-35.0', 72, '38', '0.25', '1.06', '2.07', '5', '8', 1347, -559, '66', '107', '11.36']
['ETH-USD', '5m', 'EIi]=.', '2021-06-01', '2021-10-01', '158', '-9.37', '-26.0', -25, '33', '-0.21', '0.11', '-0.97', '5', '10', 1639, -610, '52', '106', '11.36']
['ETH-USD', '5m', '@@Q_o8', '2021-06-01', '2021-10-01', '180', '36.32', '-26.0', 153, '39', '0.89', '1.5', '5.9', '6', '8', 1873, -657, '70', '110', '11.36']
['ETH-USD', '5m', '@-Trp.', '2021-06-01', '2021-10-01', '319', '-25.45', '-42.0', -58, '33', '-0.12', '-0.64', '-1.4', '4', '10', 1385, -480, '105', '214', '11.36']
['ETH-USD', '5m', 'a@Kr5M', '2021-06-01', '2021-10-01', '111', '30.42', '-38.0', 121, '35', '0.27', '1.39', '3.22', '3', '8', 2143, -721, '39', '72', '11.36']
['ETH-USD', '5m', '@DKD)H', '2021-06-01', '2021-10-01', '150', '51.35', '-30.0', 246, '39', '0.65', '2.07', '8.19', '5', '8', 1206, -866, '58', '92', '11.36']
['ETH-USD', '5m', '@@R(5H', '2021-06-01', '2021-10-01', '175', '13.31', '-22.0', 45, '53', '0.3', '1.01', '2.03', '7', '7', 289, -568, '93', '82', '11.36']
['ETH-USD', '5m', '@=VR59', '2021-06-01', '2021-10-01', '183', '40.04', '-26.0', 174, '38', '1.04', '1.57', '6.82', '6', '7', 1709, -713, '70', '113', '11.36']
['ETH-USD', '5m', '@@Kl5H', '2021-06-01', '2021-10-01', '173', '22.11', '-32.0', 82, '38', '0.31', '1.11', '2.57', '5', '8', 1747, -581, '66', '107', '11.36']
['ETH-USD', '5m', '@@Qr-[', '2021-06-01', '2021-10-01', '143', '19.58', '-27.0', 71, '38', '0.32', '1.06', '2.58', '5', '8', 1946, -578, '54', '89', '11.36']
['ETH-USD', '5m', '@DU()H', '2021-06-01', '2021-10-01', '151', '26.78', '-15.0', 103, '54', '0.83', '1.74', '6.76', '8', '6', 343, -565, '82', '69', '11.36']
['ETH-USD', '5m', '6@mO58', '2021-06-01', '2021-10-01', '246', '-25.01', '-46.0', -58, '33', '-0.11', '-0.66', '-1.26', '7', '9', 1202, -563, '80', '166', '11.36']
['ETH-USD', '5m', '@@Q^38', '2021-06-01', '2021-10-01', '180', '38.28', '-26.0', 164, '39', '0.89', '1.55', '6.21', '6', '8', 1878, -667, '70', '110', '11.36']
['ETH-USD', '5m', '@@Q^b8', '2021-06-01', '2021-10-01', '180', '38.28', '-26.0', 164, '39', '0.89', '1.55', '6.21', '6', '8', 1878, -667, '70', '110', '11.36']
['ETH-USD', '5m', '@@Q^r8', '2021-06-01', '2021-10-01', '180', '38.28', '-26.0', 164, '39', '0.89', '1.55', '6.21', '6', '8', 1878, -667, '70', '110', '11.36']
['ETH-USD', '5m', '@@K])H', '2021-06-01', '2021-10-01', '152', '50.78', '-29.0', 242, '41', '1.1', '1.95', '8.28', '5', '8', 1776, -690, '62', '90', '11.36']
['ETH-USD', '5m', '@@Gn5I', '2021-06-01', '2021-10-01', '173', '28.48', '-28.0', 112, '38', '0.6', '1.29', '3.97', '5', '8', 1753, -608, '65', '108', '11.36']
['ETH-USD', '5m', '@DKn,H', '2021-06-01', '2021-10-01', '164', '23.44', '-33.0', 88, '37', '0.23', '1.15', '2.66', '5', '8', 1930, -733, '61', '103', '11.36']
['ETH-USD', '5m', 'uZ_J*p', '2021-06-01', '2021-10-01', '40', '64.5', '-21.0', 343, '45', '1.55', '2.69', '16.53', '4', '4', 1880, -1098, '18', '22', '11.36']
['ETH-USD', '5m', '6@E65H', '2021-06-01', '2021-10-01', '236', '32.31', '-28.0', 131, '36', '0.38', '1.66', '4.71', '7', '7', 592, -656, '85', '151', '11.36']
['ETH-USD', '5m', '@@QB)H', '2021-06-01', '2021-10-01', '152', '74.62', '-29.0', 430, '41', '1.91', '2.72', '14.98', '5', '8', 1366, -806, '62', '90', '11.36']
['ETH-USD', '5m', '@@DjE.', '2021-06-01', '2021-10-01', '181', '33.51', '-28.0', 137, '39', '0.66', '1.43', '4.91', '6', '8', 1633, -634, '70', '111', '11.36']
['ETH-USD', '5m', '@@7(5=', '2021-06-01', '2021-10-01', '183', '-3.49', '-21.0', -10, '68', '-0.07', '-0.09', '-0.49', '10', '4', 114, -514, '124', '59', '11.36']
['ETH-USD', '5m', '@+b6JX', '2021-06-01', '2021-10-01', '41', '30.79', '-14.0', 123, '46', '1.01', '2.41', '8.59', '4', '7', 880, -813, '19', '22', '11.36']
['ETH-USD', '5m', '@@V_BH', '2021-06-01', '2021-10-01', '170', '22.65', '-30.0', 84, '37', '0.39', '1.12', '2.79', '5', '8', 1799, -621, '63', '107', '11.36']
['ETH-USD', '5m', '@@KG5M', '2021-06-01', '2021-10-01', '166', '35.77', '-31.0', 150, '38', '0.68', '1.58', '4.84', '5', '8', 1087, -607, '63', '103', '11.36']
['ETH-USD', '5m', '6@E,5H', '2021-06-01', '2021-10-01', '237', '-1.64', '-24.0', -5, '45', '-0.02', '0.15', '-0.2', '7', '7', 277, -503, '107', '130', '11.36']
['ETH-USD', '5m', '@DKf5H', '2021-06-01', '2021-10-01', '170', '20.42', '-30.0', 74, '37', '0.25', '1.06', '2.52', '5', '8', 1636, -680, '63', '107', '11.36']
['ETH-USD', '5m', 'K(IadI', '2021-06-01', '2021-10-01', '101', '17.58', '-17.0', 62, '40', '0.42', '1.19', '3.61', '4', '6', 1333, -675, '40', '61', '11.36']
['ETH-USD', '5m', '@@Qa9Q', '2021-06-01', '2021-10-01', '153', '33.35', '-31.0', 137, '39', '0.4', '1.44', '4.34', '6', '8', 1952, -673, '59', '94', '11.36']
['ETH-USD', '5m', '@@DrEE', '2021-06-01', '2021-10-01', '172', '37.15', '-28.0', 157, '38', '0.82', '1.52', '5.6', '5', '8', 1845, -647, '66', '106', '11.36']
['ETH-USD', '5m', 'l@QrE8', '2021-06-01', '2021-10-01', '120', '22.56', '-33.0', 84, '38', '0.38', '1.15', '2.5', '4', '8', 1803, -776, '46', '74', '11.36']
['ETH-USD', '5m', ':ihlOD', '2021-06-01', '2021-10-01', '108', '24.95', '-28.0', 95, '29', '0.4', '1.23', '3.36', '2', '7', 2787, -694, '31', '77', '11.36']
['ETH-USD', '5m', '/Ib]=.', '2021-06-01', '2021-10-01', '284', '-18.41', '-33.0', -46, '30', '-0.17', '-0.3', '-1.39', '6', '12', 1435, -487, '84', '200', '11.36']
['ETH-USD', '5m', 'k@Dvm.', '2021-06-01', '2021-10-01', '122', '35.03', '-33.0', 146, '41', '0.51', '1.54', '4.46', '4', '8', 1813, -777, '50', '72', '11.36']
['ETH-USD', '5m', '@@VK5H', '2021-06-01', '2021-10-01', '173', '22.12', '-36.0', 82, '37', '0.28', '1.12', '2.3', '5', '8', 1386, -625, '64', '109', '11.36']
['ETH-USD', '5m', '@@KT5H', '2021-06-01', '2021-10-01', '173', '21.88', '-36.0', 81, '38', '0.26', '1.12', '2.26', '5', '8', 1354, -581, '66', '107', '11.36']
['ETH-USD', '5m', 'E@br+H', '2021-06-01', '2021-10-01', '135', '33.76', '-30.0', 139, '41', '0.39', '1.48', '4.55', '5', '8', 1740, -1006, '56', '79', '11.36']
['ETH-USD', '5m', '6@)H5H', '2021-06-01', '2021-10-01', '238', '-8.59', '-20.0', -24, '45', '-0.14', '-0.36', '-1.15', '6', '7', 213, -370, '107', '131', '11.36']
['ETH-USD', '5m', ';@VQ5H', '2021-06-01', '2021-10-01', '192', '10.04', '-37.0', 33, '36', '0.09', '0.75', '0.91', '5', '9', 1495, -630, '70', '122', '11.36']
['ETH-USD', '5m', '@@K\\5M', '2021-06-01', '2021-10-01', '166', '29.27', '-33.0', 116, '38', '0.44', '1.33', '3.54', '5', '8', 1599, -609, '63', '103', '11.36']
['ETH-USD', '5m', '<(XHw>', '2021-06-01', '2021-10-01', '321', '-6.74', '-41.0', -19, '32', '-0.05', '0.14', '-0.46', '3', '10', 1114, -598, '103', '218', '11.36']
['ETH-USD', '5m', '@<VQ5H', '2021-06-01', '2021-10-01', '184', '27.34', '-27.0', 106, '37', '0.64', '1.27', '4.0', '5', '8', 1540, -703, '68', '116', '11.36']
['ETH-USD', '5m', '@@Q^5N', '2021-06-01', '2021-10-01', '164', '30.77', '-29.0', 123, '37', '0.64', '1.35', '4.29', '6', '8', 1803, -621, '61', '103', '11.36']
['ETH-USD', '5m', '@@P(5H', '2021-06-01', '2021-10-01', '175', '5.24', '-23.0', 17, '53', '0.11', '0.56', '0.73', '7', '7', 262, -536, '93', '82', '11.36']
['ETH-USD', '5m', '@@K`*H', '2021-06-01', '2021-10-01', '156', '38.32', '-30.0', 164, '40', '0.71', '1.59', '5.54', '5', '8', 1738, -651, '63', '93', '11.36']
['ETH-USD', '5m', '@Efc5X', '2021-06-01', '2021-10-01', '142', '11.81', '-31.0', 40, '39', '0.14', '0.81', '1.3', '5', '7', 1974, -840, '55', '87', '11.36']
['ETH-USD', '5m', '@@VM5H', '2021-06-01', '2021-10-01', '173', '20.71', '-35.0', 76, '37', '0.28', '1.08', '2.18', '5', '8', 1441, -623, '64', '109', '11.36']
['ETH-USD', '5m', '@@Kg5H', '2021-06-01', '2021-10-01', '173', '26.51', '-29.0', 102, '38', '0.51', '1.23', '3.47', '5', '8', 1776, -605, '66', '107', '11.36']
['ETH-USD', '5m', 'EVbrKH', '2021-06-01', '2021-10-01', '108', '34.93', '-18.0', 145, '36', '1.7', '1.55', '7.97', '3', '8', 2495, -818, '39', '69', '11.36']
['ETH-USD', '5m', '@@Q[E.', '2021-06-01', '2021-10-01', '180', '39.26', '-28.0', 169, '39', '0.82', '1.56', '6.12', '6', '8', 1855, -677, '70', '110', '11.36']
['ETH-USD', '5m', '64EH5H', '2021-06-01', '2021-10-01', '343', '-20.94', '-39.0', -50, '30', '-0.12', '-0.51', '-1.28', '4', '11', 699, -466, '102', '241', '11.36']
['ETH-USD', '5m', 'a453+L', '2021-06-01', '2021-10-01', '121', '36.85', '-12.0', 156, '61', '1.62', '2.41', '12.82', '10', '4', 292, -496, '74', '47', '11.36']
['ETH-USD', '5m', '6@kl5H', '2021-06-01', '2021-10-01', '236', '-20.52', '-48.0', -50, '33', '-0.08', '-0.49', '-1.04', '7', '8', 988, -616, '79', '157', '11.36']
['ETH-USD', '5m', '@;7(5H', '2021-06-01', '2021-10-01', '191', '-8.98', '-15.0', -25, '66', '-0.23', '-0.6', '-1.62', '11', '4', 104, -375, '127', '64', '11.36']
['ETH-USD', '5m', '@@:(5H', '2021-06-01', '2021-10-01', '175', '0.48', '-22.0', 1, '66', '0.01', '0.23', '0.06', '10', '4', 140, -563, '116', '59', '11.36']
['ETH-USD', '5m', 'l@VCM)', '2021-06-01', '2021-10-01', '120', '52.45', '-31.0', 253, '38', '0.63', '2.12', '8.13', '4', '8', 1365, -1016, '46', '74', '11.36']
['ETH-USD', '5m', 'uDfHJH', '2021-06-01', '2021-10-01', '94', '21.39', '-30.0', 79, '43', '0.33', '1.16', '2.62', '4', '8', 1476, -789, '40', '54', '11.36']
['ETH-USD', '5m', '^@Q^58', '2021-06-01', '2021-10-01', '128', '30.24', '-31.0', 120, '38', '0.52', '1.37', '3.91', '4', '8', 1772, -707, '48', '80', '11.36']
['ETH-USD', '5m', 'N@ir(Y', '2021-06-01', '2021-10-01', '105', '8.5', '-31.0', 28, '40', '0.09', '0.69', '0.89', '4', '8', 1393, -821, '42', '63', '11.36']
['ETH-USD', '5m', '@@If5H', '2021-06-01', '2021-10-01', '173', '28.3', '-30.0', 111, '38', '0.5', '1.28', '3.66', '5', '8', 1743, -614, '66', '107', '11.36']
['ETH-USD', '5m', '@@SXE.', '2021-06-01', '2021-10-01', '180', '37.78', '-28.0', 161, '38', '0.77', '1.53', '5.75', '6', '8', 1852, -672, '69', '111', '11.36']
['ETH-USD', '5m', 'v@fH5H', '2021-06-01', '2021-10-01', '95', '44.71', '-31.0', 202, '44', '0.84', '1.83', '6.57', '6', '9', 1723, -939, '42', '53', '11.36']
['ETH-USD', '5m', '@@K]5H', '2021-06-01', '2021-10-01', '173', '25.94', '-33.0', 99, '38', '0.39', '1.23', '3.03', '5', '8', 1613, -604, '66', '107', '11.36']
['ETH-USD', '5m', 'N@lr(Y', '2021-06-01', '2021-10-01', '105', '10.85', '-30.0', 36, '40', '0.12', '0.78', '1.19', '4', '8', 1422, -863, '42', '63', '11.36']
['ETH-USD', '5m', 'S@RX9@', '2021-06-01', '2021-10-01', '140', '38.08', '-26.0', 163, '36', '1.0', '1.53', '6.3', '3', '8', 1745, -840, '50', '90', '11.36']
['ETH-USD', '5m', 'F@bH<e', '2021-06-01', '2021-10-01', '62', '67.42', '-22.0', 367, '48', '1.04', '2.8', '16.98', '7', '4', 2118, -1204, '30', '32', '11.36']
['ETH-USD', '5m', '@@Kd5H', '2021-06-01', '2021-10-01', '173', '21.06', '-31.0', 77, '38', '0.36', '1.09', '2.53', '5', '8', 1652, -578, '66', '107', '11.36']
['ETH-USD', '5m', 's@VQ5D', '2021-06-01', '2021-10-01', '98', '41.73', '-35.0', 184, '46', '0.46', '1.75', '5.3', '4', '8', 1755, -805, '45', '53', '11.36']
['ETH-USD', '5m', 'N@qr(Y', '2021-06-01', '2021-10-01', '105', '9.89', '-31.0', 33, '40', '0.11', '0.74', '1.07', '4', '8', 1422, -888, '42', '63', '11.36']
['ETH-USD', '5m', '@@VNM)', '2021-06-01', '2021-10-01', '180', '30.18', '-31.0', 120, '38', '0.47', '1.36', '3.82', '6', '8', 1599, -674, '69', '111', '11.36']
['ETH-USD', '5m', 'N@rt(Y', '2021-06-01', '2021-10-01', '105', '9.51', '-31.0', 31, '40', '0.1', '0.73', '1.02', '4', '8', 1412, -895, '42', '63', '11.36']
['ETH-USD', '5m', 'N@r^(Y', '2021-06-01', '2021-10-01', '105', '9.51', '-31.0', 31, '40', '0.1', '0.73', '1.02', '4', '8', 1412, -895, '42', '63', '11.36']
['ETH-USD', '5m', 'N@rh(Y', '2021-06-01', '2021-10-01', '105', '9.51', '-31.0', 31, '40', '0.1', '0.73', '1.02', '4', '8', 1412, -895, '42', '63', '11.36']
['ETH-USD', '5m', '+@Rr9.', '2021-06-01', '2021-10-01', '468', '-35.96', '-36.0', -74, '24', '-0.24', '-0.95', '-2.05', '5', '12', 1168, -430, '111', '357', '11.36']
['ETH-USD', '5m', 'F;b(49', '2021-06-01', '2021-10-01', '181', '43.32', '-19.0', 194, '46', '1.39', '2.26', '10.44', '6', '7', 487, -780, '84', '97', '11.36']
['ETH-USD', '5m', 'N@rrLY', '2021-06-01', '2021-10-01', '52', '41.79', '-17.0', 184, '48', '2.24', '2.14', '11.12', '4', '6', 1910, -1014, '25', '27', '11.36']
['ETH-USD', '5m', 'r@C^E8', '2021-06-01', '2021-10-01', '112', '72.92', '-32.0', 415, '44', '0.94', '2.6', '13.16', '4', '8', 1755, -834, '49', '63', '11.36']
['ETH-USD', '5m', '@DK`5H', '2021-06-01', '2021-10-01', '170', '35.45', '-31.0', 148, '37', '0.43', '1.45', '4.82', '5', '8', 1918, -792, '63', '107', '11.36']
['ETH-USD', '5m', '@4K()H', '2021-06-01', '2021-10-01', '211', '24.89', '-23.0', 94, '54', '0.37', '1.66', '4.03', '11', '6', 284, -685, '113', '98', '11.36']
['ETH-USD', '5m', 'v@DrE.', '2021-06-01', '2021-10-01', '113', '61.35', '-32.0', 318, '43', '0.94', '2.21', '9.81', '4', '10', 2057, -798, '49', '64', '11.36']
['ETH-USD', '5m', '@Jed<H', '2021-06-01', '2021-10-01', '152', '1.89', '-22.0', 6, '39', '0.05', '0.48', '0.26', '3', '7', 1844, -659, '59', '93', '11.36']
['ETH-USD', '5m', 'Nirr(Y', '2021-06-01', '2021-10-01', '57', '9.67', '-23.0', 32, '30', '0.18', '0.74', '1.4', '2', '9', 2762, -622, '17', '40', '11.36']
['ETH-USD', '5m', 'v@CrE.', '2021-06-01', '2021-10-01', '113', '60.68', '-32.0', 313, '43', '0.92', '2.22', '9.71', '4', '10', 2002, -789, '49', '64', '11.36']
['ETH-USD', '5m', '@@\\rE3', '2021-06-01', '2021-10-01', '180', '10.14', '-32.0', 34, '38', '0.15', '0.76', '1.05', '6', '8', 1688, -621, '69', '111', '11.36']
['ETH-USD', '5m', '@@crE.', '2021-06-01', '2021-10-01', '180', '8.0', '-32.0', 26, '38', '0.11', '0.69', '0.81', '4', '8', 1655, -652, '68', '112', '11.36']
['ETH-USD', '5m', '4DKp5H', '2021-06-01', '2021-10-01', '229', '-3.12', '-40.0', -9, '34', '-0.02', '0.28', '-0.23', '7', '8', 1521, -504, '79', '150', '11.36']
['ETH-USD', '5m', '@@di58', '2021-06-01', '2021-10-01', '180', '7.31', '-32.0', 24, '38', '0.1', '0.66', '0.73', '4', '8', 1644, -656, '68', '112', '11.36']
['ETH-USD', '5m', '@@drp.', '2021-06-01', '2021-10-01', '180', '7.31', '-32.0', 24, '38', '0.1', '0.66', '0.73', '4', '8', 1644, -656, '68', '112', '11.36']
['ETH-USD', '5m', 'S@R]-a', '2021-06-01', '2021-10-01', '98', '70.08', '-20.0', 390, '42', '2.85', '2.52', '19.36', '4', '7', 2142, -968, '41', '57', '11.36']
['ETH-USD', '5m', 'nASOK+', '2021-06-01', '2021-10-01', '116', '56.08', '-32.0', 279, '41', '0.77', '2.1', '8.61', '4', '10', 1786, -1016, '48', '68', '11.36']
['ETH-USD', '5m', 'ADK()H', '2021-06-01', '2021-10-01', '148', '0.47', '-18.0', 1, '56', '0.01', '0.26', '0.08', '8', '4', 224, -531, '83', '65', '11.36']
['ETH-USD', '5m', '6@O(5v', '2021-06-01', '2021-10-01', '40', '5.23', '-12.0', 16, '57', '0.15', '0.68', '1.33', '3', '4', 242, -618, '23', '17', '11.36']
['ETH-USD', '5m', '@@fn)I', '2021-06-01', '2021-10-01', '151', '29.36', '-32.0', 116, '40', '0.49', '1.35', '3.65', '5', '8', 2016, -798, '60', '91', '11.36']
['ETH-USD', '5m', '@@krp.', '2021-06-01', '2021-10-01', '180', '6.77', '-33.0', 22, '38', '0.09', '0.65', '0.66', '6', '8', 1644, -700, '69', '111', '11.36']
['ETH-USD', '5m', '@@kro8', '2021-06-01', '2021-10-01', '180', '6.77', '-33.0', 22, '38', '0.09', '0.65', '0.66', '6', '8', 1644, -700, '69', '111', '11.36']
['ETH-USD', '5m', '4GPs07', '2021-06-01', '2021-10-01', '229', '-11.25', '-43.0', -30, '32', '-0.06', '-0.02', '-0.69', '4', '9', 1673, -528, '73', '156', '11.36']
['ETH-USD', '5m', '@@lrE3', '2021-06-01', '2021-10-01', '180', '6.49', '-33.0', 21, '38', '0.09', '0.64', '0.63', '6', '8', 1644, -705, '69', '111', '11.36']
['ETH-USD', '5m', '@@lrE.', '2021-06-01', '2021-10-01', '180', '6.49', '-33.0', 21, '38', '0.09', '0.64', '0.63', '6', '8', 1644, -705, '69', '111', '11.36']
['ETH-USD', '5m', '@@lro8', '2021-06-01', '2021-10-01', '180', '6.49', '-33.0', 21, '38', '0.09', '0.64', '0.63', '6', '8', 1644, -705, '69', '111', '11.36']
['ETH-USD', '5m', '@@mrf.', '2021-06-01', '2021-10-01', '180', '5.93', '-33.0', 19, '38', '0.08', '0.62', '0.57', '6', '8', 1633, -709, '69', '111', '11.36']
['ETH-USD', '5m', '@@mr<.', '2021-06-01', '2021-10-01', '180', '5.93', '-33.0', 19, '38', '0.08', '0.62', '0.57', '6', '8', 1633, -709, '69', '111', '11.36']
['ETH-USD', '5m', '6@G(5H', '2021-06-01', '2021-10-01', '238', '-22.04', '-25.0', -53, '50', '-0.19', '-1.4', '-2.1', '7', '7', 170, -418, '120', '118', '11.36']
['ETH-USD', '5m', '@@qrf.', '2021-06-01', '2021-10-01', '180', '4.4', '-33.0', 14, '38', '0.06', '0.57', '0.42', '6', '8', 1622, -725, '69', '111', '11.36']
['ETH-USD', '5m', '@@prf.', '2021-06-01', '2021-10-01', '180', '4.77', '-33.0', 15, '38', '0.06', '0.58', '0.45', '6', '8', 1622, -720, '69', '111', '11.36']
['ETH-USD', '5m', '@@prE.', '2021-06-01', '2021-10-01', '180', '4.77', '-33.0', 15, '38', '0.06', '0.58', '0.45', '6', '8', 1622, -720, '69', '111', '11.36']
['ETH-USD', '5m', '-@HBEH', '2021-06-01', '2021-10-01', '266', '27.51', '-26.0', 107, '30', '0.57', '1.37', '4.15', '4', '9', 934, -590, '80', '186', '11.36']
['ETH-USD', '5m', '@@ar5M', '2021-06-01', '2021-10-01', '166', '2.85', '-34.0', 9, '37', '0.04', '0.51', '0.25', '5', '8', 1611, -626, '61', '105', '11.36']
['ETH-USD', '5m', '@Efd5X', '2021-06-01', '2021-10-01', '142', '7.17', '-31.0', 23, '39', '0.07', '0.65', '0.75', '5', '7', 1493, -840, '55', '87', '11.36']
['ETH-USD', '5m', '@Efn5X', '2021-06-01', '2021-10-01', '142', '7.17', '-31.0', 23, '39', '0.07', '0.65', '0.75', '5', '7', 1493, -840, '55', '87', '11.36']
['ETH-USD', '5m', '@Efl5X', '2021-06-01', '2021-10-01', '142', '7.17', '-31.0', 23, '39', '0.07', '0.65', '0.75', '5', '7', 1493, -840, '55', '87', '11.36']
['ETH-USD', '5m', '*FPCe8', '2021-06-01', '2021-10-01', '432', '-6.75', '-35.0', -19, '24', '-0.08', '0.13', '-0.54', '4', '20', 880, -391, '104', '328', '11.36']
['ETH-USD', '5m', 'fDbrZH', '2021-06-01', '2021-10-01', '92', '26.32', '-33.0', 101, '38', '0.33', '1.29', '3.08', '2', '8', 1571, -931, '35', '57', '11.36']
['ETH-USD', '5m', '6@O(5r', '2021-06-01', '2021-10-01', '57', '8.71', '-17.0', 28, '58', '0.19', '0.96', '1.7', '4', '5', 265, -660, '33', '24', '11.36']
['ETH-USD', '5m', ':@Qf5H', '2021-06-01', '2021-10-01', '204', '-16.84', '-38.0', -42, '35', '-0.11', '-0.25', '-1.12', '5', '9', 1507, -493, '71', '133', '11.36']
['ETH-USD', '5m', '@@VS5H', '2021-06-01', '2021-10-01', '173', '21.85', '-32.0', 81, '37', '0.33', '1.11', '2.49', '5', '8', 1678, -653, '64', '109', '11.36']
['ETH-USD', '5m', 'mDJ`w3', '2021-06-01', '2021-10-01', '108', '60.64', '-29.0', 313, '44', '0.98', '2.28', '10.81', '4', '8', 1946, -873, '47', '61', '11.36']
['ETH-USD', '5m', ':@V_5H', '2021-06-01', '2021-10-01', '204', '-17.33', '-39.0', -43, '35', '-0.11', '-0.26', '-1.12', '5', '9', 1513, -520, '71', '133', '11.36']
['ETH-USD', '5m', 'w@\\(<H', '2021-06-01', '2021-10-01', '99', '34.36', '-24.0', 142, '59', '0.36', '2.17', '5.84', '6', '10', 408, -841, '58', '41', '11.36']
['ETH-USD', '5m', 'FEbr<0', '2021-06-01', '2021-10-01', '154', '-9.84', '-26.0', -27, '36', '-0.21', '0.08', '-1.03', '3', '6', 1257, -625, '55', '99', '11.36']
['ETH-USD', '5m', 'F@bH<d', '2021-06-01', '2021-10-01', '66', '75.34', '-26.0', 437, '47', '0.78', '2.94', '16.53', '7', '6', 2362, -1342, '31', '35', '11.36']
['ETH-USD', '5m', 'F@bH<c', '2021-06-01', '2021-10-01', '67', '72.21', '-26.0', 408, '46', '0.75', '2.84', '15.47', '7', '6', 2318, -1319, '31', '36', '11.36']
['ETH-USD', '5m', 'S@R]-^', '2021-06-01', '2021-10-01', '102', '58.7', '-19.0', 298, '41', '2.48', '2.2', '15.77', '4', '7', 2072, -926, '42', '60', '11.36']
['ETH-USD', '5m', '\\GF[LF', '2021-06-01', '2021-10-01', '113', '60.93', '-28.0', 315, '39', '1.1', '2.25', '11.29', '2', '9', 1677, -877, '44', '69', '11.36']
['ETH-USD', '5m', 'F@)(<H', '2021-06-01', '2021-10-01', '161', '5.17', '-15.0', 16, '84', '0.16', '0.78', '1.12', '41', '3', 50, -399, '136', '25', '11.36']
['ETH-USD', '5m', '@@tr5I', '2021-06-01', '2021-10-01', '173', '-8.02', '-36.0', -22, '37', '-0.09', '0.13', '-0.62', '5', '8', 1490, -686, '64', '109', '11.36']
['ETH-USD', '5m', '@@v_5H', '2021-06-01', '2021-10-01', '173', '-7.19', '-36.0', -20, '37', '-0.08', '0.16', '-0.56', '5', '8', 1512, -703, '64', '109', '11.36']
['ETH-USD', '5m', '@7V(59', '2021-06-01', '2021-10-01', '238', '-18.36', '-34.0', -45, '43', '-0.12', '-0.9', '-1.34', '5', '8', 268, -513, '103', '135', '11.36']
['ETH-USD', '5m', '-@CBLH', '2021-06-01', '2021-10-01', '233', '27.67', '-29.0', 108, '31', '0.41', '1.41', '3.66', '4', '9', 909, -631, '73', '160', '11.36']
['ETH-USD', '5m', 'A+Rr3.', '2021-06-01', '2021-10-01', '335', '-32.27', '-47.0', -69, '32', '-0.14', '-1.01', '-1.47', '4', '11', 1287, -488, '108', '227', '11.36']
['ETH-USD', '5m', 'F;bR<H', '2021-06-01', '2021-10-01', '169', '15.03', '-32.0', 52, '37', '0.14', '0.91', '1.64', '8', '8', 2021, -846, '62', '107', '11.36']
['ETH-USD', '5m', '-@CBIH', '2021-06-01', '2021-10-01', '249', '2.89', '-31.0', 9, '29', '0.04', '0.47', '0.29', '4', '9', 761, -528, '73', '176', '11.36']
['ETH-USD', '5m', '.C:1mO', '2021-06-01', '2021-10-01', '20', '4.25', '-6.0', 13, '50', '0.25', '0.83', '2.14', '4', '3', 238, -313, '10', '10', '11.36']
['ETH-USD', '5m', '@,K()H', '2021-06-01', '2021-10-01', '280', '-17.8', '-39.0', -44, '49', '-0.07', '-0.93', '-1.13', '5', '6', 243, -568, '136', '144', '11.36']
['ETH-USD', '5m', 'S@RX9Y', '2021-06-01', '2021-10-01', '103', '56.26', '-22.0', 280, '40', '1.84', '2.13', '12.92', '4', '8', 1990, -977, '41', '62', '11.36']
['ETH-USD', '5m', 'FEbJ<X', '2021-06-01', '2021-10-01', '108', '50.79', '-20.0', 242, '39', '1.57', '1.94', '11.81', '4', '6', 1939, -1013, '42', '66', '11.36']
['ETH-USD', '5m', '/6@=[A', '2021-06-01', '2021-10-01', '372', '-8.71', '-22.0', -24, '30', '-0.15', '-0.04', '-1.07', '3', '12', 493, -418, '110', '262', '11.36']
['ETH-USD', '5m', '@=V_5H', '2021-06-01', '2021-10-01', '174', '12.63', '-27.0', 43, '37', '0.25', '0.83', '1.6', '6', '7', 1831, -677, '65', '109', '11.36']
['ETH-USD', '5m', 'N@rr(1', '2021-06-01', '2021-10-01', '121', '-7.88', '-32.0', -22, '37', '-0.07', '0.07', '-0.67', '4', '8', 1303, -851, '45', '76', '11.36']
['ETH-USD', '5m', 'wEbr<X', '2021-06-01', '2021-10-01', '66', '-9.98', '-25.0', -27, '39', '-0.12', '-0.23', '-1.08', '4', '4', 1269, -629, '26', '40', '11.36']
['ETH-USD', '5m', 'FEbr/X', '2021-06-01', '2021-10-01', '131', '-5.68', '-22.0', -16, '37', '-0.13', '0.17', '-0.71', '3', '5', 1411, -682, '49', '82', '11.36']
['ETH-USD', '5m', 'SXRQ9E', '2021-06-01', '2021-10-01', '98', '22.91', '-23.0', 85, '34', '0.39', '1.21', '3.78', '5', '7', 1429, -621, '33', '65', '11.36']
['ETH-USD', '5m', '@Bfl5X', '2021-06-01', '2021-10-01', '135', '-3.9', '-41.0', -11, '40', '-0.02', '0.21', '-0.28', '7', '8', 1563, -774, '54', '81', '11.36']
['ETH-USD', '5m', 'F+/6)X', '2021-06-01', '2021-10-01', '214', '-23.33', '-33.0', -55, '51', '-0.1', '-1.6', '-1.68', '8', '5', 176, -382, '109', '105', '11.36']
['ETH-USD', '5m', '@=fn5I', '2021-06-01', '2021-10-01', '174', '-3.85', '-31.0', -11, '37', '-0.06', '0.27', '-0.36', '6', '7', 1681, -696, '64', '110', '11.36']
['ETH-USD', '5m', 'SmeiO:', '2021-06-01', '2021-10-01', '94', '-20.8', '-29.0', -50, '27', '-0.19', '-0.48', '-1.74', '2', '8', 1937, -482, '25', '69', '11.36']
['ETH-USD', '5m', 'VoqrmB', '2021-06-01', '2021-10-01', '77', '-18.38', '-30.0', -46, '31', '-0.12', '-0.39', '-1.51', '2', '7', 2194, -516, '24', '53', '11.36']
['ETH-USD', '5m', 'Q*7rS\\', '2021-06-01', '2021-10-01', '14', '17.84', '-7.0', 63, '57', '0.59', '2.78', '8.83', '4', '3', 1000, -292, '8', '6', '11.36']
