['Pair', 'TF', 'Dna', 'Start Date', 'End Date', 'Total Trades', 'Total Net Profit', 'Max.DD', 'Annual Profit', 'Winrate', 'Sharpe', 'Calmar', 'Serenity', 'Winning Strike', 'Losing Strike', 'Largest Winning', 'Largest Losing', 'Num. of Wins', 'Num. of Losses', 'Market Change']
['ETH-USD', '5m', '-@CBEU', '2021-08-15', '2021-10-01', '41', '4.8', '-8.0', 44, '39', '0.18', '1.71', '5.59', '4', '4', 293, -242, '16', '25', '-8.25']
['ETH-USD', '5m', 'i-a0;b', '2021-08-15', '2021-10-01', '17', '6.93', '-5.0', 68, '53', '0.87', '2.75', '14.73', '5', '4', 264, -262, '9', '8', '-8.25']
['ETH-USD', '5m', '-@CBLH', '2021-08-15', '2021-10-01', '85', '-8.48', '-16.0', -50, '27', '-0.1', '-1.83', '-3.19', '3', '8', 284, -219, '23', '62', '-8.25']
['ETH-USD', '5m', '@DK7)H', '2021-08-15', '2021-10-01', '52', '1.04', '-7.0', 8, '33', '0.07', '0.45', '1.29', '3', '8', 236, -194, '17', '35', '-8.25']
['ETH-USD', '5m', 'F=v(49', '2021-08-15', '2021-10-01', '60', '7.79', '-6.0', 79, '38', '0.72', '2.32', '13.15', '3', '6', 205, -274, '23', '37', '-8.25']
['ETH-USD', '5m', 'F=w(49', '2021-08-15', '2021-10-01', '60', '8.26', '-6.0', 85, '38', '0.84', '2.44', '14.59', '3', '6', 208, -278, '23', '37', '-8.25']
['ETH-USD', '5m', 'F=c(49', '2021-08-15', '2021-10-01', '60', '1.91', '-8.0', 16, '42', '0.07', '0.74', '1.97', '3', '6', 154, -229, '25', '35', '-8.25']
['ETH-USD', '5m', 'F=b(4)', '2021-08-15', '2021-10-01', '60', '1.2', '-8.0', 10, '42', '0.04', '0.51', '1.15', '3', '6', 151, -226, '25', '35', '-8.25']
['ETH-USD', '5m', 'F=b(<9', '2021-08-15', '2021-10-01', '60', '1.2', '-8.0', 10, '42', '0.04', '0.51', '1.15', '3', '6', 151, -226, '25', '35', '-8.25']
['ETH-USD', '5m', 'F=b(G9', '2021-08-15', '2021-10-01', '59', '2.33', '-8.0', 20, '42', '0.08', '0.89', '2.35', '3', '6', 153, -227, '25', '34', '-8.25']
['ETH-USD', '5m', 'F=b(C9', '2021-08-15', '2021-10-01', '60', '1.2', '-8.0', 10, '42', '0.04', '0.51', '1.15', '3', '6', 151, -226, '25', '35', '-8.25']
['ETH-USD', '5m', 'F=b(/9', '2021-08-15', '2021-10-01', '59', '2.38', '-7.0', 20, '42', '0.11', '0.86', '2.74', '3', '6', 151, -227, '25', '34', '-8.25']
['ETH-USD', '5m', 'F=b(t9', '2021-08-15', '2021-10-01', '59', '2.33', '-8.0', 20, '42', '0.08', '0.89', '2.35', '3', '6', 153, -227, '25', '34', '-8.25']
['ETH-USD', '5m', 'F=b(o9', '2021-08-15', '2021-10-01', '59', '2.33', '-8.0', 20, '42', '0.08', '0.89', '2.35', '3', '6', 153, -227, '25', '34', '-8.25']
['ETH-USD', '5m', '@5KHpH', '2021-08-15', '2021-10-01', '28', '11.59', '-7.0', 134, '46', '0.97', '3.19', '18.45', '3', '3', 410, -291, '13', '15', '-8.25']
['ETH-USD', '5m', '@5KHlH', '2021-08-15', '2021-10-01', '38', '8.32', '-8.0', 86, '39', '0.61', '2.2', '10.97', '3', '4', 401, -282, '15', '23', '-8.25']
['ETH-USD', '5m', '@Z7(5H', '2021-08-15', '2021-10-01', '47', '5.92', '-4.0', 56, '74', '1.85', '2.83', '14.77', '10', '3', 55, -210, '35', '12', '-8.25']
['ETH-USD', '5m', 'H@k(5H', '2021-08-15', '2021-10-01', '48', '4.43', '-6.0', 40, '46', '0.59', '1.42', '6.85', '4', '5', 177, -261, '22', '26', '-8.25']
['ETH-USD', '5m', 'F=b(4E', '2021-08-15', '2021-10-01', '59', '2.38', '-7.0', 20, '42', '0.11', '0.86', '2.74', '3', '6', 151, -227, '25', '34', '-8.25']
['ETH-USD', '5m', 'F=b(19', '2021-08-15', '2021-10-01', '59', '2.38', '-7.0', 20, '42', '0.11', '0.86', '2.74', '3', '6', 151, -227, '25', '34', '-8.25']
['ETH-USD', '5m', 'F=b(l9', '2021-08-15', '2021-10-01', '59', '2.33', '-8.0', 20, '42', '0.08', '0.89', '2.35', '3', '6', 153, -227, '25', '34', '-8.25']
['ETH-USD', '5m', 'F=b(;9', '2021-08-15', '2021-10-01', '60', '1.2', '-8.0', 10, '42', '0.04', '0.51', '1.15', '3', '6', 151, -226, '25', '35', '-8.25']
['ETH-USD', '5m', 'F=b(79', '2021-08-15', '2021-10-01', '60', '1.2', '-8.0', 10, '42', '0.04', '0.51', '1.15', '3', '6', 151, -226, '25', '35', '-8.25']
['ETH-USD', '5m', 'pE-2<-', '2021-08-15', '2021-10-01', '42', '6.42', '-3.0', 62, '71', '1.54', '4.5', '21.11', '7', '2', 66, -141, '30', '12', '-8.25']
['ETH-USD', '5m', '-@CBIH', '2021-08-15', '2021-10-01', '88', '-10.23', '-16.0', -57, '26', '-0.12', '-2.2', '-3.46', '3', '8', 284, -219, '23', '65', '-8.25']
['ETH-USD', '5m', 'F=b()9', '2021-08-15', '2021-10-01', '52', '3.4', '-6.0', 30, '44', '0.23', '1.23', '5.11', '3', '5', 153, -212, '23', '29', '-8.25']
['ETH-USD', '5m', 'F=b(*9', '2021-08-15', '2021-10-01', '53', '2.03', '-7.0', 17, '43', '0.1', '0.77', '2.4', '3', '6', 152, -230, '23', '30', '-8.25']
['ETH-USD', '5m', 'F:b(49', '2021-08-15', '2021-10-01', '61', '3.72', '-7.0', 33, '44', '0.35', '1.13', '4.62', '3', '5', 156, -271, '27', '34', '-8.25']
['ETH-USD', '5m', 'F;b(49', '2021-08-15', '2021-10-01', '65', '-2.6', '-10.0', -18, '38', '-0.08', '-0.63', '-1.93', '3', '5', 153, -255, '25', '40', '-8.25']
['ETH-USD', '5m', '6@EH]H', '2021-08-15', '2021-10-01', '50', '5.2', '-12.0', 48, '36', '0.2', '1.32', '4.07', '2', '8', 347, -255, '18', '32', '-8.25']
['ETH-USD', '5m', 's+Q?QX', '2021-08-15', '2021-10-01', '13', '0.55', '-3.0', 4, '54', '0.18', '0.36', '1.34', '3', '3', 337, -197, '7', '6', '-8.25']
['ETH-USD', '5m', '6@O(`H', '2021-08-15', '2021-10-01', '46', '0.82', '-10.0', 7, '50', '0.02', '0.4', '0.63', '5', '6', 111, -280, '23', '23', '-8.25']
['ETH-USD', '5m', '@DK9)H', '2021-08-15', '2021-10-01', '52', '4.36', '-5.0', 39, '33', '0.39', '1.43', '7.25', '3', '8', 264, -198, '17', '35', '-8.25']
['ETH-USD', '5m', '@DK:)H', '2021-08-15', '2021-10-01', '52', '3.28', '-7.0', 28, '31', '0.28', '1.03', '3.89', '3', '8', 272, -195, '16', '36', '-8.25']
['ETH-USD', '5m', 'j/vPJ_', '2021-08-15', '2021-10-01', '11', '18.84', '-2.0', 282, '73', '38.75', '4.67', '115.95', '4', '2', 943, -137, '8', '3', '-8.25']
['ETH-USD', '5m', 'VoqrmB', '2021-08-15', '2021-10-01', '27', '-10.8', '-11.0', -59, '30', '-0.24', '-2.23', '-5.32', '2', '7', 491, -267, '8', '19', '-8.25']
['ETH-USD', '5m', 'DH1/g8', '2021-08-15', '2021-10-01', '56', '1.4', '-6.0', 11, '61', '0.09', '0.64', '1.79', '8', '6', 69, -177, '34', '22', '-8.25']
['ETH-USD', '5m', 'STRr9.', '2021-08-15', '2021-10-01', '41', '3.95', '-10.0', 35, '27', '0.36', '0.93', '3.69', '2', '11', 893, -233, '11', '30', '-8.25']
['ETH-USD', '5m', 'EVbrKH', '2021-08-15', '2021-10-01', '41', '-1.61', '-9.0', -12, '37', '-0.13', '-0.17', '-1.38', '3', '8', 747, -239, '15', '26', '-8.25']
['ETH-USD', '5m', '-@HBEH', '2021-08-15', '2021-10-01', '97', '-5.2', '-14.0', -34, '28', '-0.1', '-0.98', '-2.49', '3', '9', 316, -219, '27', '70', '-8.25']
['ETH-USD', '5m', '@>KH58', '2021-08-15', '2021-10-01', '60', '7.15', '-9.0', 71, '37', '0.62', '1.58', '8.02', '3', '5', 417, -226, '22', '38', '-8.25']
['ETH-USD', '5m', 'h5KH,H', '2021-08-15', '2021-10-01', '36', '12.02', '-6.0', 142, '42', '2.71', '3.19', '25.46', '4', '6', 424, -224, '15', '21', '-8.25']
['ETH-USD', '5m', 'F@\\(=H', '2021-08-15', '2021-10-01', '47', '11.64', '-5.0', 135, '60', '2.75', '3.57', '28.53', '5', '3', 152, -270, '28', '19', '-8.25']
['ETH-USD', '5m', 'F@\\(1H', '2021-08-15', '2021-10-01', '45', '11.79', '-4.0', 138, '60', '3.53', '3.62', '31.61', '5', '3', 150, -266, '27', '18', '-8.25']
['ETH-USD', '5m', 'E@\\(<H', '2021-08-15', '2021-10-01', '50', '10.53', '-5.0', 118, '58', '2.46', '3.15', '24.86', '5', '3', 150, -268, '29', '21', '-8.25']
['ETH-USD', '5m', '@=b(49', '2021-08-15', '2021-10-01', '65', '3.0', '-8.0', 26, '43', '0.22', '0.98', '3.15', '5', '7', 155, -289, '28', '37', '-8.25']
['ETH-USD', '5m', 'F=A(49', '2021-08-15', '2021-10-01', '62', '3.81', '-7.0', 34, '63', '0.27', '1.54', '5.05', '10', '3', 79, -264, '39', '23', '-8.25']
['ETH-USD', '5m', '@=VU59', '2021-08-15', '2021-10-01', '65', '0.45', '-8.0', 4, '32', '0.05', '0.28', '0.42', '3', '7', 613, -253, '21', '44', '-8.25']
['ETH-USD', '5m', '@7V(59', '2021-08-15', '2021-10-01', '84', '-7.74', '-15.0', -46, '39', '-0.08', '-2.33', '-3.09', '4', '8', 124, -279, '33', '51', '-8.25']
['ETH-USD', '5m', '6@O(XH', '2021-08-15', '2021-10-01', '55', '3.73', '-12.0', 33, '53', '0.07', '1.37', '2.76', '5', '7', 114, -280, '29', '26', '-8.25']
['ETH-USD', '5m', 'EIi]=.', '2021-08-15', '2021-10-01', '56', '-0.64', '-11.0', -5, '30', '-0.03', '0.11', '-0.45', '3', '10', 913, -285, '17', '39', '-8.25']
['ETH-USD', '5m', 'NV]SmJ', '2021-08-15', '2021-10-01', '26', '15.14', '-8.0', 199, '46', '1.71', '3.19', '26.27', '5', '4', 708, -157, '12', '14', '-8.25']
['ETH-USD', '5m', 'a453+L', '2021-08-15', '2021-10-01', '43', '-1.17', '-6.0', -9, '51', '-0.06', '-0.35', '-1.44', '4', '4', 103, -179, '22', '21', '-8.25']
['ETH-USD', '5m', '/StC32', '2021-08-15', '2021-10-01', '86', '0.38', '-12.0', 3, '26', '0.02', '0.27', '0.25', '2', '10', 636, -273, '22', '64', '-8.25']
['ETH-USD', '5m', 'SmeiO:', '2021-08-15', '2021-10-01', '33', '-13.15', '-13.0', -67, '24', '-0.27', '-2.83', '-5.06', '2', '8', 495, -246, '8', '25', '-8.25']
['ETH-USD', '5m', '6Ib]=.', '2021-08-15', '2021-10-01', '62', '10.76', '-12.0', 121, '31', '0.72', '1.92', '10.01', '3', '5', 861, -308, '19', '43', '-8.25']
['ETH-USD', '5m', '/Ib]=.', '2021-08-15', '2021-10-01', '104', '-1.95', '-14.0', -14, '26', '-0.07', '-0.1', '-0.99', '2', '12', 845, -248, '27', '77', '-8.25']
['ETH-USD', '5m', '6@E65H', '2021-08-15', '2021-10-01', '81', '-1.1', '-11.0', -8, '33', '-0.02', '-0.18', '-0.73', '3', '7', 194, -252, '27', '54', '-8.25']
['ETH-USD', '5m', '@@fn)I', '2021-08-15', '2021-10-01', '56', '-4.32', '-12.0', -29, '29', '-0.23', '-0.6', '-2.36', '3', '8', 756, -271, '16', '40', '-8.25']
['ETH-USD', '5m', '@f7(5H', '2021-08-15', '2021-10-01', '36', '5.89', '-2.0', 56, '78', '4.93', '4.7', '28.09', '7', '2', 55, -174, '28', '8', '-8.25']
['ETH-USD', '5m', '@DU()H', '2021-08-15', '2021-10-01', '52', '-0.68', '-8.0', -5, '52', '-0.02', '-0.16', '-0.67', '3', '3', 125, -218, '27', '25', '-8.25']
['ETH-USD', '5m', '*@V_5H', '2021-08-15', '2021-10-01', '151', '0.13', '-9.0', 1, '26', '0.01', '0.25', '0.11', '3', '13', 751, -222, '40', '111', '-8.25']
['ETH-USD', '5m', '@@V_DH', '2021-08-15', '2021-10-01', '57', '-0.53', '-10.0', -4, '28', '-0.04', '0.12', '-0.39', '3', '8', 709, -247, '16', '41', '-8.25']
['ETH-USD', '5m', '@=VR59', '2021-08-15', '2021-10-01', '65', '-0.64', '-9.0', -5, '32', '-0.06', '0.07', '-0.55', '3', '7', 571, -251, '21', '44', '-8.25']
['ETH-USD', '5m', '@=VK59', '2021-08-15', '2021-10-01', '65', '2.19', '-10.0', 18, '32', '0.16', '0.61', '1.79', '3', '7', 537, -248, '21', '44', '-8.25']
['ETH-USD', '5m', '@@VdM)', '2021-08-15', '2021-10-01', '62', '2.38', '-8.0', 20, '29', '0.24', '0.62', '2.45', '3', '8', 774, -251, '18', '44', '-8.25']
['ETH-USD', '5m', '@@Vt5H', '2021-08-15', '2021-10-01', '58', '1.57', '-10.0', 13, '28', '0.13', '0.48', '1.24', '3', '8', 935, -255, '16', '42', '-8.25']
['ETH-USD', '5m', 'N@rr2Y', '2021-08-15', '2021-10-01', '42', '0.99', '-11.0', 8, '38', '0.05', '0.38', '0.73', '3', '7', 657, -223, '16', '26', '-8.25']
['ETH-USD', '5m', 'F=b\\49', '2021-08-15', '2021-10-01', '60', '9.75', '-8.0', 106, '30', '1.29', '1.86', '13.03', '3', '8', 863, -229, '18', '42', '-8.25']
['ETH-USD', '5m', '@@tXE.', '2021-08-15', '2021-10-01', '62', '1.9', '-9.0', 16, '29', '0.19', '0.53', '1.78', '3', '8', 965, -323, '18', '44', '-8.25']
['ETH-USD', '5m', 'C@Qro8', '2021-08-15', '2021-10-01', '54', '1.94', '-8.0', 16, '30', '0.18', '0.54', '1.95', '3', '8', 842, -298, '16', '38', '-8.25']
['ETH-USD', '5m', '-@sBEH', '2021-08-15', '2021-10-01', '97', '1.7', '-13.0', 14, '28', '0.06', '0.51', '1.03', '3', '9', 643, -265, '27', '70', '-8.25']
['ETH-USD', '5m', 'N/b^(8', '2021-08-15', '2021-10-01', '62', '6.8', '-9.0', 67, '32', '0.83', '1.33', '7.18', '3', '7', 895, -244, '20', '42', '-8.25']
['ETH-USD', '5m', '@@Ni5Q', '2021-08-15', '2021-10-01', '56', '0.49', '-10.0', 4, '30', '0.04', '0.3', '0.38', '3', '8', 701, -247, '17', '39', '-8.25']
['ETH-USD', '5m', 'E=b]U.', '2021-08-15', '2021-10-01', '63', '5.84', '-8.0', 55, '29', '0.61', '1.18', '6.62', '3', '8', 847, -248, '18', '45', '-8.25']
['ETH-USD', '5m', '@@di58', '2021-08-15', '2021-10-01', '62', '-3.53', '-11.0', -24, '29', '-0.23', '-0.45', '-2.24', '3', '8', 756, -271, '18', '44', '-8.25']
['ETH-USD', '5m', 'fDbrZH', '2021-08-15', '2021-10-01', '38', '-6.27', '-15.0', -39, '34', '-0.15', '-1.13', '-2.66', '2', '8', 599, -263, '13', '25', '-8.25']
['ETH-USD', '5m', '3@?DJa', '2021-08-15', '2021-10-01', '7', '1.66', '-2.0', 14, '43', '0.2', '1.06', '5.45', '2', '2', 264, -187, '3', '4', '-8.25']
['ETH-USD', '5m', '/6@=[A', '2021-08-15', '2021-10-01', '145', '-7.35', '-11.0', -45, '25', '-0.35', '-1.31', '-3.98', '3', '12', 224, -197, '36', '109', '-8.25']
['ETH-USD', '5m', ':ihlOD', '2021-08-15', '2021-10-01', '37', '-1.6', '-12.0', -12, '27', '-0.06', '-0.09', '-0.97', '2', '7', 1053, -220, '10', '27', '-8.25']
['ETH-USD', '5m', '0gv;,,', '2021-08-15', '2021-10-01', '50', '10.48', '-11.0', 117, '34', '0.76', '2.14', '10.83', '3', '10', 562, -316, '17', '33', '-8.25']
['ETH-USD', '5m', '/SamA;', '2021-08-15', '2021-10-01', '82', '1.32', '-12.0', 11, '27', '0.06', '0.45', '0.89', '2', '9', 1011, -237, '22', '60', '-8.25']
['ETH-USD', '5m', '@@Vvm.', '2021-08-15', '2021-10-01', '62', '4.28', '-8.0', 39, '29', '0.48', '0.91', '4.69', '3', '8', 959, -261, '18', '44', '-8.25']
['ETH-USD', '5m', 'SNR]-.', '2021-08-15', '2021-10-01', '39', '5.77', '-10.0', 55, '41', '0.4', '1.39', '5.59', '3', '6', 676, -256, '16', '23', '-8.25']
['ETH-USD', '5m', '@@Svm.', '2021-08-15', '2021-10-01', '62', '3.31', '-8.0', 29, '29', '0.36', '0.76', '3.56', '3', '8', 910, -260, '18', '44', '-8.25']
['ETH-USD', '5m', 'E@.d=.', '2021-08-15', '2021-10-01', '50', '4.57', '-6.0', 41, '40', '0.61', '1.3', '6.74', '3', '5', 251, -208, '20', '30', '-8.25']
['ETH-USD', '5m', 'E@.b=.', '2021-08-15', '2021-10-01', '50', '5.39', '-6.0', 50, '40', '0.7', '1.51', '8.21', '3', '5', 245, -209, '20', '30', '-8.25']
['ETH-USD', '5m', 'SHRQ9E', '2021-08-15', '2021-10-01', '44', '3.24', '-11.0', 28, '39', '0.19', '0.9', '2.67', '5', '10', 512, -217, '17', '27', '-8.25']
['ETH-USD', '5m', 'SRgQ9E', '2021-08-15', '2021-10-01', '42', '0.78', '-10.0', 6, '33', '0.05', '0.34', '0.6', '3', '8', 735, -258, '14', '28', '-8.25']
['ETH-USD', '5m', 'SRrQ9E', '2021-08-15', '2021-10-01', '42', '3.2', '-10.0', 28, '33', '0.24', '0.83', '2.68', '3', '8', 857, -265, '14', '28', '-8.25']
['ETH-USD', '5m', '@@qrf.', '2021-08-15', '2021-10-01', '62', '-4.06', '-11.0', -28, '29', '-0.25', '-0.54', '-2.47', '3', '8', 756, -297, '18', '44', '-8.25']
['ETH-USD', '5m', '@@prf.', '2021-08-15', '2021-10-01', '62', '-4.05', '-11.0', -27, '29', '-0.25', '-0.53', '-2.47', '3', '8', 756, -295, '18', '44', '-8.25']
['ETH-USD', '5m', '@@mrf.', '2021-08-15', '2021-10-01', '62', '-3.92', '-11.0', -27, '29', '-0.25', '-0.51', '-2.41', '3', '8', 756, -289, '18', '44', '-8.25']
['ETH-USD', '5m', '@@lrE3', '2021-08-15', '2021-10-01', '62', '-3.86', '-11.0', -26, '29', '-0.24', '-0.5', '-2.38', '3', '8', 756, -287, '18', '44', '-8.25']
['ETH-USD', '5m', 'SNDrf.', '2021-08-15', '2021-10-01', '42', '4.03', '-10.0', 36, '38', '0.27', '1.02', '3.66', '3', '6', 651, -218, '16', '26', '-8.25']
['ETH-USD', '5m', '@@prE.', '2021-08-15', '2021-10-01', '62', '-4.05', '-11.0', -27, '29', '-0.25', '-0.53', '-2.47', '3', '8', 756, -295, '18', '44', '-8.25']
['ETH-USD', '5m', '@@lrE.', '2021-08-15', '2021-10-01', '62', '-3.86', '-11.0', -26, '29', '-0.24', '-0.5', '-2.38', '3', '8', 756, -287, '18', '44', '-8.25']
['ETH-USD', '5m', '@@NrE.', '2021-08-15', '2021-10-01', '62', '3.92', '-8.0', 35, '31', '0.42', '0.87', '4.25', '3', '8', 812, -255, '19', '43', '-8.25']
['ETH-USD', '5m', '@@WrE.', '2021-08-15', '2021-10-01', '62', '3.74', '-8.0', 33, '29', '0.42', '0.83', '4.01', '3', '8', 937, -261, '18', '44', '-8.25']
['ETH-USD', '5m', '@@\\rE3', '2021-08-15', '2021-10-01', '62', '-3.43', '-11.0', -24, '29', '-0.22', '-0.43', '-2.19', '3', '8', 756, -254, '18', '44', '-8.25']
['ETH-USD', '5m', '@@Trp(', '2021-08-15', '2021-10-01', '62', '3.23', '-8.0', 28, '29', '0.36', '0.75', '3.45', '3', '8', 882, -258, '18', '44', '-8.25']
['ETH-USD', '5m', '@@TrU.', '2021-08-15', '2021-10-01', '62', '3.23', '-8.0', 28, '29', '0.36', '0.75', '3.45', '3', '8', 882, -258, '18', '44', '-8.25']
['ETH-USD', '5m', '@@Trp*', '2021-08-15', '2021-10-01', '62', '3.23', '-8.0', 28, '29', '0.36', '0.75', '3.45', '3', '8', 882, -258, '18', '44', '-8.25']
['ETH-USD', '5m', '@@TrI.', '2021-08-15', '2021-10-01', '62', '3.23', '-8.0', 28, '29', '0.36', '0.75', '3.45', '3', '8', 882, -258, '18', '44', '-8.25']
['ETH-USD', '5m', '@@Tru.', '2021-08-15', '2021-10-01', '62', '3.23', '-8.0', 28, '29', '0.36', '0.75', '3.45', '3', '8', 882, -258, '18', '44', '-8.25']
['ETH-USD', '5m', '@@Trp4', '2021-08-15', '2021-10-01', '62', '3.23', '-8.0', 28, '29', '0.36', '0.75', '3.45', '3', '8', 882, -258, '18', '44', '-8.25']
['ETH-USD', '5m', '@@krp.', '2021-08-15', '2021-10-01', '62', '-3.82', '-11.0', -26, '29', '-0.24', '-0.5', '-2.37', '3', '8', 756, -285, '18', '44', '-8.25']
['ETH-USD', '5m', '@@Tmp.', '2021-08-15', '2021-10-01', '62', '4.66', '-8.0', 42, '29', '0.51', '0.99', '5.23', '3', '8', 853, -256, '18', '44', '-8.25']
['ETH-USD', '5m', '@@ia9.', '2021-08-15', '2021-10-01', '62', '2.4', '-9.0', 20, '29', '0.25', '0.61', '2.35', '3', '8', 970, -299, '18', '44', '-8.25']
['ETH-USD', '5m', '@@Mrp.', '2021-08-15', '2021-10-01', '62', '3.61', '-8.0', 32, '32', '0.38', '0.82', '3.9', '3', '8', 792, -255, '20', '42', '-8.25']
['ETH-USD', '5m', '@@drp.', '2021-08-15', '2021-10-01', '62', '-3.53', '-11.0', -24, '29', '-0.23', '-0.45', '-2.24', '3', '8', 756, -271, '18', '44', '-8.25']
['ETH-USD', '5m', '@@MrE.', '2021-08-15', '2021-10-01', '62', '3.61', '-8.0', 32, '32', '0.38', '0.82', '3.9', '3', '8', 792, -255, '20', '42', '-8.25']
['ETH-USD', '5m', '@@crE.', '2021-08-15', '2021-10-01', '62', '-3.5', '-11.0', -24, '29', '-0.23', '-0.44', '-2.22', '3', '8', 756, -268, '18', '44', '-8.25']
['ETH-USD', '5m', '@@mr<.', '2021-08-15', '2021-10-01', '62', '-3.92', '-11.0', -27, '29', '-0.25', '-0.51', '-2.41', '3', '8', 756, -289, '18', '44', '-8.25']
['ETH-USD', '5m', '@@lro8', '2021-08-15', '2021-10-01', '62', '-3.86', '-11.0', -26, '29', '-0.24', '-0.5', '-2.38', '3', '8', 756, -287, '18', '44', '-8.25']
['ETH-USD', '5m', '@@kro8', '2021-08-15', '2021-10-01', '62', '-3.82', '-11.0', -26, '29', '-0.24', '-0.5', '-2.37', '3', '8', 756, -285, '18', '44', '-8.25']
['ETH-USD', '5m', '@@e^E8', '2021-08-15', '2021-10-01', '62', '2.62', '-9.0', 22, '29', '0.27', '0.65', '2.61', '3', '8', 880, -290, '18', '44', '-8.25']
['ETH-USD', '5m', '@@c^E8', '2021-08-15', '2021-10-01', '62', '5.17', '-8.0', 48, '29', '0.55', '1.05', '5.67', '3', '8', 891, -284, '18', '44', '-8.25']
['ETH-USD', '5m', '@@_^E8', '2021-08-15', '2021-10-01', '62', '3.44', '-8.0', 30, '29', '0.35', '0.79', '3.59', '3', '8', 831, -273, '18', '44', '-8.25']
['ETH-USD', '5m', '@@C,E8', '2021-08-15', '2021-10-01', '63', '1.53', '-10.0', 13, '51', '0.04', '0.6', '1.22', '5', '8', 119, -258, '32', '31', '-8.25']
['ETH-USD', '5m', '@@V^58', '2021-08-15', '2021-10-01', '62', '0.5', '-8.0', 4, '29', '0.05', '0.3', '0.48', '3', '8', 702, -250, '18', '44', '-8.25']
['ETH-USD', '5m', '@@Yr5M', '2021-08-15', '2021-10-01', '56', '3.54', '-10.0', 31, '29', '0.3', '0.79', '2.99', '3', '8', 978, -262, '16', '40', '-8.25']
['ETH-USD', '5m', '@@ar5M', '2021-08-15', '2021-10-01', '56', '-4.69', '-12.0', -31, '29', '-0.24', '-0.67', '-2.49', '3', '8', 756, -259, '16', '40', '-8.25']
['ETH-USD', '5m', '@@rR5H', '2021-08-15', '2021-10-01', '58', '1.85', '-11.0', 15, '28', '0.13', '0.53', '1.41', '3', '8', 854, -310, '16', '42', '-8.25']
['ETH-USD', '5m', 'I@fR5H', '2021-08-15', '2021-10-01', '48', '6.68', '-10.0', 65, '38', '0.43', '1.34', '6.46', '3', '5', 791, -280, '18', '30', '-8.25']
['ETH-USD', '5m', '@@lR5H', '2021-08-15', '2021-10-01', '58', '0.3', '-11.0', 2, '28', '0.02', '0.27', '0.22', '3', '8', 781, -293, '16', '42', '-8.25']
['ETH-USD', '5m', '@@;^58', '2021-08-15', '2021-10-01', '62', '3.76', '-9.0', 33, '34', '0.26', '0.96', '3.51', '3', '8', 402, -271, '21', '41', '-8.25']
['ETH-USD', '5m', '@+b6JX', '2021-08-15', '2021-10-01', '17', '-0.73', '-7.0', -6, '35', '-0.02', '-0.27', '-0.75', '2', '7', 329, -303, '6', '11', '-8.25']
['ETH-USD', '5m', '@@tr5I', '2021-08-15', '2021-10-01', '58', '-6.24', '-13.0', -39, '28', '-0.29', '-0.95', '-3.02', '3', '8', 756, -297, '16', '42', '-8.25']
['ETH-USD', '5m', '6@E,5H', '2021-08-15', '2021-10-01', '81', '-1.45', '-13.0', -11, '43', '-0.02', '-0.41', '-0.84', '3', '7', 126, -255, '35', '46', '-8.25']
['ETH-USD', '5m', '6@E15H', '2021-08-15', '2021-10-01', '81', '3.04', '-9.0', 26, '38', '0.09', '1.08', '2.79', '3', '7', 165, -266, '31', '50', '-8.25']
['ETH-USD', '5m', '@=fn5I', '2021-08-15', '2021-10-01', '61', '-10.09', '-12.0', -56, '28', '-0.53', '-1.96', '-4.84', '2', '7', 744, -285, '17', '44', '-8.25']
['ETH-USD', '5m', '75KH,H', '2021-08-15', '2021-10-01', '104', '7.83', '-13.0', 80, '30', '0.27', '1.85', '6.29', '3', '8', 405, -231, '31', '73', '-8.25']
['ETH-USD', '5m', '@C7(5H', '2021-08-15', '2021-10-01', '57', '1.19', '-8.0', 10, '74', '0.04', '0.56', '1.24', '8', '2', 55, -284, '42', '15', '-8.25']
['ETH-USD', '5m', '@@P(5H', '2021-08-15', '2021-10-01', '59', '-1.99', '-12.0', -14, '51', '-0.04', '-0.55', '-1.22', '5', '7', 113, -251, '30', '29', '-8.25']
['ETH-USD', '5m', '@@:(5H', '2021-08-15', '2021-10-01', '59', '-2.57', '-12.0', -18, '64', '-0.04', '-0.82', '-1.55', '10', '3', 62, -274, '38', '21', '-8.25']
['ETH-USD', '5m', '@@R(5H', '2021-08-15', '2021-10-01', '59', '-0.81', '-12.0', -6, '51', '-0.02', '-0.15', '-0.53', '5', '7', 118, -253, '30', '29', '-8.25']
['ETH-USD', '5m', 'F8\\H<F', '2021-08-15', '2021-10-01', '66', '5.02', '-11.0', 46, '32', '0.28', '1.02', '4.08', '3', '8', 590, -265, '21', '45', '-8.25']
['ETH-USD', '5m', '6@O(5r', '2021-08-15', '2021-10-01', '19', '-3.34', '-9.0', -23, '47', '-0.06', '-1.49', '-2.68', '4', '5', 109, -284, '9', '10', '-8.25']
['ETH-USD', '5m', '@D9()H', '2021-08-15', '2021-10-01', '55', '1.06', '-7.0', 8, '69', '0.05', '0.57', '1.24', '8', '2', 59, -223, '38', '17', '-8.25']
['ETH-USD', '5m', '@@Vo5H', '2021-08-15', '2021-10-01', '58', '0.6', '-10.0', 5, '28', '0.05', '0.32', '0.46', '3', '8', 886, -253, '16', '42', '-8.25']
['ETH-USD', '5m', '@@Vw5H', '2021-08-15', '2021-10-01', '58', '2.32', '-10.0', 19, '28', '0.19', '0.6', '1.89', '3', '8', 979, -256, '16', '42', '-8.25']
['ETH-USD', '5m', '@@Vu5H', '2021-08-15', '2021-10-01', '58', '1.77', '-10.0', 15, '28', '0.14', '0.51', '1.41', '3', '8', 947, -256, '16', '42', '-8.25']
['ETH-USD', '5m', '@@V_5-', '2021-08-15', '2021-10-01', '62', '0.91', '-8.0', 7, '29', '0.09', '0.37', '0.89', '3', '8', 719, -250, '18', '44', '-8.25']
['ETH-USD', '5m', '6@O(5v', '2021-08-15', '2021-10-01', '12', '-2.06', '-6.0', -15, '50', '-0.05', '-1.05', '-2.35', '3', '4', 108, -282, '6', '6', '-8.25']
['ETH-USD', '5m', '@@VeM)', '2021-08-15', '2021-10-01', '62', '2.67', '-8.0', 23, '29', '0.28', '0.67', '2.77', '3', '8', 786, -253, '18', '44', '-8.25']
['ETH-USD', '5m', '@@V`M)', '2021-08-15', '2021-10-01', '62', '1.27', '-8.0', 10, '29', '0.13', '0.43', '1.25', '3', '8', 731, -250, '18', '44', '-8.25']
['ETH-USD', '5m', '@@VpM)', '2021-08-15', '2021-10-01', '62', '3.06', '-8.0', 26, '29', '0.34', '0.72', '3.21', '3', '8', 891, -258, '18', '44', '-8.25']
['ETH-USD', '5m', '@9VH5H', '2021-08-15', '2021-10-01', '68', '1.22', '-13.0', 10, '31', '0.05', '0.43', '0.75', '3', '6', 477, -274, '21', '47', '-8.25']
['ETH-USD', '5m', '@@Vc5H', '2021-08-15', '2021-10-01', '58', '-0.15', '-10.0', -1, '28', '-0.01', '0.19', '-0.11', '3', '8', 745, -247, '16', '42', '-8.25']
['ETH-USD', '5m', '@@v_5H', '2021-08-15', '2021-10-01', '58', '-6.33', '-13.0', -40, '28', '-0.29', '-0.96', '-3.05', '3', '8', 756, -301, '16', '42', '-8.25']
['ETH-USD', '5m', '@@V_BH', '2021-08-15', '2021-10-01', '58', '-1.1', '-10.0', -8, '28', '-0.08', '0.02', '-0.79', '3', '8', 704, -245, '16', '42', '-8.25']
['ETH-USD', '5m', '@<VQ5H', '2021-08-15', '2021-10-01', '63', '-1.49', '-9.0', -11, '30', '-0.11', '-0.13', '-1.19', '3', '5', 565, -251, '19', '44', '-8.25']
['ETH-USD', '5m', 'F=b(4^', '2021-08-15', '2021-10-01', '40', '3.62', '-4.0', 32, '48', '0.44', '1.48', '7.23', '3', '4', 155, -213, '19', '21', '-8.25']
['ETH-USD', '5m', '/@V@5e', '2021-08-15', '2021-10-01', '49', '13.71', '-8.0', 171, '43', '1.72', '3.74', '21.32', '4', '5', 424, -245, '21', '28', '-8.25']
['ETH-USD', '5m', '@@Vg5H', '2021-08-15', '2021-10-01', '58', '1.25', '-10.0', 10, '28', '0.1', '0.43', '0.98', '3', '8', 799, -248, '16', '42', '-8.25']
['ETH-USD', '5m', 'F=bw49', '2021-08-15', '2021-10-01', '60', '2.28', '-8.0', 19, '30', '0.2', '0.63', '2.35', '3', '8', 735, -218, '18', '42', '-8.25']
['ETH-USD', '5m', 'F=S(49', '2021-08-15', '2021-10-01', '62', '1.73', '-7.0', 14, '50', '0.1', '0.7', '2.01', '5', '6', 119, -301, '31', '31', '-8.25']
['ETH-USD', '5m', '@@V_5?', '2021-08-15', '2021-10-01', '62', '0.91', '-8.0', 7, '29', '0.09', '0.37', '0.89', '3', '8', 719, -250, '18', '44', '-8.25']
['ETH-USD', '5m', '@@V_56', '2021-08-15', '2021-10-01', '62', '0.91', '-8.0', 7, '29', '0.09', '0.37', '0.89', '3', '8', 719, -250, '18', '44', '-8.25']
['ETH-USD', '5m', 'F=b(4b', '2021-08-15', '2021-10-01', '36', '3.26', '-4.0', 28, '47', '0.47', '1.4', '6.41', '3', '4', 155, -213, '17', '19', '-8.25']
['ETH-USD', '5m', 'F=bM49', '2021-08-15', '2021-10-01', '60', '3.78', '-8.0', 33, '30', '0.36', '0.91', '4.1', '3', '8', 634, -220, '18', '42', '-8.25']
['ETH-USD', '5m', '@=Vo59', '2021-08-15', '2021-10-01', '65', '4.68', '-8.0', 43, '32', '0.56', '1.0', '5.12', '3', '7', 900, -267, '21', '44', '-8.25']
['ETH-USD', '5m', 'N8bH(Z', '2021-08-15', '2021-10-01', '45', '10.34', '-8.0', 115, '33', '1.51', '2.26', '14.9', '3', '6', 628, -248, '15', '30', '-8.25']
['ETH-USD', '5m', '@@Q^5N', '2021-08-15', '2021-10-01', '56', '-1.68', '-10.0', -12, '30', '-0.12', '-0.1', '-1.19', '3', '8', 627, -243, '17', '39', '-8.25']
['ETH-USD', '5m', 'N@rrLY', '2021-08-15', '2021-10-01', '23', '-2.1', '-8.0', -15, '35', '-0.17', '-0.45', '-1.93', '2', '5', 687, -234, '8', '15', '-8.25']
['ETH-USD', '5m', 'SWRr9.', '2021-08-15', '2021-10-01', '38', '5.11', '-9.0', 47, '32', '0.37', '1.09', '5.41', '2', '7', 899, -217, '12', '26', '-8.25']
['ETH-USD', '5m', '-Efr5X', '2021-08-15', '2021-10-01', '73', '13.34', '-11.0', 165, '30', '0.88', '2.68', '14.56', '3', '8', 894, -291, '22', '51', '-8.25']
['ETH-USD', '5m', '@=V_5H', '2021-08-15', '2021-10-01', '61', '-6.83', '-11.0', -42, '30', '-0.49', '-1.2', '-4.01', '2', '7', 715, -258, '18', '43', '-8.25']
['ETH-USD', '5m', 'S[Rr9.', '2021-08-15', '2021-10-01', '38', '0.8', '-11.0', 6, '32', '0.04', '0.35', '0.58', '2', '7', 908, -252, '12', '26', '-8.25']
['ETH-USD', '5m', '@=Vi59', '2021-08-15', '2021-10-01', '65', '3.45', '-8.0', 30, '32', '0.4', '0.81', '3.61', '3', '7', 831, -265, '21', '44', '-8.25']
['ETH-USD', '5m', 'SKDrf.', '2021-08-15', '2021-10-01', '44', '3.52', '-10.0', 31, '34', '0.23', '0.9', '2.95', '3', '8', 644, -221, '15', '29', '-8.25']
['ETH-USD', '5m', '@+k+5X', '2021-08-15', '2021-10-01', '84', '9.38', '-12.0', 101, '37', '0.27', '2.62', '8.6', '5', '8', 239, -327, '31', '53', '-8.25']
['ETH-USD', '5m', '@4K()H', '2021-08-15', '2021-10-01', '72', '-3.61', '-12.0', -25, '49', '-0.05', '-1.2', '-2.03', '4', '6', 100, -267, '35', '37', '-8.25']
['ETH-USD', '5m', '@Jed<H', '2021-08-15', '2021-10-01', '53', '-2.73', '-9.0', -19, '36', '-0.18', '-0.33', '-2.11', '3', '5', 916, -279, '19', '34', '-8.25']
['ETH-USD', '5m', '6@mO58', '2021-08-15', '2021-10-01', '86', '-1.26', '-14.0', -9, '29', '-0.05', '-0.01', '-0.67', '3', '8', 779, -327, '25', '61', '-8.25']
['ETH-USD', '5m', 'E@.]:.', '2021-08-15', '2021-10-01', '50', '3.02', '-6.0', 26, '40', '0.34', '0.94', '4.22', '3', '5', 225, -206, '20', '30', '-8.25']
['ETH-USD', '5m', 'E@.]7.', '2021-08-15', '2021-10-01', '50', '3.02', '-6.0', 26, '40', '0.34', '0.94', '4.22', '3', '5', 225, -206, '20', '30', '-8.25']
['ETH-USD', '5m', 'E@.]b.', '2021-08-15', '2021-10-01', '50', '3.02', '-6.0', 26, '40', '0.34', '0.94', '4.22', '3', '5', 225, -206, '20', '30', '-8.25']
['ETH-USD', '5m', 'E@.]=;', '2021-08-15', '2021-10-01', '50', '3.02', '-6.0', 26, '40', '0.34', '0.94', '4.22', '3', '5', 225, -206, '20', '30', '-8.25']
['ETH-USD', '5m', 'E@.]V.', '2021-08-15', '2021-10-01', '50', '3.02', '-6.0', 26, '40', '0.34', '0.94', '4.22', '3', '5', 225, -206, '20', '30', '-8.25']
['ETH-USD', '5m', 'E@.]=*', '2021-08-15', '2021-10-01', '50', '3.02', '-6.0', 26, '40', '0.34', '0.94', '4.22', '3', '5', 225, -206, '20', '30', '-8.25']
['ETH-USD', '5m', 'E@.]n.', '2021-08-15', '2021-10-01', '50', '3.02', '-6.0', 26, '40', '0.34', '0.94', '4.22', '3', '5', 225, -206, '20', '30', '-8.25']
['ETH-USD', '5m', 'E@.]T.', '2021-08-15', '2021-10-01', '50', '3.02', '-6.0', 26, '40', '0.34', '0.94', '4.22', '3', '5', 225, -206, '20', '30', '-8.25']
['ETH-USD', '5m', 'E@.]O.', '2021-08-15', '2021-10-01', '50', '3.02', '-6.0', 26, '40', '0.34', '0.94', '4.22', '3', '5', 225, -206, '20', '30', '-8.25']
['ETH-USD', '5m', '@5K1,H', '2021-08-15', '2021-10-01', '79', '1.38', '-6.0', 11, '35', '0.15', '0.51', '1.74', '3', '7', 184, -282, '28', '51', '-8.25']
['ETH-USD', '5m', 'E@.]*.', '2021-08-15', '2021-10-01', '46', '2.36', '-5.0', 20, '39', '0.29', '0.8', '3.98', '3', '7', 220, -201, '18', '28', '-8.25']
['ETH-USD', '5m', '7J]d<H', '2021-08-15', '2021-10-01', '59', '11.68', '-9.0', 136, '34', '1.17', '2.11', '14.38', '2', '5', 901, -295, '20', '39', '-8.25']
['ETH-USD', '5m', '@@Q_o8', '2021-08-15', '2021-10-01', '62', '-0.52', '-9.0', -4, '31', '-0.05', '0.11', '-0.46', '3', '8', 652, -248, '19', '43', '-8.25']
['ETH-USD', '5m', '@@Q^38', '2021-08-15', '2021-10-01', '62', '-0.78', '-9.0', -6, '31', '-0.07', '0.06', '-0.67', '3', '8', 640, -248, '19', '43', '-8.25']
['ETH-USD', '5m', '@@Q^b8', '2021-08-15', '2021-10-01', '62', '-0.78', '-9.0', -6, '31', '-0.07', '0.06', '-0.67', '3', '8', 640, -248, '19', '43', '-8.25']
['ETH-USD', '5m', '@@Q[E.', '2021-08-15', '2021-10-01', '62', '-1.8', '-9.0', -13, '31', '-0.13', '-0.14', '-1.39', '3', '8', 603, -247, '19', '43', '-8.25']
['ETH-USD', '5m', 'h3MNiB', '2021-08-15', '2021-10-01', '45', '13.31', '-9.0', 164, '38', '1.08', '2.85', '18.06', '4', '8', 511, -205, '17', '28', '-8.25']
['ETH-USD', '5m', '@7Dih(', '2021-08-15', '2021-10-01', '83', '3.16', '-13.0', 27, '31', '0.15', '0.76', '2.18', '3', '8', 554, -242, '26', '57', '-8.25']
['ETH-USD', '5m', 'R=wLnI', '2021-08-15', '2021-10-01', '28', '15.58', '-7.0', 208, '39', '3.28', '2.9', '30.69', '3', '4', 882, -260, '11', '17', '-8.25']
['ETH-USD', '5m', '@@Qa9*', '2021-08-15', '2021-10-01', '62', '0.1', '-8.0', 1, '31', '0.01', '0.23', '0.09', '3', '8', 674, -250, '19', '43', '-8.25']
['ETH-USD', '5m', '@@Qa9(', '2021-08-15', '2021-10-01', '62', '0.1', '-8.0', 1, '31', '0.01', '0.23', '0.09', '3', '8', 674, -250, '19', '43', '-8.25']
['ETH-USD', '5m', '@@Qaj.', '2021-08-15', '2021-10-01', '62', '0.1', '-8.0', 1, '31', '0.01', '0.23', '0.09', '3', '8', 674, -250, '19', '43', '-8.25']
['ETH-USD', '5m', '@@Qan.', '2021-08-15', '2021-10-01', '62', '0.1', '-8.0', 1, '31', '0.01', '0.23', '0.09', '3', '8', 674, -250, '19', '43', '-8.25']
['ETH-USD', '5m', '@@QaU.', '2021-08-15', '2021-10-01', '62', '0.1', '-8.0', 1, '31', '0.01', '0.23', '0.09', '3', '8', 674, -250, '19', '43', '-8.25']
['ETH-USD', '5m', '@@Qa..', '2021-08-15', '2021-10-01', '62', '0.1', '-8.0', 1, '31', '0.01', '0.23', '0.09', '3', '8', 674, -250, '19', '43', '-8.25']
['ETH-USD', '5m', 'w@\\(<H', '2021-08-15', '2021-10-01', '44', '-5.75', '-13.0', -37, '45', '-0.06', '-1.7', '-2.88', '6', '10', 134, -228, '20', '24', '-8.25']
['ETH-USD', '5m', 'S@R]-a', '2021-08-15', '2021-10-01', '34', '-3.01', '-9.0', -21, '38', '-0.19', '-0.55', '-2.26', '2', '7', 626, -250, '13', '21', '-8.25']
['ETH-USD', '5m', 'SRRQ9c', '2021-08-15', '2021-10-01', '22', '5.09', '-5.0', 47, '45', '1.17', '1.47', '8.92', '3', '4', 528, -199, '10', '12', '-8.25']
['ETH-USD', '5m', '@@Q^r8', '2021-08-15', '2021-10-01', '62', '-0.78', '-9.0', -6, '31', '-0.07', '0.06', '-0.67', '3', '8', 640, -248, '19', '43', '-8.25']
['ETH-USD', '5m', 'F@b*<H', '2021-08-15', '2021-10-01', '46', '10.87', '-5.0', 123, '48', '1.73', '3.08', '25.95', '4', '5', 196, -263, '22', '24', '-8.25']
['ETH-USD', '5m', 'L@7(5H', '2021-08-15', '2021-10-01', '47', '7.06', '-3.0', 70, '79', '2.79', '3.74', '21.66', '7', '2', 55, -224, '37', '10', '-8.25']
['ETH-USD', '5m', '@@SXE.', '2021-08-15', '2021-10-01', '62', '-2.16', '-10.0', -16, '29', '-0.16', '-0.21', '-1.62', '3', '8', 599, -245, '18', '44', '-8.25']
['ETH-USD', '5m', '6D)H<W', '2021-08-15', '2021-10-01', '51', '2.57', '-10.0', 22, '51', '0.06', '1.12', '2.23', '5', '8', 103, -194, '26', '25', '-8.25']
['ETH-USD', '5m', '6@O(UH', '2021-08-15', '2021-10-01', '57', '2.56', '-12.0', 22, '51', '0.05', '0.99', '1.82', '4', '7', 112, -276, '29', '28', '-8.25']
['ETH-USD', '5m', '@@DrEE', '2021-08-15', '2021-10-01', '59', '-1.26', '-10.0', -9, '31', '-0.09', '-0.04', '-0.92', '3', '8', 620, -243, '18', '41', '-8.25']
['ETH-USD', '5m', '5@DrE.', '2021-08-15', '2021-10-01', '86', '1.42', '-14.0', 12, '33', '0.06', '0.46', '0.83', '3', '6', 637, -239, '28', '58', '-8.25']
['ETH-USD', '5m', '@@Cro.', '2021-08-15', '2021-10-01', '62', '0.6', '-9.0', 5, '32', '0.05', '0.31', '0.56', '3', '8', 615, -248, '20', '42', '-8.25']
['ETH-USD', '5m', '@@CrE2', '2021-08-15', '2021-10-01', '62', '0.6', '-9.0', 5, '32', '0.05', '0.31', '0.56', '3', '8', 615, -248, '20', '42', '-8.25']
['ETH-USD', '5m', '@@Crl.', '2021-08-15', '2021-10-01', '62', '0.6', '-9.0', 5, '32', '0.05', '0.31', '0.56', '3', '8', 615, -248, '20', '42', '-8.25']
['ETH-USD', '5m', '@@CrE=', '2021-08-15', '2021-10-01', '61', '0.26', '-9.0', 2, '31', '0.02', '0.25', '0.24', '3', '8', 615, -248, '19', '42', '-8.25']
['ETH-USD', '5m', 'FAia=7', '2021-08-15', '2021-10-01', '48', '7.97', '-10.0', 81, '40', '0.6', '1.47', '7.96', '4', '5', 978, -272, '19', '29', '-8.25']
['ETH-USD', '5m', '@@DrY.', '2021-08-15', '2021-10-01', '62', '1.01', '-8.0', 8, '32', '0.09', '0.39', '0.95', '3', '8', 629, -248, '20', '42', '-8.25']
['ETH-USD', '5m', '@@Drf)', '2021-08-15', '2021-10-01', '62', '1.01', '-8.0', 8, '32', '0.09', '0.39', '0.95', '3', '8', 629, -248, '20', '42', '-8.25']
['ETH-USD', '5m', '@@DrU3', '2021-08-15', '2021-10-01', '62', '1.01', '-8.0', 8, '32', '0.09', '0.39', '0.95', '3', '8', 629, -248, '20', '42', '-8.25']
['ETH-USD', '5m', '@@DrW3', '2021-08-15', '2021-10-01', '62', '1.01', '-8.0', 8, '32', '0.09', '0.39', '0.95', '3', '8', 629, -248, '20', '42', '-8.25']
['ETH-USD', '5m', '@@Drn3', '2021-08-15', '2021-10-01', '62', '1.01', '-8.0', 8, '32', '0.09', '0.39', '0.95', '3', '8', 629, -248, '20', '42', '-8.25']
['ETH-USD', '5m', '@@DrF3', '2021-08-15', '2021-10-01', '62', '1.01', '-8.0', 8, '32', '0.09', '0.39', '0.95', '3', '8', 629, -248, '20', '42', '-8.25']
['ETH-USD', '5m', '@@Dr53', '2021-08-15', '2021-10-01', '62', '1.01', '-8.0', 8, '32', '0.09', '0.39', '0.95', '3', '8', 629, -248, '20', '42', '-8.25']
['ETH-USD', '5m', '@@DrE1', '2021-08-15', '2021-10-01', '62', '1.01', '-8.0', 8, '32', '0.09', '0.39', '0.95', '3', '8', 629, -248, '20', '42', '-8.25']
['ETH-USD', '5m', '@@Dr..', '2021-08-15', '2021-10-01', '62', '1.01', '-8.0', 8, '32', '0.09', '0.39', '0.95', '3', '8', 629, -248, '20', '42', '-8.25']
['ETH-USD', '5m', '@@Drr.', '2021-08-15', '2021-10-01', '62', '1.01', '-8.0', 8, '32', '0.09', '0.39', '0.95', '3', '8', 629, -248, '20', '42', '-8.25']
['ETH-USD', '5m', '@@DrQ.', '2021-08-15', '2021-10-01', '62', '1.01', '-8.0', 8, '32', '0.09', '0.39', '0.95', '3', '8', 629, -248, '20', '42', '-8.25']
['ETH-USD', '5m', '@@DrB.', '2021-08-15', '2021-10-01', '62', '1.01', '-8.0', 8, '32', '0.09', '0.39', '0.95', '3', '8', 629, -248, '20', '42', '-8.25']
['ETH-USD', '5m', '@@DrC.', '2021-08-15', '2021-10-01', '62', '1.01', '-8.0', 8, '32', '0.09', '0.39', '0.95', '3', '8', 629, -248, '20', '42', '-8.25']
['ETH-USD', '5m', '@@DrS.', '2021-08-15', '2021-10-01', '62', '1.01', '-8.0', 8, '32', '0.09', '0.39', '0.95', '3', '8', 629, -248, '20', '42', '-8.25']
['ETH-USD', '5m', '@@DrE)', '2021-08-15', '2021-10-01', '62', '1.01', '-8.0', 8, '32', '0.09', '0.39', '0.95', '3', '8', 629, -248, '20', '42', '-8.25']
['ETH-USD', '5m', '@@Dr>.', '2021-08-15', '2021-10-01', '62', '1.01', '-8.0', 8, '32', '0.09', '0.39', '0.95', '3', '8', 629, -248, '20', '42', '-8.25']
['ETH-USD', '5m', '@@DrH.', '2021-08-15', '2021-10-01', '62', '1.01', '-8.0', 8, '32', '0.09', '0.39', '0.95', '3', '8', 629, -248, '20', '42', '-8.25']
['ETH-USD', '5m', '@@DrN.', '2021-08-15', '2021-10-01', '62', '1.01', '-8.0', 8, '32', '0.09', '0.39', '0.95', '3', '8', 629, -248, '20', '42', '-8.25']
['ETH-USD', '5m', '@@Dre.', '2021-08-15', '2021-10-01', '62', '1.01', '-8.0', 8, '32', '0.09', '0.39', '0.95', '3', '8', 629, -248, '20', '42', '-8.25']
['ETH-USD', '5m', '@@DrF.', '2021-08-15', '2021-10-01', '62', '1.01', '-8.0', 8, '32', '0.09', '0.39', '0.95', '3', '8', 629, -248, '20', '42', '-8.25']
['ETH-USD', '5m', '@@Dro.', '2021-08-15', '2021-10-01', '62', '1.01', '-8.0', 8, '32', '0.09', '0.39', '0.95', '3', '8', 629, -248, '20', '42', '-8.25']
['ETH-USD', '5m', '@@DrZ.', '2021-08-15', '2021-10-01', '62', '1.01', '-8.0', 8, '32', '0.09', '0.39', '0.95', '3', '8', 629, -248, '20', '42', '-8.25']
['ETH-USD', '5m', '@@DrE6', '2021-08-15', '2021-10-01', '62', '1.01', '-8.0', 8, '32', '0.09', '0.39', '0.95', '3', '8', 629, -248, '20', '42', '-8.25']
['ETH-USD', '5m', '@@DrE9', '2021-08-15', '2021-10-01', '62', '1.01', '-8.0', 8, '32', '0.09', '0.39', '0.95', '3', '8', 629, -248, '20', '42', '-8.25']
['ETH-USD', '5m', '@@DrE7', '2021-08-15', '2021-10-01', '62', '1.01', '-8.0', 8, '32', '0.09', '0.39', '0.95', '3', '8', 629, -248, '20', '42', '-8.25']
['ETH-USD', '5m', '@@Drp.', '2021-08-15', '2021-10-01', '62', '1.01', '-8.0', 8, '32', '0.09', '0.39', '0.95', '3', '8', 629, -248, '20', '42', '-8.25']
['ETH-USD', '5m', '@@DrE8', '2021-08-15', '2021-10-01', '62', '1.01', '-8.0', 8, '32', '0.09', '0.39', '0.95', '3', '8', 629, -248, '20', '42', '-8.25']
['ETH-USD', '5m', '@@CrEB', '2021-08-15', '2021-10-01', '60', '0.61', '-8.0', 5, '32', '0.06', '0.31', '0.59', '3', '8', 619, -250, '19', '41', '-8.25']
['ETH-USD', '5m', ':@Qf5H', '2021-08-15', '2021-10-01', '65', '-4.55', '-11.0', -30, '29', '-0.19', '-0.67', '-2.68', '3', '9', 727, -244, '19', '46', '-8.25']
['ETH-USD', '5m', 'R;DORQ', '2021-08-15', '2021-10-01', '26', '3.9', '-6.0', 35, '35', '0.6', '1.19', '6.27', '2', '6', 400, -271, '9', '17', '-8.25']
['ETH-USD', '5m', '@@Ero8', '2021-08-15', '2021-10-01', '62', '1.28', '-8.0', 10, '32', '0.12', '0.44', '1.27', '3', '8', 644, -250, '20', '42', '-8.25']
['ETH-USD', '5m', '@@ErE.', '2021-08-15', '2021-10-01', '62', '1.28', '-8.0', 10, '32', '0.12', '0.44', '1.27', '3', '8', 644, -250, '20', '42', '-8.25']
['ETH-USD', '5m', '@+.r5X', '2021-08-15', '2021-10-01', '84', '1.6', '-11.0', 13, '43', '0.04', '0.58', '1.19', '4', '6', 290, -206, '36', '48', '-8.25']
['ETH-USD', '5m', '@@Dv6.', '2021-08-15', '2021-10-01', '62', '1.76', '-8.0', 14, '32', '0.18', '0.52', '1.8', '3', '8', 659, -250, '20', '42', '-8.25']
['ETH-USD', '5m', '@@Dv[.', '2021-08-15', '2021-10-01', '62', '1.76', '-8.0', 14, '32', '0.18', '0.52', '1.8', '3', '8', 659, -250, '20', '42', '-8.25']
['ETH-USD', '5m', '@@DvR.', '2021-08-15', '2021-10-01', '62', '1.76', '-8.0', 14, '32', '0.18', '0.52', '1.8', '3', '8', 659, -250, '20', '42', '-8.25']
['ETH-USD', '5m', '@@Dvm/', '2021-08-15', '2021-10-01', '62', '1.76', '-8.0', 14, '32', '0.18', '0.52', '1.8', '3', '8', 659, -250, '20', '42', '-8.25']
['ETH-USD', '5m', '@@Dvi.', '2021-08-15', '2021-10-01', '62', '1.76', '-8.0', 14, '32', '0.18', '0.52', '1.8', '3', '8', 659, -250, '20', '42', '-8.25']
['ETH-USD', '5m', '@@DvP.', '2021-08-15', '2021-10-01', '62', '1.76', '-8.0', 14, '32', '0.18', '0.52', '1.8', '3', '8', 659, -250, '20', '42', '-8.25']
['ETH-USD', '5m', '@@Dvf.', '2021-08-15', '2021-10-01', '62', '1.76', '-8.0', 14, '32', '0.18', '0.52', '1.8', '3', '8', 659, -250, '20', '42', '-8.25']
['ETH-USD', '5m', '@@DvA.', '2021-08-15', '2021-10-01', '62', '1.76', '-8.0', 14, '32', '0.18', '0.52', '1.8', '3', '8', 659, -250, '20', '42', '-8.25']
['ETH-USD', '5m', '@@DvQ.', '2021-08-15', '2021-10-01', '62', '1.76', '-8.0', 14, '32', '0.18', '0.52', '1.8', '3', '8', 659, -250, '20', '42', '-8.25']
['ETH-USD', '5m', '@@DvE.', '2021-08-15', '2021-10-01', '62', '1.76', '-8.0', 14, '32', '0.18', '0.52', '1.8', '3', '8', 659, -250, '20', '42', '-8.25']
['ETH-USD', '5m', '-@dBEH', '2021-08-15', '2021-10-01', '97', '5.9', '-13.0', 56, '28', '0.26', '1.24', '4.26', '3', '9', 543, -228, '27', '70', '-8.25']
['ETH-USD', '5m', '6DkH55', '2021-08-15', '2021-10-01', '74', '1.36', '-14.0', 11, '30', '0.06', '0.45', '0.82', '3', '8', 638, -320, '22', '52', '-8.25']
['ETH-USD', '5m', '6DkH5.', '2021-08-15', '2021-10-01', '74', '1.36', '-14.0', 11, '30', '0.06', '0.45', '0.82', '3', '8', 638, -320, '22', '52', '-8.25']
['ETH-USD', '5m', 'C@Kr5M', '2021-08-15', '2021-10-01', '52', '3.88', '-8.0', 34, '31', '0.36', '0.85', '4.3', '3', '8', 764, -286, '16', '36', '-8.25']
['ETH-USD', '5m', '-@bBEH', '2021-08-15', '2021-10-01', '97', '4.93', '-13.0', 45, '28', '0.21', '1.08', '3.45', '3', '9', 524, -224, '27', '70', '-8.25']
['ETH-USD', '5m', '6@CBEH', '2021-08-15', '2021-10-01', '72', '6.44', '-8.0', 62, '35', '0.53', '1.66', '7.61', '3', '7', 293, -252, '25', '47', '-8.25']
['ETH-USD', '5m', '6DkH5B', '2021-08-15', '2021-10-01', '74', '1.36', '-14.0', 11, '30', '0.06', '0.45', '0.82', '3', '8', 638, -320, '22', '52', '-8.25']
['ETH-USD', '5m', 'LDYNlH', '2021-08-15', '2021-10-01', '34', '1.48', '-9.0', 12, '35', '0.11', '0.5', '1.35', '3', '7', 571, -277, '12', '22', '-8.25']
['ETH-USD', '5m', 'FEbrHX', '2021-08-15', '2021-10-01', '24', '4.98', '-8.0', 46, '38', '0.51', '1.29', '5.54', '3', '6', 706, -286, '9', '15', '-8.25']
['ETH-USD', '5m', '`=9aR0', '2021-08-15', '2021-10-01', '49', '6.11', '-8.0', 59, '33', '0.45', '1.53', '7.12', '3', '8', 404, -207, '16', '33', '-8.25']
['ETH-USD', '5m', 'v@fH5H', '2021-08-15', '2021-10-01', '41', '-3.63', '-15.0', -25, '39', '-0.09', '-0.53', '-1.64', '4', '9', 567, -264, '16', '25', '-8.25']
['ETH-USD', '5m', '@5aH,H', '2021-08-15', '2021-10-01', '79', '6.31', '-11.0', 61, '30', '0.5', '1.33', '5.35', '2', '7', 599, -314, '24', '55', '-8.25']
['ETH-USD', '5m', '@@Arf.', '2021-08-15', '2021-10-01', '62', '0.09', '-9.0', 1, '32', '0.01', '0.21', '0.08', '3', '8', 582, -248, '20', '42', '-8.25']
['ETH-USD', '5m', '@@ArE.', '2021-08-15', '2021-10-01', '62', '0.09', '-9.0', 1, '32', '0.01', '0.21', '0.08', '3', '8', 582, -248, '20', '42', '-8.25']
['ETH-USD', '5m', 'uDfHJH', '2021-08-15', '2021-10-01', '40', '-2.99', '-13.0', -21, '45', '-0.09', '-0.51', '-1.58', '4', '8', 567, -227, '18', '22', '-8.25']
['ETH-USD', '5m', 'b68[<)', '2021-08-15', '2021-10-01', '47', '8.29', '-5.0', 86, '40', '1.55', '2.21', '17.25', '3', '5', 359, -205, '19', '28', '-8.25']
['ETH-USD', '5m', '@@?rE3', '2021-08-15', '2021-10-01', '62', '1.08', '-9.0', 9, '32', '0.09', '0.4', '0.95', '3', '8', 553, -247, '20', '42', '-8.25']
['ETH-USD', '5m', '@@?rp.', '2021-08-15', '2021-10-01', '62', '1.08', '-9.0', 9, '32', '0.09', '0.4', '0.95', '3', '8', 553, -247, '20', '42', '-8.25']
['ETH-USD', '5m', '@@QOE.', '2021-08-15', '2021-10-01', '62', '0.54', '-11.0', 4, '31', '0.03', '0.3', '0.37', '3', '8', 532, -240, '19', '43', '-8.25']
['ETH-USD', '5m', '@@DQE.', '2021-08-15', '2021-10-01', '62', '3.48', '-10.0', 30, '32', '0.2', '0.9', '2.92', '3', '8', 412, -245, '20', '42', '-8.25']
['ETH-USD', '5m', 'wEbr<X', '2021-08-15', '2021-10-01', '25', '-5.38', '-9.0', -35, '40', '-0.3', '-1.49', '-4.08', '4', '4', 647, -228, '10', '15', '-8.25']
['ETH-USD', '5m', '@+Q?QK', '2021-08-15', '2021-10-01', '55', '2.71', '-15.0', 23, '40', '0.04', '0.87', '1.52', '4', '10', 358, -258, '22', '33', '-8.25']
['ETH-USD', '5m', 'g7?a=T', '2021-08-15', '2021-10-01', '31', '12.63', '-8.0', 152, '45', '1.05', '2.97', '18.29', '3', '4', 506, -192, '14', '17', '-8.25']
['ETH-USD', '5m', '[Ebr<X', '2021-08-15', '2021-10-01', '35', '0.73', '-12.0', 6, '37', '0.03', '0.33', '0.47', '4', '7', 618, -241, '13', '22', '-8.25']
['ETH-USD', '5m', '@@VNM)', '2021-08-15', '2021-10-01', '62', '-2.93', '-11.0', -21, '29', '-0.16', '-0.4', '-1.83', '3', '8', 523, -242, '18', '44', '-8.25']
['ETH-USD', '5m', 'uZ_J*p', '2021-08-15', '2021-10-01', '15', '-0.84', '-9.0', -6, '27', '-0.04', '-0.04', '-0.72', '2', '4', 568, -291, '4', '11', '-8.25']
['ETH-USD', '5m', 'S@R]-^', '2021-08-15', '2021-10-01', '36', '-4.13', '-10.0', -28, '39', '-0.23', '-0.76', '-2.93', '2', '7', 631, -251, '14', '22', '-8.25']
['ETH-USD', '5m', '@@VS5H', '2021-08-15', '2021-10-01', '58', '-5.02', '-12.0', -33, '28', '-0.24', '-0.79', '-2.69', '3', '8', 562, -238, '16', '42', '-8.25']
['ETH-USD', '5m', '@@VM5H', '2021-08-15', '2021-10-01', '58', '-2.47', '-13.0', -18, '28', '-0.1', '-0.28', '-1.33', '3', '8', 537, -235, '16', '42', '-8.25']
['ETH-USD', '5m', 'F=9(49', '2021-08-15', '2021-10-01', '62', '1.24', '-7.0', 10, '66', '0.05', '0.63', '1.37', '10', '3', 58, -232, '41', '21', '-8.25']
['ETH-USD', '5m', '@@VK5H', '2021-08-15', '2021-10-01', '58', '-1.95', '-14.0', -14, '28', '-0.08', '-0.17', '-1.03', '3', '8', 515, -235, '16', '42', '-8.25']
['ETH-USD', '5m', '6@EH5)', '2021-08-15', '2021-10-01', '86', '3.2', '-13.0', 28, '30', '0.11', '0.84', '2.1', '3', '8', 342, -246, '26', '60', '-8.25']
['ETH-USD', '5m', 'gL`gO>', '2021-08-15', '2021-10-01', '40', '-0.22', '-13.0', -2, '35', '-0.01', '0.16', '-0.13', '3', '6', 898, -230, '14', '26', '-8.25']
['ETH-USD', '5m', '6@O(FH', '2021-08-15', '2021-10-01', '69', '0.81', '-11.0', 6, '49', '0.02', '0.38', '0.57', '3', '7', 112, -278, '34', '35', '-8.25']
['ETH-USD', '5m', 'F@o(<H', '2021-08-15', '2021-10-01', '46', '10.47', '-5.0', 117, '48', '1.64', '2.99', '24.6', '4', '5', 194, -263, '22', '24', '-8.25']
['ETH-USD', '5m', '@@7(5[', '2021-08-15', '2021-10-01', '49', '0.33', '-8.0', 3, '73', '0.01', '0.23', '0.31', '8', '2', 54, -274, '36', '13', '-8.25']
['ETH-USD', '5m', '@@7(5T', '2021-08-15', '2021-10-01', '54', '0.91', '-9.0', 7, '72', '0.03', '0.45', '0.8', '10', '2', 54, -273, '39', '15', '-8.25']
['ETH-USD', '5m', 'F=4(49', '2021-08-15', '2021-10-01', '62', '1.98', '-5.0', 16, '71', '0.15', '1.04', '3.11', '10', '2', 47, -223, '44', '18', '-8.25']
['ETH-USD', '5m', ';@VQ5H', '2021-08-15', '2021-10-01', '64', '-1.66', '-11.0', -12, '30', '-0.11', '-0.18', '-1.09', '3', '9', 547, -247, '19', '45', '-8.25']
['ETH-USD', '5m', 'F8bC4)', '2021-08-15', '2021-10-01', '69', '6.16', '-11.0', 59, '32', '0.41', '1.17', '5.45', '3', '8', 573, -278, '22', '47', '-8.25']
['ETH-USD', '5m', 'F4bC4)', '2021-08-15', '2021-10-01', '73', '5.64', '-10.0', 53, '34', '0.51', '1.2', '5.08', '2', '6', 546, -279, '25', '48', '-8.25']
['ETH-USD', '5m', '@@Dr(.', '2021-08-15', '2021-10-01', '54', '4.43', '-8.0', 40, '33', '0.46', '1.01', '4.76', '4', '8', 629, -248, '18', '36', '-8.25']
['ETH-USD', '5m', '@@DoE.', '2021-08-15', '2021-10-01', '62', '0.28', '-9.0', 2, '32', '0.02', '0.25', '0.25', '3', '8', 600, -248, '20', '42', '-8.25']
['ETH-USD', '5m', '@@Dff.', '2021-08-15', '2021-10-01', '62', '-0.15', '-10.0', -1, '32', '-0.01', '0.16', '-0.11', '3', '8', 537, -245, '20', '42', '-8.25']
['ETH-USD', '5m', '@@K])H', '2021-08-15', '2021-10-01', '57', '-1.07', '-11.0', -8, '33', '-0.06', '-0.02', '-0.7', '3', '8', 547, -240, '19', '38', '-8.25']
['ETH-USD', '5m', 'SRRQnE', '2021-08-15', '2021-10-01', '37', '0.41', '-10.0', 3, '38', '0.02', '0.25', '0.31', '3', '7', 522, -226, '14', '23', '-8.25']
['ETH-USD', '5m', '@@Dr)3', '2021-08-15', '2021-10-01', '58', '-0.27', '-10.0', -2, '33', '-0.02', '0.15', '-0.21', '3', '8', 620, -245, '19', '39', '-8.25']
['ETH-USD', '5m', '@@K\\5M', '2021-08-15', '2021-10-01', '56', '-1.86', '-12.0', -14, '32', '-0.11', '-0.18', '-1.16', '3', '8', 534, -240, '18', '38', '-8.25']
['ETH-USD', '5m', '@@Gn5I', '2021-08-15', '2021-10-01', '58', '-0.93', '-10.0', -7, '31', '-0.07', '0.03', '-0.7', '3', '8', 632, -245, '18', '40', '-8.25']
['ETH-USD', '5m', '@@DjE.', '2021-08-15', '2021-10-01', '62', '-0.96', '-10.0', -7, '32', '-0.07', '0.0', '-0.74', '3', '8', 554, -245, '20', '42', '-8.25']
['ETH-USD', '5m', '@@Oro8', '2021-08-15', '2021-10-01', '62', '4.49', '-8.0', 41, '31', '0.5', '0.96', '5.14', '3', '8', 831, -256, '19', '43', '-8.25']
['ETH-USD', '5m', 'I;bH88', '2021-08-15', '2021-10-01', '62', '3.2', '-10.0', 28, '32', '0.2', '0.82', '2.89', '3', '7', 583, -231, '20', '42', '-8.25']
['ETH-USD', '5m', '@@D_E3', '2021-08-15', '2021-10-01', '62', '1.96', '-11.0', 16, '32', '0.11', '0.57', '1.48', '3', '8', 526, -242, '20', '42', '-8.25']
['ETH-USD', '5m', '@@CeE.', '2021-08-15', '2021-10-01', '62', '1.67', '-10.0', 14, '32', '0.11', '0.51', '1.34', '3', '8', 555, -243, '20', '42', '-8.25']
['ETH-USD', '5m', 'SRRQZE', '2021-08-15', '2021-10-01', '39', '0.36', '-10.0', 3, '38', '0.02', '0.24', '0.3', '3', '7', 522, -226, '15', '24', '-8.25']
['ETH-USD', '5m', 'SRRQ[E', '2021-08-15', '2021-10-01', '39', '0.36', '-10.0', 3, '38', '0.02', '0.24', '0.3', '3', '7', 522, -226, '15', '24', '-8.25']
['ETH-USD', '5m', '@@Ea9.', '2021-08-15', '2021-10-01', '62', '1.63', '-10.0', 13, '32', '0.1', '0.51', '1.28', '3', '8', 554, -243, '20', '42', '-8.25']
['ETH-USD', '5m', '@@Qr<D', '2021-08-15', '2021-10-01', '61', '4.7', '-8.0', 43, '30', '0.51', '0.99', '5.35', '3', '8', 871, -258, '18', '43', '-8.25']
['ETH-USD', '5m', '@>D_E.', '2021-08-15', '2021-10-01', '60', '5.5', '-8.0', 52, '38', '0.58', '1.22', '6.24', '3', '5', 542, -213, '23', '37', '-8.25']
['ETH-USD', '5m', '@@Qr*8', '2021-08-15', '2021-10-01', '58', '3.72', '-10.0', 33, '31', '0.3', '0.83', '3.23', '3', '8', 859, -253, '18', '40', '-8.25']
['ETH-USD', '5m', '@@K`*H', '2021-08-15', '2021-10-01', '57', '-1.88', '-11.0', -14, '33', '-0.12', '-0.17', '-1.25', '3', '8', 572, -242, '19', '38', '-8.25']
['ETH-USD', '5m', '2NOe,-', '2021-08-15', '2021-10-01', '70', '10.41', '-10.0', 116, '31', '1.02', '2.06', '12.08', '2', '8', 717, -260, '22', '48', '-8.25']
['ETH-USD', '5m', '@@Dam.', '2021-08-15', '2021-10-01', '62', '1.13', '-11.0', 9, '32', '0.07', '0.41', '0.86', '3', '8', 538, -243, '20', '42', '-8.25']
['ETH-USD', '5m', '@@DbE.', '2021-08-15', '2021-10-01', '62', '1.13', '-11.0', 9, '32', '0.07', '0.41', '0.86', '3', '8', 538, -243, '20', '42', '-8.25']
['ETH-USD', '5m', '@@C^i8', '2021-08-15', '2021-10-01', '62', '0.72', '-11.0', 6, '32', '0.04', '0.33', '0.51', '3', '8', 499, -242, '20', '42', '-8.25']
['ETH-USD', '5m', 'F;bR<H', '2021-08-15', '2021-10-01', '61', '-5.07', '-10.0', -33, '26', '-0.38', '-0.76', '-3.36', '2', '8', 696, -254, '16', '45', '-8.25']
['ETH-USD', '5m', '@3Drf.', '2021-08-15', '2021-10-01', '87', '6.9', '-9.0', 68, '32', '0.83', '1.48', '7.85', '2', '8', 649, -267, '28', '59', '-8.25']
['ETH-USD', '5m', '@@Qrq8', '2021-08-15', '2021-10-01', '62', '5.06', '-8.0', 47, '31', '0.56', '1.04', '5.83', '3', '8', 871, -258, '19', '43', '-8.25']
['ETH-USD', '5m', '@@Qrn8', '2021-08-15', '2021-10-01', '62', '5.06', '-8.0', 47, '31', '0.56', '1.04', '5.83', '3', '8', 871, -258, '19', '43', '-8.25']
['ETH-USD', '5m', '@@C^Z8', '2021-08-15', '2021-10-01', '62', '0.72', '-11.0', 6, '32', '0.04', '0.33', '0.51', '3', '8', 499, -242, '20', '42', '-8.25']
['ETH-USD', '5m', '@@C^?8', '2021-08-15', '2021-10-01', '62', '0.72', '-11.0', 6, '32', '0.04', '0.33', '0.51', '3', '8', 499, -242, '20', '42', '-8.25']
['ETH-USD', '5m', '@@QB)H', '2021-08-15', '2021-10-01', '57', '-1.38', '-14.0', -10, '32', '-0.04', '-0.12', '-0.73', '3', '8', 375, -235, '18', '39', '-8.25']
['ETH-USD', '5m', 'I7bH88', '2021-08-15', '2021-10-01', '60', '19.68', '-7.0', 304, '38', '3.43', '3.61', '43.75', '3', '5', 650, -232, '23', '37', '-8.25']
['ETH-USD', '5m', 'B@DrE.', '2021-08-15', '2021-10-01', '58', '1.21', '-9.0', 10, '33', '0.11', '0.42', '1.09', '3', '8', 621, -246, '19', '39', '-8.25']
['ETH-USD', '5m', '@@RrE8', '2021-08-15', '2021-10-01', '62', '5.31', '-8.0', 49, '31', '0.59', '1.08', '6.16', '3', '8', 886, -258, '19', '43', '-8.25']
['ETH-USD', '5m', '@@If5H', '2021-08-15', '2021-10-01', '58', '-2.43', '-11.0', -17, '31', '-0.15', '-0.27', '-1.61', '3', '8', 593, -242, '18', '40', '-8.25']
['ETH-USD', '5m', '@7Dih<', '2021-08-15', '2021-10-01', '82', '3.97', '-13.0', 35, '32', '0.19', '0.91', '2.81', '3', '8', 554, -242, '26', '56', '-8.25']
['ETH-USD', '5m', '@@D\\E3', '2021-08-15', '2021-10-01', '62', '4.35', '-11.0', 39, '32', '0.23', '1.0', '3.43', '3', '8', 511, -240, '20', '42', '-8.25']
['ETH-USD', '5m', '@@D\\E.', '2021-08-15', '2021-10-01', '62', '4.35', '-11.0', 39, '32', '0.23', '1.0', '3.43', '3', '8', 511, -240, '20', '42', '-8.25']
['ETH-USD', '5m', '@@Qrp.', '2021-08-15', '2021-10-01', '62', '5.06', '-8.0', 47, '31', '0.56', '1.04', '5.83', '3', '8', 871, -258, '19', '43', '-8.25']
['ETH-USD', '5m', '@@Qrf3', '2021-08-15', '2021-10-01', '62', '5.06', '-8.0', 47, '31', '0.56', '1.04', '5.83', '3', '8', 871, -258, '19', '43', '-8.25']
['ETH-USD', '5m', '@@Qrf7', '2021-08-15', '2021-10-01', '62', '5.06', '-8.0', 47, '31', '0.56', '1.04', '5.83', '3', '8', 871, -258, '19', '43', '-8.25']
['ETH-USD', '5m', '@@QrB.', '2021-08-15', '2021-10-01', '62', '5.06', '-8.0', 47, '31', '0.56', '1.04', '5.83', '3', '8', 871, -258, '19', '43', '-8.25']
['ETH-USD', '5m', '@@QrS.', '2021-08-15', '2021-10-01', '62', '5.06', '-8.0', 47, '31', '0.56', '1.04', '5.83', '3', '8', 871, -258, '19', '43', '-8.25']
['ETH-USD', '5m', '@@QrU8', '2021-08-15', '2021-10-01', '62', '5.06', '-8.0', 47, '31', '0.56', '1.04', '5.83', '3', '8', 871, -258, '19', '43', '-8.25']
['ETH-USD', '5m', '@@Qrc8', '2021-08-15', '2021-10-01', '62', '5.06', '-8.0', 47, '31', '0.56', '1.04', '5.83', '3', '8', 871, -258, '19', '43', '-8.25']
['ETH-USD', '5m', '@@QrW8', '2021-08-15', '2021-10-01', '62', '5.06', '-8.0', 47, '31', '0.56', '1.04', '5.83', '3', '8', 871, -258, '19', '43', '-8.25']
['ETH-USD', '5m', '@@Qr</', '2021-08-15', '2021-10-01', '62', '5.06', '-8.0', 47, '31', '0.56', '1.04', '5.83', '3', '8', 871, -258, '19', '43', '-8.25']
['ETH-USD', '5m', '@@Qs<.', '2021-08-15', '2021-10-01', '62', '5.06', '-8.0', 47, '31', '0.56', '1.04', '5.83', '3', '8', 871, -258, '19', '43', '-8.25']
['ETH-USD', '5m', '@@Qr\\.', '2021-08-15', '2021-10-01', '62', '5.06', '-8.0', 47, '31', '0.56', '1.04', '5.83', '3', '8', 871, -258, '19', '43', '-8.25']
['ETH-USD', '5m', '@@Qr<*', '2021-08-15', '2021-10-01', '62', '5.06', '-8.0', 47, '31', '0.56', '1.04', '5.83', '3', '8', 871, -258, '19', '43', '-8.25']
['ETH-USD', '5m', '@@Qrg.', '2021-08-15', '2021-10-01', '62', '5.06', '-8.0', 47, '31', '0.56', '1.04', '5.83', '3', '8', 871, -258, '19', '43', '-8.25']
['ETH-USD', '5m', '@@Qr_.', '2021-08-15', '2021-10-01', '62', '5.06', '-8.0', 47, '31', '0.56', '1.04', '5.83', '3', '8', 871, -258, '19', '43', '-8.25']
['ETH-USD', '5m', '@@Qrb8', '2021-08-15', '2021-10-01', '62', '5.06', '-8.0', 47, '31', '0.56', '1.04', '5.83', '3', '8', 871, -258, '19', '43', '-8.25']
['ETH-USD', '5m', '@@QrS8', '2021-08-15', '2021-10-01', '62', '5.06', '-8.0', 47, '31', '0.56', '1.04', '5.83', '3', '8', 871, -258, '19', '43', '-8.25']
['ETH-USD', '5m', '@@Qr>8', '2021-08-15', '2021-10-01', '62', '5.06', '-8.0', 47, '31', '0.56', '1.04', '5.83', '3', '8', 871, -258, '19', '43', '-8.25']
['ETH-USD', '5m', '@g]d<H', '2021-08-15', '2021-10-01', '37', '0.52', '-13.0', 4, '30', '0.03', '0.3', '0.32', '2', '6', 923, -230, '11', '26', '-8.25']
['ETH-USD', '5m', 'I0bH88', '2021-08-15', '2021-10-01', '83', '6.19', '-13.0', 59, '28', '0.38', '1.22', '4.68', '2', '8', 608, -283, '23', '60', '-8.25']
['ETH-USD', '5m', '@@Qro;', '2021-08-15', '2021-10-01', '61', '6.31', '-8.0', 61, '31', '0.78', '1.25', '7.59', '3', '8', 871, -258, '19', '42', '-8.25']
['ETH-USD', '5m', '@@KZ58', '2021-08-15', '2021-10-01', '62', '1.14', '-11.0', 9, '32', '0.07', '0.41', '0.87', '3', '8', 565, -243, '20', '42', '-8.25']
['ETH-USD', '5m', '@@Kg5H', '2021-08-15', '2021-10-01', '58', '-1.9', '-10.0', -14, '31', '-0.13', '-0.15', '-1.33', '3', '8', 630, -243, '18', '40', '-8.25']
['ETH-USD', '5m', '6DaH5H', '2021-08-15', '2021-10-01', '73', '1.58', '-13.0', 13, '30', '0.07', '0.5', '0.97', '3', '8', 552, -294, '22', '51', '-8.25']
['ETH-USD', '5m', '@@DZE.', '2021-08-15', '2021-10-01', '62', '3.16', '-12.0', 27, '32', '0.15', '0.79', '2.34', '3', '8', 487, -240, '20', '42', '-8.25']
['ETH-USD', '5m', '@@LXE.', '2021-08-15', '2021-10-01', '62', '0.99', '-11.0', 8, '32', '0.06', '0.38', '0.74', '3', '8', 562, -243, '20', '42', '-8.25']
['ETH-USD', '5m', '@@Kd5H', '2021-08-15', '2021-10-01', '58', '-2.74', '-11.0', -19, '31', '-0.17', '-0.32', '-1.78', '3', '8', 601, -242, '18', '40', '-8.25']
['ETH-USD', '5m', '@@Qf5O', '2021-08-15', '2021-10-01', '56', '0.55', '-10.0', 4, '30', '0.04', '0.31', '0.43', '3', '8', 713, -247, '17', '39', '-8.25']
['ETH-USD', '5m', '\\GF[LF', '2021-08-15', '2021-10-01', '44', '-6.36', '-13.0', -40, '34', '-0.14', '-1.36', '-2.97', '2', '9', 465, -206, '15', '29', '-8.25']
['ETH-USD', '5m', '@@DYE.', '2021-08-15', '2021-10-01', '62', '2.59', '-12.0', 22, '32', '0.12', '0.69', '1.85', '3', '8', 475, -240, '20', '42', '-8.25']
['ETH-USD', '5m', '@@DXE.', '2021-08-15', '2021-10-01', '62', '2.59', '-12.0', 22, '32', '0.12', '0.69', '1.85', '3', '8', 475, -240, '20', '42', '-8.25']
['ETH-USD', '5m', '@@DXd.', '2021-08-15', '2021-10-01', '62', '2.59', '-12.0', 22, '32', '0.12', '0.69', '1.85', '3', '8', 475, -240, '20', '42', '-8.25']
['ETH-USD', '5m', '@@DXK.', '2021-08-15', '2021-10-01', '62', '2.59', '-12.0', 22, '32', '0.12', '0.69', '1.85', '3', '8', 475, -240, '20', '42', '-8.25']
['ETH-USD', '5m', '@@DXE2', '2021-08-15', '2021-10-01', '62', '2.59', '-12.0', 22, '32', '0.12', '0.69', '1.85', '3', '8', 475, -240, '20', '42', '-8.25']
['ETH-USD', '5m', '@@DXo.', '2021-08-15', '2021-10-01', '62', '2.59', '-12.0', 22, '32', '0.12', '0.69', '1.85', '3', '8', 475, -240, '20', '42', '-8.25']
['ETH-USD', '5m', '@@DXu.', '2021-08-15', '2021-10-01', '62', '2.59', '-12.0', 22, '32', '0.12', '0.69', '1.85', '3', '8', 475, -240, '20', '42', '-8.25']
['ETH-USD', '5m', '@@PrE3', '2021-08-15', '2021-10-01', '62', '4.78', '-8.0', 44, '31', '0.53', '1.0', '5.48', '3', '8', 852, -256, '19', '43', '-8.25']
['ETH-USD', '5m', '@@Prp.', '2021-08-15', '2021-10-01', '62', '4.78', '-8.0', 44, '31', '0.53', '1.0', '5.48', '3', '8', 852, -256, '19', '43', '-8.25']
['ETH-USD', '5m', ';@Qa9.', '2021-08-15', '2021-10-01', '66', '6.05', '-10.0', 58, '32', '0.64', '1.29', '6.03', '3', '6', 683, -244, '21', '45', '-8.25']
['ETH-USD', '5m', '@D@p5H', '2021-08-15', '2021-10-01', '56', '0.94', '-8.0', 8, '32', '0.08', '0.37', '0.95', '2', '8', 557, -194, '18', '38', '-8.25']
['ETH-USD', '5m', ']J]d<H', '2021-08-15', '2021-10-01', '42', '0.91', '-13.0', 7, '36', '0.04', '0.37', '0.55', '2', '6', 858, -274, '15', '27', '-8.25']
['ETH-USD', '5m', 'S<RX9.', '2021-08-15', '2021-10-01', '54', '1.44', '-9.0', 12, '35', '0.13', '0.47', '1.34', '3', '5', 609, -301, '19', '35', '-8.25']
['ETH-USD', '5m', '@5QrE.', '2021-08-15', '2021-10-01', '85', '1.54', '-12.0', 13, '31', '0.09', '0.48', '1.04', '2', '8', 863, -287, '26', '59', '-8.25']
['ETH-USD', '5m', ':@V_5H', '2021-08-15', '2021-10-01', '65', '-5.02', '-12.0', -33, '29', '-0.19', '-0.76', '-2.84', '3', '9', 723, -254, '19', '46', '-8.25']
['ETH-USD', '5m', 'E@.]=L', '2021-08-15', '2021-10-01', '46', '0.71', '-6.0', 6, '39', '0.07', '0.34', '1.01', '3', '5', 222, -202, '18', '28', '-8.25']
['ETH-USD', '5m', 'S@RX9Y', '2021-08-15', '2021-10-01', '39', '-6.61', '-10.0', -41, '36', '-0.3', '-1.46', '-3.95', '3', '8', 572, -245, '14', '25', '-8.25']
['ETH-USD', '5m', '@@CXE.', '2021-08-15', '2021-10-01', '62', '1.76', '-12.0', 15, '32', '0.08', '0.53', '1.22', '3', '8', 464, -240, '20', '42', '-8.25']
['ETH-USD', '5m', 'v@CrE.', '2021-08-15', '2021-10-01', '48', '-5.3', '-16.0', -34, '35', '-0.11', '-0.79', '-2.13', '3', '10', 576, -183, '17', '31', '-8.25']
['ETH-USD', '5m', '6D_H5H', '2021-08-15', '2021-10-01', '73', '5.66', '-14.0', 53, '30', '0.27', '1.2', '3.93', '3', '8', 561, -290, '22', '51', '-8.25']
['ETH-USD', '5m', '@@Qio8', '2021-08-15', '2021-10-01', '62', '2.44', '-8.0', 21, '31', '0.25', '0.63', '2.58', '3', '8', 768, -253, '19', '43', '-8.25']
['ETH-USD', '5m', '@?C^E8', '2021-08-15', '2021-10-01', '60', '1.18', '-10.0', 10, '37', '0.08', '0.42', '0.94', '3', '5', 509, -245, '22', '38', '-8.25']
['ETH-USD', '5m', '@Efd5X', '2021-08-15', '2021-10-01', '48', '-4.05', '-10.0', -27, '38', '-0.23', '-0.59', '-2.63', '3', '7', 691, -223, '18', '30', '-8.25']
['ETH-USD', '5m', '@Efc5X', '2021-08-15', '2021-10-01', '48', '-1.89', '-10.0', -14, '38', '-0.11', '-0.16', '-1.32', '3', '7', 913, -228, '18', '30', '-8.25']
['ETH-USD', '5m', 'v@DrE.', '2021-08-15', '2021-10-01', '48', '-5.26', '-16.0', -34, '35', '-0.11', '-0.77', '-2.1', '3', '10', 590, -185, '17', '31', '-8.25']
['ETH-USD', '5m', '@@Qrr8', '2021-08-15', '2021-10-01', '62', '5.06', '-8.0', 47, '31', '0.56', '1.04', '5.83', '3', '8', 871, -258, '19', '43', '-8.25']
['ETH-USD', '5m', '@@Qr<N', '2021-08-15', '2021-10-01', '54', '5.92', '-9.0', 56, '31', '0.6', '1.19', '6.13', '3', '8', 871, -258, '17', '37', '-8.25']
['ETH-USD', '5m', '@Efn5X', '2021-08-15', '2021-10-01', '48', '-4.05', '-10.0', -27, '38', '-0.23', '-0.59', '-2.63', '3', '7', 691, -223, '18', '30', '-8.25']
['ETH-USD', '5m', 'S@RX9@', '2021-08-15', '2021-10-01', '50', '-2.49', '-10.0', -18, '34', '-0.12', '-0.27', '-1.7', '3', '8', 609, -260, '17', '33', '-8.25']
['ETH-USD', '5m', 'vGRr3.', '2021-08-15', '2021-10-01', '40', '4.64', '-11.0', 42, '38', '0.32', '1.03', '3.7', '3', '6', 892, -251, '15', '25', '-8.25']
['ETH-USD', '5m', '@Ef`5X', '2021-08-15', '2021-10-01', '48', '4.28', '-10.0', 39, '38', '0.28', '0.93', '3.68', '3', '7', 939, -242, '18', '30', '-8.25']
['ETH-USD', '5m', '@Efl5X', '2021-08-15', '2021-10-01', '48', '-4.05', '-10.0', -27, '38', '-0.23', '-0.59', '-2.63', '3', '7', 691, -223, '18', '30', '-8.25']
['ETH-USD', '5m', '@5KW,H', '2021-08-15', '2021-10-01', '79', '9.04', '-10.0', 96, '33', '0.81', '1.79', '9.2', '2', '7', 571, -269, '26', '53', '-8.25']
['ETH-USD', '5m', '@@QjE.', '2021-08-15', '2021-10-01', '62', '2.44', '-8.0', 21, '31', '0.25', '0.63', '2.58', '3', '8', 768, -253, '19', '43', '-8.25']
['ETH-USD', '5m', '@5KV,H', '2021-08-15', '2021-10-01', '79', '8.35', '-10.0', 86, '33', '0.74', '1.69', '8.29', '2', '7', 556, -269, '26', '53', '-8.25']
['ETH-USD', '5m', 'A@bC4)', '2021-08-15', '2021-10-01', '58', '3.91', '-11.0', 35, '33', '0.23', '0.93', '3.11', '3', '8', 539, -239, '19', '39', '-8.25']
['ETH-USD', '5m', 'n0RT.>', '2021-08-15', '2021-10-01', '42', '10.65', '-8.0', 119, '48', '1.54', '2.42', '15.64', '3', '4', 579, -243, '20', '22', '-8.25']
['ETH-USD', '5m', 'SRRQ9Q', '2021-08-15', '2021-10-01', '35', '2.74', '-8.0', 23, '40', '0.24', '0.82', '2.82', '3', '5', 533, -231, '14', '21', '-8.25']
['ETH-USD', '5m', '=@Qa9.', '2021-08-15', '2021-10-01', '64', '4.86', '-8.0', 45, '34', '0.65', '1.07', '5.92', '3', '8', 690, -246, '22', '42', '-8.25']
['ETH-USD', '5m', '@@Qf58', '2021-08-15', '2021-10-01', '62', '1.49', '-8.0', 12, '31', '0.15', '0.47', '1.52', '3', '8', 729, -251, '19', '43', '-8.25']
['ETH-USD', '5m', 'G@VH5H', '2021-08-15', '2021-10-01', '48', '11.21', '-8.0', 128, '40', '0.93', '2.29', '15.64', '4', '5', 540, -333, '19', '29', '-8.25']
['ETH-USD', '5m', '@@Qh9.', '2021-08-15', '2021-10-01', '62', '2.08', '-8.0', 17, '31', '0.21', '0.57', '2.17', '3', '8', 751, -253, '19', '43', '-8.25']
['ETH-USD', '5m', '@@Qh58', '2021-08-15', '2021-10-01', '62', '2.08', '-8.0', 17, '31', '0.21', '0.57', '2.17', '3', '8', 751, -253, '19', '43', '-8.25']
['ETH-USD', '5m', '@/KH,H', '2021-08-15', '2021-10-01', '95', '15.33', '-9.0', 203, '33', '1.73', '3.51', '22.79', '2', '7', 434, -290, '31', '64', '-8.25']
['ETH-USD', '5m', '@@K]5H', '2021-08-15', '2021-10-01', '58', '-2.78', '-12.0', -20, '31', '-0.15', '-0.36', '-1.65', '3', '8', 544, -240, '18', '40', '-8.25']
['ETH-USD', '5m', 'SXRQ9E', '2021-08-15', '2021-10-01', '38', '-5.55', '-9.0', -36, '29', '-0.28', '-1.13', '-4.16', '2', '7', 513, -208, '11', '27', '-8.25']
['ETH-USD', '5m', 'SRRQsE', '2021-08-15', '2021-10-01', '36', '1.31', '-10.0', 11, '39', '0.08', '0.46', '1.11', '3', '6', 526, -229, '14', '22', '-8.25']
['ETH-USD', '5m', '_@RX9.', '2021-08-15', '2021-10-01', '48', '1.38', '-11.0', 11, '35', '0.08', '0.46', '1.01', '4', '8', 621, -257, '17', '31', '-8.25']
['ETH-USD', '5m', '@@?a9.', '2021-08-15', '2021-10-01', '62', '3.32', '-11.0', 29, '32', '0.18', '0.82', '2.59', '3', '8', 483, -242, '20', '42', '-8.25']
['ETH-USD', '5m', '@5KT,H', '2021-08-15', '2021-10-01', '79', '8.89', '-10.0', 94, '33', '0.74', '1.81', '8.98', '2', '7', 537, -267, '26', '53', '-8.25']
['ETH-USD', '5m', 'S@R]-8', '2021-08-15', '2021-10-01', '47', '1.3', '-10.0', 11, '36', '0.08', '0.44', '1.01', '3', '8', 664, -269, '17', '30', '-8.25']
['ETH-USD', '5m', '@@DPE.', '2021-08-15', '2021-10-01', '62', '2.56', '-11.0', 22, '32', '0.14', '0.72', '2.04', '3', '8', 400, -243, '20', '42', '-8.25']
['ETH-USD', '5m', '@@?f5H', '2021-08-15', '2021-10-01', '58', '-0.61', '-12.0', -5, '31', '-0.03', '0.07', '-0.37', '3', '8', 494, -238, '18', '40', '-8.25']
['ETH-USD', '5m', 'uEbr<X', '2021-08-15', '2021-10-01', '26', '2.75', '-7.0', 23, '50', '0.28', '0.81', '3.43', '4', '3', 661, -250, '13', '13', '-8.25']
['ETH-USD', '5m', 'mDJ`w3', '2021-08-15', '2021-10-01', '46', '-6.29', '-14.0', -40, '39', '-0.13', '-1.17', '-2.78', '3', '8', 540, -200, '18', '28', '-8.25']
['ETH-USD', '5m', 'FEbr/X', '2021-08-15', '2021-10-01', '49', '-7.96', '-12.0', -47, '35', '-0.34', '-1.44', '-4.09', '2', '5', 690, -260, '17', '32', '-8.25']
['ETH-USD', '5m', 'X@brKH', '2021-08-15', '2021-10-01', '45', '-0.54', '-10.0', -4, '33', '-0.03', '0.07', '-0.41', '3', '8', 683, -250, '15', '30', '-8.25']
['ETH-USD', '5m', 'r@C^E8', '2021-08-15', '2021-10-01', '44', '-4.6', '-16.0', -31, '36', '-0.07', '-0.81', '-1.96', '3', '8', 453, -177, '16', '28', '-8.25']
['ETH-USD', '5m', '@@KG5M', '2021-08-15', '2021-10-01', '56', '-1.54', '-14.0', -11, '32', '-0.05', '-0.16', '-0.82', '3', '8', 371, -235, '18', '38', '-8.25']
['ETH-USD', '5m', '@@@f5H', '2021-08-15', '2021-10-01', '58', '-0.31', '-12.0', -2, '31', '-0.01', '0.14', '-0.19', '3', '8', 508, -238, '18', '40', '-8.25']
['ETH-USD', '5m', '6KBhI2', '2021-08-15', '2021-10-01', '66', '2.44', '-9.0', 21, '29', '0.19', '0.66', '2.23', '2', '10', 533, -227, '19', '47', '-8.25']
['ETH-USD', '5m', '^@Q^58', '2021-08-15', '2021-10-01', '46', '-2.66', '-12.0', -19, '35', '-0.14', '-0.39', '-1.6', '4', '8', 606, -243, '16', '30', '-8.25']
['ETH-USD', '5m', 'FEbr<0', '2021-08-15', '2021-10-01', '56', '-5.2', '-12.0', -34, '34', '-0.23', '-0.76', '-2.89', '3', '5', 685, -268, '19', '37', '-8.25']
['ETH-USD', '5m', 'Emb]=.', '2021-08-15', '2021-10-01', '32', '2.01', '-13.0', 17, '31', '0.09', '0.55', '1.3', '2', '7', 907, -265, '10', '22', '-8.25']
['ETH-USD', '5m', '@5LH,H', '2021-08-15', '2021-10-01', '79', '4.81', '-11.0', 44, '33', '0.32', '1.15', '4.1', '2', '7', 411, -267, '26', '53', '-8.25']
['ETH-USD', '5m', 'F@2(<H', '2021-08-15', '2021-10-01', '47', '3.78', '-4.0', 33, '81', '0.63', '1.91', '8.22', '10', '3', 42, -213, '38', '9', '-8.25']
['ETH-USD', '5m', '@@VH5A', '2021-08-15', '2021-10-01', '62', '2.14', '-13.0', 18, '29', '0.09', '0.6', '1.43', '3', '8', 500, -238, '18', '44', '-8.25']
['ETH-USD', '5m', '@@VH51', '2021-08-15', '2021-10-01', '62', '2.14', '-13.0', 18, '29', '0.09', '0.6', '1.43', '3', '8', 500, -238, '18', '44', '-8.25']
['ETH-USD', '5m', 'ADK()H', '2021-08-15', '2021-10-01', '50', '-2.57', '-8.0', -18, '54', '-0.07', '-0.91', '-2.32', '4', '3', 99, -252, '27', '23', '-8.25']
['ETH-USD', '5m', '@@VCMB', '2021-08-15', '2021-10-01', '60', '4.81', '-10.0', 44, '28', '0.31', '1.13', '4.29', '3', '8', 452, -247, '17', '43', '-8.25']
['ETH-USD', '5m', 'EIb]=i', '2021-08-15', '2021-10-01', '16', '10.71', '-5.0', 120, '44', '2.39', '2.67', '24.56', '3', '6', 888, -300, '7', '9', '-8.25']
['ETH-USD', '5m', '@@QG58', '2021-08-15', '2021-10-01', '62', '4.91', '-10.0', 45, '31', '0.3', '1.15', '4.38', '3', '8', 450, -247, '19', '43', '-8.25']
['ETH-USD', '5m', '@,K()H', '2021-08-15', '2021-10-01', '101', '-7.8', '-12.0', -47, '45', '-0.15', '-2.3', '-3.78', '4', '5', 98, -232, '45', '56', '-8.25']
['ETH-USD', '5m', 'Nirr(Y', '2021-08-15', '2021-10-01', '23', '-3.01', '-10.0', -21, '26', '-0.14', '-0.42', '-2.11', '2', '8', 683, -268, '6', '17', '-8.25']
['ETH-USD', '5m', '64EH5H', '2021-08-15', '2021-10-01', '117', '-2.46', '-12.0', -18, '29', '-0.08', '-0.29', '-1.41', '4', '9', 337, -222, '34', '83', '-8.25']
['ETH-USD', '5m', '@;7(5H', '2021-08-15', '2021-10-01', '68', '-1.59', '-8.0', -12, '65', '-0.08', '-0.55', '-1.54', '11', '4', 53, -196, '44', '24', '-8.25']
['ETH-USD', '5m', '@@7()H', '2021-08-15', '2021-10-01', '58', '0.35', '-11.0', 3, '71', '0.01', '0.23', '0.27', '10', '3', 54, -269, '41', '17', '-8.25']
['ETH-USD', '5m', '1v*5jN', '2021-08-15', '2021-10-01', '18', '0.71', '-2.0', 6, '56', '0.15', '0.74', '2.99', '4', '2', 59, -142, '10', '8', '-8.25']
['ETH-USD', '5m', '6@)H5H', '2021-08-15', '2021-10-01', '81', '-1.52', '-11.0', -11, '44', '-0.02', '-0.49', '-1.05', '6', '7', 103, -199, '36', '45', '-8.25']
['ETH-USD', '5m', 'F@)(<H', '2021-08-15', '2021-10-01', '51', '-3.24', '-8.0', -23, '80', '-0.11', '-2.07', '-3.01', '13', '2', 22, -180, '41', '10', '-8.25']
['ETH-USD', '5m', '@@7(5f', '2021-08-15', '2021-10-01', '38', '3.42', '-6.0', 30, '76', '0.19', '1.9', '5.15', '10', '2', 54, -189, '29', '9', '-8.25']
['ETH-USD', '5m', '@@7(5=', '2021-08-15', '2021-10-01', '63', '-1.05', '-11.0', -8, '67', '-0.02', '-0.3', '-0.74', '10', '4', 54, -267, '42', '21', '-8.25']
['ETH-USD', '5m', 'Q*7rS\\', '2021-08-15', '2021-10-01', '4', '-1.31', '-1.0', -10, '50', '-0.2', '-2.77', '-7.43', '2', '1', 21, -121, '2', '2', '-8.25']
['ETH-USD', '5m', 's@VQ5D', '2021-08-15', '2021-10-01', '41', '-4.0', '-15.0', -27, '39', '-0.09', '-0.64', '-1.81', '3', '8', 540, -219, '16', '25', '-8.25']
['ETH-USD', '5m', 'E@br+H', '2021-08-15', '2021-10-01', '45', '-1.15', '-8.0', -9, '33', '-0.09', '-0.08', '-1.04', '3', '7', 680, -250, '15', '30', '-8.25']
['ETH-USD', '5m', 'F@b`4)', '2021-08-15', '2021-10-01', '46', '12.51', '-9.0', 150, '39', '1.45', '2.24', '17.38', '3', '5', 887, -282, '18', '28', '-8.25']
['ETH-USD', '5m', 'FDbHJW', '2021-08-15', '2021-10-01', '27', '2.11', '-9.0', 18, '37', '0.15', '0.64', '1.89', '3', '4', 559, -281, '10', '17', '-8.25']
['ETH-USD', '5m', 'F@b\\4)', '2021-08-15', '2021-10-01', '46', '14.19', '-9.0', 180, '39', '1.62', '2.49', '20.92', '3', '5', 914, -286, '18', '28', '-8.25']
['ETH-USD', '5m', '@DKf5H', '2021-08-15', '2021-10-01', '56', '-0.95', '-9.0', -7, '30', '-0.07', '0.03', '-0.84', '2', '8', 635, -190, '17', '39', '-8.25']
['ETH-USD', '5m', 'Fhbr<X', '2021-08-15', '2021-10-01', '26', '4.45', '-10.0', 40, '35', '0.22', '1.05', '3.97', '3', '5', 1073, -299, '9', '17', '-8.25']
['ETH-USD', '5m', '@DK`5H', '2021-08-15', '2021-10-01', '56', '-2.33', '-8.0', -17, '30', '-0.16', '-0.25', '-1.97', '2', '8', 581, -189, '17', '39', '-8.25']
['ETH-USD', '5m', '4DKp5H', '2021-08-15', '2021-10-01', '87', '-5.14', '-15.0', -34, '28', '-0.14', '-0.64', '-2.23', '3', '8', 720, -243, '24', '63', '-8.25']
['ETH-USD', '5m', '@>VQ5H', '2021-08-15', '2021-10-01', '59', '1.34', '-8.0', 11, '37', '0.14', '0.45', '1.35', '3', '5', 568, -253, '22', '37', '-8.25']
['ETH-USD', '5m', 'F@bl4)', '2021-08-15', '2021-10-01', '46', '6.11', '-9.0', 58, '39', '0.62', '1.31', '6.78', '3', '5', 680, -266, '18', '28', '-8.25']
['ETH-USD', '5m', '?@Rr9.', '2021-08-15', '2021-10-01', '60', '9.54', '-8.0', 103, '33', '1.24', '1.73', '12.78', '3', '8', 892, -251, '20', '40', '-8.25']
['ETH-USD', '5m', '@@DX(.', '2021-08-15', '2021-10-01', '54', '6.05', '-12.0', 58, '33', '0.3', '1.33', '4.93', '4', '8', 483, -240, '18', '36', '-8.25']
['ETH-USD', '5m', 'F@bY4)', '2021-08-15', '2021-10-01', '46', '12.8', '-9.0', 155, '39', '1.42', '2.31', '17.96', '3', '5', 859, -282, '18', '28', '-8.25']
['ETH-USD', '5m', 'F@bv4)', '2021-08-15', '2021-10-01', '46', '6.11', '-9.0', 58, '39', '0.62', '1.31', '6.78', '3', '5', 680, -266, '18', '28', '-8.25']
['ETH-USD', '5m', 'E@br<H', '2021-08-15', '2021-10-01', '49', '3.17', '-8.0', 27, '37', '0.34', '0.79', '3.33', '3', '5', 680, -258, '18', '31', '-8.25']
['ETH-USD', '5m', '@@FXE.', '2021-08-15', '2021-10-01', '62', '3.92', '-12.0', 35, '32', '0.2', '0.92', '3.02', '3', '8', 509, -240, '20', '42', '-8.25']
['ETH-USD', '5m', 'T8AjgN', '2021-08-15', '2021-10-01', '18', '3.11', '-4.0', 27, '39', '0.57', '1.03', '6.1', '1', '3', 549, -263, '7', '11', '-8.25']
['ETH-USD', '5m', 'N@lr(Y', '2021-08-15', '2021-10-01', '40', '-2.32', '-10.0', -17, '38', '-0.15', '-0.38', '-1.69', '3', '7', 667, -215, '15', '25', '-8.25']
['ETH-USD', '5m', 'N@ir(Y', '2021-08-15', '2021-10-01', '40', '-2.2', '-10.0', -16, '38', '-0.14', '-0.35', '-1.6', '3', '7', 667, -212, '15', '25', '-8.25']
['ETH-USD', '5m', '@:V_5H', '2021-08-15', '2021-10-01', '68', '4.16', '-9.0', 37, '35', '0.41', '0.91', '3.96', '3', '5', 733, -292, '24', '44', '-8.25']
['ETH-USD', '5m', 'N@rt(Y', '2021-08-15', '2021-10-01', '40', '-2.58', '-10.0', -18, '38', '-0.16', '-0.44', '-1.85', '3', '7', 667, -228, '15', '25', '-8.25']
['ETH-USD', '5m', '=@CrE.', '2021-08-15', '2021-10-01', '64', '4.8', '-7.0', 44, '34', '0.64', '1.08', '5.96', '3', '8', 630, -216, '22', '42', '-8.25']
['ETH-USD', '5m', 'N@qr(Y', '2021-08-15', '2021-10-01', '40', '-2.53', '-10.0', -18, '38', '-0.16', '-0.43', '-1.82', '3', '7', 667, -226, '15', '25', '-8.25']
['ETH-USD', '5m', '@DKD)H', '2021-08-15', '2021-10-01', '52', '-0.66', '-10.0', -5, '31', '-0.04', '-0.0', '-0.52', '3', '8', 357, -186, '16', '36', '-8.25']
['ETH-USD', '5m', 'N@r^(Y', '2021-08-15', '2021-10-01', '40', '-2.58', '-10.0', -18, '38', '-0.16', '-0.44', '-1.85', '3', '7', 667, -228, '15', '25', '-8.25']
['ETH-USD', '5m', 'N@rh(Y', '2021-08-15', '2021-10-01', '40', '-2.58', '-10.0', -18, '38', '-0.16', '-0.44', '-1.85', '3', '7', 667, -228, '15', '25', '-8.25']
['ETH-USD', '5m', 'E@b5KH', '2021-08-15', '2021-10-01', '47', '12.23', '-6.0', 145, '38', '1.29', '2.96', '22.74', '4', '5', 374, -274, '18', '29', '-8.25']
['ETH-USD', '5m', '@@KV5H', '2021-08-15', '2021-10-01', '58', '-0.7', '-13.0', -5, '31', '-0.03', '0.06', '-0.41', '3', '8', 524, -237, '18', '40', '-8.25']
['ETH-USD', '5m', '=@VH5H', '2021-08-15', '2021-10-01', '64', '5.71', '-12.0', 54, '33', '0.31', '1.26', '4.67', '3', '8', 504, -246, '21', '43', '-8.25']
['ETH-USD', '5m', 'N@rr(1', '2021-08-15', '2021-10-01', '44', '-7.35', '-11.0', -45, '34', '-0.26', '-1.48', '-4.06', '2', '8', 657, -223, '15', '29', '-8.25']
['ETH-USD', '5m', '6@EHAH', '2021-08-15', '2021-10-01', '75', '6.38', '-12.0', 62, '32', '0.28', '1.51', '5.21', '3', '7', 352, -246, '24', '51', '-8.25']
['ETH-USD', '5m', '6@EH@H', '2021-08-15', '2021-10-01', '75', '6.38', '-12.0', 62, '32', '0.28', '1.51', '5.21', '3', '7', 352, -246, '24', '51', '-8.25']
['ETH-USD', '5m', '@@KT5H', '2021-08-15', '2021-10-01', '58', '-1.88', '-13.0', -14, '31', '-0.08', '-0.17', '-1.03', '3', '8', 497, -235, '18', '40', '-8.25']
['ETH-USD', '5m', 'N@rV(Y', '2021-08-15', '2021-10-01', '40', '4.47', '-10.0', 40, '38', '0.35', '1.05', '4.09', '3', '7', 914, -237, '15', '25', '-8.25']
['ETH-USD', '5m', 'N@rJ(Y', '2021-08-15', '2021-10-01', '40', '0.55', '-10.0', 4, '38', '0.04', '0.29', '0.44', '3', '7', 704, -229, '15', '25', '-8.25']
['ETH-USD', '5m', '@@KR5H', '2021-08-15', '2021-10-01', '58', '0.82', '-14.0', 7, '31', '0.03', '0.35', '0.48', '3', '8', 491, -235, '18', '40', '-8.25']
['ETH-USD', '5m', '@@KM5H', '2021-08-15', '2021-10-01', '58', '0.26', '-14.0', 2, '31', '0.01', '0.24', '0.14', '3', '8', 438, -233, '18', '40', '-8.25']
['ETH-USD', '5m', '6@IH5H', '2021-08-15', '2021-10-01', '81', '1.63', '-14.0', 13, '31', '0.04', '0.53', '0.94', '3', '7', 370, -249, '25', '56', '-8.25']
['ETH-USD', '5m', 'w@EH5H', '2021-08-15', '2021-10-01', '44', '5.45', '-13.0', 51, '39', '0.11', '1.39', '3.88', '3', '10', 349, -199, '17', '27', '-8.25']
['ETH-USD', '5m', 'FEbJ<X', '2021-08-15', '2021-10-01', '37', '-5.33', '-9.0', -35, '32', '-0.28', '-1.01', '-3.97', '3', '6', 576, -268, '12', '25', '-8.25']
['ETH-USD', '5m', 'F@.(<H', '2021-08-15', '2021-10-01', '49', '0.4', '-5.0', 3, '80', '0.04', '0.29', '0.69', '9', '3', 33, -198, '39', '10', '-8.25']
['ETH-USD', '5m', 'F+/6)X', '2021-08-15', '2021-10-01', '75', '-8.54', '-11.0', -50, '44', '-0.12', '-3.43', '-4.51', '6', '5', 82, -212, '33', '42', '-8.25']
['ETH-USD', '5m', '6@G(5H', '2021-08-15', '2021-10-01', '81', '-4.45', '-12.0', -30, '49', '-0.05', '-1.6', '-2.44', '6', '7', 92, -256, '40', '41', '-8.25']
['ETH-USD', '5m', 'K(IadI', '2021-08-15', '2021-10-01', '38', '-0.97', '-9.0', -7, '37', '-0.03', '-0.14', '-0.84', '3', '6', 570, -283, '14', '24', '-8.25']
['ETH-USD', '5m', '.C:1mO', '2021-08-15', '2021-10-01', '8', '-1.22', '-2.0', -9, '38', '-0.16', '-1.15', '-3.75', '1', '2', 111, -145, '3', '5', '-8.25']
['ETH-USD', '5m', '@@Lr5M', '2021-08-15', '2021-10-01', '56', '2.5', '-10.0', 21, '32', '0.21', '0.64', '2.08', '3', '8', 762, -250, '18', '38', '-8.25']
['ETH-USD', '5m', '@@Ku)H', '2021-08-15', '2021-10-01', '57', '3.32', '-10.0', 29, '33', '0.28', '0.78', '2.87', '3', '8', 768, -250, '19', '38', '-8.25']
['ETH-USD', '5m', '@@Lvm.', '2021-08-15', '2021-10-01', '62', '4.29', '-8.0', 39, '32', '0.47', '0.94', '4.8', '3', '8', 810, -255, '20', '42', '-8.25']
['ETH-USD', '5m', '@@Ko)H', '2021-08-15', '2021-10-01', '57', '1.9', '-10.0', 16, '33', '0.16', '0.54', '1.57', '3', '8', 713, -248, '19', '38', '-8.25']
['ETH-USD', '5m', '@@Ku58', '2021-08-15', '2021-10-01', '62', '3.71', '-8.0', 33, '32', '0.4', '0.85', '4.09', '3', '8', 778, -255, '20', '42', '-8.25']
['ETH-USD', '5m', '@@Qr([', '2021-08-15', '2021-10-01', '47', '8.86', '-9.0', 93, '32', '0.73', '1.7', '10.18', '4', '8', 847, -251, '15', '32', '-8.25']
['ETH-USD', '5m', '@@KrE.', '2021-08-15', '2021-10-01', '62', '3.17', '-8.0', 27, '32', '0.34', '0.76', '3.43', '3', '8', 758, -253, '20', '42', '-8.25']
['ETH-USD', '5m', '@?Kr5C', '2021-08-15', '2021-10-01', '60', '3.1', '-9.0', 27, '35', '0.31', '0.75', '3.15', '3', '5', 769, -256, '21', '39', '-8.25']
['ETH-USD', '5m', '@@Kr<M', '2021-08-15', '2021-10-01', '55', '2.91', '-10.0', 25, '33', '0.25', '0.71', '2.48', '3', '8', 748, -250, '18', '37', '-8.25']
['ETH-USD', '5m', '@@Kl58', '2021-08-15', '2021-10-01', '62', '1.36', '-8.0', 11, '32', '0.14', '0.45', '1.38', '3', '8', 688, -250, '20', '42', '-8.25']
['ETH-USD', '5m', 'N3B6nF', '2021-08-15', '2021-10-01', '42', '10.26', '-4.0', 113, '43', '3.27', '3.19', '25.65', '3', '4', 192, -210, '18', '24', '-8.25']
['ETH-USD', '5m', '@@Kp5H', '2021-08-15', '2021-10-01', '58', '0.38', '-10.0', 3, '31', '0.03', '0.28', '0.29', '3', '8', 718, -247, '18', '40', '-8.25']
['ETH-USD', '5m', '@@Ko5H', '2021-08-15', '2021-10-01', '58', '0.08', '-10.0', 1, '31', '0.01', '0.23', '0.06', '3', '8', 708, -247, '18', '40', '-8.25']
['ETH-USD', '5m', '@7DihA', '2021-08-15', '2021-10-01', '70', '5.28', '-12.0', 49, '33', '0.31', '1.12', '4.21', '3', '8', 575, -243, '23', '47', '-8.25']
['ETH-USD', '5m', '@@Kq5H', '2021-08-15', '2021-10-01', '58', '0.69', '-10.0', 5, '31', '0.05', '0.33', '0.54', '3', '8', 733, -248, '18', '40', '-8.25']
['ETH-USD', '5m', '@@Kl5H', '2021-08-15', '2021-10-01', '58', '-0.74', '-10.0', -6, '31', '-0.06', '0.08', '-0.56', '3', '8', 674, -245, '18', '40', '-8.25']
['ETH-USD', '5m', 'a@Kr5M', '2021-08-15', '2021-10-01', '42', '-0.83', '-13.0', -6, '31', '-0.04', '0.03', '-0.48', '2', '7', 754, -232, '13', '29', '-8.25']
['ETH-USD', '5m', '@?Kr5M', '2021-08-15', '2021-10-01', '57', '4.41', '-8.0', 40, '35', '0.49', '0.96', '4.69', '3', '5', 774, -260, '20', '37', '-8.25']
['ETH-USD', '5m', 'F@bQ<H', '2021-08-15', '2021-10-01', '46', '9.47', '-9.0', 102, '39', '0.98', '1.83', '11.83', '3', '5', 730, -274, '18', '28', '-8.25']
['ETH-USD', '5m', '4GPs07', '2021-08-15', '2021-10-01', '86', '-6.09', '-16.0', -39, '26', '-0.13', '-0.8', '-2.37', '3', '9', 837, -251, '22', '64', '-8.25']
['ETH-USD', '5m', '6<EH5H', '2021-08-15', '2021-10-01', '85', '9.71', '-10.0', 105, '34', '0.78', '2.04', '10.74', '4', '8', 359, -261, '29', '56', '-8.25']
['ETH-USD', '5m', '6@EH-H', '2021-08-15', '2021-10-01', '83', '5.13', '-12.0', 47, '31', '0.22', '1.25', '4.05', '3', '8', 348, -248, '26', '57', '-8.25']
['ETH-USD', '5m', '@@Qr-[', '2021-08-15', '2021-10-01', '53', '-0.82', '-10.0', -6, '26', '-0.04', '0.06', '-0.61', '3', '8', 829, -248, '14', '39', '-8.25']
['ETH-USD', '5m', 'S<Rr9.', '2021-08-15', '2021-10-01', '54', '9.36', '-9.0', 100, '35', '1.16', '1.74', '11.42', '3', '5', 925, -324, '19', '35', '-8.25']
['ETH-USD', '5m', 'c@Rr9.', '2021-08-15', '2021-10-01', '48', '2.2', '-13.0', 18, '35', '0.11', '0.59', '1.4', '4', '8', 816, -228, '17', '31', '-8.25']
['ETH-USD', '5m', 'c@QrE.', '2021-08-15', '2021-10-01', '48', '2.17', '-13.0', 18, '35', '0.11', '0.59', '1.39', '4', '8', 802, -226, '17', '31', '-8.25']
['ETH-USD', '5m', 'nASOK+', '2021-08-15', '2021-10-01', '46', '-5.42', '-15.0', -35, '37', '-0.1', '-0.96', '-2.27', '4', '10', 494, -210, '17', '29', '-8.25']
['ETH-USD', '5m', '@DKR)H', '2021-08-15', '2021-10-01', '52', '1.18', '-10.0', 10, '31', '0.06', '0.42', '0.91', '3', '8', 491, -187, '16', '36', '-8.25']
['ETH-USD', '5m', 'F@ba<H', '2021-08-15', '2021-10-01', '46', '12.81', '-9.0', 155, '39', '1.5', '2.27', '17.98', '3', '5', 902, -282, '18', '28', '-8.25']
['ETH-USD', '5m', '@DKn,H', '2021-08-15', '2021-10-01', '55', '-0.85', '-9.0', -6, '29', '-0.05', '0.05', '-0.7', '2', '8', 714, -193, '16', '39', '-8.25']
['ETH-USD', '5m', '@DKp2H', '2021-08-15', '2021-10-01', '56', '1.63', '-8.0', 13, '30', '0.13', '0.49', '1.57', '2', '8', 734, -194, '17', '39', '-8.25']
['ETH-USD', '5m', '@@Qr<P', '2021-08-15', '2021-10-01', '53', '3.86', '-9.0', 34, '30', '0.32', '0.87', '3.72', '3', '8', 871, -258, '16', '37', '-8.25']
['ETH-USD', '5m', 'F@bj<H', '2021-08-15', '2021-10-01', '46', '11.99', '-9.0', 141, '39', '1.38', '2.09', '16.36', '3', '5', 990, -281, '18', '28', '-8.25']
['ETH-USD', '5m', 'F@bk<H', '2021-08-15', '2021-10-01', '46', '6.11', '-9.0', 58, '39', '0.62', '1.31', '6.78', '3', '5', 680, -266, '18', '28', '-8.25']
['ETH-USD', '5m', '6DkH5c', '2021-08-15', '2021-10-01', '42', '1.63', '-12.0', 13, '31', '0.07', '0.51', '1.09', '3', '10', 658, -329, '13', '29', '-8.25']
['ETH-USD', '5m', '@DKp5;', '2021-08-15', '2021-10-01', '56', '1.63', '-8.0', 13, '30', '0.13', '0.49', '1.57', '2', '8', 734, -194, '17', '39', '-8.25']
['ETH-USD', '5m', 'F@bH9H', '2021-08-15', '2021-10-01', '46', '8.12', '-9.0', 83, '39', '0.7', '1.75', '9.68', '3', '5', 598, -272, '18', '28', '-8.25']
['ETH-USD', '5m', 'F<\\H<F', '2021-08-15', '2021-10-01', '63', '5.05', '-11.0', 47, '30', '0.26', '1.04', '4.36', '3', '8', 578, -219, '19', '44', '-8.25']
['ETH-USD', '5m', 'F@bu<H', '2021-08-15', '2021-10-01', '46', '6.11', '-9.0', 58, '39', '0.62', '1.31', '6.78', '3', '5', 680, -266, '18', '28', '-8.25']
['ETH-USD', '5m', 'F@bH,H', '2021-08-15', '2021-10-01', '43', '3.66', '-9.0', 32, '37', '0.3', '0.94', '3.7', '3', '7', 567, -257, '16', '27', '-8.25']
['ETH-USD', '5m', 'B@Kr5M', '2021-08-15', '2021-10-01', '54', '1.95', '-11.0', 16, '30', '0.14', '0.55', '1.49', '3', '5', 737, -246, '16', '38', '-8.25']
['ETH-USD', '5m', 'F@bt<H', '2021-08-15', '2021-10-01', '46', '6.11', '-9.0', 58, '39', '0.62', '1.31', '6.78', '3', '5', 680, -266, '18', '28', '-8.25']
['ETH-USD', '5m', 'F@bq<H', '2021-08-15', '2021-10-01', '46', '6.11', '-9.0', 58, '39', '0.62', '1.31', '6.78', '3', '5', 680, -266, '18', '28', '-8.25']
['ETH-USD', '5m', 'F@bm<H', '2021-08-15', '2021-10-01', '46', '6.11', '-9.0', 58, '39', '0.62', '1.31', '6.78', '3', '5', 680, -266, '18', '28', '-8.25']
['ETH-USD', '5m', '@DHp5H', '2021-08-15', '2021-10-01', '56', '0.49', '-9.0', 4, '32', '0.04', '0.29', '0.43', '2', '8', 682, -193, '18', '38', '-8.25']
['ETH-USD', '5m', '@Bfl5X', '2021-08-15', '2021-10-01', '46', '-9.83', '-13.0', -55, '33', '-0.22', '-1.93', '-4.39', '3', '8', 705, -250, '15', '31', '-8.25']
['ETH-USD', '5m', 'E@fH5H', '2021-08-15', '2021-10-01', '48', '0.67', '-8.0', 5, '35', '0.05', '0.32', '0.65', '3', '5', 592, -253, '17', '31', '-8.25']
['ETH-USD', '5m', 'F@bM<H', '2021-08-15', '2021-10-01', '46', '7.98', '-9.0', 82, '39', '0.78', '1.63', '9.47', '3', '5', 673, -272, '18', '28', '-8.25']
['ETH-USD', '5m', '^DKp5H', '2021-08-15', '2021-10-01', '40', '1.28', '-13.0', 10, '38', '0.05', '0.44', '0.78', '2', '7', 727, -210, '15', '25', '-8.25']
['ETH-USD', '5m', '@DKpKH', '2021-08-15', '2021-10-01', '49', '6.88', '-8.0', 68, '31', '0.7', '1.39', '8.53', '3', '8', 744, -194, '15', '34', '-8.25']
['ETH-USD', '5m', 'N@Qf5H', '2021-08-15', '2021-10-01', '49', '3.0', '-11.0', 26, '35', '0.17', '0.73', '2.36', '3', '8', 750, -270, '17', '32', '-8.25']
['ETH-USD', '5m', 'F@bH<>', '2021-08-15', '2021-10-01', '46', '8.12', '-9.0', 83, '39', '0.7', '1.75', '9.68', '3', '5', 598, -272, '18', '28', '-8.25']
['ETH-USD', '5m', 'F@bH<8', '2021-08-15', '2021-10-01', '46', '8.12', '-9.0', 83, '39', '0.7', '1.75', '9.68', '3', '5', 598, -272, '18', '28', '-8.25']
['ETH-USD', '5m', 'F@bH<+', '2021-08-15', '2021-10-01', '46', '8.12', '-9.0', 83, '39', '0.7', '1.75', '9.68', '3', '5', 598, -272, '18', '28', '-8.25']
['ETH-USD', '5m', '8@[.]M', '2021-08-15', '2021-10-01', '32', '-0.03', '-10.0', 0, '38', '-0.0', '0.11', '-0.03', '2', '5', 203, -300, '12', '20', '-8.25']
['ETH-USD', '5m', '@@Qa9Q', '2021-08-15', '2021-10-01', '53', '-1.04', '-9.0', -8, '30', '-0.08', '0.01', '-0.85', '3', '8', 674, -250, '16', '37', '-8.25']
['ETH-USD', '5m', '*FPCe8', '2021-08-15', '2021-10-01', '158', '-8.64', '-19.0', -50, '20', '-0.09', '-1.54', '-2.65', '3', '20', 379, -165, '31', '127', '-8.25']
['ETH-USD', '5m', 'l@QrE8', '2021-08-15', '2021-10-01', '48', '-1.94', '-15.0', -14, '33', '-0.07', '-0.14', '-0.95', '2', '8', 776, -212, '16', '32', '-8.25']
['ETH-USD', '5m', 'f@QrE8', '2021-08-15', '2021-10-01', '46', '1.35', '-14.0', 11, '37', '0.06', '0.44', '0.78', '3', '8', 789, -236, '17', '29', '-8.25']
['ETH-USD', '5m', 'l@VCM)', '2021-08-15', '2021-10-01', '48', '-3.31', '-15.0', -23, '33', '-0.05', '-0.53', '-1.57', '2', '8', 412, -219, '16', '32', '-8.25']
['ETH-USD', '5m', 'g@Rr9.', '2021-08-15', '2021-10-01', '46', '0.54', '-15.0', 4, '35', '0.02', '0.3', '0.29', '2', '8', 796, -233, '16', '30', '-8.25']
['ETH-USD', '5m', 'F@bC4M', '2021-08-15', '2021-10-01', '44', '7.14', '-9.0', 71, '39', '0.6', '1.59', '8.22', '3', '5', 552, -265, '17', '27', '-8.25']
['ETH-USD', '5m', 'G@fr5Y', '2021-08-15', '2021-10-01', '40', '0.34', '-8.0', 3, '38', '0.03', '0.25', '0.32', '4', '7', 680, -265, '15', '25', '-8.25']
['ETH-USD', '5m', 'F>]`<O', '2021-08-15', '2021-10-01', '47', '15.07', '-8.0', 198, '36', '2.49', '2.79', '24.17', '3', '8', 893, -246, '17', '30', '-8.25']
['ETH-USD', '5m', 'F:bH<W', '2021-08-15', '2021-10-01', '45', '5.36', '-9.0', 50, '33', '0.44', '1.21', '5.47', '3', '8', 584, -261, '15', '30', '-8.25']
['ETH-USD', '5m', 'F@Trp.', '2021-08-15', '2021-10-01', '46', '12.66', '-9.0', 152, '39', '1.46', '2.24', '17.77', '3', '5', 896, -332, '18', '28', '-8.25']
['ETH-USD', '5m', 'F@bH<e', '2021-08-15', '2021-10-01', '24', '-1.3', '-6.0', -10, '33', '-0.13', '-0.21', '-1.75', '1', '4', 564, -241, '8', '16', '-8.25']
['ETH-USD', '5m', 'F@bC<H', '2021-08-15', '2021-10-01', '46', '11.04', '-9.0', 126, '39', '0.92', '2.23', '14.57', '3', '5', 581, -278, '18', '28', '-8.25']
['ETH-USD', '5m', 'k@DXE.', '2021-08-15', '2021-10-01', '48', '0.57', '-15.0', 5, '35', '0.01', '0.3', '0.31', '3', '8', 451, -186, '17', '31', '-8.25']
['ETH-USD', '5m', '@EKH,H', '2021-08-15', '2021-10-01', '53', '5.37', '-7.0', 50, '36', '0.54', '1.4', '7.48', '2', '8', 398, -185, '19', '34', '-8.25']
['ETH-USD', '5m', '1@V_5H', '2021-08-15', '2021-10-01', '105', '2.61', '-14.0', 22, '29', '0.1', '0.64', '1.58', '4', '10', 732, -236, '30', '75', '-8.25']
['ETH-USD', '5m', '@.Qr).', '2021-08-15', '2021-10-01', '107', '3.09', '-12.0', 27, '28', '0.14', '0.76', '2.14', '3', '8', 881, -301, '30', '77', '-8.25']
['ETH-USD', '5m', 'FBQj(s', '2021-08-15', '2021-10-01', '32', '12.48', '-8.0', 149, '41', '0.98', '2.34', '17.96', '4', '5', 844, -312, '13', '19', '-8.25']
['ETH-USD', '5m', '@-Qr<.', '2021-08-15', '2021-10-01', '116', '-0.43', '-12.0', -3, '30', '-0.02', '0.13', '-0.27', '3', '7', 861, -249, '35', '81', '-8.25']
['ETH-USD', '5m', 'E@b:KH', '2021-08-15', '2021-10-01', '47', '13.46', '-6.0', 167, '38', '1.84', '2.97', '25.81', '4', '5', 443, -276, '18', '29', '-8.25']
['ETH-USD', '5m', '@7Dih@', '2021-08-15', '2021-10-01', '73', '2.78', '-13.0', 24, '32', '0.12', '0.7', '1.76', '3', '9', 565, -238, '23', '50', '-8.25']
['ETH-USD', '5m', 'F@bH<d', '2021-08-15', '2021-10-01', '26', '-2.93', '-7.0', -21, '31', '-0.24', '-0.64', '-2.91', '1', '6', 555, -236, '8', '18', '-8.25']
['ETH-USD', '5m', '@-Trp.', '2021-08-15', '2021-10-01', '116', '-0.75', '-12.0', -6, '30', '-0.03', '0.08', '-0.47', '3', '7', 909, -257, '35', '81', '-8.25']
['ETH-USD', '5m', 'F@bH<c', '2021-08-15', '2021-10-01', '26', '-2.93', '-7.0', -21, '31', '-0.24', '-0.64', '-2.91', '1', '6', 555, -236, '8', '18', '-8.25']
['ETH-USD', '5m', 'A+Rr3.', '2021-08-15', '2021-10-01', '130', '-8.48', '-15.0', -50, '28', '-0.18', '-1.28', '-3.21', '3', '11', 833, -243, '36', '94', '-8.25']
['ETH-USD', '5m', 'E@nrKH', '2021-08-15', '2021-10-01', '47', '6.02', '-8.0', 57, '38', '0.74', '1.32', '6.99', '4', '5', 680, -266, '18', '29', '-8.25']
['ETH-USD', '5m', '<@rr(Y', '2021-08-15', '2021-10-01', '50', '4.72', '-7.0', 43, '30', '0.42', '1.17', '6.22', '3', '7', 741, -317, '15', '35', '-8.25']
['ETH-USD', '5m', '@.QnE.', '2021-08-15', '2021-10-01', '118', '2.36', '-13.0', 20, '28', '0.1', '0.62', '1.53', '2', '11', 828, -296, '33', '85', '-8.25']
['ETH-USD', '5m', '6@OH5H', '2021-08-15', '2021-10-01', '81', '3.81', '-14.0', 34, '31', '0.14', '0.95', '2.49', '3', '7', 427, -259, '25', '56', '-8.25']
['ETH-USD', '5m', 'E@ArKH', '2021-08-15', '2021-10-01', '47', '11.53', '-8.0', 133, '40', '1.44', '2.36', '17.52', '4', '5', 624, -274, '19', '28', '-8.25']
['ETH-USD', '5m', 'k@Dvm.', '2021-08-15', '2021-10-01', '48', '-2.02', '-15.0', -15, '35', '-0.05', '-0.18', '-1.0', '3', '8', 627, -184, '17', '31', '-8.25']
['ETH-USD', '5m', '@2Kr5M', '2021-08-15', '2021-10-01', '77', '4.52', '-11.0', 41, '34', '0.24', '1.12', '3.59', '2', '8', 573, -270, '26', '51', '-8.25']
['ETH-USD', '5m', 'F@bH(H', '2021-08-15', '2021-10-01', '36', '6.99', '-7.0', 69, '42', '0.64', '1.59', '9.66', '3', '5', 579, -261, '15', '21', '-8.25']
['ETH-USD', '5m', '<(XHw>', '2021-08-15', '2021-10-01', '119', '-2.81', '-17.0', -20, '30', '-0.05', '-0.29', '-1.17', '3', '9', 472, -268, '36', '83', '-8.25']
['ETH-USD', '5m', 'K+Rr3.', '2021-08-15', '2021-10-01', '89', '8.73', '-11.0', 92, '34', '0.66', '1.65', '8.07', '4', '7', 876, -298, '30', '59', '-8.25']
['ETH-USD', '5m', '@,V@5e', '2021-08-15', '2021-10-01', '49', '4.94', '-10.0', 45, '39', '0.13', '1.48', '4.39', '3', '6', 412, -279, '19', '30', '-8.25']
['ETH-USD', '5m', '6@kZ5H', '2021-08-15', '2021-10-01', '81', '1.82', '-13.0', 15, '30', '0.09', '0.53', '1.17', '3', '7', 920, -327, '24', '57', '-8.25']
['ETH-USD', '5m', '6@kl5H', '2021-08-15', '2021-10-01', '81', '-3.25', '-15.0', -23, '30', '-0.09', '-0.44', '-1.5', '3', '7', 571, -311, '24', '57', '-8.25']
['ETH-USD', '5m', '6@SH5H', '2021-08-15', '2021-10-01', '81', '5.3', '-14.0', 49, '31', '0.18', '1.2', '3.5', '3', '7', 468, -265, '25', '56', '-8.25']
['ETH-USD', '5m', '+@Rr9.', '2021-08-15', '2021-10-01', '162', '-3.28', '-12.0', -23, '23', '-0.17', '-0.23', '-1.92', '3', '12', 863, -267, '38', '124', '-8.25']
['ETH-USD', '5m', 'E@br(H', '2021-08-15', '2021-10-01', '39', '2.25', '-7.0', 19, '36', '0.19', '0.65', '2.57', '4', '5', 685, -254, '14', '25', '-8.25']
['ETH-USD', '5m', '6@EW5H', '2021-08-15', '2021-10-01', '81', '6.94', '-13.0', 68, '31', '0.27', '1.52', '5.19', '3', '7', 481, -239, '25', '56', '-8.25']
['ETH-USD', '5m', '6@Ee5H', '2021-08-15', '2021-10-01', '81', '9.29', '-11.0', 99, '31', '0.6', '1.88', '8.68', '3', '7', 601, -245, '25', '56', '-8.25']
['ETH-USD', '5m', 'E@4rKH', '2021-08-15', '2021-10-01', '47', '18.05', '-5.0', 263, '43', '4.28', '3.89', '51.15', '4', '5', 449, -249, '20', '27', '-8.25']
['ETH-USD', '5m', 'F@bC4`', '2021-08-15', '2021-10-01', '38', '3.38', '-9.0', 29, '37', '0.24', '0.93', '3.39', '3', '7', 533, -255, '14', '24', '-8.25']
['ETH-USD', '5m', '6@E\\5H', '2021-08-15', '2021-10-01', '81', '6.07', '-13.0', 58, '31', '0.28', '1.34', '4.61', '3', '7', 513, -241, '25', '56', '-8.25']
['ETH-USD', '5m', '6@E^5H', '2021-08-15', '2021-10-01', '81', '7.31', '-12.0', 73, '31', '0.37', '1.55', '5.93', '3', '7', 535, -241, '25', '56', '-8.25']
['ETH-USD', '5m', 'E@b^=L', '2021-08-15', '2021-10-01', '46', '4.84', '-8.0', 44, '35', '0.45', '1.1', '5.39', '3', '5', 857, -265, '16', '30', '-8.25']
['ETH-USD', '5m', ':D<fRR', '2021-08-15', '2021-10-01', '24', '8.37', '-6.0', 87, '33', '0.65', '2.49', '14.11', '3', '5', 448, -200, '8', '16', '-8.25']
['ETH-USD', '5m', 'E@b=KH', '2021-08-15', '2021-10-01', '47', '10.78', '-8.0', 121, '38', '0.85', '2.26', '14.78', '4', '5', 490, -274, '18', '29', '-8.25']
['ETH-USD', '5m', 'E@bkKH', '2021-08-15', '2021-10-01', '47', '6.18', '-8.0', 59, '38', '0.76', '1.36', '7.22', '4', '5', 680, -262, '18', '29', '-8.25']
['ETH-USD', '5m', 'E@brJH', '2021-08-15', '2021-10-01', '48', '4.69', '-8.0', 43, '38', '0.57', '1.09', '5.2', '3', '5', 680, -258, '18', '30', '-8.25']
['ETH-USD', '5m', 'E@bDKH', '2021-08-15', '2021-10-01', '47', '6.86', '-8.0', 67, '38', '0.64', '1.58', '8.19', '4', '5', 533, -263, '18', '29', '-8.25']
['ETH-USD', '5m', 'E@bvKH', '2021-08-15', '2021-10-01', '47', '6.18', '-8.0', 59, '38', '0.76', '1.36', '7.22', '4', '5', 680, -262, '18', '29', '-8.25']
['ETH-USD', '5m', 'F@br<X', '2021-08-15', '2021-10-01', '39', '0.1', '-9.0', 1, '36', '0.01', '0.2', '0.09', '3', '7', 675, -253, '14', '25', '-8.25']
['ETH-USD', '5m', 'E@breH', '2021-08-15', '2021-10-01', '37', '0.96', '-8.0', 8, '38', '0.11', '0.38', '0.97', '3', '5', 685, -255, '14', '23', '-8.25']
['ETH-USD', '5m', 'F@bC4N', '2021-08-15', '2021-10-01', '44', '7.14', '-9.0', 71, '39', '0.6', '1.59', '8.22', '3', '5', 552, -265, '17', '27', '-8.25']
['ETH-USD', '5m', 'F@bH<O', '2021-08-15', '2021-10-01', '43', '1.62', '-9.0', 13, '37', '0.12', '0.52', '1.55', '3', '5', 567, -257, '16', '27', '-8.25']
['ETH-USD', '5m', 'F@bH?H', '2021-08-15', '2021-10-01', '46', '8.12', '-9.0', 83, '39', '0.7', '1.75', '9.68', '3', '5', 598, -272, '18', '28', '-8.25']
['ETH-USD', '5m', 'E@irKH', '2021-08-15', '2021-10-01', '47', '5.84', '-8.0', 55, '38', '0.7', '1.29', '6.74', '4', '5', 680, -262, '18', '29', '-8.25']
['ETH-USD', '5m', 'E@frKH', '2021-08-15', '2021-10-01', '47', '5.99', '-8.0', 57, '38', '0.73', '1.32', '6.95', '4', '5', 680, -262, '18', '29', '-8.25']
['ETH-USD', '5m', 'F@bC4l', '2021-08-15', '2021-10-01', '26', '-0.26', '-6.0', -2, '35', '-0.03', '0.07', '-0.34', '2', '5', 508, -243, '9', '17', '-8.25']
