['Pair', 'TF', 'Dna', 'Start Date', 'End Date', 'Total Trades', 'Total Net Profit', 'Max.DD', 'Annual Profit', 'Winrate', 'Sharpe', 'Calmar', 'Serenity', 'Winning Strike', 'Losing Strike', 'Largest Winning', 'Largest Losing', 'Num. of Wins', 'Num. of Losses', 'Market Change']
['ETH-USD', '5m', '-@CBEU', '2021-08-01', '2021-10-01', '51', '4.97', '-8.0', 34, '35', '0.23', '1.44', '4.29', '4', '4', 293, -242, '18', '33', '18.37']
['ETH-USD', '5m', 'i-a0;b', '2021-08-01', '2021-10-01', '29', '7.1', '-5.0', 51, '52', '0.98', '1.97', '10.93', '5', '4', 264, -262, '15', '14', '18.37']
['ETH-USD', '5m', '-@CBLH', '2021-08-01', '2021-10-01', '116', '-5.31', '-16.0', -28, '26', '-0.08', '-0.79', '-1.78', '3', '9', 293, -226, '30', '86', '18.37']
['ETH-USD', '5m', '@DK7)H', '2021-08-01', '2021-10-01', '76', '-4.66', '-10.0', -25, '32', '-0.12', '-0.89', '-2.48', '3', '8', 223, -243, '24', '52', '18.37']
['ETH-USD', '5m', 'F=v(49', '2021-08-01', '2021-10-01', '81', '12.52', '-6.0', 103, '40', '1.38', '2.72', '17.03', '3', '6', 214, -287, '32', '49', '18.37']
['ETH-USD', '5m', 'F=w(49', '2021-08-01', '2021-10-01', '81', '13.18', '-6.0', 110, '40', '1.6', '2.84', '18.78', '3', '6', 218, -291, '32', '49', '18.37']
['ETH-USD', '5m', 'F=c(49', '2021-08-01', '2021-10-01', '81', '4.06', '-8.0', 27, '43', '0.2', '1.08', '3.35', '3', '6', 157, -234, '35', '46', '18.37']
['ETH-USD', '5m', 'F=b(4)', '2021-08-01', '2021-10-01', '81', '3.11', '-8.0', 20, '43', '0.14', '0.86', '2.4', '3', '6', 154, -230, '35', '46', '18.37']
['ETH-USD', '5m', 'F=b(<9', '2021-08-01', '2021-10-01', '81', '3.11', '-8.0', 20, '43', '0.14', '0.86', '2.4', '3', '6', 154, -230, '35', '46', '18.37']
['ETH-USD', '5m', 'F=b(G9', '2021-08-01', '2021-10-01', '80', '4.18', '-8.0', 28, '44', '0.19', '1.12', '3.31', '3', '6', 156, -232, '35', '45', '18.37']
['ETH-USD', '5m', 'F=b(C9', '2021-08-01', '2021-10-01', '81', '3.11', '-8.0', 20, '43', '0.14', '0.86', '2.4', '3', '6', 154, -230, '35', '46', '18.37']
['ETH-USD', '5m', 'F=b(/9', '2021-08-01', '2021-10-01', '79', '4.69', '-7.0', 32, '44', '0.29', '1.2', '4.31', '3', '6', 155, -233, '35', '44', '18.37']
['ETH-USD', '5m', 'F=b(t9', '2021-08-01', '2021-10-01', '80', '4.18', '-8.0', 28, '44', '0.19', '1.12', '3.31', '3', '6', 156, -232, '35', '45', '18.37']
['ETH-USD', '5m', 'F=b(o9', '2021-08-01', '2021-10-01', '80', '4.18', '-8.0', 28, '44', '0.19', '1.12', '3.31', '3', '6', 156, -232, '35', '45', '18.37']
['ETH-USD', '5m', '@5KHpH', '2021-08-01', '2021-10-01', '39', '14.95', '-7.0', 130, '44', '1.46', '3.11', '17.91', '3', '3', 421, -299, '17', '22', '18.37']
['ETH-USD', '5m', '@5KHlH', '2021-08-01', '2021-10-01', '49', '11.63', '-8.0', 93, '39', '1.03', '2.33', '11.87', '3', '4', 413, -291, '19', '30', '18.37']
['ETH-USD', '5m', '@Z7(5H', '2021-08-01', '2021-10-01', '57', '11.55', '-4.0', 92, '79', '4.23', '4.5', '24.25', '12', '3', 58, -221, '45', '12', '18.37']
['ETH-USD', '5m', 'H@k(5H', '2021-08-01', '2021-10-01', '68', '7.47', '-6.0', 54, '46', '1.24', '1.72', '9.21', '4', '5', 182, -269, '31', '37', '18.37']
['ETH-USD', '5m', 'F=b(4E', '2021-08-01', '2021-10-01', '79', '4.69', '-7.0', 32, '44', '0.29', '1.2', '4.31', '3', '6', 155, -233, '35', '44', '18.37']
['ETH-USD', '5m', 'F=b(19', '2021-08-01', '2021-10-01', '79', '4.69', '-7.0', 32, '44', '0.29', '1.2', '4.31', '3', '6', 155, -233, '35', '44', '18.37']
['ETH-USD', '5m', 'F=b(l9', '2021-08-01', '2021-10-01', '80', '4.18', '-8.0', 28, '44', '0.19', '1.12', '3.31', '3', '6', 156, -232, '35', '45', '18.37']
['ETH-USD', '5m', 'F=b(;9', '2021-08-01', '2021-10-01', '81', '3.11', '-8.0', 20, '43', '0.14', '0.86', '2.4', '3', '6', 154, -230, '35', '46', '18.37']
['ETH-USD', '5m', 'F=b(79', '2021-08-01', '2021-10-01', '81', '3.11', '-8.0', 20, '43', '0.14', '0.86', '2.4', '3', '6', 154, -230, '35', '46', '18.37']
['ETH-USD', '5m', 'pE-2<-', '2021-08-01', '2021-10-01', '52', '9.16', '-3.0', 69, '73', '2.66', '4.39', '23.35', '11', '2', 67, -145, '38', '14', '18.37']
['ETH-USD', '5m', '-@CBIH', '2021-08-01', '2021-10-01', '124', '-9.79', '-16.0', -46, '24', '-0.14', '-1.64', '-2.81', '3', '9', 286, -220, '30', '94', '18.37']
['ETH-USD', '5m', 'F=b()9', '2021-08-01', '2021-10-01', '72', '5.76', '-6.0', 40, '46', '0.5', '1.48', '6.87', '3', '5', 157, -217, '33', '39', '18.37']
['ETH-USD', '5m', 'F=b(*9', '2021-08-01', '2021-10-01', '73', '4.36', '-7.0', 29, '45', '0.27', '1.14', '4.13', '3', '6', 156, -237, '33', '40', '18.37']
['ETH-USD', '5m', 'F:b(49', '2021-08-01', '2021-10-01', '86', '6.54', '-7.0', 46, '45', '0.65', '1.47', '6.51', '3', '5', 161, -278, '39', '47', '18.37']
['ETH-USD', '5m', 'F;b(49', '2021-08-01', '2021-10-01', '89', '-1.55', '-10.0', -9, '40', '-0.06', '-0.21', '-0.94', '3', '5', 155, -259, '36', '53', '18.37']
