['Pair', 'TF', 'Dna', 'Start Date', 'End Date', 'Total Trades', 'Total Net Profit', 'Max.DD', 'Annual Profit', 'Winrate', 'Sharpe', 'Calmar', 'Serenity', 'Winning Strike', 'Losing Strike', 'Largest Winning', 'Largest Losing', 'Num. of Wins', 'Num. of Loses', 'Market Change']
['BTC-USDT', '5m', 'BTC-USDT', '2020-10-01', '2021-10-01', '351', '-14.48', '-32.43', -14, '30', '-0.07', '-0.25', '-0.45', '4', '15', 885, -482, '107', '244', '306.49']
['ETH-USDT', '5m', 'ETH-USDT', '2020-10-01', '2021-10-01', '363', '115.72', '-16.53', 116, '38', '4.7', '1.86', '7.0', '6', '8', 1839, -1500, '137', '226', '733.34']
['FTM-USDT', '5m', 'FTM-USDT', '2020-10-01', '2021-10-01', '550', '146.77', '-39.77', 147, '40', '1.62', '1.5', '3.69', '5', '12', 2160, -6167, '219', '331', '3005.28']
['ADA-USDT', '5m', 'ADA-USDT', '2020-10-01', '2021-10-01', '441', '-16.43', '-40.74', -16, '32', '-0.08', '-0.01', '-0.4', '7', '10', 899, -543, '141', '300', '1986.0']
['XRP-USDT', '5m', 'XRP-USDT', '2020-10-01', '2021-10-01', '423', '-34.69', '-66.29', -35, '33', '-0.04', '-0.28', '-0.52', '4', '9', 806, -814, '139', '284', '294.25']
['BNB-USDT', '5m', 'BNB-USDT', '2020-10-01', '2021-10-01', '418', '5.29', '-26.84', 5, '31', '0.06', '0.36', '0.2', '6', '13', 906, -623, '131', '287', '1224.28']
['LINK-USDT', '5m', 'LINK-USDT', '2020-10-01', '2021-10-01', '443', '69.42', '-23.79', 69, '37', '1.42', '1.21', '2.92', '5', '14', 1557, -773, '164', '279', '143.05']
['LTC-USDT', '5m', 'LTC-USDT', '2020-10-01', '2021-10-01', '422', '-23.57', '-39.47', -24, '33', '-0.09', '-0.19', '-0.6', '4', '11', 957, -779, '139', '283', '231.39']
['EOS-USDT', '5m', 'EOS-USDT', '2020-10-01', '2021-10-01', '448', '-48.18', '-54.59', -48, '32', '-0.07', '-0.83', '-0.88', '4', '18', 893, -397, '142', '306', '52.72']
['MATIC-USDT', '5m', 'MATIC-USDT', '2020-10-01', '2021-10-01', '486', '-27.78', '-60.08', -28, '37', '-0.05', '-0.06', '-0.46', '4', '13', 1179, -848, '182', '304', '5484.16']
['ETC-USDT', '5m', 'ETC-USDT', '2020-10-01', '2021-10-01', '473', '-60.05', '-60.14', -60, '28', '-0.06', '-1.25', '-1.0', '4', '14', 815, -408, '134', '339', '772.48']
['OMG-USDT', '5m', 'OMG-USDT', '2020-10-01', '2021-10-01', '507', '-8.71', '-42.93', -9, '32', '-0.03', '0.19', '-0.2', '5', '16', 818, -497, '161', '346', '209.54']
['TRX-USDT', '5m', 'TRX-USDT', '2020-10-01', '2021-10-01', '404', '167.99', '-28.06', 168, '34', '2.71', '2.0', '5.99', '4', '10', 2228, -861, '136', '268', '241.21']
['THETA-USDT', '5m', 'THETA-USDT', '2020-10-01', '2021-10-01', '486', '-16.36', '-43.01', -16, '35', '-0.05', '0.06', '-0.38', '5', '9', 793, -424, '170', '316', '574.08']
['VET-USDT', '5m', 'VET-USDT', '2020-10-01', '2021-10-01', '459', '68.6', '-31.61', 69, '39', '0.65', '1.1', '2.17', '4', '7', 1767, -1206, '178', '281', '609.44']
['XLM-USDT', '5m', 'XLM-USDT', '2020-10-01', '2021-10-01', '439', '12.21', '-31.78', 12, '35', '0.08', '0.49', '0.38', '5', '13', 1122, -874, '152', '287', '272.0']
['WAVES-USDT', '5m', 'WAVES-USDT', '2020-10-01', '2021-10-01', '478', '-44.03', '-60.67', -44, '34', '-0.06', '-0.5', '-0.73', '5', '11', 959, -507, '162', '316', '841.87']
['XMR-USDT', '5m', 'XMR-USDT', '2020-10-01', '2021-10-01', '464', '-48.98', '-54.52', -49, '30', '-0.08', '-0.95', '-0.9', '4', '15', 909, -494, '139', '325', '131.28']
['ICX-USDT', '5m', 'ICX-USDT', '2020-10-01', '2021-10-01', '492', '-67.39', '-73.62', -67, '35', '-0.05', '-1.36', '-0.92', '7', '9', 700, -393, '171', '321', '263.16']
['NEO-USDT', '5m', 'NEO-USDT', '2020-10-01', '2021-10-01', '461', '-18.9', '-57.0', -19, '34', '-0.03', '-0.03', '-0.33', '4', '12', 774, -349, '156', '305', '105.34']
['ZEC-USDT', '5m', 'ZEC-USDT', '2020-10-01', '2021-10-01', '417', '20.09', '-34.85', 20, '36', '0.17', '0.6', '0.58', '6', '11', 1192, -576, '149', '268', '67.11']
['IOTA-USDT', '5m', 'IOTA-USDT', '2020-10-01', '2021-10-01', '507', '-65.7', '-74.88', -66, '33', '-0.05', '-1.3', '-0.88', '4', '15', 885, -344, '165', '342', '306.13']
['QTUM-USDT', '5m', 'QTUM-USDT', '2020-10-01', '2021-10-01', '484', '-41.11', '-57.66', -41, '33', '-0.06', '-0.48', '-0.71', '4', '10', 910, -426, '159', '325', '327.35']
['DASH-USDT', '5m', 'DASH-USDT', '2020-10-01', '2021-10-01', '439', '5.66', '-35.87', 6, '35', '0.04', '0.39', '0.16', '5', '12', 993, -827, '153', '286', '139.85']
['ONT-USDT', '5m', 'ONT-USDT', '2020-10-01', '2021-10-01', '467', '28.81', '-55.35', 29, '34', '0.08', '0.71', '0.52', '4', '12', 1046, -502, '160', '307', '23.72']
['NULS-USDT', '5m', 'NULS-USDT', '2020-10-01', '2021-10-01', '464', '-23.92', '-62.52', -24, '37', '-0.03', '-0.08', '-0.38', '5', '10', 732, -1196, '171', '293', '69.94']
['BTT-USDT', '5m', 'BTT-USDT', '2020-10-01', '2021-10-01', '434', '111.48', '-25.22', 111, '34', '2.39', '1.53', '4.42', '6', '11', 1869, -945, '149', '285', '850.1']
['HOT-USDT', '5m', 'HOT-USDT', '2020-10-01', '2021-10-01', '438', '-65.4', '-70.7', -65, '32', '-0.07', '-1.05', '-0.93', '5', '12', 857, -584, '139', '299', '1546.54']
['ZIL-USDT', '5m', 'ZIL-USDT', '2020-10-01', '2021-10-01', '506', '36.17', '-39.59', 36, '36', '0.21', '0.79', '0.91', '7', '15', 1513, -686, '181', '325', '337.83']
['ZRX-USDT', '5m', 'ZRX-USDT', '2020-10-01', '2021-10-01', '511', '-3.14', '-62.73', -3, '35', '-0.0', '0.28', '-0.05', '5', '11', 984, -585, '181', '330', '123.58']
['BAT-USDT', '5m', 'BAT-USDT', '2020-10-01', '2021-10-01', '455', '-11.39', '-45.55', -11, '36', '-0.04', '0.13', '-0.25', '4', '16', 796, -354, '163', '292', '163.88']
['CELR-USDT', '5m', 'CELR-USDT', '2020-10-01', '2021-10-01', '521', '-25.23', '-72.32', -25, '38', '-0.03', '0.03', '-0.35', '5', '11', 1148, -538, '198', '323', '2494.56']
['NANO-USDT', '5m', 'NANO-USDT', '2020-10-01', '2021-10-01', '493', '-92.13', '-93.18', -92, '32', '-0.04', '-2.93', '-0.99', '5', '10', 665, -531, '156', '337', '435.19']
['ENJ-USDT', '5m', 'ENJ-USDT', '2020-10-01', '2021-10-01', '485', '-44.1', '-56.44', -44, '34', '-0.07', '-0.46', '-0.78', '3', '12', 886, -585, '163', '322', '714.75']
