['Pair', 'TF', 'Dna', 'Start Date', 'End Date', 'Total Trades', 'Total Net Profit', 'Max.DD', 'Annual Profit', 'Winrate', 'Sharpe', 'Calmar', 'Winning Strike', 'Losing Strike', 'Largest Winning', 'Largest Losing', 'Num. of Wins', 'Num. of Losses', 'Market Change']
['ETH-USD', '5m', 'O3;8]', '2021-08-01', '2021-09-25', '62', '20.53', '-13.18', 238, '44', '3.58', '18.03', '5', '4', 526, -181, '27', '35', '15.62']
['ETH-USD', '5m', 'N3WVI', '2021-08-01', '2021-09-25', '73', '20.4', '-7.99', 235, '42', '3.22', '29.44', '4', '5', 813, -199, '31', '42', '15.62']
['ETH-USD', '5m', 'N3V4I', '2021-08-01', '2021-09-25', '72', '18.95', '-8.5', 210, '42', '3.07', '24.71', '4', '5', 791, -199, '30', '42', '15.62']
['ETH-USD', '5m', 'N8QVB', '2021-08-01', '2021-09-25', '69', '21.07', '-11.29', 248, '38', '3.1', '21.94', '4', '5', 825, -202, '26', '43', '15.62']
['ETH-USD', '5m', 'r1W:I', '2021-08-01', '2021-09-25', '53', '23.33', '-8.02', 292, '51', '3.42', '36.43', '4', '3', 875, -254, '27', '26', '15.62']
['ETH-USD', '5m', 'N8LKI', '2021-08-01', '2021-09-25', '68', '19.69', '-10.78', 223, '38', '3.01', '20.67', '4', '5', 759, -202, '26', '42', '15.62']
['ETH-USD', '5m', 'N8LVI', '2021-08-01', '2021-09-25', '68', '19.69', '-10.78', 223, '38', '3.01', '20.67', '4', '5', 759, -202, '26', '42', '15.62']
['ETH-USD', '5m', 'r1WVI', '2021-08-01', '2021-09-25', '53', '23.33', '-8.02', 292, '51', '3.42', '36.43', '4', '3', 875, -254, '27', '26', '15.62']
['ETH-USD', '5m', 'N3QPB', '2021-08-01', '2021-09-25', '74', '19.73', '-8.94', 223, '42', '3.13', '25.0', '4', '5', 712, -198, '31', '43', '15.62']
['ETH-USD', '5m', 'O9HR;', '2021-08-01', '2021-09-25', '68', '18.67', '-12.04', 205, '40', '3.08', '17.05', '4', '5', 848, -206, '27', '41', '15.62']
['ETH-USD', '5m', 'N8VVI', '2021-08-01', '2021-09-25', '68', '18.14', '-10.16', 196, '38', '2.77', '19.33', '4', '5', 930, -202, '26', '42', '15.62']
['ETH-USD', '5m', 't=<]1', '2021-08-01', '2021-09-25', '56', '3.83', '-21.05', 28, '30', '0.78', '1.32', '4', '8', 627, -318, '17', '39', '15.62']
['ETH-USD', '5m', 'r0W:I', '2021-08-01', '2021-09-25', '53', '24.57', '-7.58', 319, '47', '3.69', '42.05', '6', '4', 814, -229, '25', '28', '15.62']
['ETH-USD', '5m', 'N3CPI', '2021-08-01', '2021-09-25', '74', '19.33', '-10.04', 216, '42', '3.14', '21.57', '4', '5', 575, -195, '31', '43', '15.62']
['ETH-USD', '5m', 'N9LnI', '2021-08-01', '2021-09-25', '66', '18.96', '-9.62', 210, '39', '3.07', '21.84', '5', '5', 770, -220, '26', '40', '15.62']
['ETH-USD', '5m', ']6hHB', '2021-08-01', '2021-09-25', '62', '17.69', '-10.14', 189, '42', '3.0', '18.65', '4', '5', 881, -270, '26', '36', '15.62']
['ETH-USD', '5m', 'NDWVm', '2021-08-01', '2021-09-25', '26', '18.69', '-6.29', 205, '46', '3.32', '32.68', '3', '4', 901, -309, '12', '14', '15.62']
['ETH-USD', '5m', 'd1[UI', '2021-08-01', '2021-09-25', '62', '16.53', '-9.73', 171, '47', '2.65', '17.58', '7', '8', 829, -182, '29', '33', '15.62']
['ETH-USD', '5m', 'N6huB', '2021-08-01', '2021-09-25', '76', '12.61', '-11.51', 117, '39', '2.12', '10.15', '4', '6', 749, -216, '30', '46', '15.62']
['ETH-USD', '5m', 'N6hVB', '2021-08-01', '2021-09-25', '76', '12.61', '-11.51', 117, '39', '2.12', '10.15', '4', '6', 749, -216, '30', '46', '15.62']
['ETH-USD', '5m', 'N9QVB', '2021-08-01', '2021-09-25', '68', '20.49', '-9.62', 237, '38', '3.17', '24.65', '4', '5', 844, -220, '26', '42', '15.62']
['ETH-USD', '5m', 'N9WVI', '2021-08-01', '2021-09-25', '68', '17.73', '-9.18', 190, '38', '2.82', '20.67', '4', '5', 963, -220, '26', '42', '15.62']
['ETH-USD', '5m', 'N9WPI', '2021-08-01', '2021-09-25', '68', '17.73', '-9.18', 190, '38', '2.82', '20.67', '4', '5', 963, -220, '26', '42', '15.62']
['ETH-USD', '5m', 'N9WXI', '2021-08-01', '2021-09-25', '67', '18.07', '-8.9', 195, '39', '2.88', '21.94', '4', '5', 963, -220, '26', '41', '15.62']
['ETH-USD', '5m', ']5hHB', '2021-08-01', '2021-09-25', '62', '14.64', '-11.29', 144, '44', '2.62', '12.73', '4', '5', 804, -216, '27', '35', '15.62']
['ETH-USD', '5m', 'q0jVI', '2021-08-01', '2021-09-25', '54', '20.13', '-7.13', 230, '48', '3.04', '32.29', '6', '5', 1052, -229, '26', '28', '15.62']
['ETH-USD', '5m', 'BGs(@', '2021-08-01', '2021-09-25', '53', '5.75', '-9.14', 44, '42', '1.18', '4.81', '3', '5', 683, -320, '22', '31', '15.62']
['ETH-USD', '5m', 'N6L9I', '2021-08-01', '2021-09-25', '73', '6.06', '-12.2', 47, '40', '1.23', '3.83', '4', '6', 469, -216, '29', '44', '15.62']
['ETH-USD', '5m', 'N6LbI', '2021-08-01', '2021-09-25', '75', '10.47', '-13.19', 91, '40', '1.91', '6.92', '5', '6', 505, -216, '30', '45', '15.62']
['ETH-USD', '5m', 'H:gSA', '2021-08-01', '2021-09-25', '70', '14.64', '-12.14', 144, '40', '2.38', '11.83', '4', '5', 845, -233, '28', '42', '15.62']
['ETH-USD', '5m', 'N9CPI', '2021-08-01', '2021-09-25', '68', '15.76', '-10.48', 160, '38', '2.8', '15.23', '4', '5', 765, -220, '26', '42', '15.62']
['ETH-USD', '5m', 'N6LsI', '2021-08-01', '2021-09-25', '73', '11.52', '-12.2', 104, '40', '2.07', '8.48', '4', '6', 509, -216, '29', '44', '15.62']
['ETH-USD', '5m', 'N9LVI', '2021-08-01', '2021-09-25', '68', '18.07', '-9.9', 195, '38', '2.95', '19.71', '4', '5', 770, -220, '26', '42', '15.62']
['ETH-USD', '5m', 'N6LnI', '2021-08-01', '2021-09-25', '74', '11.71', '-12.2', 106, '41', '2.1', '8.67', '5', '6', 509, -216, '30', '44', '15.62']
['ETH-USD', '5m', 'V?uEb', '2021-08-01', '2021-09-25', '50', '9.13', '-12.37', 77, '42', '1.75', '6.2', '4', '8', 631, -246, '21', '29', '15.62']
['ETH-USD', '5m', 'N?L9I', '2021-08-01', '2021-09-25', '58', '8.19', '-12.83', 67, '40', '1.52', '5.22', '3', '8', 797, -210, '23', '35', '15.62']
['ETH-USD', '5m', 'N:QVB', '2021-08-01', '2021-09-25', '66', '16.88', '-10.9', 176, '39', '2.72', '16.18', '4', '5', 854, -223, '26', '40', '15.62']
['ETH-USD', '5m', 'N?LK)', '2021-08-01', '2021-09-25', '58', '8.19', '-12.83', 67, '40', '1.52', '5.22', '3', '8', 797, -210, '23', '35', '15.62']
['ETH-USD', '5m', 'N9MKZ', '2021-08-01', '2021-09-25', '58', '4.75', '-11.61', 35, '36', '0.98', '3.04', '3', '5', 776, -220, '21', '37', '15.62']
['ETH-USD', '5m', 'N7hPB', '2021-08-01', '2021-09-25', '72', '12.63', '-11.7', 117, '40', '2.15', '10.01', '4', '4', 789, -197, '29', '43', '15.62']
['ETH-USD', '5m', 'N7hVB', '2021-08-01', '2021-09-25', '72', '12.63', '-11.7', 117, '40', '2.15', '10.01', '4', '4', 789, -197, '29', '43', '15.62']
['ETH-USD', '5m', 'r3lgI', '2021-08-01', '2021-09-25', '54', '13.18', '-9.01', 124, '50', '2.41', '13.77', '4', '5', 476, -277, '27', '27', '15.62']
['ETH-USD', '5m', 'N4L9I', '2021-08-01', '2021-09-25', '71', '18.32', '-8.85', 199, '39', '2.89', '22.53', '4', '5', 657, -192, '28', '43', '15.62']
['ETH-USD', '5m', 'N45LY', '2021-08-01', '2021-09-25', '66', '17.54', '-8.26', 187, '41', '3.38', '22.6', '5', '5', 487, -202, '27', '39', '15.62']
['ETH-USD', '5m', '\\\\POp', '2021-08-01', '2021-09-25', '23', '8.28', '-10.54', 68, '43', '1.6', '6.44', '3', '4', 979, -214, '10', '13', '15.62']
['ETH-USD', '5m', 'v/MVB', '2021-08-01', '2021-09-25', '56', '16.78', '-8.41', 175, '48', '2.72', '20.79', '6', '4', 859, -248, '27', '29', '15.62']
['ETH-USD', '5m', 'r6E>I', '2021-08-01', '2021-09-25', '50', '10.12', '-11.8', 87, '46', '1.96', '7.41', '6', '5', 752, -242, '23', '27', '15.62']
['ETH-USD', '5m', 'N?QqB', '2021-08-01', '2021-09-25', '58', '5.84', '-12.83', 45, '40', '1.17', '3.49', '3', '8', 655, -210, '23', '35', '15.62']
['ETH-USD', '5m', 'N>WVB', '2021-08-01', '2021-09-25', '62', '3.81', '-12.9', 28, '37', '0.82', '2.14', '3', '10', 644, -240, '23', '39', '15.62']
['ETH-USD', '5m', 'N8haB', '2021-08-01', '2021-09-25', '69', '11.91', '-9.82', 108, '38', '2.18', '11.02', '4', '5', 675, -202, '26', '43', '15.62']
['ETH-USD', '5m', 'N?hPB', '2021-08-01', '2021-09-25', '58', '5.84', '-12.83', 45, '40', '1.17', '3.49', '3', '8', 655, -210, '23', '35', '15.62']
['ETH-USD', '5m', 'r9WVI', '2021-08-01', '2021-09-25', '55', '10.02', '-14.3', 86, '42', '1.84', '6.04', '4', '8', 781, -280, '23', '32', '15.62']
['ETH-USD', '5m', 'r9WgI', '2021-08-01', '2021-09-25', '54', '9.93', '-14.3', 85, '41', '1.83', '5.97', '4', '8', 781, -280, '22', '32', '15.62']
['ETH-USD', '5m', 'K7L:I', '2021-08-01', '2021-09-25', '74', '10.26', '-13.86', 89, '39', '1.85', '6.42', '4', '5', 535, -187, '29', '45', '15.62']
['ETH-USD', '5m', 'r4WUI', '2021-08-01', '2021-09-25', '53', '9.9', '-11.15', 85, '47', '1.83', '7.63', '4', '5', 680, -259, '25', '28', '15.62']
['ETH-USD', '5m', 'N7WHB', '2021-08-01', '2021-09-25', '72', '9.39', '-12.66', 79, '40', '1.76', '6.28', '4', '4', 606, -195, '29', '43', '15.62']
['ETH-USD', '5m', 'N7VVI', '2021-08-01', '2021-09-25', '72', '9.23', '-12.71', 78, '40', '1.73', '6.12', '4', '4', 594, -195, '29', '43', '15.62']
['ETH-USD', '5m', 'N4M<B', '2021-08-01', '2021-09-25', '74', '16.03', '-9.42', 164, '39', '2.61', '17.36', '4', '5', 667, -190, '29', '45', '15.62']
['ETH-USD', '5m', 'N4W=I', '2021-08-01', '2021-09-25', '72', '14.81', '-8.72', 146, '39', '2.42', '16.75', '4', '5', 821, -193, '28', '44', '15.62']
['ETH-USD', '5m', 'N4QVB', '2021-08-01', '2021-09-25', '74', '17.78', '-9.14', 191, '39', '2.79', '20.84', '4', '5', 720, -192, '29', '45', '15.62']
['ETH-USD', '5m', 'V[POm', '2021-08-01', '2021-09-25', '28', '-1.69', '-13.33', -11, '32', '-0.09', '-0.79', '2', '5', 900, -318, '9', '19', '15.62']
['ETH-USD', '5m', 'N5QqB', '2021-08-01', '2021-09-25', '74', '8.11', '-11.68', 66, '36', '1.44', '5.67', '4', '6', 619, -209, '27', '47', '15.62']
['ETH-USD', '5m', 'hHT,j', '2021-08-01', '2021-09-25', '38', '0.95', '-13.72', 6, '39', '0.35', '0.46', '5', '6', 669, -329, '15', '23', '15.62']
['ETH-USD', '5m', '\\6POp', '2021-08-01', '2021-09-25', '28', '10.08', '-6.7', 87, '50', '2.07', '12.97', '4', '4', 862, -276, '14', '14', '15.62']
['ETH-USD', '5m', 'V[POp', '2021-08-01', '2021-09-25', '27', '0.38', '-13.33', 3, '33', '0.26', '0.19', '3', '5', 900, -318, '9', '18', '15.62']
['ETH-USD', '5m', 'v0jVI', '2021-08-01', '2021-09-25', '54', '14.64', '-7.4', 144, '52', '2.7', '19.4', '6', '4', 499, -228, '28', '26', '15.62']
['ETH-USD', '5m', 'KFLaI', '2021-08-01', '2021-09-25', '57', '11.22', '-11.1', 100, '39', '2.1', '9.0', '5', '6', 823, -326, '22', '35', '15.62']
['ETH-USD', '5m', 'r6W:I', '2021-08-01', '2021-09-25', '50', '12.49', '-11.06', 115, '46', '2.24', '10.43', '6', '5', 830, -246, '23', '27', '15.62']
['ETH-USD', '5m', 'p59K_', '2021-08-01', '2021-09-25', '43', '2.48', '-13.15', 17, '42', '0.63', '1.32', '3', '5', 628, -232, '18', '25', '15.62']
['ETH-USD', '5m', 'NTQVB', '2021-08-01', '2021-09-25', '48', '5.57', '-11.47', 42, '33', '1.14', '3.69', '4', '8', 849, -292, '16', '32', '15.62']
['ETH-USD', '5m', 'r,W/I', '2021-08-01', '2021-09-25', '51', '14.59', '-10.61', 143, '53', '2.68', '13.47', '5', '4', 677, -213, '27', '24', '15.62']
['ETH-USD', '5m', 'K<LaI', '2021-08-01', '2021-09-25', '62', '19.93', '-9.54', 227, '42', '3.09', '23.77', '4', '5', 824, -231, '26', '36', '15.62']
['ETH-USD', '5m', 'N5V4I', '2021-08-01', '2021-09-25', '71', '11.45', '-10.42', 103, '38', '1.95', '9.86', '4', '6', 712, -211, '27', '44', '15.62']
['ETH-USD', '5m', '@<j:/', '2021-08-01', '2021-09-25', '80', '4.13', '-13.58', 30, '34', '0.81', '2.22', '4', '8', 936, -249, '27', '53', '15.62']
['ETH-USD', '5m', '@<jU/', '2021-08-01', '2021-09-25', '80', '4.13', '-13.58', 30, '34', '0.81', '2.22', '4', '8', 936, -249, '27', '53', '15.62']
['ETH-USD', '5m', 'L5-)=', '2021-08-01', '2021-09-25', '65', '10.6', '-8.55', 93, '45', '2.57', '10.85', '3', '5', 321, -212, '29', '36', '15.62']
['ETH-USD', '5m', 'N5VVI', '2021-08-01', '2021-09-25', '74', '7.93', '-11.16', 64, '36', '1.42', '5.77', '4', '6', 692, -209, '27', '47', '15.62']
['ETH-USD', '5m', '\\4>=b', '2021-08-01', '2021-09-25', '52', '4.26', '-11.61', 31, '46', '0.97', '2.7', '5', '5', 590, -207, '24', '28', '15.62']
['ETH-USD', '5m', 'n>dER', '2021-08-01', '2021-09-25', '47', '-6.15', '-18.72', -34, '34', '-0.91', '-1.81', '2', '7', 582, -264, '16', '31', '15.62']
['ETH-USD', '5m', 'N83VI', '2021-08-01', '2021-09-25', '68', '13.74', '-7.21', 131, '40', '2.92', '18.22', '4', '5', 460, -202, '27', '41', '15.62']
['ETH-USD', '5m', 'V@Q<P', '2021-08-01', '2021-09-25', '54', '12.82', '-12.86', 120, '37', '2.37', '9.29', '3', '8', 898, -263, '20', '34', '15.62']
['ETH-USD', '5m', ']3hHB', '2021-08-01', '2021-09-25', '68', '2.57', '-16.57', 18, '43', '0.62', '1.09', '4', '6', 791, -199, '29', '39', '15.62']
['ETH-USD', '5m', 'r3)VI', '2021-08-01', '2021-09-25', '54', '13.62', '-3.98', 130, '54', '3.6', '32.61', '4', '3', 271, -283, '29', '25', '15.62']
['ETH-USD', '5m', '\\<<UI', '2021-08-01', '2021-09-25', '56', '11.57', '-14.74', 104, '41', '2.13', '7.06', '5', '6', 759, -304, '23', '33', '15.62']
['ETH-USD', '5m', '@<CUI', '2021-08-01', '2021-09-25', '80', '4.94', '-13.33', 37, '34', '0.99', '2.77', '4', '8', 730, -246, '27', '53', '15.62']
['ETH-USD', '5m', '3G:Op', '2021-08-01', '2021-09-25', '44', '6.98', '-9.73', 55, '39', '1.45', '5.68', '2', '4', 598, -260, '17', '27', '15.62']
['ETH-USD', '5m', '(]hVM', '2021-08-01', '2021-09-25', '108', '8.03', '-8.59', 65, '23', '1.63', '7.62', '2', '13', 1073, -212, '25', '83', '15.62']
['ETH-USD', '5m', 'N9cVB', '2021-08-01', '2021-09-25', '68', '11.51', '-8.47', 103, '38', '2.2', '12.22', '4', '5', 681, -220, '26', '42', '15.62']
['ETH-USD', '5m', 'N:hPB', '2021-08-01', '2021-09-25', '66', '10.66', '-9.26', 94, '39', '2.04', '10.1', '4', '5', 671, -223, '26', '40', '15.62']
['ETH-USD', '5m', 't=haB', '2021-08-01', '2021-09-25', '56', '-5.06', '-21.05', -29, '30', '-0.65', '-1.37', '4', '8', 571, -318, '17', '39', '15.62']
['ETH-USD', '5m', 'NSWHm', '2021-08-01', '2021-09-25', '28', '12.8', '-6.92', 119, '50', '2.43', '17.23', '4', '4', 740, -287, '14', '14', '15.62']
['ETH-USD', '5m', 'NSWGm', '2021-08-01', '2021-09-25', '28', '12.8', '-6.92', 119, '50', '2.43', '17.23', '4', '4', 740, -287, '14', '14', '15.62']
['ETH-USD', '5m', 'VPPOm', '2021-08-01', '2021-09-25', '30', '-3.06', '-13.16', -18, '30', '-0.37', '-1.39', '3', '8', 651, -378, '9', '21', '15.62']
['ETH-USD', '5m', 'NSWRm', '2021-08-01', '2021-09-25', '25', '13.55', '-7.76', 129, '52', '2.54', '16.61', '4', '4', 734, -288, '13', '12', '15.62']
['ETH-USD', '5m', 'N4hHB', '2021-08-01', '2021-09-25', '74', '11.75', '-8.71', 106, '39', '2.11', '12.21', '4', '5', 638, -194, '29', '45', '15.62']
['ETH-USD', '5m', '>]PVp', '2021-08-01', '2021-09-25', '25', '3.81', '-8.5', 28, '48', '0.91', '3.25', '3', '3', 577, -341, '12', '13', '15.62']
['ETH-USD', '5m', 'NSWKm', '2021-08-01', '2021-09-25', '26', '12.98', '-7.78', 122, '50', '2.49', '15.61', '4', '4', 729, -287, '13', '13', '15.62']
['ETH-USD', '5m', 's=haB', '2021-08-01', '2021-09-25', '60', '-2.83', '-19.37', -17, '32', '-0.27', '-0.88', '4', '8', 580, -318, '19', '41', '15.62']
['ETH-USD', '5m', 'r=WUI', '2021-08-01', '2021-09-25', '52', '-0.86', '-19.2', -5, '35', '0.05', '-0.28', '3', '8', 589, -319, '18', '34', '15.62']
['ETH-USD', '5m', 'NL3OB', '2021-08-01', '2021-09-25', '50', '11.76', '-8.76', 106, '36', '2.46', '12.15', '4', '8', 584, -323, '18', '32', '15.62']
['ETH-USD', '5m', 'NmL(I', '2021-08-01', '2021-09-25', '26', '7.16', '-9.03', 57, '31', '1.51', '6.3', '2', '5', 944, -169, '8', '18', '15.62']
['ETH-USD', '5m', 'N73VI', '2021-08-01', '2021-09-25', '72', '4.47', '-13.19', 33, '40', '1.11', '2.5', '4', '4', 419, -194, '29', '43', '15.62']
['ETH-USD', '5m', 'Q]1]i', '2021-08-01', '2021-09-25', '25', '-4.86', '-12.82', -28, '28', '-0.73', '-2.16', '2', '5', 597, -333, '7', '18', '15.62']
['ETH-USD', '5m', 'V6POp', '2021-08-01', '2021-09-25', '25', '8.17', '-5.7', 67, '48', '1.82', '11.73', '3', '5', 836, -222, '12', '13', '15.62']
['ETH-USD', '5m', '3K:Op', '2021-08-01', '2021-09-25', '36', '-2.09', '-10.67', -13, '33', '-0.31', '-1.2', '2', '4', 621, -294, '12', '24', '15.62']
['ETH-USD', '5m', 'N43VI', '2021-08-01', '2021-09-25', '74', '16.76', '-9.26', 174, '41', '3.42', '18.84', '4', '5', 436, -201, '30', '44', '15.62']
['ETH-USD', '5m', 'N7W=I', '2021-08-01', '2021-09-25', '69', '11.23', '-11.75', 100, '42', '2.03', '8.52', '5', '4', 617, -197, '29', '40', '15.62']
['ETH-USD', '5m', '5J:VV', '2021-08-01', '2021-09-25', '72', '10.81', '-8.78', 95, '33', '1.91', '10.85', '4', '6', 820, -279, '24', '48', '15.62']
['ETH-USD', '5m', 'n2mIZ', '2021-08-01', '2021-09-25', '44', '3.88', '-10.88', 28, '48', '0.88', '2.59', '3', '5', 470, -268, '21', '23', '15.62']
['ETH-USD', '5m', '?2_b[', '2021-08-01', '2021-09-25', '62', '17.84', '-5.83', 192, '40', '3.52', '32.84', '2', '5', 759, -279, '25', '37', '15.62']
['ETH-USD', '5m', '\\OPOp', '2021-08-01', '2021-09-25', '30', '-4.84', '-11.94', -28, '33', '-0.74', '-2.31', '3', '5', 649, -342, '10', '20', '15.62']
['ETH-USD', '5m', '>LPVp', '2021-08-01', '2021-09-25', '30', '5.4', '-6.84', 41, '43', '1.18', '5.98', '4', '5', 921, -334, '13', '17', '15.62']
['ETH-USD', '5m', '<]hVU', '2021-08-01', '2021-09-25', '41', '-0.27', '-9.76', -2, '41', '0.12', '-0.18', '4', '5', 569, -349, '17', '24', '15.62']
['ETH-USD', '5m', '+SWVm', '2021-08-01', '2021-09-25', '37', '5.95', '-6.13', 46, '35', '1.47', '7.47', '2', '6', 943, -267, '13', '24', '15.62']
['ETH-USD', '5m', '<ZWgI', '2021-08-01', '2021-09-25', '48', '7.54', '-10.56', 61, '38', '1.43', '5.74', '3', '9', 775, -303, '18', '30', '15.62']
['ETH-USD', '5m', ',lL9Z', '2021-08-01', '2021-09-25', '56', '12.65', '-8.41', 117, '36', '2.2', '13.95', '3', '10', 1229, -260, '20', '36', '15.62']
['ETH-USD', '5m', ':fj>L', '2021-08-01', '2021-09-25', '40', '5.49', '-9.31', 42, '32', '1.1', '4.47', '2', '5', 743, -372, '13', '27', '15.62']
['ETH-USD', '5m', 'VUPOm', '2021-08-01', '2021-09-25', '28', '-3.27', '-9.54', -19, '25', '-0.45', '-2.04', '3', '7', 649, -279, '7', '21', '15.62']
['ETH-USD', '5m', '.mVgI', '2021-08-01', '2021-09-25', '50', '3.24', '-9.14', 23, '34', '0.71', '2.52', '3', '6', 763, -257, '17', '33', '15.62']
['ETH-USD', '5m', 'G<v<v', '2021-08-01', '2021-09-25', '48', '-2.58', '-14.31', -16, '42', '-0.33', '-1.1', '3', '5', 677, -234, '20', '28', '15.62']
['ETH-USD', '5m', 'wc:OV', '2021-08-01', '2021-09-25', '29', '-5.07', '-17.39', -29, '28', '-0.71', '-1.66', '2', '8', 718, -334, '8', '21', '15.62']
['ETH-USD', '5m', '\\VPOp', '2021-08-01', '2021-09-25', '26', '-6.23', '-13.76', -34, '31', '-1.04', '-2.49', '3', '5', 625, -289, '8', '18', '15.62']
['ETH-USD', '5m', '<VWVI', '2021-08-01', '2021-09-25', '56', '7.58', '-9.56', 61, '36', '1.43', '6.38', '4', '9', 862, -274, '20', '36', '15.62']
['ETH-USD', '5m', '8nscK', '2021-08-01', '2021-09-25', '43', '-1.35', '-14.9', -8, '28', '-0.01', '-0.57', '2', '6', 653, -370, '12', '31', '15.62']
['ETH-USD', '5m', '\\LPVp', '2021-08-01', '2021-09-25', '24', '-2.29', '-12.09', -14, '33', '-0.32', '-1.16', '2', '8', 639, -371, '8', '16', '15.62']
['ETH-USD', '5m', 'NM3VI', '2021-08-01', '2021-09-25', '46', '10.6', '-8.24', 93, '39', '2.23', '11.27', '4', '7', 612, -335, '18', '28', '15.62']
['ETH-USD', '5m', '<VWgI', '2021-08-01', '2021-09-25', '55', '8.08', '-9.56', 66, '36', '1.5', '6.89', '4', '9', 862, -274, '20', '35', '15.62']
['ETH-USD', '5m', '1;jOa', '2021-08-01', '2021-09-25', '77', '7.61', '-9.53', 61, '32', '1.46', '6.43', '3', '6', 933, -230, '25', '52', '15.62']
['ETH-USD', '5m', '8j[UI', '2021-08-01', '2021-09-25', '39', '3.75', '-12.0', 27, '28', '0.81', '2.26', '2', '5', 697, -374, '11', '28', '15.62']
['ETH-USD', '5m', '<cJ77', '2021-08-01', '2021-09-25', '42', '5.85', '-10.38', 45, '31', '1.16', '4.32', '3', '5', 864, -376, '13', '29', '15.62']
['ETH-USD', '5m', 'K3v5u', '2021-08-01', '2021-09-25', '57', '13.2', '-6.99', 124, '49', '2.62', '17.79', '5', '4', 519, -200, '28', '29', '15.62']
['ETH-USD', '5m', 'EAnK*', '2021-08-01', '2021-09-25', '62', '2.27', '-16.2', 16, '39', '0.57', '0.97', '4', '10', 615, -248, '24', '38', '15.62']
['ETH-USD', '5m', '_9,\\i', '2021-08-01', '2021-09-25', '27', '6.15', '-5.84', 48, '48', '1.83', '8.13', '3', '4', 403, -305, '13', '14', '15.62']
['ETH-USD', '5m', 'kHPOm', '2021-08-01', '2021-09-25', '25', '5.06', '-9.44', 38, '44', '1.12', '4.02', '3', '3', 662, -326, '11', '14', '15.62']
['ETH-USD', '5m', 'Bn3VI', '2021-08-01', '2021-09-25', '40', '-1.18', '-14.31', -7, '25', '0.02', '-0.52', '2', '8', 753, -307, '10', '30', '15.62']
['ETH-USD', '5m', 'VUhV4', '2021-08-01', '2021-09-25', '42', '-5.26', '-11.82', -30, '26', '-0.72', '-2.51', '2', '11', 634, -277, '11', '31', '15.62']
['ETH-USD', '5m', 'N@QVB', '2021-08-01', '2021-09-25', '60', '5.62', '-14.11', 43, '37', '1.12', '3.03', '3', '8', 845, -248, '22', '38', '15.62']
['ETH-USD', '5m', 'NPhHB', '2021-08-01', '2021-09-25', '44', '8.81', '-10.91', 73, '39', '1.67', '6.73', '4', '6', 900, -348, '17', '27', '15.62']
['ETH-USD', '5m', 'NPhVB', '2021-08-01', '2021-09-25', '44', '8.81', '-10.91', 73, '39', '1.67', '6.73', '4', '6', 900, -348, '17', '27', '15.62']
['ETH-USD', '5m', '<cJgI', '2021-08-01', '2021-09-25', '42', '5.85', '-10.38', 45, '31', '1.16', '4.32', '3', '5', 864, -376, '13', '29', '15.62']
['ETH-USD', '5m', '<sjVI', '2021-08-01', '2021-09-25', '41', '2.93', '-13.15', 21, '27', '0.68', '1.57', '2', '8', 673, -196, '11', '30', '15.62']
['ETH-USD', '5m', '9cV4I', '2021-08-01', '2021-09-25', '44', '6.14', '-10.46', 47, '30', '1.18', '4.54', '2', '7', 758, -391, '13', '31', '15.62']
['ETH-USD', '5m', 'H4dAl', '2021-08-01', '2021-09-25', '61', '8.71', '-8.54', 72, '41', '1.57', '8.47', '3', '5', 857, -250, '25', '36', '15.62']
['ETH-USD', '5m', '=cj.6', '2021-08-01', '2021-09-25', '39', '3.46', '-10.38', 25, '33', '0.76', '2.39', '4', '5', 742, -408, '13', '26', '15.62']
['ETH-USD', '5m', '<cLkI', '2021-08-01', '2021-09-25', '42', '6.27', '-10.38', 49, '31', '1.23', '4.69', '3', '5', 908, -376, '13', '29', '15.62']
['ETH-USD', '5m', '=Ijk6', '2021-08-01', '2021-09-25', '66', '-2.28', '-15.3', -14, '36', '-0.17', '-0.91', '3', '6', 740, -310, '24', '42', '15.62']
['ETH-USD', '5m', 'VLPOp', '2021-08-01', '2021-09-25', '26', '3.09', '-8.26', 22, '42', '0.78', '2.66', '2', '4', 673, -370, '11', '15', '15.62']
['ETH-USD', '5m', '@Hj:/', '2021-08-01', '2021-09-25', '68', '-3.58', '-14.19', -21, '35', '-0.4', '-1.49', '3', '8', 748, -312, '24', '44', '15.62']
['ETH-USD', '5m', '=cDk6', '2021-08-01', '2021-09-25', '40', '8.01', '-10.69', 65, '35', '1.44', '6.11', '5', '5', 1016, -408, '14', '26', '15.62']
['ETH-USD', '5m', 'VMPOp', '2021-08-01', '2021-09-25', '25', '0.43', '-10.0', 3, '40', '0.25', '0.28', '2', '4', 663, -370, '10', '15', '15.62']
['ETH-USD', '5m', 'NYLsI', '2021-08-01', '2021-09-25', '39', '6.76', '-9.32', 53, '33', '1.32', '5.7', '2', '5', 918, -313, '13', '26', '15.62']
['ETH-USD', '5m', 'NYLUI', '2021-08-01', '2021-09-25', '40', '7.13', '-9.32', 57, '35', '1.39', '6.08', '2', '5', 918, -313, '14', '26', '15.62']
['ETH-USD', '5m', 'NYL:\\', '2021-08-01', '2021-09-25', '38', '7.68', '-8.49', 62, '34', '1.47', '7.3', '2', '5', 925, -313, '13', '25', '15.62']
['ETH-USD', '5m', 'NYL9Z', '2021-08-01', '2021-09-25', '39', '8.05', '-8.49', 66, '36', '1.53', '7.74', '2', '5', 925, -313, '14', '25', '15.62']
['ETH-USD', '5m', '\\PPOp', '2021-08-01', '2021-09-25', '30', '-5.49', '-12.83', -31, '30', '-0.84', '-2.4', '3', '7', 632, -347, '9', '21', '15.62']
['ETH-USD', '5m', '[=wOk', '2021-08-01', '2021-09-25', '32', '10.41', '-9.57', 91, '47', '2.06', '9.47', '4', '6', 701, -311, '15', '17', '15.62']
['ETH-USD', '5m', 'N@L9I', '2021-08-01', '2021-09-25', '60', '4.42', '-14.11', 33, '37', '0.94', '2.31', '3', '8', 766, -248, '22', '38', '15.62']
['ETH-USD', '5m', '.kPgI', '2021-08-01', '2021-09-25', '53', '-4.12', '-12.0', -24, '30', '-0.37', '-2.0', '3', '7', 768, -333, '16', '37', '15.62']
['ETH-USD', '5m', 'o=haB', '2021-08-01', '2021-09-25', '58', '-3.93', '-20.46', -23, '36', '-0.45', '-1.12', '4', '12', 572, -258, '21', '37', '15.62']
['ETH-USD', '5m', '1<jOa', '2021-08-01', '2021-09-25', '80', '9.34', '-9.75', 79, '31', '1.59', '8.1', '3', '6', 1024, -241, '25', '55', '15.62']
['ETH-USD', '5m', 'ToPOM', '2021-08-01', '2021-09-25', '33', '12.62', '-11.24', 117, '33', '2.28', '10.42', '2', '6', 1079, -146, '11', '22', '15.62']
['ETH-USD', '5m', '>EPVp', '2021-08-01', '2021-09-25', '28', '-0.34', '-11.79', -2, '36', '0.08', '-0.19', '2', '5', 833, -258, '10', '18', '15.62']
['ETH-USD', '5m', 'NZQVB', '2021-08-01', '2021-09-25', '40', '4.01', '-11.38', 29, '35', '0.86', '2.56', '2', '5', 924, -323, '14', '26', '15.62']
['ETH-USD', '5m', 'NnhuV', '2021-08-01', '2021-09-25', '31', '3.95', '-12.25', 29, '26', '0.85', '2.35', '3', '6', 749, -171, '8', '23', '15.62']
['ETH-USD', '5m', '<\\WVI', '2021-08-01', '2021-09-25', '47', '9.22', '-8.23', 78, '45', '1.76', '9.44', '4', '4', 707, -322, '21', '26', '15.62']
['ETH-USD', '5m', 'NOW=I', '2021-08-01', '2021-09-25', '46', '5.15', '-10.72', 39, '37', '1.06', '3.61', '4', '6', 790, -336, '17', '29', '15.62']
['ETH-USD', '5m', '<>WgI', '2021-08-01', '2021-09-25', '90', '-4.1', '-16.8', -24, '30', '-0.4', '-1.42', '4', '8', 723, -250, '27', '63', '15.62']
['ETH-USD', '5m', '<[W4I', '2021-08-01', '2021-09-25', '48', '8.5', '-8.08', 70, '42', '1.67', '8.69', '4', '6', 700, -313, '20', '28', '15.62']
['ETH-USD', '5m', '=Yj:I', '2021-08-01', '2021-09-25', '48', '9.49', '-8.94', 81, '40', '1.77', '9.01', '4', '8', 736, -295, '19', '29', '15.62']
['ETH-USD', '5m', 'ElL9I', '2021-08-01', '2021-09-25', '37', '0.29', '-14.7', 2, '30', '0.25', '0.13', '2', '6', 858, -320, '11', '26', '15.62']
['ETH-USD', '5m', '=Mj:/', '2021-08-01', '2021-09-25', '67', '-5.25', '-16.24', -30, '34', '-0.7', '-1.83', '4', '8', 652, -329, '23', '44', '15.62']
['ETH-USD', '5m', '3lj(/', '2021-08-01', '2021-09-25', '45', '4.78', '-8.2', 36, '38', '0.98', '4.33', '3', '6', 752, -348, '17', '28', '15.62']
['ETH-USD', '5m', '3lH:/', '2021-08-01', '2021-09-25', '48', '8.49', '-9.28', 70, '35', '1.53', '7.55', '3', '6', 1124, -344, '17', '31', '15.62']
['ETH-USD', '5m', 'GlLKI', '2021-08-01', '2021-09-25', '36', '-2.69', '-15.42', -16, '31', '-0.23', '-1.06', '2', '6', 864, -336, '11', '25', '15.62']
['ETH-USD', '5m', 'ElLaI', '2021-08-01', '2021-09-25', '38', '-0.43', '-14.7', -3, '29', '0.14', '-0.19', '2', '6', 851, -320, '11', '27', '15.62']
['ETH-USD', '5m', ',lLK)', '2021-08-01', '2021-09-25', '60', '10.8', '-8.41', 95, '35', '1.9', '11.31', '3', '10', 1220, -259, '21', '39', '15.62']
['ETH-USD', '5m', ',lQVB', '2021-08-01', '2021-09-25', '57', '8.26', '-8.43', 68, '37', '1.54', '8.04', '3', '10', 794, -252, '21', '36', '15.62']
['ETH-USD', '5m', ',lhVB', '2021-08-01', '2021-09-25', '57', '8.26', '-8.43', 68, '37', '1.54', '8.04', '3', '10', 794, -252, '21', '36', '15.62']
['ETH-USD', '5m', 'NPW<B', '2021-08-01', '2021-09-25', '44', '6.77', '-10.91', 53, '39', '1.35', '4.89', '4', '6', 697, -348, '17', '27', '15.62']
['ETH-USD', '5m', 'NPWVI', '2021-08-01', '2021-09-25', '44', '6.77', '-10.91', 53, '39', '1.35', '4.89', '4', '6', 697, -348, '17', '27', '15.62']
['ETH-USD', '5m', 'GlW4I', '2021-08-01', '2021-09-25', '36', '-5.8', '-15.42', -32, '31', '-0.8', '-2.09', '2', '6', 642, -336, '11', '25', '15.62']
['ETH-USD', '5m', 'NoMUV', '2021-08-01', '2021-09-25', '33', '-6.77', '-13.73', -37, '24', '-1.14', '-2.67', '2', '6', 1005, -269, '8', '25', '15.62']
['ETH-USD', '5m', 'NoL(I', '2021-08-01', '2021-09-25', '28', '-5.36', '-13.81', -30, '21', '-0.9', '-2.18', '1', '5', 987, -269, '6', '22', '15.62']
['ETH-USD', '5m', '<c:OV', '2021-08-01', '2021-09-25', '39', '6.16', '-10.38', 48, '33', '1.23', '4.59', '3', '5', 767, -376, '13', '26', '15.62']
['ETH-USD', '5m', 'NoMUS', '2021-08-01', '2021-09-25', '35', '-5.98', '-14.3', -33, '26', '-0.97', '-2.31', '2', '6', 1005, -268, '9', '26', '15.62']
['ETH-USD', '5m', '=Kj:/', '2021-08-01', '2021-09-25', '72', '-5.22', '-14.3', -29, '33', '-0.7', '-2.06', '3', '7', 674, -319, '24', '48', '15.62']
['ETH-USD', '5m', 'HlV4I', '2021-08-01', '2021-09-25', '36', '-2.5', '-14.89', -15, '31', '-0.2', '-1.02', '2', '6', 966, -336, '11', '25', '15.62']
['ETH-USD', '5m', 'HMa9l', '2021-08-01', '2021-09-25', '43', '3.28', '-11.1', 23, '35', '0.77', '2.11', '2', '7', 676, -336, '15', '28', '15.62']
['ETH-USD', '5m', 'Gov7v', '2021-08-01', '2021-09-25', '32', '-5.51', '-16.31', -31, '22', '-0.77', '-1.89', '2', '12', 638, -234, '7', '25', '15.62']
['ETH-USD', '5m', 'EuWVI', '2021-08-01', '2021-09-25', '37', '-5.26', '-16.15', -30, '24', '-0.79', '-1.84', '1', '8', 760, -287, '9', '28', '15.62']
['ETH-USD', '5m', ')nO,5', '2021-08-01', '2021-09-25', '91', '-3.72', '-14.11', -22, '24', '-0.41', '-1.55', '3', '14', 1217, -310, '22', '69', '15.62']
['ETH-USD', '5m', '5I:OV', '2021-08-01', '2021-09-25', '75', '2.97', '-14.11', 21, '33', '0.7', '1.49', '4', '6', 595, -266, '25', '50', '15.62']
['ETH-USD', '5m', '^A?@o', '2021-08-01', '2021-09-25', '31', '9.04', '-10.74', 76, '42', '1.7', '7.05', '3', '6', 814, -312, '13', '18', '15.62']
['ETH-USD', '5m', '>cCPI', '2021-08-01', '2021-09-25', '40', '5.57', '-11.06', 42, '30', '1.08', '3.83', '3', '6', 984, -415, '12', '28', '15.62']
['ETH-USD', '5m', '+lhVB', '2021-08-01', '2021-09-25', '62', '6.28', '-9.76', 49, '32', '1.24', '4.99', '4', '5', 923, -262, '20', '42', '15.62']
['ETH-USD', '5m', 'NSW3m', '2021-08-01', '2021-09-25', '33', '9.28', '-7.83', 78, '45', '1.8', '10.0', '4', '5', 729, -287, '15', '18', '15.62']
['ETH-USD', '5m', 'NoMKZ', '2021-08-01', '2021-09-25', '32', '-6.14', '-13.34', -34, '25', '-1.0', '-2.54', '2', '5', 1005, -269, '8', '24', '15.62']
['ETH-USD', '5m', 'HpXDG', '2021-08-01', '2021-09-25', '35', '-0.92', '-14.61', -6, '26', '0.03', '-0.4', '2', '6', 736, -184, '9', '26', '15.62']
['ETH-USD', '5m', 'NJcVB', '2021-08-01', '2021-09-25', '52', '5.27', '-11.18', 40, '38', '1.12', '3.56', '4', '10', 793, -314, '20', '32', '15.62']
['ETH-USD', '5m', '+lQVB', '2021-08-01', '2021-09-25', '62', '6.28', '-9.76', 49, '32', '1.24', '4.99', '4', '5', 923, -262, '20', '42', '15.62']
['ETH-USD', '5m', 'ElVVI', '2021-08-01', '2021-09-25', '38', '-1.11', '-14.7', -7, '29', '0.03', '-0.48', '2', '6', 1018, -320, '11', '27', '15.62']
['ETH-USD', '5m', 'VAPOp', '2021-08-01', '2021-09-25', '22', '7.26', '-7.75', 58, '41', '1.77', '7.47', '2', '4', 688, -280, '9', '13', '15.62']
['ETH-USD', '5m', 'FojOa', '2021-08-01', '2021-09-25', '34', '-5.18', '-15.32', -29, '21', '-0.68', '-1.91', '2', '10', 662, -236, '7', '27', '15.62']
['ETH-USD', '5m', '\\`POp', '2021-08-01', '2021-09-25', '24', '-9.8', '-14.4', -49, '17', '-1.63', '-3.4', '2', '12', 471, -364, '4', '20', '15.62']
['ETH-USD', '5m', '8chOM', '2021-08-01', '2021-09-25', '46', '5.1', '-8.92', 38, '33', '1.04', '4.29', '3', '6', 785, -345, '15', '31', '15.62']
['ETH-USD', '5m', '5c:*V', '2021-08-01', '2021-09-25', '48', '5.94', '-9.47', 46, '38', '1.05', '4.82', '4', '9', 1008, -342, '18', '30', '15.62']
['ETH-USD', '5m', '>oPVJ', '2021-08-01', '2021-09-25', '41', '-5.57', '-14.77', -31, '29', '-0.71', '-2.11', '2', '9', 654, -354, '12', '29', '15.62']
['ETH-USD', '5m', '>oPV(', '2021-08-01', '2021-09-25', '42', '-6.09', '-15.28', -34, '29', '-0.8', '-2.2', '2', '10', 654, -354, '12', '30', '15.62']
['ETH-USD', '5m', '>oPV1', '2021-08-01', '2021-09-25', '41', '-5.57', '-14.77', -31, '29', '-0.71', '-2.11', '2', '9', 654, -354, '12', '29', '15.62']
['ETH-USD', '5m', '>oPVK', '2021-08-01', '2021-09-25', '41', '-5.57', '-14.77', -31, '29', '-0.71', '-2.11', '2', '9', 654, -354, '12', '29', '15.62']
['ETH-USD', '5m', '>oPV7', '2021-08-01', '2021-09-25', '41', '-5.57', '-14.77', -31, '29', '-0.71', '-2.11', '2', '9', 654, -354, '12', '29', '15.62']
['ETH-USD', '5m', '>oPVC', '2021-08-01', '2021-09-25', '41', '-5.57', '-14.77', -31, '29', '-0.71', '-2.11', '2', '9', 654, -354, '12', '29', '15.62']
['ETH-USD', '5m', '>oPVN', '2021-08-01', '2021-09-25', '41', '-5.57', '-14.77', -31, '29', '-0.71', '-2.11', '2', '9', 654, -354, '12', '29', '15.62']
['ETH-USD', '5m', 'H8*<l', '2021-08-01', '2021-09-25', '58', '6.91', '-6.83', 55, '41', '2.01', '8.0', '3', '5', 280, -196, '24', '34', '15.62']
['ETH-USD', '5m', 'AnhV4', '2021-08-01', '2021-09-25', '40', '-5.31', '-15.28', -30, '28', '-0.69', '-1.96', '2', '8', 659, -329, '11', '29', '15.62']
['ETH-USD', '5m', 'NOQVB', '2021-08-01', '2021-09-25', '46', '4.22', '-10.72', 31, '37', '0.9', '2.89', '4', '6', 698, -336, '17', '29', '15.62']
['ETH-USD', '5m', 'NnQ2B', '2021-08-01', '2021-09-25', '34', '7.13', '-10.08', 57, '26', '1.37', '5.62', '2', '6', 1044, -173, '9', '25', '15.62']
['ETH-USD', '5m', 'ElQVB', '2021-08-01', '2021-09-25', '38', '-2.16', '-14.7', -13, '29', '-0.15', '-0.9', '2', '6', 918, -320, '11', '27', '15.62']
['ETH-USD', '5m', 'NSQVB', '2021-08-01', '2021-09-25', '48', '6.03', '-11.34', 46, '38', '1.24', '4.1', '4', '8', 792, -284, '18', '30', '15.62']
['ETH-USD', '5m', 'NnQVP', '2021-08-01', '2021-09-25', '35', '5.99', '-11.02', 46, '26', '1.19', '4.18', '2', '6', 1044, -173, '9', '26', '15.62']
['ETH-USD', '5m', '+lWVB', '2021-08-01', '2021-09-25', '62', '6.28', '-9.76', 49, '32', '1.24', '4.99', '4', '5', 923, -262, '20', '42', '15.62']
['ETH-USD', '5m', 'N[WHB', '2021-08-01', '2021-09-25', '40', '0.36', '-11.39', 2, '32', '0.25', '0.21', '2', '5', 864, -333, '13', '27', '15.62']
['ETH-USD', '5m', 'NRWVI', '2021-08-01', '2021-09-25', '48', '2.83', '-12.57', 20, '35', '0.67', '1.59', '4', '8', 778, -377, '17', '31', '15.62']
['ETH-USD', '5m', 'NnhuP', '2021-08-01', '2021-09-25', '34', '1.29', '-13.17', 9, '24', '0.41', '0.66', '2', '7', 749, -171, '8', '26', '15.62']
['ETH-USD', '5m', 'AnhPB', '2021-08-01', '2021-09-25', '40', '-5.31', '-15.28', -30, '28', '-0.69', '-1.96', '2', '8', 659, -329, '11', '29', '15.62']
['ETH-USD', '5m', 'w=haB', '2021-08-01', '2021-09-25', '58', '-7.11', '-21.65', -38, '34', '-1.0', '-1.76', '4', '10', 566, -318, '20', '38', '15.62']
['ETH-USD', '5m', 'NRWHI', '2021-08-01', '2021-09-25', '48', '2.83', '-12.57', 20, '35', '0.67', '1.59', '4', '8', 778, -377, '17', '31', '15.62']
['ETH-USD', '5m', '<NW4I', '2021-08-01', '2021-09-25', '67', '-3.15', '-15.31', -19, '37', '-0.32', '-1.23', '4', '8', 663, -329, '25', '42', '15.62']
['ETH-USD', '5m', '<OW4I', '2021-08-01', '2021-09-25', '63', '-0.82', '-14.26', -5, '35', '0.07', '-0.37', '4', '9', 896, -330, '22', '41', '15.62']
['ETH-USD', '5m', '6cV4I', '2021-08-01', '2021-09-25', '46', '5.31', '-8.81', 40, '37', '1.07', '4.55', '3', '5', 789, -330, '17', '29', '15.62']
['ETH-USD', '5m', 'GlWVI', '2021-08-01', '2021-09-25', '36', '-5.8', '-15.42', -32, '31', '-0.8', '-2.09', '2', '6', 642, -336, '11', '25', '15.62']
['ETH-USD', '5m', 'Gl[VI', '2021-08-01', '2021-09-25', '36', '-5.8', '-15.42', -32, '31', '-0.8', '-2.09', '2', '6', 642, -336, '11', '25', '15.62']
['ETH-USD', '5m', 'GlQVI', '2021-08-01', '2021-09-25', '36', '-5.8', '-15.42', -32, '31', '-0.8', '-2.09', '2', '6', 642, -336, '11', '25', '15.62']
['ETH-USD', '5m', '=djUI', '2021-08-01', '2021-09-25', '42', '2.57', '-9.91', 18, '31', '0.62', '1.81', '3', '5', 748, -414, '13', '29', '15.62']
['ETH-USD', '5m', '=:jUI', '2021-08-01', '2021-09-25', '95', '-2.04', '-14.25', -13, '34', '-0.09', '-0.88', '4', '6', 848, -265, '32', '63', '15.62']
['ETH-USD', '5m', '=c>k6', '2021-08-01', '2021-09-25', '40', '4.91', '-10.69', 37, '35', '0.99', '3.43', '5', '5', 841, -408, '14', '26', '15.62']
['ETH-USD', '5m', 'NZL9I', '2021-08-01', '2021-09-25', '40', '2.4', '-11.38', 17, '35', '0.6', '1.47', '2', '5', 843, -323, '14', '26', '15.62']
['ETH-USD', '5m', 'N^L9I', '2021-08-01', '2021-09-25', '40', '-3.21', '-13.55', -19, '35', '-0.39', '-1.41', '2', '7', 739, -355, '14', '26', '15.62']
['ETH-USD', '5m', '@dCUI', '2021-08-01', '2021-09-25', '39', '3.07', '-11.08', 22, '33', '0.69', '1.97', '2', '4', 985, -384, '13', '26', '15.62']
['ETH-USD', '5m', ',lj:/', '2021-08-01', '2021-09-25', '60', '6.37', '-8.43', 50, '35', '1.25', '5.88', '3', '10', 789, -249, '21', '39', '15.62']
['ETH-USD', '5m', 'KhLaI', '2021-08-01', '2021-09-25', '39', '-4.54', '-15.22', -26, '28', '-0.58', '-1.72', '2', '7', 790, -317, '11', '28', '15.62']
['ETH-USD', '5m', 'rl?:I', '2021-08-01', '2021-09-25', '24', '-5.91', '-16.25', -33, '29', '-0.93', '-2.02', '2', '4', 901, -321, '7', '17', '15.62']
['ETH-USD', '5m', '(fj>L', '2021-08-01', '2021-09-25', '102', '1.5', '-7.82', 10, '24', '0.46', '1.3', '3', '9', 1041, -210, '24', '78', '15.62']
['ETH-USD', '5m', 'YlLaI', '2021-08-01', '2021-09-25', '33', '5.99', '-11.82', 46, '27', '1.19', '3.9', '2', '6', 1034, -161, '9', '24', '15.62']
['ETH-USD', '5m', 'NuLK)', '2021-08-01', '2021-09-25', '36', '2.74', '-16.86', 19, '25', '0.64', '1.14', '2', '9', 1112, -245, '9', '27', '15.62']
['ETH-USD', '5m', 'XlL:I', '2021-08-01', '2021-09-25', '34', '6.76', '-11.66', 53, '29', '1.31', '4.56', '2', '6', 1025, -162, '10', '24', '15.62']
['ETH-USD', '5m', 'NSWV`', '2021-08-01', '2021-09-25', '37', '4.88', '-10.38', 36, '38', '1.05', '3.51', '3', '6', 703, -287, '14', '23', '15.62']
['ETH-USD', '5m', 'NSWVY', '2021-08-01', '2021-09-25', '40', '1.02', '-10.81', 7, '35', '0.36', '0.63', '3', '7', 693, -284, '14', '26', '15.62']
['ETH-USD', '5m', 'NSWV_', '2021-08-01', '2021-09-25', '38', '2.66', '-10.38', 19, '37', '0.66', '1.8', '3', '6', 703, -287, '14', '24', '15.62']
['ETH-USD', '5m', 'B<Tl@', '2021-08-01', '2021-09-25', '76', '8.32', '-9.83', 68, '37', '1.44', '6.95', '4', '5', 706, -269, '28', '48', '15.62']
['ETH-USD', '5m', 'NSWVS', '2021-08-01', '2021-09-25', '44', '2.04', '-11.34', 14, '36', '0.54', '1.24', '3', '8', 688, -284, '16', '28', '15.62']
['ETH-USD', '5m', 'Hha9l', '2021-08-01', '2021-09-25', '36', '-1.99', '-12.34', -12, '33', '-0.17', '-0.99', '2', '5', 716, -189, '12', '24', '15.62']
['ETH-USD', '5m', '@eCUI', '2021-08-01', '2021-09-25', '42', '3.04', '-10.38', 22, '31', '0.69', '2.08', '2', '5', 1005, -386, '13', '29', '15.62']
['ETH-USD', '5m', 'GKjVI', '2021-08-01', '2021-09-25', '63', '-2.62', '-12.59', -16, '29', '-0.24', '-1.26', '4', '10', 755, -317, '18', '45', '15.62']
['ETH-USD', '5m', 'GKhVI', '2021-08-01', '2021-09-25', '63', '-2.74', '-12.59', -17, '29', '-0.26', '-1.31', '4', '10', 744, -317, '18', '45', '15.62']
['ETH-USD', '5m', '/lQVB', '2021-08-01', '2021-09-25', '53', '3.93', '-9.9', 29, '32', '0.8', '2.88', '3', '8', 864, -359, '17', '36', '15.62']
['ETH-USD', '5m', 'NPQVB', '2021-08-01', '2021-09-25', '44', '5.95', '-10.91', 46, '39', '1.23', '4.19', '4', '6', 658, -348, '17', '27', '15.62']
['ETH-USD', '5m', 'NYWVI', '2021-08-01', '2021-09-25', '40', '1.52', '-9.32', 10, '35', '0.45', '1.11', '2', '5', 658, -313, '14', '26', '15.62']
['ETH-USD', '5m', 'NYWHI', '2021-08-01', '2021-09-25', '40', '1.52', '-9.32', 10, '35', '0.45', '1.11', '2', '5', 658, -313, '14', '26', '15.62']
['ETH-USD', '5m', '=Lj:/', '2021-08-01', '2021-09-25', '74', '-6.55', '-15.21', -36, '32', '-0.89', '-2.35', '4', '12', 672, -327, '24', '50', '15.62']
['ETH-USD', '5m', 'QXMVB', '2021-08-01', '2021-09-25', '40', '2.78', '-11.21', 20, '32', '0.66', '1.75', '2', '7', 899, -301, '13', '27', '15.62']
['ETH-USD', '5m', 'NZWXI', '2021-08-01', '2021-09-25', '40', '-2.05', '-11.38', -13, '35', '-0.19', '-1.11', '2', '5', 662, -323, '14', '26', '15.62']
['ETH-USD', '5m', '=>jUI', '2021-08-01', '2021-09-25', '86', '-8.49', '-21.18', -44, '28', '-1.17', '-2.07', '4', '12', 654, -249, '24', '62', '15.62']
['ETH-USD', '5m', 'NYQVB', '2021-08-01', '2021-09-25', '40', '1.52', '-9.32', 10, '35', '0.45', '1.11', '2', '5', 658, -313, '14', '26', '15.62']
['ETH-USD', '5m', 'NZVVI', '2021-08-01', '2021-09-25', '40', '-2.05', '-11.38', -13, '35', '-0.19', '-1.11', '2', '5', 662, -323, '14', '26', '15.62']
['ETH-USD', '5m', 'Go:OV', '2021-08-01', '2021-09-25', '39', '-6.95', '-15.8', -37, '21', '-1.14', '-2.37', '2', '13', 714, -233, '8', '31', '15.62']
['ETH-USD', '5m', 'woUa<', '2021-08-01', '2021-09-25', '26', '-11.3', '-21.53', -54, '23', '-1.89', '-2.52', '2', '8', 643, -299, '6', '20', '15.62']
['ETH-USD', '5m', 'jo:OV', '2021-08-01', '2021-09-25', '26', '-1.41', '-12.7', -9, '27', '-0.09', '-0.7', '2', '4', 722, -291, '7', '19', '15.62']
['ETH-USD', '5m', 'NSM<B', '2021-08-01', '2021-09-25', '48', '5.5', '-11.34', 42, '38', '1.15', '3.68', '4', '8', 740, -284, '18', '30', '15.62']
['ETH-USD', '5m', 'Vnh*4', '2021-08-01', '2021-09-25', '27', '-1.02', '-11.82', -6, '33', '-0.01', '-0.55', '2', '3', 776, -291, '9', '18', '15.62']
['ETH-USD', '5m', 'Vnh/4', '2021-08-01', '2021-09-25', '28', '-2.2', '-12.89', -13, '32', '-0.23', '-1.05', '2', '3', 776, -287, '9', '19', '15.62']
['ETH-USD', '5m', '=Sj7I', '2021-08-01', '2021-09-25', '60', '-0.4', '-13.76', -3, '35', '0.13', '-0.19', '4', '10', 673, -344, '21', '39', '15.62']
['ETH-USD', '5m', 'vlLKI', '2021-08-01', '2021-09-25', '25', '3.21', '-16.01', 23, '28', '0.7', '1.43', '2', '8', 1005, -292, '7', '18', '15.62']
['ETH-USD', '5m', 'rl>>I', '2021-08-01', '2021-09-25', '25', '-7.77', '-17.45', -41, '28', '-1.29', '-2.35', '2', '4', 871, -321, '7', '18', '15.62']
['ETH-USD', '5m', 'HCdAl', '2021-08-01', '2021-09-25', '46', '-2.45', '-14.25', -15, '37', '-0.31', '-1.05', '4', '7', 599, -274, '17', '29', '15.62']
['ETH-USD', '5m', 'NIWVB', '2021-08-01', '2021-09-25', '52', '4.05', '-12.22', 30, '35', '0.89', '2.42', '4', '10', 685, -306, '18', '34', '15.62']
['ETH-USD', '5m', '1`LVI', '2021-08-01', '2021-09-25', '62', '-2.31', '-11.66', -14, '37', '-0.23', '-1.21', '4', '6', 724, -359, '23', '39', '15.62']
['ETH-USD', '5m', 'Nn;XI', '2021-08-01', '2021-09-25', '36', '8.26', '-11.96', 68, '25', '1.58', '5.67', '2', '7', 989, -166, '9', '27', '15.62']
['ETH-USD', '5m', 'NuW2I', '2021-08-01', '2021-09-25', '36', '-4.15', '-19.83', -24, '25', '-0.48', '-1.22', '2', '9', 722, -236, '9', '27', '15.62']
['ETH-USD', '5m', 'NpLnI', '2021-08-01', '2021-09-25', '37', '3.94', '-13.7', 29, '30', '0.85', '2.09', '2', '6', 974, -194, '11', '26', '15.62']
['ETH-USD', '5m', '=Ujk6', '2021-08-01', '2021-09-25', '57', '3.43', '-10.01', 25, '35', '0.76', '2.46', '4', '9', 725, -264, '20', '37', '15.62']
['ETH-USD', '5m', '=Uj:/', '2021-08-01', '2021-09-25', '58', '2.9', '-10.49', 20, '34', '0.67', '1.95', '4', '10', 720, -264, '20', '38', '15.62']
['ETH-USD', '5m', 'NuW?I', '2021-08-01', '2021-09-25', '36', '-4.15', '-19.83', -24, '25', '-0.48', '-1.22', '2', '9', 722, -236, '9', '27', '15.62']
['ETH-USD', '5m', 'NuWV(', '2021-08-01', '2021-09-25', '36', '-4.15', '-19.83', -24, '25', '-0.48', '-1.22', '2', '9', 722, -236, '9', '27', '15.62']
['ETH-USD', '5m', 'NXQVB', '2021-08-01', '2021-09-25', '42', '0.58', '-9.2', 4, '38', '0.28', '0.41', '4', '4', 663, -291, '16', '26', '15.62']
['ETH-USD', '5m', 'NRQVB', '2021-08-01', '2021-09-25', '48', '1.91', '-12.57', 13, '35', '0.52', '1.05', '4', '8', 687, -377, '17', '31', '15.62']
['ETH-USD', '5m', 'KlL0I', '2021-08-01', '2021-09-25', '35', '-12.48', '-14.48', -58, '29', '-2.22', '-4.01', '2', '6', 545, -243, '10', '25', '15.62']
['ETH-USD', '5m', 'N]hPB', '2021-08-01', '2021-09-25', '40', '-0.29', '-12.02', -2, '30', '0.14', '-0.16', '2', '7', 932, -343, '12', '28', '15.62']
['ETH-USD', '5m', 'NRLKI', '2021-08-01', '2021-09-25', '48', '3.72', '-12.57', 27, '35', '0.83', '2.14', '4', '8', 872, -377, '17', '31', '15.62']
['ETH-USD', '5m', '-fj>L', '2021-08-01', '2021-09-25', '66', '-0.06', '-8.68', 0, '33', '0.18', '-0.05', '4', '7', 840, -266, '22', '44', '15.62']
['ETH-USD', '5m', 'NSWVQ', '2021-08-01', '2021-09-25', '46', '4.62', '-11.34', 34, '37', '0.98', '3.02', '3', '8', 688, -284, '17', '29', '15.62']
['ETH-USD', '5m', '/lLK)', '2021-08-01', '2021-09-25', '54', '2.47', '-10.02', 17, '31', '0.59', '1.72', '3', '8', 783, -359, '17', '37', '15.62']
['ETH-USD', '5m', ',oMUB', '2021-08-01', '2021-09-25', '60', '2.88', '-8.59', 20, '30', '0.67', '2.37', '3', '10', 768, -270, '18', '42', '15.62']
['ETH-USD', '5m', 'GKbVI', '2021-08-01', '2021-09-25', '63', '-3.41', '-12.59', -20, '29', '-0.36', '-1.61', '4', '10', 677, -317, '18', '45', '15.62']
['ETH-USD', '5m', 'GK_VI', '2021-08-01', '2021-09-25', '63', '-3.63', '-12.59', -21, '29', '-0.4', '-1.7', '4', '10', 655, -317, '18', '45', '15.62']
['ETH-USD', '5m', 'GK^VI', '2021-08-01', '2021-09-25', '63', '-3.75', '-12.59', -22, '29', '-0.43', '-1.75', '4', '10', 647, -317, '18', '45', '15.62']
['ETH-USD', '5m', '-jcVB', '2021-08-01', '2021-09-25', '63', '-0.46', '-9.67', -3, '32', '0.13', '-0.31', '4', '10', 897, -276, '20', '43', '15.62']
['ETH-USD', '5m', 'N[L9I', '2021-08-01', '2021-09-25', '40', '0.82', '-11.39', 5, '32', '0.33', '0.48', '2', '5', 853, -333, '13', '27', '15.62']
['ETH-USD', '5m', 'NZCPI', '2021-08-01', '2021-09-25', '40', '-0.79', '-11.38', -5, '35', '0.04', '-0.44', '2', '5', 681, -323, '14', '26', '15.62']
['ETH-USD', '5m', 'NqCPI', '2021-08-01', '2021-09-25', '37', '-0.89', '-13.89', -6, '27', '0.02', '-0.41', '2', '6', 807, -207, '10', '27', '15.62']
['ETH-USD', '5m', '/jQVB', '2021-08-01', '2021-09-25', '53', '-0.53', '-11.04', -3, '34', '0.15', '-0.31', '3', '8', 814, -347, '18', '35', '15.62']
['ETH-USD', '5m', ',nhuB', '2021-08-01', '2021-09-25', '58', '4.22', '-8.73', 31, '31', '0.89', '3.55', '3', '10', 773, -265, '18', '40', '15.62']
['ETH-USD', '5m', 'NPLUI', '2021-08-01', '2021-09-25', '44', '5.4', '-10.91', 41, '39', '1.14', '3.75', '4', '6', 658, -348, '17', '27', '15.62']
['ETH-USD', '5m', 'NqL(8', '2021-08-01', '2021-09-25', '34', '4.28', '-13.6', 31, '26', '0.91', '2.31', '2', '6', 998, -213, '9', '25', '15.62']
['ETH-USD', '5m', '[>wOk', '2021-08-01', '2021-09-25', '32', '8.5', '-10.01', 70, '47', '1.72', '7.01', '4', '5', 686, -271, '15', '17', '15.62']
['ETH-USD', '5m', 'wnhV4', '2021-08-01', '2021-09-25', '29', '-2.66', '-16.21', -16, '28', '-0.25', '-0.99', '2', '6', 690, -283, '8', '21', '15.62']
['ETH-USD', '5m', 'NJQVB', '2021-08-01', '2021-09-25', '52', '3.17', '-11.18', 23, '38', '0.76', '2.02', '4', '10', 649, -314, '20', '32', '15.62']
['ETH-USD', '5m', 'wnWVB', '2021-08-01', '2021-09-25', '29', '-2.66', '-16.21', -16, '28', '-0.25', '-0.99', '2', '6', 690, -283, '8', '21', '15.62']
['ETH-USD', '5m', 'wnhuB', '2021-08-01', '2021-09-25', '29', '-2.66', '-16.21', -16, '28', '-0.25', '-0.99', '2', '6', 690, -283, '8', '21', '15.62']
['ETH-USD', '5m', 'NqL(0', '2021-08-01', '2021-09-25', '35', '3.35', '-13.6', 24, '26', '0.75', '1.76', '2', '6', 998, -213, '9', '26', '15.62']
['ETH-USD', '5m', 'NqL(2', '2021-08-01', '2021-09-25', '35', '3.35', '-13.6', 24, '26', '0.75', '1.76', '2', '6', 998, -213, '9', '26', '15.62']
['ETH-USD', '5m', '0lL:I', '2021-08-01', '2021-09-25', '52', '0.09', '-9.54', 1, '33', '0.23', '0.06', '3', '6', 757, -328, '17', '35', '15.62']
['ETH-USD', '5m', 'AcCPI', '2021-08-01', '2021-09-25', '41', '2.28', '-10.25', 16, '32', '0.57', '1.55', '2', '5', 987, -384, '13', '28', '15.62']
['ETH-USD', '5m', 'HDa9l', '2021-08-01', '2021-09-25', '49', '0.79', '-12.37', 5, '35', '0.32', '0.43', '4', '7', 651, -298, '17', '32', '15.62']
['ETH-USD', '5m', 'wlLKI', '2021-08-01', '2021-09-25', '27', '0.31', '-15.82', 2, '26', '0.25', '0.13', '2', '8', 996, -275, '7', '20', '15.62']
['ETH-USD', '5m', '/nhaB', '2021-08-01', '2021-09-25', '53', '0.36', '-11.03', 2, '32', '0.26', '0.21', '3', '6', 742, -257, '17', '36', '15.62']
['ETH-USD', '5m', 'Cl<KI', '2021-08-01', '2021-09-25', '36', '-0.86', '-13.15', -5, '28', '0.04', '-0.42', '2', '6', 964, -308, '10', '26', '15.62']
['ETH-USD', '5m', 'wlLaI', '2021-08-01', '2021-09-25', '28', '-0.03', '-15.82', 0, '25', '0.2', '-0.01', '2', '8', 996, -275, '7', '21', '15.62']
['ETH-USD', '5m', 'NIQVB', '2021-08-01', '2021-09-25', '52', '3.23', '-12.22', 23, '35', '0.76', '1.88', '4', '10', 642, -306, '18', '34', '15.62']
['ETH-USD', '5m', '/nhPB', '2021-08-01', '2021-09-25', '52', '1.05', '-10.42', 7, '33', '0.37', '0.68', '3', '6', 747, -259, '17', '35', '15.62']
['ETH-USD', '5m', '.cV4I', '2021-08-01', '2021-09-25', '70', '-2.78', '-10.58', -17, '31', '-0.27', '-1.59', '4', '5', 774, -335, '22', '48', '15.62']
['ETH-USD', '5m', '(XwVk', '2021-08-01', '2021-09-25', '34', '0.57', '-5.64', 4, '29', '0.28', '0.66', '2', '7', 378, -187, '10', '24', '15.62']
['ETH-USD', '5m', '[5wOk', '2021-08-01', '2021-09-25', '38', '-1.23', '-8.39', -8, '45', '-0.14', '-0.93', '4', '4', 485, -216, '17', '21', '15.62']
['ETH-USD', '5m', 'NAQVB', '2021-08-01', '2021-09-25', '58', '1.97', '-13.08', 14, '38', '0.52', '1.04', '3', '8', 618, -253, '22', '36', '15.62']
['ETH-USD', '5m', 'NIhPB', '2021-08-01', '2021-09-25', '52', '2.53', '-12.22', 18, '35', '0.63', '1.45', '4', '10', 642, -306, '18', '34', '15.62']
['ETH-USD', '5m', '-qj>/', '2021-08-01', '2021-09-25', '57', '-1.11', '-11.84', -7, '28', '0.04', '-0.59', '3', '6', 723, -269, '16', '41', '15.62']
['ETH-USD', '5m', '=:j:/', '2021-08-01', '2021-09-25', '96', '-3.89', '-15.85', -23, '33', '-0.42', '-1.44', '4', '6', 848, -261, '32', '64', '15.62']
['ETH-USD', '5m', 'N]CPI', '2021-08-01', '2021-09-25', '40', '-4.23', '-12.02', -25, '30', '-0.64', '-2.04', '2', '7', 590, -343, '12', '28', '15.62']
['ETH-USD', '5m', '@cj:/', '2021-08-01', '2021-09-25', '43', '-3.59', '-11.75', -21, '28', '-0.39', '-1.81', '3', '5', 737, -421, '12', '31', '15.62']
['ETH-USD', '5m', 'NAWVB', '2021-08-01', '2021-09-25', '58', '1.97', '-13.08', 14, '38', '0.52', '1.04', '3', '8', 618, -253, '22', '36', '15.62']
['ETH-USD', '5m', '``LVI', '2021-08-01', '2021-09-25', '40', '-11.68', '-19.44', -56, '22', '-1.8', '-2.86', '2', '8', 683, -336, '9', '31', '15.62']
['ETH-USD', '5m', 'f))VI', '2021-08-01', '2021-09-25', '84', '5.63', '-5.4', 43, '50', '1.65', '7.95', '7', '7', 189, -205, '42', '42', '15.62']
['ETH-USD', '5m', 'n))AI', '2021-08-01', '2021-09-25', '75', '8.45', '-7.23', 70, '51', '2.12', '9.63', '7', '7', 183, -188, '38', '37', '15.62']
['ETH-USD', '5m', 'f))UI', '2021-08-01', '2021-09-25', '84', '5.63', '-5.4', 43, '50', '1.65', '7.95', '7', '7', 189, -205, '42', '42', '15.62']
['ETH-USD', '5m', '@l?:/', '2021-08-01', '2021-09-25', '40', '-4.29', '-16.33', -25, '28', '-0.52', '-1.52', '2', '8', 914, -348, '11', '29', '15.62']
['ETH-USD', '5m', 'Gl?VI', '2021-08-01', '2021-09-25', '36', '-5.12', '-15.42', -29, '31', '-0.68', '-1.88', '2', '6', 642, -336, '11', '25', '15.62']
['ETH-USD', '5m', 'rlL9I', '2021-08-01', '2021-09-25', '24', '-9.51', '-18.97', -48, '29', '-1.53', '-2.52', '2', '4', 646, -321, '7', '17', '15.62']
['ETH-USD', '5m', '/j[UI', '2021-08-01', '2021-09-25', '53', '-2.8', '-11.04', -17, '34', '-0.19', '-1.53', '3', '8', 756, -347, '18', '35', '15.62']
['ETH-USD', '5m', 'QIMVB', '2021-08-01', '2021-09-25', '52', '2.59', '-11.73', 18, '35', '0.65', '1.55', '4', '10', 646, -311, '18', '34', '15.62']
['ETH-USD', '5m', 'GK]VI', '2021-08-01', '2021-09-25', '63', '-3.87', '-12.59', -23, '29', '-0.45', '-1.8', '4', '10', 647, -317, '18', '45', '15.62']
['ETH-USD', '5m', '.XVgI', '2021-08-01', '2021-09-25', '89', '-8.1', '-14.81', -42, '26', '-1.29', '-2.86', '2', '10', 801, -280, '23', '66', '15.62']
['ETH-USD', '5m', 'PIHAE', '2021-08-01', '2021-09-25', '52', '4.8', '-10.88', 36, '37', '1.06', '3.28', '4', '10', 788, -312, '19', '33', '15.62']
['ETH-USD', '5m', ',jQVB', '2021-08-01', '2021-09-25', '69', '-9.38', '-14.89', -47, '28', '-1.64', '-3.18', '3', '10', 460, -269, '19', '50', '15.62']
['ETH-USD', '5m', 'NNWPI', '2021-08-01', '2021-09-25', '49', '2.21', '-10.18', 15, '33', '0.57', '1.5', '4', '7', 759, -332, '16', '33', '15.62']
['ETH-USD', '5m', ',jcVB', '2021-08-01', '2021-09-25', '69', '-9.38', '-14.89', -47, '28', '-1.64', '-3.18', '3', '10', 460, -269, '19', '50', '15.62']
['ETH-USD', '5m', 'GKvVI', '2021-08-01', '2021-09-25', '63', '-4.33', '-12.59', -25, '29', '-0.53', '-1.99', '4', '10', 647, -317, '18', '45', '15.62']
['ETH-USD', '5m', 'r`W*I', '2021-08-01', '2021-09-25', '28', '-7.4', '-18.84', -39, '25', '-1.05', '-2.09', '2', '13', 695, -347, '7', '21', '15.62']
['ETH-USD', '5m', 'NJWVI', '2021-08-01', '2021-09-25', '51', '3.08', '-11.18', 22, '37', '0.73', '1.95', '3', '10', 665, -314, '19', '32', '15.62']
['ETH-USD', '5m', '+nhPB', '2021-08-01', '2021-09-25', '68', '-0.67', '-10.07', -4, '26', '0.08', '-0.43', '3', '10', 763, -255, '18', '50', '15.62']
['ETH-USD', '5m', '/lE>I', '2021-08-01', '2021-09-25', '54', '6.56', '-10.02', 51, '31', '1.2', '5.12', '3', '8', 1072, -378, '17', '37', '15.62']
['ETH-USD', '5m', 'NNVVI', '2021-08-01', '2021-09-25', '49', '2.06', '-10.18', 14, '33', '0.54', '1.4', '4', '7', 744, -332, '16', '33', '15.62']
['ETH-USD', '5m', '3c3OB', '2021-08-01', '2021-09-25', '56', '6.45', '-10.25', 50, '32', '1.18', '4.9', '4', '10', 778, -323, '18', '38', '15.62']
['ETH-USD', '5m', 'NJQqB', '2021-08-01', '2021-09-25', '51', '2.3', '-11.18', 16, '37', '0.6', '1.43', '3', '10', 649, -314, '19', '32', '15.62']
['ETH-USD', '5m', 'r>lgI', '2021-08-01', '2021-09-25', '53', '-6.98', '-19.63', -38, '32', '-0.99', '-1.92', '3', '8', 576, -268, '17', '36', '15.62']
['ETH-USD', '5m', 'rKWVI', '2021-08-01', '2021-09-25', '45', '-7.68', '-17.58', -41, '31', '-1.16', '-2.31', '3', '6', 613, -311, '14', '31', '15.62']
['ETH-USD', '5m', '8XYA:', '2021-08-01', '2021-09-25', '67', '-2.61', '-10.51', -16, '34', '-0.26', '-1.51', '3', '9', 711, -279, '23', '44', '15.62']
['ETH-USD', '5m', 'Gl)Vr', '2021-08-01', '2021-09-25', '18', '6.74', '-8.76', 53, '39', '1.83', '6.05', '3', '4', 461, -173, '7', '11', '15.62']
['ETH-USD', '5m', '5@:VV', '2021-08-01', '2021-09-25', '89', '-4.43', '-19.29', -26, '31', '-0.66', '-1.33', '3', '9', 414, -237, '28', '61', '15.62']
['ETH-USD', '5m', '57:VV', '2021-08-01', '2021-09-25', '98', '7.77', '-13.74', 63, '30', '1.52', '4.57', '4', '8', 431, -207, '29', '69', '15.62']
['ETH-USD', '5m', 'rc5gI', '2021-08-01', '2021-09-25', '28', '-4.97', '-15.81', -28, '21', '-0.78', '-1.79', '2', '8', 717, -347, '6', '22', '15.62']
['ETH-USD', '5m', 'Gl9VI', '2021-08-01', '2021-09-25', '36', '1.63', '-15.42', 11, '31', '0.46', '0.72', '2', '6', 895, -336, '11', '25', '15.62']
['ETH-USD', '5m', '*lj:/', '2021-08-01', '2021-09-25', '86', '1.63', '-10.29', 11, '28', '0.47', '1.08', '3', '7', 1134, -255, '24', '62', '15.62']
['ETH-USD', '5m', 'VWhV4', '2021-08-01', '2021-09-25', '40', '-4.9', '-11.12', -28, '30', '-0.68', '-2.51', '2', '7', 653, -292, '12', '28', '15.62']
['ETH-USD', '5m', '1`WVI', '2021-08-01', '2021-09-25', '62', '-2.58', '-10.3', -16, '37', '-0.26', '-1.52', '4', '6', 761, -364, '23', '39', '15.62']
['ETH-USD', '5m', '3\\j:/', '2021-08-01', '2021-09-25', '66', '-3.75', '-11.75', -22, '32', '-0.37', '-1.88', '4', '6', 935, -364, '21', '45', '15.62']
['ETH-USD', '5m', 'Gl)Vs', '2021-08-01', '2021-09-25', '18', '6.74', '-8.76', 53, '39', '1.83', '6.05', '3', '4', 461, -173, '7', '11', '15.62']
['ETH-USD', '5m', 'r>WgI', '2021-08-01', '2021-09-25', '53', '-6.98', '-19.63', -38, '32', '-0.99', '-1.92', '3', '8', 576, -268, '17', '36', '15.62']
['ETH-USD', '5m', '2lWVB', '2021-08-01', '2021-09-25', '51', '-3.33', '-10.18', -20, '33', '-0.31', '-1.94', '3', '6', 732, -342, '17', '34', '15.62']
['ETH-USD', '5m', '\\oPOh', '2021-08-01', '2021-09-25', '24', '13.53', '-8.67', 129, '29', '2.38', '14.83', '2', '7', 1126, -187, '7', '17', '15.62']
['ETH-USD', '5m', '+nhV4', '2021-08-01', '2021-09-25', '70', '-1.75', '-10.2', -11, '26', '-0.11', '-1.06', '3', '10', 757, -255, '18', '52', '15.62']
['ETH-USD', '5m', '\\oPOg', '2021-08-01', '2021-09-25', '24', '13.53', '-8.67', 129, '29', '2.38', '14.83', '2', '7', 1126, -187, '7', '17', '15.62']
['ETH-USD', '5m', '3cCPI', '2021-08-01', '2021-09-25', '55', '-0.46', '-10.56', -3, '33', '0.14', '-0.28', '4', '10', 881, -323, '18', '37', '15.62']
['ETH-USD', '5m', 'G<)VI', '2021-08-01', '2021-09-25', '67', '9.1', '-5.69', 76, '43', '2.47', '13.42', '4', '5', 269, -241, '29', '38', '15.62']
['ETH-USD', '5m', '1nQVB', '2021-08-01', '2021-09-25', '52', '-2.52', '-10.93', -15, '31', '-0.16', '-1.4', '3', '6', 778, -344, '16', '36', '15.62']
['ETH-USD', '5m', '-nhHB', '2021-08-01', '2021-09-25', '59', '-1.36', '-10.07', -9, '31', '-0.03', '-0.85', '3', '8', 748, -259, '18', '41', '15.62']
['ETH-USD', '5m', '-nhV4', '2021-08-01', '2021-09-25', '60', '-2.41', '-10.17', -15, '30', '-0.21', '-1.44', '3', '8', 748, -259, '18', '42', '15.62']
['ETH-USD', '5m', '@l;:/', '2021-08-01', '2021-09-25', '40', '-5.82', '-16.33', -32, '28', '-0.81', '-1.98', '2', '8', 822, -348, '11', '29', '15.62']
['ETH-USD', '5m', 'Kl9aI', '2021-08-01', '2021-09-25', '36', '-11.5', '-13.59', -55, '28', '-2.25', '-4.04', '2', '6', 651, -246, '10', '26', '15.62']
['ETH-USD', '5m', '@Mj:/', '2021-08-01', '2021-09-25', '66', '-5.54', '-13.75', -31, '30', '-0.73', '-2.26', '4', '10', 673, -329, '20', '46', '15.62']
['ETH-USD', '5m', 'NKWHB', '2021-08-01', '2021-09-25', '50', '4.19', '-10.82', 31, '36', '0.91', '2.83', '4', '8', 650, -316, '18', '32', '15.62']
['ETH-USD', '5m', 'NKWVI', '2021-08-01', '2021-09-25', '49', '4.9', '-10.23', 37, '37', '1.03', '3.57', '4', '7', 655, -316, '18', '31', '15.62']
['ETH-USD', '5m', '3ej:/', '2021-08-01', '2021-09-25', '60', '-5.75', '-10.19', -32, '32', '-0.64', '-3.14', '3', '9', 877, -331, '19', '41', '15.62']
['ETH-USD', '5m', ';IQYL', '2021-08-01', '2021-09-25', '70', '-5.06', '-13.99', -29, '36', '-0.68', '-2.05', '3', '7', 794, -306, '25', '45', '15.62']
['ETH-USD', '5m', 'VL:OV', '2021-08-01', '2021-09-25', '45', '3.72', '-11.3', 27, '36', '0.83', '2.38', '3', '6', 774, -356, '16', '29', '15.62']
['ETH-USD', '5m', 'GKOVI', '2021-08-01', '2021-09-25', '63', '-5.22', '-12.59', -29, '29', '-0.71', '-2.34', '4', '10', 647, -317, '18', '45', '15.62']
['ETH-USD', '5m', 'GKPVI', '2021-08-01', '2021-09-25', '63', '-5.22', '-12.59', -29, '29', '-0.71', '-2.34', '4', '10', 647, -317, '18', '45', '15.62']
['ETH-USD', '5m', 'GKKVI', '2021-08-01', '2021-09-25', '63', '-3.88', '-12.59', -23, '29', '-0.48', '-1.81', '4', '10', 825, -317, '18', '45', '15.62']
['ETH-USD', '5m', '6ow<p', '2021-08-01', '2021-09-25', '39', '-1.22', '-10.95', -8, '31', '-0.05', '-0.7', '2', '4', 707, -163, '12', '27', '15.62']
['ETH-USD', '5m', 'NJLnI', '2021-08-01', '2021-09-25', '49', '2.92', '-10.65', 21, '39', '0.72', '1.94', '3', '9', 659, -317, '19', '30', '15.62']
['ETH-USD', '5m', 'NJLbI', '2021-08-01', '2021-09-25', '50', '2.18', '-10.84', 15, '38', '0.58', '1.39', '3', '9', 654, -314, '19', '31', '15.62']
['ETH-USD', '5m', 'MqL(I', '2021-08-01', '2021-09-25', '26', '-4.26', '-12.16', -25, '19', '-0.68', '-2.03', '2', '7', 869, -196, '5', '21', '15.62']
['ETH-USD', '5m', '*oM<B', '2021-08-01', '2021-09-25', '77', '2.23', '-10.33', 15, '25', '0.57', '1.5', '3', '14', 1157, -259, '19', '58', '15.62']
['ETH-USD', '5m', 'I^GbS', '2021-08-01', '2021-09-25', '37', '-4.99', '-11.48', -28, '35', '-0.82', '-2.47', '2', '5', 597, -363, '13', '24', '15.62']
['ETH-USD', '5m', 'NVWVm', '2021-08-01', '2021-09-25', '26', '10.94', '-8.22', 97, '46', '2.1', '11.76', '3', '3', 707, -278, '12', '14', '15.62']
['ETH-USD', '5m', 'v-+9P', '2021-08-01', '2021-09-25', '48', '7.09', '-7.7', 56, '56', '1.87', '7.32', '7', '4', 262, -245, '27', '21', '15.62']
['ETH-USD', '5m', 'vcQPP', '2021-08-01', '2021-09-25', '27', '-16.32', '-23.86', -69, '22', '-2.93', '-2.88', '2', '8', 656, -314, '6', '21', '15.62']
['ETH-USD', '5m', '7lWVI', '2021-08-01', '2021-09-25', '44', '1.0', '-11.63', 7, '27', '0.36', '0.58', '2', '6', 687, -372, '12', '32', '15.62']
['ETH-USD', '5m', '7ljVI', '2021-08-01', '2021-09-25', '44', '1.0', '-11.63', 7, '27', '0.36', '0.58', '2', '6', 687, -372, '12', '32', '15.62']
['ETH-USD', '5m', 'rLWVI', '2021-08-01', '2021-09-25', '46', '-8.1', '-17.58', -42, '35', '-1.26', '-2.41', '4', '6', 605, -296, '16', '30', '15.62']
['ETH-USD', '5m', 'rLWUI', '2021-08-01', '2021-09-25', '46', '-8.1', '-17.58', -42, '35', '-1.26', '-2.41', '4', '6', 605, -296, '16', '30', '15.62']
['ETH-USD', '5m', ']FhaB', '2021-08-01', '2021-09-25', '52', '-4.77', '-16.45', -27, '35', '-0.66', '-1.66', '4', '10', 589, -320, '18', '34', '15.62']
['ETH-USD', '5m', 'NNLVI', '2021-08-01', '2021-09-25', '49', '0.72', '-10.18', 5, '33', '0.31', '0.47', '4', '7', 643, -332, '16', '33', '15.62']
['ETH-USD', '5m', '-oLOS', '2021-08-01', '2021-09-25', '50', '3.55', '-9.07', 26, '34', '0.78', '2.82', '3', '6', 753, -267, '17', '33', '15.62']
['ETH-USD', '5m', ']FhHB', '2021-08-01', '2021-09-25', '52', '-4.77', '-16.45', -27, '35', '-0.66', '-1.66', '4', '10', 589, -320, '18', '34', '15.62']
['ETH-USD', '5m', 'vcWgI', '2021-08-01', '2021-09-25', '28', '-18.53', '-23.86', -74, '21', '-3.3', '-3.09', '2', '8', 656, -314, '6', '22', '15.62']
['ETH-USD', '5m', '(WwVk', '2021-08-01', '2021-09-25', '31', '1.75', '-5.55', 12, '32', '0.62', '2.16', '2', '8', 392, -187, '10', '21', '15.62']
['ETH-USD', '5m', 'Fj:VV', '2021-08-01', '2021-09-25', '37', '-3.07', '-13.28', -18, '30', '-0.35', '-1.38', '2', '7', 874, -304, '11', '26', '15.62']
['ETH-USD', '5m', 'k.POm', '2021-08-01', '2021-09-25', '30', '7.56', '-4.86', 61, '57', '2.03', '12.52', '6', '3', 639, -203, '17', '13', '15.62']
['ETH-USD', '5m', 'NHhuB', '2021-08-01', '2021-09-25', '53', '-0.75', '-12.49', -5, '32', '0.06', '-0.38', '3', '10', 650, -326, '17', '36', '15.62']
['ETH-USD', '5m', '3aj:/', '2021-08-01', '2021-09-25', '62', '-5.67', '-11.03', -32, '31', '-0.7', '-2.87', '4', '7', 931, -321, '19', '43', '15.62']
['ETH-USD', '5m', 'NQQVB', '2021-08-01', '2021-09-25', '48', '1.72', '-12.46', 12, '35', '0.48', '0.94', '4', '8', 636, -372, '17', '31', '15.62']
['ETH-USD', '5m', 'n))VI', '2021-08-01', '2021-09-25', '76', '6.31', '-8.39', 49, '49', '1.66', '5.84', '6', '7', 183, -185, '37', '39', '15.62']
['ETH-USD', '5m', '>fPVp', '2021-08-01', '2021-09-25', '22', '0.63', '-9.39', 4, '27', '0.29', '0.44', '2', '5', 738, -409, '6', '16', '15.62']
['ETH-USD', '5m', 'KlLav', '2021-08-01', '2021-09-25', '9', '-0.6', '-4.26', -4, '44', '-0.12', '-0.91', '2', '2', 361, -131, '4', '5', '15.62']
['ETH-USD', '5m', '.l<KI', '2021-08-01', '2021-09-25', '52', '2.11', '-9.89', 15, '33', '0.55', '1.47', '3', '8', 816, -362, '17', '35', '15.62']
['ETH-USD', '5m', '\\K<UI', '2021-08-01', '2021-09-25', '50', '-3.63', '-16.26', -21, '32', '-0.42', '-1.32', '2', '6', 757, -356, '16', '34', '15.62']
['ETH-USD', '5m', '-[gh1', '2021-08-01', '2021-09-25', '100', '-11.97', '-19.37', -56, '26', '-1.91', '-2.91', '3', '9', 760, -264, '26', '74', '15.62']
['ETH-USD', '5m', 'GKIVI', '2021-08-01', '2021-09-25', '63', '-4.5', '-12.59', -26, '29', '-0.6', '-2.06', '4', '10', 785, -317, '18', '45', '15.62']
['ETH-USD', '5m', 'd1[.Y', '2021-08-01', '2021-09-25', '53', '9.66', '-10.76', 82, '47', '1.75', '7.65', '7', '6', 829, -181, '25', '28', '15.62']
['ETH-USD', '5m', '@lj:j', '2021-08-01', '2021-09-25', '35', '-10.24', '-15.42', -51, '29', '-1.73', '-3.28', '2', '7', 654, -348, '10', '25', '15.62']
['ETH-USD', '5m', '/l<KI', '2021-08-01', '2021-09-25', '52', '2.11', '-9.89', 15, '33', '0.55', '1.47', '3', '8', 816, -362, '17', '35', '15.62']
['ETH-USD', '5m', 'GKFVI', '2021-08-01', '2021-09-25', '63', '-5.14', '-12.59', -29, '29', '-0.72', '-2.31', '4', '10', 744, -317, '18', '45', '15.62']
['ETH-USD', '5m', 'NcLkh', '2021-08-01', '2021-09-25', '20', '1.02', '-10.23', 7, '35', '0.37', '0.67', '3', '4', 764, -205, '7', '13', '15.62']
['ETH-USD', '5m', '>nP4p', '2021-08-01', '2021-09-25', '34', '-5.65', '-12.53', -32, '32', '-0.82', '-2.52', '2', '7', 671, -352, '11', '23', '15.62']
['ETH-USD', '5m', 'NnQVs', '2021-08-01', '2021-09-25', '12', '15.71', '-7.04', 159, '42', '3.58', '22.58', '2', '3', 1072, -152, '5', '7', '15.62']
['ETH-USD', '5m', '>@PVp', '2021-08-01', '2021-09-25', '30', '0.45', '-11.91', 3, '27', '0.26', '0.25', '2', '8', 971, -289, '8', '22', '15.62']
['ETH-USD', '5m', 'v_cMk', '2021-08-01', '2021-09-25', '24', '-10.73', '-19.34', -52, '21', '-1.58', '-2.7', '2', '12', 671, -414, '5', '19', '15.62']
['ETH-USD', '5m', 'VG:OV', '2021-08-01', '2021-09-25', '51', '-4.65', '-15.52', -27, '31', '-0.69', '-1.72', '2', '10', 683, -319, '16', '35', '15.62']
['ETH-USD', '5m', '\\oP@p', '2021-08-01', '2021-09-25', '20', '15.59', '-6.37', 157, '30', '2.95', '24.67', '2', '5', 1155, -187, '6', '14', '15.62']
['ETH-USD', '5m', 'Nnhuq', '2021-08-01', '2021-09-25', '8', '17.38', '-4.16', 184, '62', '4.04', '44.29', '2', '1', 810, -140, '5', '3', '15.62']
['ETH-USD', '5m', 'VVCq=', '2021-08-01', '2021-09-25', '42', '-4.83', '-12.21', -28, '31', '-0.69', '-2.26', '2', '7', 677, -287, '13', '29', '15.62']
['ETH-USD', '5m', 'VIhV4', '2021-08-01', '2021-09-25', '52', '-3.39', '-14.85', -20, '37', '-0.45', '-1.35', '4', '10', 599, -323, '19', '33', '15.62']
['ETH-USD', '5m', '\\L<KI', '2021-08-01', '2021-09-25', '48', '-2.38', '-16.21', -15, '33', '-0.19', '-0.9', '4', '9', 774, -357, '16', '32', '15.62']
['ETH-USD', '5m', 'VEQPP', '2021-08-01', '2021-09-25', '54', '-2.91', '-13.92', -17, '33', '-0.34', '-1.26', '4', '8', 630, -298, '18', '36', '15.62']
['ETH-USD', '5m', 'NcCPt', '2021-08-01', '2021-09-25', '21', '2.13', '-11.58', 15, '33', '0.58', '1.27', '2', '5', 972, -205, '7', '14', '15.62']
['ETH-USD', '5m', 'Hla9l', '2021-08-01', '2021-09-25', '28', '-6.1', '-13.01', -34, '32', '-0.89', '-2.59', '2', '6', 671, -336, '9', '19', '15.62']
['ETH-USD', '5m', '@lj:p', '2021-08-01', '2021-09-25', '33', '-9.04', '-14.3', -46, '30', '-1.52', '-3.22', '2', '7', 664, -348, '10', '23', '15.62']
['ETH-USD', '5m', 'L`auf', '2021-08-01', '2021-09-25', '20', '-8.16', '-10.9', -43, '25', '-1.69', '-3.91', '2', '8', 327, -376, '5', '15', '15.62']
['ETH-USD', '5m', '@lj:i', '2021-08-01', '2021-09-25', '35', '-10.24', '-15.42', -51, '29', '-1.73', '-3.28', '2', '7', 654, -348, '10', '25', '15.62']
['ETH-USD', '5m', 'MnPVp', '2021-08-01', '2021-09-25', '14', '4.44', '-7.98', 33, '36', '1.23', '4.11', '2', '3', 1028, -279, '5', '9', '15.62']
['ETH-USD', '5m', '8fPio', '2021-08-01', '2021-09-25', '15', '9.25', '-5.15', 78, '40', '2.08', '15.14', '2', '4', 802, -355, '6', '9', '15.62']
['ETH-USD', '5m', 'FnPVp', '2021-08-01', '2021-09-25', '19', '2.29', '-9.75', 16, '32', '0.6', '1.63', '3', '7', 966, -419, '6', '13', '15.62']
['ETH-USD', '5m', 'NnQVw', '2021-08-01', '2021-09-25', '9', '19.18', '-3.71', 214, '56', '4.71', '57.72', '2', '1', 1072, -143, '5', '4', '15.62']
['ETH-USD', '5m', '<@DO;', '2021-08-01', '2021-09-25', '88', '-0.92', '-17.95', -6, '28', '0.06', '-0.32', '4', '9', 742, -251, '25', '63', '15.62']
['ETH-USD', '5m', 'NX3KB', '2021-08-01', '2021-09-25', '42', '-0.65', '-9.2', -4, '38', '0.05', '-0.45', '4', '4', 679, -291, '16', '26', '15.62']
['ETH-USD', '5m', '@lj:m', '2021-08-01', '2021-09-25', '34', '-9.18', '-14.47', -47, '29', '-1.51', '-3.22', '2', '7', 664, -348, '10', '24', '15.62']
['ETH-USD', '5m', '?c3KB', '2021-08-01', '2021-09-25', '44', '-1.52', '-10.49', -9, '30', '-0.06', '-0.9', '2', '5', 747, -417, '13', '31', '15.62']
['ETH-USD', '5m', 'Ebeis', '2021-08-01', '2021-09-25', '13', '9.64', '-6.07', 82, '46', '2.0', '13.55', '2', '2', 820, -405, '6', '7', '15.62']
['ETH-USD', '5m', 'qc3KB', '2021-08-01', '2021-09-25', '28', '-7.67', '-16.02', -41, '18', '-1.36', '-2.53', '2', '13', 644, -347, '5', '23', '15.62']
['ETH-USD', '5m', '@cPOm', '2021-08-01', '2021-09-25', '28', '-0.06', '-10.65', 0, '32', '0.17', '-0.04', '3', '4', 747, -425, '9', '19', '15.62']
['ETH-USD', '5m', 'KlLat', '2021-08-01', '2021-09-25', '10', '-1.91', '-4.26', -12, '40', '-0.58', '-2.78', '2', '2', 361, -133, '4', '6', '15.62']
['ETH-USD', '5m', 'NSWDm', '2021-08-01', '2021-09-25', '30', '10.37', '-7.84', 90, '47', '1.99', '11.51', '4', '5', 729, -287, '14', '16', '15.62']
['ETH-USD', '5m', 'NLWHI', '2021-08-01', '2021-09-25', '50', '7.13', '-11.59', 57, '36', '1.42', '4.89', '4', '8', 640, -323, '18', '32', '15.62']
['ETH-USD', '5m', 'NLWPI', '2021-08-01', '2021-09-25', '49', '7.77', '-11.59', 63, '37', '1.53', '5.42', '4', '8', 644, -326, '18', '31', '15.62']
['ETH-USD', '5m', 'VoPsp', '2021-08-01', '2021-09-25', '6', '11.26', '-3.47', 100, '50', '3.45', '28.92', '1', '1', 1105, -155, '3', '3', '15.62']
['ETH-USD', '5m', 'NMWVB', '2021-08-01', '2021-09-25', '46', '9.12', '-10.06', 77, '39', '1.76', '7.61', '4', '7', 675, -335, '18', '28', '15.62']
['ETH-USD', '5m', 'NMWHB', '2021-08-01', '2021-09-25', '47', '8.28', '-10.75', 68, '38', '1.61', '6.32', '4', '8', 670, -335, '18', '29', '15.62']
['ETH-USD', '5m', 'NMV4I', '2021-08-01', '2021-09-25', '46', '1.5', '-10.75', 10, '37', '0.45', '0.95', '4', '8', 648, -335, '17', '29', '15.62']
['ETH-USD', '5m', 'NMLUI', '2021-08-01', '2021-09-25', '46', '7.78', '-10.06', 63, '39', '1.57', '6.25', '4', '7', 653, -335, '18', '28', '15.62']
['ETH-USD', '5m', 'Q_Ka]', '2021-08-01', '2021-09-25', '38', '-11.15', '-16.17', -54, '29', '-1.89', '-3.32', '2', '8', 688, -331, '11', '27', '15.62']
['ETH-USD', '5m', '*iWPI', '2021-08-01', '2021-09-25', '77', '-9.79', '-17.74', -49, '29', '-2.0', '-2.76', '3', '9', 593, -254, '22', '55', '15.62']
['ETH-USD', '5m', 'HedAl', '2021-08-01', '2021-09-25', '35', '-9.8', '-15.62', -49, '26', '-1.6', '-3.13', '2', '6', 691, -386, '9', '26', '15.62']
['ETH-USD', '5m', '8X+,h', '2021-08-01', '2021-09-25', '57', '8.67', '-7.66', 72, '35', '1.92', '9.39', '4', '10', 434, -279, '20', '37', '15.62']
['ETH-USD', '5m', 'VGhVM', '2021-08-01', '2021-09-25', '55', '-5.21', '-15.76', -29, '31', '-0.75', '-1.87', '3', '10', 594, -315, '17', '38', '15.62']
['ETH-USD', '5m', '3B:Op', '2021-08-01', '2021-09-25', '36', '1.23', '-10.77', 8, '31', '0.41', '0.77', '2', '5', 517, -270, '11', '25', '15.62']
['ETH-USD', '5m', 'NMhPB', '2021-08-01', '2021-09-25', '46', '11.09', '-10.06', 98, '39', '2.06', '9.78', '4', '7', 871, -335, '18', '28', '15.62']
['ETH-USD', '5m', 'NMhVB', '2021-08-01', '2021-09-25', '46', '11.09', '-10.06', 98, '39', '2.06', '9.78', '4', '7', 871, -335, '18', '28', '15.62']
['ETH-USD', '5m', 'VH:OV', '2021-08-01', '2021-09-25', '46', '-0.26', '-14.24', -2, '37', '0.13', '-0.12', '3', '8', 723, -323, '17', '29', '15.62']
['ETH-USD', '5m', 'KOLaI', '2021-08-01', '2021-09-25', '47', '5.25', '-10.24', 40, '38', '1.1', '3.86', '4', '7', 643, -334, '18', '29', '15.62']
['ETH-USD', '5m', 'JSIgn', '2021-08-01', '2021-09-25', '22', '15.33', '-7.26', 153, '45', '2.82', '21.12', '3', '4', 897, -290, '10', '12', '15.62']
['ETH-USD', '5m', 'MoPVp', '2021-08-01', '2021-09-25', '14', '13.21', '-5.86', 125, '36', '3.06', '21.24', '2', '2', 1014, -158, '5', '9', '15.62']
['ETH-USD', '5m', 'YcwOk', '2021-08-01', '2021-09-25', '25', '-4.72', '-14.52', -27, '24', '-0.73', '-1.86', '3', '10', 737, -197, '6', '19', '15.62']
['ETH-USD', '5m', 'V4POp', '2021-08-01', '2021-09-25', '28', '10.91', '-5.6', 96, '50', '2.33', '17.21', '3', '3', 695, -212, '14', '14', '15.62']
['ETH-USD', '5m', 'NlWVs', '2021-08-01', '2021-09-25', '13', '12.27', '-6.48', 113, '46', '2.63', '17.38', '3', '2', 775, -155, '6', '7', '15.62']
['ETH-USD', '5m', 'NlWVr', '2021-08-01', '2021-09-25', '14', '11.06', '-7.46', 98, '43', '2.4', '13.17', '3', '3', 766, -155, '6', '8', '15.62']
['ETH-USD', '5m', 'Vo:O\\', '2021-08-01', '2021-09-25', '27', '-2.23', '-11.84', -14, '33', '-0.27', '-1.15', '2', '4', 685, -293, '9', '18', '15.62']
['ETH-USD', '5m', 'NlWVq', '2021-08-01', '2021-09-25', '15', '9.86', '-7.46', 85, '40', '2.21', '11.34', '3', '3', 760, -155, '6', '9', '15.62']
['ETH-USD', '5m', 'PnPVp', '2021-08-01', '2021-09-25', '15', '12.44', '-7.48', 115, '33', '2.55', '15.34', '2', '3', 1037, -148, '5', '10', '15.62']
['ETH-USD', '5m', '>RPVp', '2021-08-01', '2021-09-25', '33', '-0.12', '-10.32', -1, '33', '0.14', '-0.08', '2', '7', 870, -356, '11', '22', '15.62']
['ETH-USD', '5m', 'RnPVp', '2021-08-01', '2021-09-25', '11', '4.51', '-8.37', 33, '36', '1.29', '3.98', '2', '3', 1070, -303, '4', '7', '15.62']
['ETH-USD', '5m', '/EAmi', '2021-08-01', '2021-09-25', '15', '1.4', '-5.68', 9, '33', '0.57', '1.67', '1', '3', 470, -235, '5', '10', '15.62']
['ETH-USD', '5m', 'FQMA1', '2021-08-01', '2021-09-25', '50', '6.43', '-11.32', 50, '36', '1.26', '4.43', '4', '8', 883, -337, '18', '32', '15.62']
['ETH-USD', '5m', 'Nc3Kn', '2021-08-01', '2021-09-25', '31', '-0.72', '-11.33', -5, '32', '0.04', '-0.4', '3', '5', 698, -207, '10', '21', '15.62']
['ETH-USD', '5m', 'VKPOM', '2021-08-01', '2021-09-25', '49', '3.1', '-12.5', 22, '35', '0.74', '1.76', '4', '6', 642, -348, '17', '32', '15.62']
['ETH-USD', '5m', 'KNLaI', '2021-08-01', '2021-09-25', '46', '4.65', '-10.32', 34, '39', '0.99', '3.34', '3', '7', 643, -331, '18', '28', '15.62']
['ETH-USD', '5m', 'KuLaI', '2021-08-01', '2021-09-25', '37', '4.85', '-15.77', 36, '24', '0.98', '2.3', '2', '8', 1105, -218, '9', '28', '15.62']
['ETH-USD', '5m', '\\T<UI', '2021-08-01', '2021-09-25', '44', '-11.08', '-15.19', -53, '27', '-1.86', '-3.52', '2', '11', 573, -273, '12', '32', '15.62']
['ETH-USD', '5m', '<IW9\\', '2021-08-01', '2021-09-25', '68', '-5.64', '-15.1', -32, '35', '-0.78', '-2.09', '3', '8', 665, -306, '24', '44', '15.62']
['ETH-USD', '5m', 'KNL:I', '2021-08-01', '2021-09-25', '47', '3.93', '-10.96', 29, '38', '0.86', '2.6', '3', '8', 639, -331, '18', '29', '15.62']
['ETH-USD', '5m', 'ZHCVI', '2021-08-01', '2021-09-25', '51', '-5.68', '-15.37', -32, '33', '-0.9', '-2.06', '2', '10', 652, -322, '17', '34', '15.62']
['ETH-USD', '5m', 'VKQ<P', '2021-08-01', '2021-09-25', '46', '4.71', '-11.79', 35, '37', '1.03', '2.97', '4', '6', 666, -350, '17', '29', '15.62']
['ETH-USD', '5m', 'NLVVI', '2021-08-01', '2021-09-25', '48', '6.84', '-11.59', 54, '35', '1.37', '4.65', '3', '8', 633, -326, '17', '31', '15.62']
['ETH-USD', '5m', '=Fjk6', '2021-08-01', '2021-09-25', '70', '-10.11', '-18.77', -50, '31', '-1.54', '-2.67', '3', '8', 630, -257, '22', '48', '15.62']
['ETH-USD', '5m', 'NMLkI', '2021-08-01', '2021-09-25', '45', '7.2', '-10.06', 57, '38', '1.46', '5.7', '3', '7', 653, -335, '17', '28', '15.62']
['ETH-USD', '5m', '<9W4I', '2021-08-01', '2021-09-25', '105', '-3.59', '-17.52', -21, '34', '-0.44', '-1.21', '3', '10', 545, -257, '36', '69', '15.62']
['ETH-USD', '5m', '=Cj7I', '2021-08-01', '2021-09-25', '71', '-4.61', '-14.97', -26, '34', '-0.57', '-1.77', '2', '8', 644, -227, '24', '47', '15.62']
['ETH-USD', '5m', 'IlW9\\', '2021-08-01', '2021-09-25', '34', '-6.66', '-13.95', -36, '29', '-0.96', '-2.59', '2', '6', 993, -336, '10', '24', '15.62']
['ETH-USD', '5m', 'HlW9\\', '2021-08-01', '2021-09-25', '34', '-6.66', '-13.95', -36, '29', '-0.96', '-2.59', '2', '6', 993, -336, '10', '24', '15.62']
['ETH-USD', '5m', 'ElW9\\', '2021-08-01', '2021-09-25', '34', '-10.04', '-15.13', -50, '26', '-1.66', '-3.29', '2', '6', 642, -320, '9', '25', '15.62']
['ETH-USD', '5m', 'G8)VI', '2021-08-01', '2021-09-25', '78', '4.91', '-7.94', 37, '44', '1.4', '4.62', '4', '4', 260, -204, '34', '44', '15.62']
['ETH-USD', '5m', 'VSOD_', '2021-08-01', '2021-09-25', '40', '0.75', '-12.78', 5, '30', '0.32', '0.39', '3', '9', 722, -253, '12', '28', '15.62']
['ETH-USD', '5m', 'HE*Vl', '2021-08-01', '2021-09-25', '33', '5.64', '-4.68', 43, '39', '1.72', '9.18', '2', '4', 421, -337, '13', '20', '15.62']
['ETH-USD', '5m', 'NNQPB', '2021-08-01', '2021-09-25', '50', '0.91', '-10.18', 6, '32', '0.34', '0.59', '4', '7', 671, -332, '16', '34', '15.62']
['ETH-USD', '5m', 'N`VVh', '2021-08-01', '2021-09-25', '31', '-18.79', '-18.79', -74, '19', '-4.17', '-3.95', '1', '12', 314, -364, '6', '25', '15.62']
['ETH-USD', '5m', '_IhOM', '2021-08-01', '2021-09-25', '50', '-8.64', '-17.18', -45, '32', '-1.45', '-2.59', '3', '9', 595, -353, '16', '34', '15.62']
['ETH-USD', '5m', '_cPOm', '2021-08-01', '2021-09-25', '21', '-0.34', '-12.27', -2, '24', '0.12', '-0.18', '3', '5', 766, -171, '5', '16', '15.62']
['ETH-USD', '5m', 'VKhV4', '2021-08-01', '2021-09-25', '50', '1.09', '-12.5', 7, '34', '0.38', '0.59', '4', '6', 611, -348, '17', '33', '15.62']
['ETH-USD', '5m', 'N`LVm', '2021-08-01', '2021-09-25', '27', '-15.58', '-15.89', -67, '22', '-3.44', '-4.21', '2', '12', 314, -364, '6', '21', '15.62']
['ETH-USD', '5m', '>nP5p', '2021-08-01', '2021-09-25', '32', '-7.46', '-12.46', -40, '31', '-1.24', '-3.18', '2', '7', 671, -352, '10', '22', '15.62']
['ETH-USD', '5m', '<lW4d', '2021-08-01', '2021-09-25', '36', '-6.08', '-11.8', -34, '28', '-0.93', '-2.85', '2', '7', 684, -341, '10', '26', '15.62']
['ETH-USD', '5m', 'r?WgI', '2021-08-01', '2021-09-25', '54', '-6.09', '-18.16', -34, '33', '-0.86', '-1.85', '3', '8', 581, -269, '18', '36', '15.62']
['ETH-USD', '5m', 'KlLa`', '2021-08-01', '2021-09-25', '30', '-20.26', '-20.26', -77, '23', '-4.56', '-3.81', '2', '6', 302, -246, '7', '23', '15.62']
['ETH-USD', '5m', '*Vjdg', '2021-08-01', '2021-09-25', '33', '-4.03', '-8.2', -23, '30', '-1.1', '-2.86', '2', '5', 332, -267, '10', '23', '15.62']
['ETH-USD', '5m', ']IhHB', '2021-08-01', '2021-09-25', '54', '-5.68', '-15.82', -32, '33', '-0.86', '-2.0', '4', '8', 588, -349, '18', '36', '15.62']
['ETH-USD', '5m', 'Vo:Ov', '2021-08-01', '2021-09-25', '9', '1.27', '-6.4', 9, '33', '0.49', '1.33', '1', '2', 636, -318, '3', '6', '15.62']
['ETH-USD', '5m', '<lj)I', '2021-08-01', '2021-09-25', '35', '-5.43', '-11.2', -31, '29', '-0.8', '-2.72', '2', '6', 689, -341, '10', '25', '15.62']
['ETH-USD', '5m', 'H)d]l', '2021-08-01', '2021-09-25', '23', '1.22', '-4.21', 8, '39', '0.52', '1.95', '2', '3', 399, -232, '9', '14', '15.62']
['ETH-USD', '5m', 'H)a]l', '2021-08-01', '2021-09-25', '23', '1.1', '-4.2', 7, '39', '0.48', '1.77', '2', '3', 386, -230, '9', '14', '15.62']
['ETH-USD', '5m', 'KlLac', '2021-08-01', '2021-09-25', '26', '-18.2', '-18.28', -73, '23', '-4.09', '-3.99', '2', '6', 305, -247, '6', '20', '15.62']
['ETH-USD', '5m', 'VoPOu', '2021-08-01', '2021-09-25', '10', '4.55', '-7.33', 34, '30', '1.31', '4.6', '1', '3', 1105, -330, '3', '7', '15.62']
['ETH-USD', '5m', 'ko:Op', '2021-08-01', '2021-09-25', '15', '0.45', '-8.57', 3, '33', '0.24', '0.35', '2', '4', 726, -291, '5', '10', '15.62']
['ETH-USD', '5m', '>IPVp', '2021-08-01', '2021-09-25', '33', '0.02', '-8.53', 0, '36', '0.16', '0.01', '2', '8', 827, -320, '12', '21', '15.62']
['ETH-USD', '5m', 'ecPOm', '2021-08-01', '2021-09-25', '23', '-7.49', '-13.56', -40, '26', '-1.17', '-2.94', '3', '5', 705, -407, '6', '17', '15.62']
['ETH-USD', '5m', 'WnPVp', '2021-08-01', '2021-09-25', '12', '2.0', '-9.32', 14, '25', '0.65', '1.48', '1', '4', 1085, -311, '3', '9', '15.62']
['ETH-USD', '5m', '5j`VV', '2021-08-01', '2021-09-25', '42', '4.96', '-8.54', 37, '33', '1.03', '4.35', '2', '4', 747, -333, '14', '28', '15.62']
['ETH-USD', '5m', 'NnWHn', '2021-08-01', '2021-09-25', '22', '2.22', '-10.21', 15, '23', '0.59', '1.51', '2', '6', 757, -173, '5', '17', '15.62']
['ETH-USD', '5m', '=FjUI', '2021-08-01', '2021-09-25', '70', '-10.11', '-18.77', -50, '31', '-1.54', '-2.67', '3', '8', 630, -257, '22', '48', '15.62']
['ETH-USD', '5m', '3.:Op', '2021-08-01', '2021-09-25', '23', '2.16', '-4.12', 15, '43', '1.06', '3.63', '3', '5', 326, -180, '10', '13', '15.62']
['ETH-USD', '5m', 'UcPOm', '2021-08-01', '2021-09-25', '28', '-11.24', '-15.64', -54, '18', '-1.86', '-3.45', '3', '11', 704, -342, '5', '23', '15.62']
['ETH-USD', '5m', 'NhGie', '2021-08-01', '2021-09-25', '24', '-2.78', '-12.9', -17, '29', '-0.43', '-1.3', '3', '9', 711, -195, '7', '17', '15.62']
['ETH-USD', '5m', '>2PVp', '2021-08-01', '2021-09-25', '19', '3.22', '-6.56', 23, '53', '1.27', '3.5', '6', '4', 511, -265, '10', '9', '15.62']
['ETH-USD', '5m', 'NQL9I', '2021-08-01', '2021-09-25', '45', '-3.47', '-12.25', -21, '36', '-0.49', '-1.68', '4', '7', 636, -372, '16', '29', '15.62']
['ETH-USD', '5m', '>+PVp', '2021-08-01', '2021-09-25', '19', '2.01', '-5.66', 14, '37', '0.85', '2.45', '2', '3', 460, -198, '7', '12', '15.62']
['ETH-USD', '5m', '>(PVp', '2021-08-01', '2021-09-25', '17', '1.28', '-5.36', 9, '41', '0.57', '1.61', '2', '4', 486, -195, '7', '10', '15.62']
['ETH-USD', '5m', 'KlLa\\', '2021-08-01', '2021-09-25', '34', '-17.91', '-18.25', -72, '24', '-3.69', '-3.97', '2', '6', 548, -246, '8', '26', '15.62']
['ETH-USD', '5m', 'KlL-I', '2021-08-01', '2021-09-25', '34', '-11.94', '-14.48', -56, '29', '-2.11', '-3.89', '2', '6', 545, -243, '10', '24', '15.62']
['ETH-USD', '5m', '/N8*m', '2021-08-01', '2021-09-25', '107', '-8.76', '-19.69', -45, '27', '-1.19', '-2.28', '2', '9', 582, -258, '29', '78', '15.62']
['ETH-USD', '5m', '<gZ)D', '2021-08-01', '2021-09-25', '38', '-1.04', '-10.17', -7, '32', '0.02', '-0.65', '2', '5', 722, -372, '12', '26', '15.62']
['ETH-USD', '5m', 'no:OV', '2021-08-01', '2021-09-25', '25', '-8.35', '-12.29', -43, '24', '-1.59', '-3.53', '2', '7', 738, -291, '6', '19', '15.62']
['ETH-USD', '5m', 'UKB6v', '2021-08-01', '2021-09-25', '33', '1.85', '-10.17', 13, '39', '0.54', '1.25', '3', '5', 711, -333, '13', '20', '15.62']
['ETH-USD', '5m', 'VLhOP', '2021-08-01', '2021-09-25', '45', '1.36', '-11.3', 9, '36', '0.42', '0.81', '3', '6', 626, -356, '16', '29', '15.62']
['ETH-USD', '5m', '@GjU/', '2021-08-01', '2021-09-25', '66', '-4.89', '-14.92', -28, '36', '-0.63', '-1.87', '3', '8', 632, -308, '24', '42', '15.62']
['ETH-USD', '5m', 'go4<a', '2021-08-01', '2021-09-25', '18', '-8.22', '-12.95', -43, '22', '-2.1', '-3.31', '1', '4', 576, -309, '4', '14', '15.62']
['ETH-USD', '5m', 'VLoI(', '2021-08-01', '2021-09-25', '48', '0.59', '-11.62', 4, '35', '0.29', '0.34', '4', '6', 621, -352, '17', '31', '15.62']
['ETH-USD', '5m', '[GwOk', '2021-08-01', '2021-09-25', '33', '-1.55', '-11.16', -10, '39', '-0.12', '-0.87', '3', '5', 628, -321, '13', '20', '15.62']
['ETH-USD', '5m', ',R4<a', '2021-08-01', '2021-09-25', '105', '-3.47', '-11.67', -21, '25', '-0.44', '-1.76', '2', '9', 584, -259, '26', '79', '15.62']
['ETH-USD', '5m', '<0jVh', '2021-08-01', '2021-09-25', '42', '1.33', '-8.56', 9, '40', '0.47', '1.05', '4', '4', 716, -273, '17', '25', '15.62']
['ETH-USD', '5m', '1kjOa', '2021-08-01', '2021-09-25', '38', '-7.59', '-12.47', -40, '32', '-1.12', '-3.23', '2', '9', 762, -328, '12', '26', '15.62']
['ETH-USD', '5m', 'vnPVp', '2021-08-01', '2021-09-25', '13', '-8.14', '-14.27', -42, '23', '-1.94', '-2.98', '1', '4', 636, -306, '3', '10', '15.62']
['ETH-USD', '5m', 'VMPOM', '2021-08-01', '2021-09-25', '48', '-0.65', '-13.11', -4, '35', '0.07', '-0.32', '4', '6', 628, -355, '17', '31', '15.62']
['ETH-USD', '5m', 'kcPwm', '2021-08-01', '2021-09-25', '12', '-2.86', '-9.53', -17, '17', '-0.61', '-1.81', '2', '8', 731, -235, '2', '10', '15.62']
['ETH-USD', '5m', 'wnPVp', '2021-08-01', '2021-09-25', '13', '6.35', '-9.37', 49, '31', '1.44', '5.27', '2', '3', 1110, -285, '4', '9', '15.62']
['ETH-USD', '5m', 'VMhV4', '2021-08-01', '2021-09-25', '48', '-2.07', '-13.11', -13, '35', '-0.18', '-0.97', '4', '6', 615, -355, '17', '31', '15.62']
['ETH-USD', '5m', '/o*<l', '2021-08-01', '2021-09-25', '44', '-1.81', '-10.81', -11, '32', '-0.18', '-1.04', '3', '10', 494, -290, '14', '30', '15.62']
['ETH-USD', '5m', '<CW4I', '2021-08-01', '2021-09-25', '75', '-3.29', '-15.07', -20, '35', '-0.36', '-1.3', '2', '8', 639, -205, '26', '49', '15.62']
['ETH-USD', '5m', '\\GPOp', '2021-08-01', '2021-09-25', '29', '3.08', '-10.33', 22, '34', '0.74', '2.12', '2', '4', 705, -322, '10', '19', '15.62']
['ETH-USD', '5m', 'G5)AI', '2021-08-01', '2021-09-25', '84', '8.43', '-10.79', 70, '48', '2.17', '6.44', '4', '6', 233, -268, '40', '44', '15.62']
['ETH-USD', '5m', '2CnJa', '2021-08-01', '2021-09-25', '85', '-4.21', '-18.95', -24, '27', '-0.52', '-1.29', '3', '10', 549, -231, '23', '62', '15.62']
['ETH-USD', '5m', '1CjOa', '2021-08-01', '2021-09-25', '75', '-1.17', '-11.14', -7, '28', '-0.0', '-0.66', '2', '6', 671, -200, '21', '54', '15.62']
['ETH-USD', '5m', 'G5)UI', '2021-08-01', '2021-09-25', '83', '8.76', '-10.79', 73, '48', '2.24', '6.75', '4', '6', 233, -268, '40', '43', '15.62']
['ETH-USD', '5m', 'HRdAl', '2021-08-01', '2021-09-25', '37', '1.51', '-10.15', 10, '38', '0.45', '1.01', '3', '7', 672, -369, '14', '23', '15.62']
['ETH-USD', '5m', '<0jV[', '2021-08-01', '2021-09-25', '89', '-10.16', '-14.77', -50, '34', '-2.05', '-3.4', '3', '7', 618, -225, '30', '59', '15.62']
['ETH-USD', '5m', 'Gl)Vw', '2021-08-01', '2021-09-25', '14', '3.24', '-7.24', 23, '36', '1.14', '3.19', '3', '3', 469, -171, '5', '9', '15.62']
['ETH-USD', '5m', '3W:Op', '2021-08-01', '2021-09-25', '36', '-6.97', '-13.21', -38, '33', '-1.57', '-2.84', '3', '7', 400, -334, '12', '24', '15.62']
['ETH-USD', '5m', 'l)dAl', '2021-08-01', '2021-09-25', '48', '-1.25', '-9.89', -8, '52', '-0.19', '-0.8', '6', '4', 492, -200, '25', '23', '15.62']
['ETH-USD', '5m', '=)jUv', '2021-08-01', '2021-09-25', '11', '-3.63', '-4.48', -21, '45', '-2.8', '-4.79', '3', '2', 99, -201, '5', '6', '15.62']
['ETH-USD', '5m', '3Gj:/', '2021-08-01', '2021-09-25', '104', '-15.51', '-24.08', -67, '29', '-2.44', '-2.77', '4', '8', 736, -228, '30', '74', '15.62']
['ETH-USD', '5m', 'A0j7I', '2021-08-01', '2021-09-25', '121', '-7.61', '-17.95', -40, '31', '-1.31', '-2.25', '4', '9', 556, -213, '37', '84', '15.62']
['ETH-USD', '5m', 'rcPOm', '2021-08-01', '2021-09-25', '16', '-1.27', '-10.21', -8, '19', '-0.08', '-0.78', '2', '7', 775, -347, '3', '13', '15.62']
['ETH-USD', '5m', 'voPVp', '2021-08-01', '2021-09-25', '13', '4.08', '-9.67', 30, '31', '0.96', '3.08', '2', '3', 1100, -525, '4', '9', '15.62']
['ETH-USD', '5m', '>nP,p', '2021-08-01', '2021-09-25', '32', '-8.26', '-12.53', -43, '31', '-1.31', '-3.43', '2', '7', 671, -352, '10', '22', '15.62']
['ETH-USD', '5m', '@lj:v', '2021-08-01', '2021-09-25', '31', '-11.71', '-14.3', -56, '29', '-2.03', '-3.89', '2', '7', 664, -348, '9', '22', '15.62']
['ETH-USD', '5m', ']nh,B', '2021-08-01', '2021-09-25', '28', '-0.11', '-13.05', -1, '29', '0.18', '-0.05', '2', '5', 743, -383, '8', '20', '15.62']
['ETH-USD', '5m', 'V\\hV4', '2021-08-01', '2021-09-25', '40', '-8.56', '-14.52', -44, '32', '-1.28', '-3.04', '2', '7', 664, -308, '13', '27', '15.62']
['ETH-USD', '5m', ']nh)B', '2021-08-01', '2021-09-25', '26', '1.01', '-12.08', 7, '27', '0.36', '0.56', '2', '6', 743, -388, '7', '19', '15.62']
['ETH-USD', '5m', 'r))Vn', '2021-08-01', '2021-09-25', '29', '2.58', '-6.01', 18, '59', '0.9', '3.0', '10', '4', 192, -197, '17', '12', '15.62']
['ETH-USD', '5m', 'V[hV4', '2021-08-01', '2021-09-25', '40', '-9.51', '-14.64', -48, '32', '-1.47', '-3.27', '2', '7', 633, -318, '13', '27', '15.62']
['ETH-USD', '5m', 'VH7Mj', '2021-08-01', '2021-09-25', '34', '-4.39', '-12.4', -25, '35', '-0.88', '-2.05', '3', '6', 660, -332, '12', '22', '15.62']
['ETH-USD', '5m', 'oY^QO', '2021-08-01', '2021-09-25', '36', '-11.97', '-17.6', -56, '22', '-2.0', '-3.21', '2', '9', 626, -280, '8', '28', '15.62']
['ETH-USD', '5m', 'VQQPP', '2021-08-01', '2021-09-25', '45', '-9.73', '-13.13', -49, '29', '-1.78', '-3.71', '2', '11', 627, -337, '13', '32', '15.62']
['ETH-USD', '5m', 'WY;1;', '2021-08-01', '2021-09-25', '39', '-6.7', '-12.33', -36, '33', '-1.03', '-2.95', '2', '7', 562, -311, '13', '26', '15.62']
['ETH-USD', '5m', 'kcP^m', '2021-08-01', '2021-09-25', '19', '-6.38', '-11.42', -35, '16', '-1.17', '-3.06', '2', '8', 741, -243, '3', '16', '15.62']
['ETH-USD', '5m', '=)jUu', '2021-08-01', '2021-09-25', '13', '-4.91', '-5.75', -28, '38', '-3.7', '-4.87', '3', '4', 99, -200, '5', '8', '15.62']
['ETH-USD', '5m', '>,PVp', '2021-08-01', '2021-09-25', '18', '-4.37', '-7.71', -25, '33', '-2.03', '-3.28', '3', '4', 306, -213, '6', '12', '15.62']
['ETH-USD', '5m', 'G))Ui', '2021-08-01', '2021-09-25', '46', '-8.32', '-8.32', -43, '35', '-3.79', '-5.2', '2', '5', 158, -210, '16', '30', '15.62']
['ETH-USD', '5m', '<8W4I', '2021-08-01', '2021-09-25', '108', '-13.71', '-24.6', -62, '31', '-2.52', '-2.51', '3', '8', 470, -227, '34', '74', '15.62']
['ETH-USD', '5m', '5/:OV', '2021-08-01', '2021-09-25', '147', '-9.05', '-19.18', -46, '31', '-1.79', '-2.4', '4', '12', 342, -128, '45', '102', '15.62']
['ETH-USD', '5m', ')K)VI', '2021-08-01', '2021-09-25', '169', '-8.92', '-18.6', -46, '21', '-1.61', '-2.45', '3', '14', 278, -187, '36', '133', '15.62']
['ETH-USD', '5m', '.-VgI', '2021-08-01', '2021-09-25', '236', '-19.54', '-21.86', -76, '28', '-4.51', '-3.47', '3', '12', 455, -165, '65', '171', '15.62']
['ETH-USD', '5m', '=,8<8', '2021-08-01', '2021-09-25', '161', '-12.51', '-19.19', -58, '31', '-2.49', '-3.03', '3', '7', 293, -183, '50', '111', '15.62']
