['Pair', 'TF', 'Dna', 'Start Date', 'End Date', 'Total Trades', 'Total Net Profit', 'Max.DD', 'Annual Profit', 'Winrate', 'Sharpe', 'Calmar', 'Winning Strike', 'Losing Strike', 'Largest Winning', 'Largest Losing', 'Num. of Wins', 'Num. of Losses', 'Market Change']
['BTC-USDT', '1h', 'W*Er', '2021-06-01', '2021-09-17', '34', '28.53', '-19.53', 132, '47', '1.97', '6.74', '3', '4', 244, -64, '16', '18', '28.67']
['BTC-USDT', '1h', '[*7r', '2021-06-01', '2021-09-17', '34', '33.16', '-13.54', 161, '50', '2.39', '11.88', '3', '4', 240, -56, '17', '17', '28.67']
['BTC-USDT', '1h', '[*Ar', '2021-06-01', '2021-09-17', '34', '31.75', '-13.89', 152, '50', '2.29', '10.93', '3', '4', 247, -57, '17', '17', '28.67']
['BTC-USDT', '1h', '[*@r', '2021-06-01', '2021-09-17', '34', '31.75', '-13.89', 152, '50', '2.29', '10.93', '3', '4', 247, -57, '17', '17', '28.67']
['BTC-USDT', '1h', '[*Hr', '2021-06-01', '2021-09-17', '34', '32.06', '-13.91', 154, '50', '2.33', '11.05', '3', '4', 247, -50, '17', '17', '28.67']
['BTC-USDT', '1h', '[*Ir', '2021-06-01', '2021-09-17', '34', '32.06', '-13.91', 154, '50', '2.33', '11.05', '3', '4', 247, -50, '17', '17', '28.67']
['BTC-USDT', '1h', '[*Gr', '2021-06-01', '2021-09-17', '34', '32.41', '-13.71', 156, '50', '2.36', '11.38', '3', '4', 247, -49, '17', '17', '28.67']
['BTC-USDT', '1h', 'g)Ta', '2021-06-01', '2021-09-17', '32', '37.7', '-9.68', 192, '59', '2.94', '19.82', '4', '4', 184, -38, '19', '13', '28.67']
['BTC-USDT', '1h', '?,0g', '2021-06-01', '2021-09-17', '42', '45.79', '-12.22', 253, '57', '3.07', '20.74', '6', '5', 176, -60, '24', '18', '28.67']
['BTC-USDT', '1h', 'h)Ar', '2021-06-01', '2021-09-17', '32', '48.9', '-12.3', 279, '53', '3.28', '22.7', '3', '4', 303, -47, '17', '15', '28.67']
['BTC-USDT', '1h', 'W*/@', '2021-06-01', '2021-09-17', '34', '39.42', '-5.71', 204, '68', '3.77', '35.76', '8', '3', 88, -32, '23', '11', '28.67']
['BTC-USDT', '1h', '?,<h', '2021-06-01', '2021-09-17', '42', '34.61', '-15.17', 171, '57', '2.47', '11.24', '6', '5', 177, -58, '24', '18', '28.67']
['BTC-USDT', '1h', '?,<g', '2021-06-01', '2021-09-17', '42', '34.61', '-15.17', 171, '57', '2.47', '11.24', '6', '5', 177, -58, '24', '18', '28.67']
['BTC-USDT', '1h', 'f)7r', '2021-06-01', '2021-09-17', '32', '45.32', '-11.91', 250, '53', '3.12', '20.97', '3', '4', 240, -47, '17', '15', '28.67']
['BTC-USDT', '1h', '.0),', '2021-06-01', '2021-09-17', '50', '33.58', '-4.23', 164, '60', '3.84', '38.7', '7', '3', 110, -28, '30', '20', '28.67']
['BTC-USDT', '1h', '7.92', '2021-06-01', '2021-09-17', '42', '34.83', '-4.64', 172, '57', '3.39', '37.06', '4', '3', 96, -42, '24', '18', '28.67']
['BTC-USDT', '1h', 'X*Fb', '2021-06-01', '2021-09-17', '34', '27.95', '-11.09', 128, '59', '2.09', '11.56', '4', '3', 177, -64, '20', '14', '28.67']
['BTC-USDT', '1h', 'P)^@', '2021-06-01', '2021-09-17', '52', '42.56', '-5.04', 228, '52', '3.34', '45.17', '7', '4', 86, -34, '27', '25', '28.67']
['BTC-USDT', '1h', '7.9/', '2021-06-01', '2021-09-17', '42', '33.57', '-6.24', 164, '60', '3.28', '26.2', '7', '4', 98, -39, '25', '17', '28.67']
['BTC-USDT', '1h', '7.Tc', '2021-06-01', '2021-09-17', '42', '34.09', '-18.58', 167, '57', '2.4', '8.99', '6', '4', 182, -61, '24', '18', '28.67']
['BTC-USDT', '1h', '5.Hf', '2021-06-01', '2021-09-17', '46', '18.88', '-21.72', 78, '54', '1.42', '3.61', '6', '7', 186, -63, '25', '21', '28.67']
['BTC-USDT', '1h', '5.gg', '2021-06-01', '2021-09-17', '46', '24.19', '-19.72', 107, '48', '1.79', '5.4', '5', '7', 185, -60, '22', '24', '28.67']
['BTC-USDT', '1h', '4.dg', '2021-06-01', '2021-09-17', '46', '22.92', '-20.09', 100, '48', '1.69', '4.96', '5', '7', 184, -62, '22', '24', '28.67']
['BTC-USDT', '1h', '?.Ls', '2021-06-01', '2021-09-17', '38', '24.34', '-18.36', 107, '47', '1.78', '5.85', '3', '5', 185, -66, '18', '20', '28.67']
['BTC-USDT', '1h', '?.Us', '2021-06-01', '2021-09-17', '38', '19.24', '-19.44', 80, '47', '1.46', '4.13', '3', '5', 185, -66, '18', '20', '28.67']
['BTC-USDT', '1h', '?.Vs', '2021-06-01', '2021-09-17', '38', '19.93', '-19.02', 84, '47', '1.5', '4.41', '3', '5', 185, -66, '18', '20', '28.67']
['BTC-USDT', '1h', '?.Ws', '2021-06-01', '2021-09-17', '38', '19.93', '-19.02', 84, '47', '1.5', '4.41', '3', '5', 185, -66, '18', '20', '28.67']
['BTC-USDT', '1h', '?.\\s', '2021-06-01', '2021-09-17', '38', '26.46', '-17.42', 119, '47', '1.92', '6.86', '3', '5', 185, -66, '18', '20', '28.67']
['BTC-USDT', '1h', '?.Xs', '2021-06-01', '2021-09-17', '38', '20.41', '-18.66', 86, '47', '1.53', '4.62', '3', '5', 185, -66, '18', '20', '28.67']
['BTC-USDT', '1h', '?.Zs', '2021-06-01', '2021-09-17', '38', '20.89', '-18.34', 89, '47', '1.56', '4.84', '3', '5', 185, -66, '18', '20', '28.67']
['BTC-USDT', '1h', '?.as', '2021-06-01', '2021-09-17', '38', '27.77', '-16.85', 127, '47', '2.01', '7.55', '3', '5', 185, -66, '18', '20', '28.67']
['BTC-USDT', '1h', '?.`s', '2021-06-01', '2021-09-17', '38', '27.77', '-16.85', 127, '47', '2.01', '7.55', '3', '5', 185, -66, '18', '20', '28.67']
['BTC-USDT', '1h', '?.Ts', '2021-06-01', '2021-09-17', '38', '19.24', '-19.44', 80, '47', '1.46', '4.13', '3', '5', 185, -66, '18', '20', '28.67']
['BTC-USDT', '1h', '?.Rs', '2021-06-01', '2021-09-17', '38', '19.16', '-19.3', 80, '47', '1.46', '4.14', '3', '5', 185, -66, '18', '20', '28.67']
['BTC-USDT', '1h', '?.Qs', '2021-06-01', '2021-09-17', '38', '19.0', '-19.4', 79, '47', '1.44', '4.07', '3', '5', 185, -66, '18', '20', '28.67']
['BTC-USDT', '1h', '?.Ns', '2021-06-01', '2021-09-17', '38', '24.05', '-18.74', 106, '47', '1.77', '5.65', '3', '5', 185, -66, '18', '20', '28.67']
['BTC-USDT', '1h', '5.dg', '2021-06-01', '2021-09-17', '46', '22.92', '-20.09', 100, '48', '1.69', '4.96', '5', '7', 184, -62, '22', '24', '28.67']
['BTC-USDT', '1h', '5.cg', '2021-06-01', '2021-09-17', '46', '22.24', '-20.27', 96, '48', '1.65', '4.73', '5', '7', 183, -62, '22', '24', '28.67']
['BTC-USDT', '1h', '?.Nt', '2021-06-01', '2021-09-17', '38', '24.05', '-18.74', 106, '47', '1.77', '5.65', '3', '5', 185, -66, '18', '20', '28.67']
['BTC-USDT', '1h', '?._s', '2021-06-01', '2021-09-17', '38', '26.02', '-17.78', 117, '47', '1.89', '6.58', '3', '5', 185, -66, '18', '20', '28.67']
['BTC-USDT', '1h', '?.^s', '2021-06-01', '2021-09-17', '38', '26.02', '-17.78', 117, '47', '1.89', '6.58', '3', '5', 185, -66, '18', '20', '28.67']
['BTC-USDT', '1h', '?.Uv', '2021-06-01', '2021-09-17', '38', '22.81', '-19.35', 99, '47', '1.68', '5.11', '3', '5', 185, -66, '18', '20', '28.67']
['BTC-USDT', '1h', '?.[v', '2021-06-01', '2021-09-17', '38', '24.46', '-18.28', 108, '47', '1.79', '5.91', '3', '5', 185, -66, '18', '20', '28.67']
['BTC-USDT', '1h', '?.Vu', '2021-06-01', '2021-09-17', '38', '23.48', '-18.94', 103, '47', '1.73', '5.42', '3', '5', 185, -66, '18', '20', '28.67']
['BTC-USDT', '1h', '?.Wu', '2021-06-01', '2021-09-17', '38', '23.48', '-18.94', 103, '47', '1.73', '5.42', '3', '5', 185, -66, '18', '20', '28.67']
['BTC-USDT', '1h', '?.Su', '2021-06-01', '2021-09-17', '38', '23.75', '-18.71', 104, '47', '1.75', '5.56', '3', '5', 185, -66, '18', '20', '28.67']
['BTC-USDT', '1h', '?.Sv', '2021-06-01', '2021-09-17', '38', '23.75', '-18.71', 104, '47', '1.75', '5.56', '3', '5', 185, -66, '18', '20', '28.67']
['BTC-USDT', '1h', '?.Yu', '2021-06-01', '2021-09-17', '38', '23.98', '-18.59', 105, '47', '1.76', '5.67', '3', '5', 185, -66, '18', '20', '28.67']
['BTC-USDT', '1h', '?.Xu', '2021-06-01', '2021-09-17', '38', '23.98', '-18.59', 105, '47', '1.76', '5.67', '3', '5', 185, -66, '18', '20', '28.67']
['BTC-USDT', '1h', '?.Zu', '2021-06-01', '2021-09-17', '38', '24.46', '-18.28', 108, '47', '1.79', '5.91', '3', '5', 185, -66, '18', '20', '28.67']
['BTC-USDT', '1h', '?.[u', '2021-06-01', '2021-09-17', '38', '24.46', '-18.28', 108, '47', '1.79', '5.91', '3', '5', 185, -66, '18', '20', '28.67']
['BTC-USDT', '1h', '?.Uu', '2021-06-01', '2021-09-17', '38', '22.81', '-19.35', 99, '47', '1.68', '5.11', '3', '5', 185, -66, '18', '20', '28.67']
['BTC-USDT', '1h', '?.Ru', '2021-06-01', '2021-09-17', '38', '23.75', '-18.71', 104, '47', '1.75', '5.56', '3', '5', 185, -66, '18', '20', '28.67']
['BTC-USDT', '1h', '?.Qv', '2021-06-01', '2021-09-17', '38', '23.53', '-18.84', 103, '47', '1.73', '5.46', '3', '5', 185, -66, '18', '20', '28.67']
['BTC-USDT', '1h', '?.Pu', '2021-06-01', '2021-09-17', '38', '23.53', '-18.84', 103, '47', '1.73', '5.46', '3', '5', 185, -66, '18', '20', '28.67']
['BTC-USDT', '1h', '?.Qu', '2021-06-01', '2021-09-17', '38', '23.53', '-18.84', 103, '47', '1.73', '5.46', '3', '5', 185, -66, '18', '20', '28.67']
['BTC-USDT', '1h', '?.]v', '2021-06-01', '2021-09-17', '38', '24.66', '-18.17', 109, '47', '1.81', '6.01', '3', '5', 185, -66, '18', '20', '28.67']
['BTC-USDT', '1h', '?._v', '2021-06-01', '2021-09-17', '38', '25.02', '-17.95', 111, '47', '1.83', '6.19', '3', '5', 185, -66, '18', '20', '28.67']
['BTC-USDT', '1h', '?.\\u', '2021-06-01', '2021-09-17']
